This file contains any messages produced by compilers while
running configure, to aid debugging if configure makes a mistake.

It was created by vpopmail configure 5.4.27, which was
generated by GNU Autoconf 2.59.  Invocation command line was

  $ ./configure --enable-hardquota=y

## --------- ##
## Platform. ##
## --------- ##

hostname = loft2500.serverloft.com
uname -m = i686
uname -r = 2.6.24-26-generic
uname -s = Linux
uname -v = #1 SMP Tue Dec 1 18:37:31 UTC 2009

/usr/bin/uname -p = unknown
/bin/uname -X     = unknown

/bin/arch              = unknown
/usr/bin/arch -k       = unknown
/usr/convex/getsysinfo = unknown
hostinfo               = unknown
/bin/machine           = unknown
/usr/bin/oslevel       = unknown
/bin/universe          = unknown

PATH: /usr/local/sbin
PATH: /usr/local/bin
PATH: /usr/sbin
PATH: /usr/bin
PATH: /sbin
PATH: /bin
PATH: /usr/games


## ----------- ##
## Core tests. ##
## ----------- ##

configure:1398: checking for a BSD-compatible install
configure:1453: result: /usr/bin/install -c
configure:1464: checking whether build environment is sane
configure:1507: result: yes
configure:1572: checking for gawk
configure:1588: found /usr/bin/gawk
configure:1598: result: gawk
configure:1608: checking whether make sets $(MAKE)
configure:1628: result: yes
configure:1803: checking build system type
configure:1821: result: i686-pc-linux-gnu
configure:1829: checking host system type
configure:1843: result: i686-pc-linux-gnu
configure:1858: checking for gawk
configure:1884: result: gawk
configure:1940: checking for gcc
configure:1956: found /usr/bin/gcc
configure:1966: result: gcc
configure:2210: checking for C compiler version
configure:2213: gcc --version </dev/null >&5
gcc (GCC) 4.2.4 (Ubuntu 4.2.4-1ubuntu4)
Copyright (C) 2007 Free Software Foundation, Inc.
This is free software; see the source for copying conditions.  There is NO
warranty; not even for MERCHANTABILITY or FITNESS FOR A PARTICULAR PURPOSE.

configure:2216: $? = 0
configure:2218: gcc -v </dev/null >&5
Using built-in specs.
Target: i486-linux-gnu
Configured with: ../src/configure -v --enable-languages=c,c++,fortran,objc,obj-c++,treelang --prefix=/usr --enable-shared --with-system-zlib --libexecdir=/usr/lib --without-included-gettext --enable-threads=posix --enable-nls --with-gxx-include-dir=/usr/include/c++/4.2 --program-suffix=-4.2 --enable-clocale=gnu --enable-libstdcxx-debug --enable-objc-gc --enable-mpfr --enable-targets=all --enable-checking=release --build=i486-linux-gnu --host=i486-linux-gnu --target=i486-linux-gnu
Thread model: posix
gcc version 4.2.4 (Ubuntu 4.2.4-1ubuntu4)
configure:2221: $? = 0
configure:2223: gcc -V </dev/null >&5
gcc: '-V' option must have argument
configure:2226: $? = 1
configure:2249: checking for C compiler default output file name
configure:2252: gcc    conftest.c  >&5
configure:2255: $? = 0
configure:2301: result: a.out
configure:2306: checking whether the C compiler works
configure:2312: ./a.out
configure:2315: $? = 0
configure:2332: result: yes
configure:2339: checking whether we are cross compiling
configure:2341: result: no
configure:2344: checking for suffix of executables
configure:2346: gcc -o conftest    conftest.c  >&5
configure:2349: $? = 0
configure:2374: result: 
configure:2380: checking for suffix of object files
configure:2401: gcc -c   conftest.c >&5
configure:2404: $? = 0
configure:2426: result: o
configure:2430: checking whether we are using the GNU C compiler
configure:2454: gcc -c   conftest.c >&5
configure:2460: $? = 0
configure:2464: test -z 
			 || test ! -s conftest.err
configure:2467: $? = 0
configure:2470: test -s conftest.o
configure:2473: $? = 0
configure:2486: result: yes
configure:2492: checking whether gcc accepts -g
configure:2513: gcc -c -g  conftest.c >&5
configure:2519: $? = 0
configure:2523: test -z 
			 || test ! -s conftest.err
configure:2526: $? = 0
configure:2529: test -s conftest.o
configure:2532: $? = 0
configure:2543: result: yes
configure:2560: checking for gcc option to accept ANSI C
configure:2630: gcc  -c -g -O2  conftest.c >&5
configure:2636: $? = 0
configure:2640: test -z 
			 || test ! -s conftest.err
configure:2643: $? = 0
configure:2646: test -s conftest.o
configure:2649: $? = 0
configure:2667: result: none needed
configure:2685: gcc -c -g -O2  conftest.c >&5
conftest.c:2: error: expected '=', ',', ';', 'asm' or '__attribute__' before 'me'
configure:2691: $? = 1
configure: failed program was:
| #ifndef __cplusplus
|   choke me
| #endif
configure:2835: checking for style of include used by make
configure:2863: result: GNU
configure:2891: checking dependency style of gcc
configure:2981: result: none
configure:3011: checking for a BSD-compatible install
configure:3066: result: /usr/bin/install -c
configure:3118: checking for ranlib
configure:3134: found /usr/bin/ranlib
configure:3145: result: ranlib
configure:3160: checking for library containing strerror
configure:3190: gcc -o conftest -g -O2   conftest.c  >&5
configure:3196: $? = 0
configure:3200: test -z 
			 || test ! -s conftest.err
configure:3203: $? = 0
configure:3206: test -s conftest
configure:3209: $? = 0
configure:3279: result: none required
configure:3290: checking for crypt in -lcrypt
configure:3320: gcc -o conftest -g -O2   conftest.c -lcrypt   >&5
configure:3326: $? = 0
configure:3330: test -z 
			 || test ! -s conftest.err
configure:3333: $? = 0
configure:3336: test -s conftest
configure:3339: $? = 0
configure:3352: result: yes
configure:3376: checking for dirent.h that defines DIR
configure:3400: gcc -c -g -O2  conftest.c >&5
configure:3406: $? = 0
configure:3410: test -z 
			 || test ! -s conftest.err
configure:3413: $? = 0
configure:3416: test -s conftest.o
configure:3419: $? = 0
configure:3430: result: yes
configure:3443: checking for library containing opendir
configure:3473: gcc -o conftest -g -O2   conftest.c -lcrypt  >&5
configure:3479: $? = 0
configure:3483: test -z 
			 || test ! -s conftest.err
configure:3486: $? = 0
configure:3489: test -s conftest
configure:3492: $? = 0
configure:3562: result: none required
configure:3703: checking how to run the C preprocessor
configure:3738: gcc -E  conftest.c
configure:3744: $? = 0
configure:3776: gcc -E  conftest.c
conftest.c:13:28: error: ac_nonexistent.h: No such file or directory
configure:3782: $? = 1
configure: failed program was:
| /* confdefs.h.  */
| 
| #define PACKAGE_NAME "vpopmail"
| #define PACKAGE_TARNAME "vpopmail"
| #define PACKAGE_VERSION "5.4.27"
| #define PACKAGE_STRING "vpopmail 5.4.27"
| #define PACKAGE_BUGREPORT ""
| #define PACKAGE "vpopmail"
| #define VERSION "5.4.27"
| #define HAVE_LIBCRYPT 1
| #define HAVE_DIRENT_H 1
| /* end confdefs.h.  */
| #include <ac_nonexistent.h>
configure:3821: result: gcc -E
configure:3845: gcc -E  conftest.c
configure:3851: $? = 0
configure:3883: gcc -E  conftest.c
conftest.c:13:28: error: ac_nonexistent.h: No such file or directory
configure:3889: $? = 1
configure: failed program was:
| /* confdefs.h.  */
| 
| #define PACKAGE_NAME "vpopmail"
| #define PACKAGE_TARNAME "vpopmail"
| #define PACKAGE_VERSION "5.4.27"
| #define PACKAGE_STRING "vpopmail 5.4.27"
| #define PACKAGE_BUGREPORT ""
| #define PACKAGE "vpopmail"
| #define VERSION "5.4.27"
| #define HAVE_LIBCRYPT 1
| #define HAVE_DIRENT_H 1
| /* end confdefs.h.  */
| #include <ac_nonexistent.h>
configure:3933: checking for egrep
configure:3943: result: grep -E
configure:3948: checking for ANSI C header files
configure:3973: gcc -c -g -O2  conftest.c >&5
configure:3979: $? = 0
configure:3983: test -z 
			 || test ! -s conftest.err
configure:3986: $? = 0
configure:3989: test -s conftest.o
configure:3992: $? = 0
configure:4081: gcc -o conftest -g -O2   conftest.c -lcrypt  >&5
conftest.c: In function 'main':
conftest.c:30: warning: incompatible implicit declaration of built-in function 'exit'
configure:4084: $? = 0
configure:4086: ./conftest
configure:4089: $? = 0
configure:4104: result: yes
configure:4114: checking for sys/wait.h that is POSIX.1 compatible
configure:4145: gcc -c -g -O2  conftest.c >&5
configure:4151: $? = 0
configure:4155: test -z 
			 || test ! -s conftest.err
configure:4158: $? = 0
configure:4161: test -s conftest.o
configure:4164: $? = 0
configure:4175: result: yes
configure:4199: checking for sys/types.h
configure:4215: gcc -c -g -O2  conftest.c >&5
configure:4221: $? = 0
configure:4225: test -z 
			 || test ! -s conftest.err
configure:4228: $? = 0
configure:4231: test -s conftest.o
configure:4234: $? = 0
configure:4245: result: yes
configure:4199: checking for sys/stat.h
configure:4215: gcc -c -g -O2  conftest.c >&5
configure:4221: $? = 0
configure:4225: test -z 
			 || test ! -s conftest.err
configure:4228: $? = 0
configure:4231: test -s conftest.o
configure:4234: $? = 0
configure:4245: result: yes
configure:4199: checking for stdlib.h
configure:4215: gcc -c -g -O2  conftest.c >&5
configure:4221: $? = 0
configure:4225: test -z 
			 || test ! -s conftest.err
configure:4228: $? = 0
configure:4231: test -s conftest.o
configure:4234: $? = 0
configure:4245: result: yes
configure:4199: checking for string.h
configure:4215: gcc -c -g -O2  conftest.c >&5
configure:4221: $? = 0
configure:4225: test -z 
			 || test ! -s conftest.err
configure:4228: $? = 0
configure:4231: test -s conftest.o
configure:4234: $? = 0
configure:4245: result: yes
configure:4199: checking for memory.h
configure:4215: gcc -c -g -O2  conftest.c >&5
configure:4221: $? = 0
configure:4225: test -z 
			 || test ! -s conftest.err
configure:4228: $? = 0
configure:4231: test -s conftest.o
configure:4234: $? = 0
configure:4245: result: yes
configure:4199: checking for strings.h
configure:4215: gcc -c -g -O2  conftest.c >&5
configure:4221: $? = 0
configure:4225: test -z 
			 || test ! -s conftest.err
configure:4228: $? = 0
configure:4231: test -s conftest.o
configure:4234: $? = 0
configure:4245: result: yes
configure:4199: checking for inttypes.h
configure:4215: gcc -c -g -O2  conftest.c >&5
configure:4221: $? = 0
configure:4225: test -z 
			 || test ! -s conftest.err
configure:4228: $? = 0
configure:4231: test -s conftest.o
configure:4234: $? = 0
configure:4245: result: yes
configure:4199: checking for stdint.h
configure:4215: gcc -c -g -O2  conftest.c >&5
configure:4221: $? = 0
configure:4225: test -z 
			 || test ! -s conftest.err
configure:4228: $? = 0
configure:4231: test -s conftest.o
configure:4234: $? = 0
configure:4245: result: yes
configure:4199: checking for unistd.h
configure:4215: gcc -c -g -O2  conftest.c >&5
configure:4221: $? = 0
configure:4225: test -z 
			 || test ! -s conftest.err
configure:4228: $? = 0
configure:4231: test -s conftest.o
configure:4234: $? = 0
configure:4245: result: yes
configure:4286: checking arpa/inet.h usability
configure:4298: gcc -c -g -O2  conftest.c >&5
configure:4304: $? = 0
configure:4308: test -z 
			 || test ! -s conftest.err
configure:4311: $? = 0
configure:4314: test -s conftest.o
configure:4317: $? = 0
configure:4327: result: yes
configure:4331: checking arpa/inet.h presence
configure:4341: gcc -E  conftest.c
configure:4347: $? = 0
configure:4367: result: yes
configure:4402: checking for arpa/inet.h
configure:4409: result: yes
configure:4286: checking fcntl.h usability
configure:4298: gcc -c -g -O2  conftest.c >&5
configure:4304: $? = 0
configure:4308: test -z 
			 || test ! -s conftest.err
configure:4311: $? = 0
configure:4314: test -s conftest.o
configure:4317: $? = 0
configure:4327: result: yes
configure:4331: checking fcntl.h presence
configure:4341: gcc -E  conftest.c
configure:4347: $? = 0
configure:4367: result: yes
configure:4402: checking for fcntl.h
configure:4409: result: yes
configure:4277: checking for memory.h
configure:4282: result: yes
configure:4286: checking netinet/in.h usability
configure:4298: gcc -c -g -O2  conftest.c >&5
configure:4304: $? = 0
configure:4308: test -z 
			 || test ! -s conftest.err
configure:4311: $? = 0
configure:4314: test -s conftest.o
configure:4317: $? = 0
configure:4327: result: yes
configure:4331: checking netinet/in.h presence
configure:4341: gcc -E  conftest.c
configure:4347: $? = 0
configure:4367: result: yes
configure:4402: checking for netinet/in.h
configure:4409: result: yes
configure:4286: checking shadow.h usability
configure:4298: gcc -c -g -O2  conftest.c >&5
configure:4304: $? = 0
configure:4308: test -z 
			 || test ! -s conftest.err
configure:4311: $? = 0
configure:4314: test -s conftest.o
configure:4317: $? = 0
configure:4327: result: yes
configure:4331: checking shadow.h presence
configure:4341: gcc -E  conftest.c
configure:4347: $? = 0
configure:4367: result: yes
configure:4402: checking for shadow.h
configure:4409: result: yes
configure:4277: checking for stdlib.h
configure:4282: result: yes
configure:4277: checking for string.h
configure:4282: result: yes
configure:4286: checking sys/file.h usability
configure:4298: gcc -c -g -O2  conftest.c >&5
configure:4304: $? = 0
configure:4308: test -z 
			 || test ! -s conftest.err
configure:4311: $? = 0
configure:4314: test -s conftest.o
configure:4317: $? = 0
configure:4327: result: yes
configure:4331: checking sys/file.h presence
configure:4341: gcc -E  conftest.c
configure:4347: $? = 0
configure:4367: result: yes
configure:4402: checking for sys/file.h
configure:4409: result: yes
configure:4286: checking sys/param.h usability
configure:4298: gcc -c -g -O2  conftest.c >&5
configure:4304: $? = 0
configure:4308: test -z 
			 || test ! -s conftest.err
configure:4311: $? = 0
configure:4314: test -s conftest.o
configure:4317: $? = 0
configure:4327: result: yes
configure:4331: checking sys/param.h presence
configure:4341: gcc -E  conftest.c
configure:4347: $? = 0
configure:4367: result: yes
configure:4402: checking for sys/param.h
configure:4409: result: yes
configure:4286: checking sys/socket.h usability
configure:4298: gcc -c -g -O2  conftest.c >&5
configure:4304: $? = 0
configure:4308: test -z 
			 || test ! -s conftest.err
configure:4311: $? = 0
configure:4314: test -s conftest.o
configure:4317: $? = 0
configure:4327: result: yes
configure:4331: checking sys/socket.h presence
configure:4341: gcc -E  conftest.c
configure:4347: $? = 0
configure:4367: result: yes
configure:4402: checking for sys/socket.h
configure:4409: result: yes
configure:4286: checking sys/time.h usability
configure:4298: gcc -c -g -O2  conftest.c >&5
configure:4304: $? = 0
configure:4308: test -z 
			 || test ! -s conftest.err
configure:4311: $? = 0
configure:4314: test -s conftest.o
configure:4317: $? = 0
configure:4327: result: yes
configure:4331: checking sys/time.h presence
configure:4341: gcc -E  conftest.c
configure:4347: $? = 0
configure:4367: result: yes
configure:4402: checking for sys/time.h
configure:4409: result: yes
configure:4286: checking syslog.h usability
configure:4298: gcc -c -g -O2  conftest.c >&5
configure:4304: $? = 0
configure:4308: test -z 
			 || test ! -s conftest.err
configure:4311: $? = 0
configure:4314: test -s conftest.o
configure:4317: $? = 0
configure:4327: result: yes
configure:4331: checking syslog.h presence
configure:4341: gcc -E  conftest.c
configure:4347: $? = 0
configure:4367: result: yes
configure:4402: checking for syslog.h
configure:4409: result: yes
configure:4277: checking for unistd.h
configure:4282: result: yes
configure:4286: checking utime.h usability
configure:4298: gcc -c -g -O2  conftest.c >&5
configure:4304: $? = 0
configure:4308: test -z 
			 || test ! -s conftest.err
configure:4311: $? = 0
configure:4314: test -s conftest.o
configure:4317: $? = 0
configure:4327: result: yes
configure:4331: checking utime.h presence
configure:4341: gcc -E  conftest.c
configure:4347: $? = 0
configure:4367: result: yes
configure:4402: checking for utime.h
configure:4409: result: yes
configure:4286: checking crypt.h usability
configure:4298: gcc -c -g -O2  conftest.c >&5
configure:4304: $? = 0
configure:4308: test -z 
			 || test ! -s conftest.err
configure:4311: $? = 0
configure:4314: test -s conftest.o
configure:4317: $? = 0
configure:4327: result: yes
configure:4331: checking crypt.h presence
configure:4341: gcc -E  conftest.c
configure:4347: $? = 0
configure:4367: result: yes
configure:4402: checking for crypt.h
configure:4409: result: yes
configure:4286: checking err.h usability
configure:4298: gcc -c -g -O2  conftest.c >&5
configure:4304: $? = 0
configure:4308: test -z 
			 || test ! -s conftest.err
configure:4311: $? = 0
configure:4314: test -s conftest.o
configure:4317: $? = 0
configure:4327: result: yes
configure:4331: checking err.h presence
configure:4341: gcc -E  conftest.c
configure:4347: $? = 0
configure:4367: result: yes
configure:4402: checking for err.h
configure:4409: result: yes
configure:4426: checking for an ANSI C-conforming const
configure:4493: gcc -c -g -O2  conftest.c >&5
configure:4499: $? = 0
configure:4503: test -z 
			 || test ! -s conftest.err
configure:4506: $? = 0
configure:4509: test -s conftest.o
configure:4512: $? = 0
configure:4523: result: yes
configure:4533: checking for uid_t in sys/types.h
configure:4556: result: yes
configure:4571: checking for inline
configure:4592: gcc -c -g -O2  conftest.c >&5
configure:4598: $? = 0
configure:4602: test -z 
			 || test ! -s conftest.err
configure:4605: $? = 0
configure:4608: test -s conftest.o
configure:4611: $? = 0
configure:4623: result: inline
configure:4642: checking for mode_t
configure:4666: gcc -c -g -O2  conftest.c >&5
configure:4672: $? = 0
configure:4676: test -z 
			 || test ! -s conftest.err
configure:4679: $? = 0
configure:4682: test -s conftest.o
configure:4685: $? = 0
configure:4696: result: yes
configure:4708: checking for off_t
configure:4732: gcc -c -g -O2  conftest.c >&5
configure:4738: $? = 0
configure:4742: test -z 
			 || test ! -s conftest.err
configure:4745: $? = 0
configure:4748: test -s conftest.o
configure:4751: $? = 0
configure:4762: result: yes
configure:4774: checking for pid_t
configure:4798: gcc -c -g -O2  conftest.c >&5
configure:4804: $? = 0
configure:4808: test -z 
			 || test ! -s conftest.err
configure:4811: $? = 0
configure:4814: test -s conftest.o
configure:4817: $? = 0
configure:4828: result: yes
configure:4840: checking for size_t
configure:4864: gcc -c -g -O2  conftest.c >&5
configure:4870: $? = 0
configure:4874: test -z 
			 || test ! -s conftest.err
configure:4877: $? = 0
configure:4880: test -s conftest.o
configure:4883: $? = 0
configure:4894: result: yes
configure:4907: checking whether struct tm is in sys/time.h or time.h
configure:4930: gcc -c -g -O2  conftest.c >&5
configure:4936: $? = 0
configure:4940: test -z 
			 || test ! -s conftest.err
configure:4943: $? = 0
configure:4946: test -s conftest.o
configure:4949: $? = 0
configure:4960: result: time.h
configure:4975: checking whether closedir returns void
configure:5004: gcc -o conftest -g -O2   conftest.c -lcrypt  >&5
configure:5007: $? = 0
configure:5009: ./conftest
configure:5012: $? = 0
configure:5026: result: no
configure:5041: checking return type of signal handlers
configure:5072: gcc -c -g -O2  conftest.c >&5
configure:5078: $? = 0
configure:5082: test -z 
			 || test ! -s conftest.err
configure:5085: $? = 0
configure:5088: test -s conftest.o
configure:5091: $? = 0
configure:5102: result: void
configure:5111: checking whether utime accepts a null argument
configure:5142: gcc -o conftest -g -O2   conftest.c -lcrypt  >&5
configure:5145: $? = 0
configure:5147: ./conftest
configure:5150: $? = 0
configure:5165: result: yes
configure:5200: checking for bzero
configure:5257: gcc -o conftest -g -O2   conftest.c -lcrypt  >&5
conftest.c:66: warning: conflicting types for built-in function 'bzero'
configure:5263: $? = 0
configure:5267: test -z 
			 || test ! -s conftest.err
configure:5270: $? = 0
configure:5273: test -s conftest
configure:5276: $? = 0
configure:5288: result: yes
configure:5200: checking for dup2
configure:5257: gcc -o conftest -g -O2   conftest.c -lcrypt  >&5
configure:5263: $? = 0
configure:5267: test -z 
			 || test ! -s conftest.err
configure:5270: $? = 0
configure:5273: test -s conftest
configure:5276: $? = 0
configure:5288: result: yes
configure:5200: checking for fdatasync
configure:5257: gcc -o conftest -g -O2   conftest.c -lcrypt  >&5
configure:5263: $? = 0
configure:5267: test -z 
			 || test ! -s conftest.err
configure:5270: $? = 0
configure:5273: test -s conftest
configure:5276: $? = 0
configure:5288: result: yes
configure:5200: checking for getcwd
configure:5257: gcc -o conftest -g -O2   conftest.c -lcrypt  >&5
configure:5263: $? = 0
configure:5267: test -z 
			 || test ! -s conftest.err
configure:5270: $? = 0
configure:5273: test -s conftest
configure:5276: $? = 0
configure:5288: result: yes
configure:5200: checking for gethostname
configure:5257: gcc -o conftest -g -O2   conftest.c -lcrypt  >&5
configure:5263: $? = 0
configure:5267: test -z 
			 || test ! -s conftest.err
configure:5270: $? = 0
configure:5273: test -s conftest
configure:5276: $? = 0
configure:5288: result: yes
configure:5200: checking for getpass
configure:5257: gcc -o conftest -g -O2   conftest.c -lcrypt  >&5
configure:5263: $? = 0
configure:5267: test -z 
			 || test ! -s conftest.err
configure:5270: $? = 0
configure:5273: test -s conftest
configure:5276: $? = 0
configure:5288: result: yes
configure:5200: checking for getspnam
configure:5257: gcc -o conftest -g -O2   conftest.c -lcrypt  >&5
configure:5263: $? = 0
configure:5267: test -z 
			 || test ! -s conftest.err
configure:5270: $? = 0
configure:5273: test -s conftest
configure:5276: $? = 0
configure:5288: result: yes
configure:5200: checking for memset
configure:5257: gcc -o conftest -g -O2   conftest.c -lcrypt  >&5
conftest.c:73: warning: conflicting types for built-in function 'memset'
configure:5263: $? = 0
configure:5267: test -z 
			 || test ! -s conftest.err
configure:5270: $? = 0
configure:5273: test -s conftest
configure:5276: $? = 0
configure:5288: result: yes
configure:5200: checking for mkdir
configure:5257: gcc -o conftest -g -O2   conftest.c -lcrypt  >&5
configure:5263: $? = 0
configure:5267: test -z 
			 || test ! -s conftest.err
configure:5270: $? = 0
configure:5273: test -s conftest
configure:5276: $? = 0
configure:5288: result: yes
configure:5200: checking for putenv
configure:5257: gcc -o conftest -g -O2   conftest.c -lcrypt  >&5
configure:5263: $? = 0
configure:5267: test -z 
			 || test ! -s conftest.err
configure:5270: $? = 0
configure:5273: test -s conftest
configure:5276: $? = 0
configure:5288: result: yes
configure:5200: checking for rmdir
configure:5257: gcc -o conftest -g -O2   conftest.c -lcrypt  >&5
configure:5263: $? = 0
configure:5267: test -z 
			 || test ! -s conftest.err
configure:5270: $? = 0
configure:5273: test -s conftest
configure:5276: $? = 0
configure:5288: result: yes
configure:5200: checking for socket
configure:5257: gcc -o conftest -g -O2   conftest.c -lcrypt  >&5
configure:5263: $? = 0
configure:5267: test -z 
			 || test ! -s conftest.err
configure:5270: $? = 0
configure:5273: test -s conftest
configure:5276: $? = 0
configure:5288: result: yes
configure:5200: checking for strchr
configure:5257: gcc -o conftest -g -O2   conftest.c -lcrypt  >&5
conftest.c:78: warning: conflicting types for built-in function 'strchr'
configure:5263: $? = 0
configure:5267: test -z 
			 || test ! -s conftest.err
configure:5270: $? = 0
configure:5273: test -s conftest
configure:5276: $? = 0
configure:5288: result: yes
configure:5200: checking for strdup
configure:5257: gcc -o conftest -g -O2   conftest.c -lcrypt  >&5
conftest.c:79: warning: conflicting types for built-in function 'strdup'
configure:5263: $? = 0
configure:5267: test -z 
			 || test ! -s conftest.err
configure:5270: $? = 0
configure:5273: test -s conftest
configure:5276: $? = 0
configure:5288: result: yes
configure:5200: checking for strerror
configure:5257: gcc -o conftest -g -O2   conftest.c -lcrypt  >&5
configure:5263: $? = 0
configure:5267: test -z 
			 || test ! -s conftest.err
configure:5270: $? = 0
configure:5273: test -s conftest
configure:5276: $? = 0
configure:5288: result: yes
configure:5200: checking for strncasecmp
configure:5257: gcc -o conftest -g -O2   conftest.c -lcrypt  >&5
conftest.c:81: warning: conflicting types for built-in function 'strncasecmp'
configure:5263: $? = 0
configure:5267: test -z 
			 || test ! -s conftest.err
configure:5270: $? = 0
configure:5273: test -s conftest
configure:5276: $? = 0
configure:5288: result: yes
configure:5200: checking for strrchr
configure:5257: gcc -o conftest -g -O2   conftest.c -lcrypt  >&5
conftest.c:82: warning: conflicting types for built-in function 'strrchr'
configure:5263: $? = 0
configure:5267: test -z 
			 || test ! -s conftest.err
configure:5270: $? = 0
configure:5273: test -s conftest
configure:5276: $? = 0
configure:5288: result: yes
configure:5200: checking for strspn
configure:5257: gcc -o conftest -g -O2   conftest.c -lcrypt  >&5
conftest.c:83: warning: conflicting types for built-in function 'strspn'
configure:5263: $? = 0
configure:5267: test -z 
			 || test ! -s conftest.err
configure:5270: $? = 0
configure:5273: test -s conftest
configure:5276: $? = 0
configure:5288: result: yes
configure:5200: checking for strstr
configure:5257: gcc -o conftest -g -O2   conftest.c -lcrypt  >&5
conftest.c:84: warning: conflicting types for built-in function 'strstr'
configure:5263: $? = 0
configure:5267: test -z 
			 || test ! -s conftest.err
configure:5270: $? = 0
configure:5273: test -s conftest
configure:5276: $? = 0
configure:5288: result: yes
configure:5200: checking for utime
configure:5257: gcc -o conftest -g -O2   conftest.c -lcrypt  >&5
configure:5263: $? = 0
configure:5267: test -z 
			 || test ! -s conftest.err
configure:5270: $? = 0
configure:5273: test -s conftest
configure:5276: $? = 0
configure:5288: result: yes
configure:5200: checking for warn
configure:5257: gcc -o conftest -g -O2   conftest.c -lcrypt  >&5
configure:5263: $? = 0
configure:5267: test -z 
			 || test ! -s conftest.err
configure:5270: $? = 0
configure:5273: test -s conftest
configure:5276: $? = 0
configure:5288: result: yes
configure:5301: checking vpopmail configure options
configure:5303: result: ok
configure:5467: checking whether we can locate the qmail directory
configure:5496: result: yes
configure:5506: checking whether we can locate the qmail-newu program
configure:5545: result: yes
configure:5555: checking whether we can locate the qmail-inject program
configure:5594: result: yes
configure:5604: checking whether we can locate the qmail-newmrh program
configure:5643: result: yes
configure:5653: checking for valid vpopmail user and group
configure:5706: result: yes
configure:5709: checking whether password file entry for the vpopmail user exists
configure:5771: gcc -o conftest -g -O2 -Wall   conftest.c -lcrypt  >&5
conftest.c: In function 'main':
conftest.c:80: warning: implicit declaration of function 'unlink'
conftest.c:93: warning: implicit declaration of function 'strlen'
conftest.c:93: warning: incompatible implicit declaration of built-in function 'strlen'
configure:5774: $? = 0
configure:5776: ./conftest
configure:5779: $? = 0
configure:5781: result: yes
configure:5868: checking whether roaming-users has been enabled
configure:6052: result: no
configure:6059: checking whether learn-passwords is enabled
configure:6084: result: no
configure:6091: checking whether md5-passwords is enabled
configure:6106: result: yes
configure:6123: checking whether file-locking is enabled
configure:6138: result: yes
configure:6155: checking whether file-sync is enabled
configure:6180: result: no
configure:6187: checking whether make-seekable is enabled
configure:6202: result: yes
configure:6219: checking whether clear-passwd is enabled
configure:6234: result: yes
configure:6251: checking whether user-big-dir is enabled
configure:6266: result: yes
configure:6283: checking whether sqwebmail-pass is enabled
configure:6308: result: no
configure:6315: checking whether qmail-ext is enabled
configure:6340: result: no
configure:6347: checking whether ip-alias-domains is enabled
configure:6372: result: no
configure:6379: checking whether onchange script is enabled
configure:6404: result: no
configure:6414: checking whether spamassassin is enabled
configure:6429: result: no
configure:6492: checking whether maildrop is enabled
configure:6507: result: no
configure:6654: checking whether an auth module has been specified
configure:6669: result: no, so default to cdb
configure:6873: checking whether system accounts have been enabled
configure:7198: result: no
configure:7206: checking whether /etc/shadow exists
configure:7210: result: yes
configure:7225: checking whether logging is enabled
configure:7250: result: errors only
configure:7308: checking whether auth-logging is enabled
configure:7323: result: yes
configure:7340: checking whether sql-logging is enabled
configure:7372: result: no
configure:7379: checking whether mysql-limits is enabled
configure:7411: result: no
configure:7418: checking whether mysql-replication is enabled
configure:7450: result: no
configure:7457: checking whether valias is enabled
configure:7489: result: no
configure:7496: checking whether many-domains is enabled
configure:7511: result: yes
configure:7534: checking whether any discontinued --enable commands have been used
configure:7645: result: yes
configure:7647: error: --enable-hardquota has been superceded. Please use the ~vpopmail/etc/vlimits.default file instead.

## ---------------- ##
## Cache variables. ##
## ---------------- ##

ac_cv_build=i686-pc-linux-gnu
ac_cv_build_alias=i686-pc-linux-gnu
ac_cv_c_compiler_gnu=yes
ac_cv_c_const=yes
ac_cv_c_inline=inline
ac_cv_env_CC_set=
ac_cv_env_CC_value=
ac_cv_env_CFLAGS_set=
ac_cv_env_CFLAGS_value=
ac_cv_env_CPPFLAGS_set=
ac_cv_env_CPPFLAGS_value=
ac_cv_env_CPP_set=
ac_cv_env_CPP_value=
ac_cv_env_LDFLAGS_set=
ac_cv_env_LDFLAGS_value=
ac_cv_env_build_alias_set=
ac_cv_env_build_alias_value=
ac_cv_env_host_alias_set=
ac_cv_env_host_alias_value=
ac_cv_env_target_alias_set=
ac_cv_env_target_alias_value=
ac_cv_exeext=
ac_cv_func_bzero=yes
ac_cv_func_closedir_void=no
ac_cv_func_dup2=yes
ac_cv_func_fdatasync=yes
ac_cv_func_getcwd=yes
ac_cv_func_gethostname=yes
ac_cv_func_getpass=yes
ac_cv_func_getspnam=yes
ac_cv_func_memset=yes
ac_cv_func_mkdir=yes
ac_cv_func_putenv=yes
ac_cv_func_rmdir=yes
ac_cv_func_socket=yes
ac_cv_func_strchr=yes
ac_cv_func_strdup=yes
ac_cv_func_strerror=yes
ac_cv_func_strncasecmp=yes
ac_cv_func_strrchr=yes
ac_cv_func_strspn=yes
ac_cv_func_strstr=yes
ac_cv_func_utime=yes
ac_cv_func_utime_null=yes
ac_cv_func_warn=yes
ac_cv_header_arpa_inet_h=yes
ac_cv_header_crypt_h=yes
ac_cv_header_dirent_dirent_h=yes
ac_cv_header_err_h=yes
ac_cv_header_fcntl_h=yes
ac_cv_header_inttypes_h=yes
ac_cv_header_memory_h=yes
ac_cv_header_netinet_in_h=yes
ac_cv_header_shadow_h=yes
ac_cv_header_stdc=yes
ac_cv_header_stdint_h=yes
ac_cv_header_stdlib_h=yes
ac_cv_header_string_h=yes
ac_cv_header_strings_h=yes
ac_cv_header_sys_file_h=yes
ac_cv_header_sys_param_h=yes
ac_cv_header_sys_socket_h=yes
ac_cv_header_sys_stat_h=yes
ac_cv_header_sys_time_h=yes
ac_cv_header_sys_types_h=yes
ac_cv_header_sys_wait_h=yes
ac_cv_header_syslog_h=yes
ac_cv_header_unistd_h=yes
ac_cv_header_utime_h=yes
ac_cv_host=i686-pc-linux-gnu
ac_cv_host_alias=i686-pc-linux-gnu
ac_cv_lib_crypt_crypt=yes
ac_cv_objext=o
ac_cv_path_install='/usr/bin/install -c'
ac_cv_prog_AWK=gawk
ac_cv_prog_CPP='gcc -E'
ac_cv_prog_ac_ct_CC=gcc
ac_cv_prog_ac_ct_RANLIB=ranlib
ac_cv_prog_cc_g=yes
ac_cv_prog_cc_stdc=
ac_cv_prog_egrep='grep -E'
ac_cv_prog_make_make_set=yes
ac_cv_search_opendir='none required'
ac_cv_search_strerror='none required'
ac_cv_struct_tm=time.h
ac_cv_type_mode_t=yes
ac_cv_type_off_t=yes
ac_cv_type_pid_t=yes
ac_cv_type_signal=void
ac_cv_type_size_t=yes
ac_cv_type_uid_t=yes
am_cv_CC_dependencies_compiler_type=none

## ----------------- ##
## Output variables. ##
## ----------------- ##

ACLOCAL='${SHELL} /opt/qfd-0.1/sources/vpopmail/missing --run aclocal-1.9'
AMDEPBACKSLASH='\'
AMDEP_FALSE='#'
AMDEP_TRUE=''
AMTAR='${SHELL} /opt/qfd-0.1/sources/vpopmail/missing --run tar'
AUTOCONF='${SHELL} /opt/qfd-0.1/sources/vpopmail/missing --run autoconf'
AUTOHEADER='${SHELL} /opt/qfd-0.1/sources/vpopmail/missing --run autoheader'
AUTOMAKE='${SHELL} /opt/qfd-0.1/sources/vpopmail/missing --run automake-1.9'
AWK='gawk'
CC='gcc'
CCDEPMODE='depmode=none'
CFLAGS='-g -O2 -Wall'
CPP='gcc -E'
CPPFLAGS=''
CYGPATH_W='echo'
DEFS=''
DEPDIR='.deps'
ECHO_C=''
ECHO_N='-n'
ECHO_T=''
EGREP='grep -E'
EXEEXT=''
INSTALL_DATA='${INSTALL} -m 644'
INSTALL_PROGRAM='${INSTALL}'
INSTALL_SCRIPT='${INSTALL}'
INSTALL_STRIP_PROGRAM='${SHELL} $(install_sh) -c -s'
LDFLAGS=''
LIBOBJS=''
LIBS='-lcrypt '
LTLIBOBJS=''
MAKEINFO='${SHELL} /opt/qfd-0.1/sources/vpopmail/missing --run makeinfo'
OBJEXT='o'
PACKAGE='vpopmail'
PACKAGE_BUGREPORT=''
PACKAGE_NAME='vpopmail'
PACKAGE_STRING='vpopmail 5.4.27'
PACKAGE_TARNAME='vpopmail'
PACKAGE_VERSION='5.4.27'
PATH_SEPARATOR=':'
RANLIB='ranlib'
SET_MAKE=''
SHELL='/bin/bash'
STRIP=''
USE_MYSQL=''
VERSION='5.4.27'
ac_ct_CC='gcc'
ac_ct_RANLIB='ranlib'
ac_ct_STRIP=''
am__fastdepCC_FALSE=''
am__fastdepCC_TRUE='#'
am__include='include'
am__leading_dot='.'
am__quote=''
am__tar='${AMTAR} chof - "$$tardir"'
am__untar='${AMTAR} xf -'
auth_inc='-Icdb'
auth_libs=''
authlib=''
bindir='${exec_prefix}/bin'
build='i686-pc-linux-gnu'
build_alias=''
build_cpu='i686'
build_os='linux-gnu'
build_vendor='pc'
datadir='${prefix}/share'
domains_dir='domains'
exec_prefix='NONE'
host='i686-pc-linux-gnu'
host_alias=''
host_cpu='i686'
host_os='linux-gnu'
host_vendor='pc'
includedir='${prefix}/include'
infodir='${prefix}/info'
install_sh='/opt/qfd-0.1/sources/vpopmail/install-sh'
libdir='/usr/lib/mysql'
libexecdir='${exec_prefix}/libexec'
localstatedir='${prefix}/var'
mandir='${prefix}/man'
mkdir_p='mkdir -p --'
oldincludedir='/usr/include'
prefix='NONE'
program_transform_name='s,x,x,'
sbindir='${exec_prefix}/sbin'
sharedstatedir='${prefix}/com'
sysconfdir='${prefix}/etc'
target_alias=''
vpopgroup='vchkpw'
vpopmaildir='/home/vpopmail'
vpopuser='vpopmail'

## ----------- ##
## confdefs.h. ##
## ----------- ##

#define CLEAR_PASS 1
#define DOMAINS_DIR "domains"
#define ENABLE_AUTH_LOGGING 1
#define ENABLE_LOGGING 2
#define FILE_LOCKING 1
#define HAS_SHADOW 1
#define HAVE_ARPA_INET_H 1
#define HAVE_BZERO 1
#define HAVE_CRYPT_H 1
#define HAVE_DIRENT_H 1
#define HAVE_DUP2 1
#define HAVE_ERR_H 1
#define HAVE_FCNTL_H 1
#define HAVE_FDATASYNC 1
#define HAVE_GETCWD 1
#define HAVE_GETHOSTNAME 1
#define HAVE_GETPASS 1
#define HAVE_GETSPNAM 1
#define HAVE_INTTYPES_H 1
#define HAVE_LIBCRYPT 1
#define HAVE_MEMORY_H 1
#define HAVE_MEMORY_H 1
#define HAVE_MEMSET 1
#define HAVE_MKDIR 1
#define HAVE_NETINET_IN_H 1
#define HAVE_PUTENV 1
#define HAVE_RMDIR 1
#define HAVE_SHADOW_H 1
#define HAVE_SOCKET 1
#define HAVE_STDINT_H 1
#define HAVE_STDLIB_H 1
#define HAVE_STDLIB_H 1
#define HAVE_STRCHR 1
#define HAVE_STRDUP 1
#define HAVE_STRERROR 1
#define HAVE_STRINGS_H 1
#define HAVE_STRING_H 1
#define HAVE_STRING_H 1
#define HAVE_STRNCASECMP 1
#define HAVE_STRRCHR 1
#define HAVE_STRSPN 1
#define HAVE_STRSTR 1
#define HAVE_SYSLOG_H 1
#define HAVE_SYS_FILE_H 1
#define HAVE_SYS_PARAM_H 1
#define HAVE_SYS_SOCKET_H 1
#define HAVE_SYS_STAT_H 1
#define HAVE_SYS_TIME_H 1
#define HAVE_SYS_TYPES_H 1
#define HAVE_SYS_WAIT_H 1
#define HAVE_UNISTD_H 1
#define HAVE_UNISTD_H 1
#define HAVE_UTIME 1
#define HAVE_UTIME_H 1
#define HAVE_UTIME_NULL 1
#define HAVE_WARN 1
#define LOG_NAME "vpopmail"
#define MAKE_SEEKABLE 1
#define MANY_DOMAINS 1
#define MD5_PASSWORDS 1
#define PACKAGE "vpopmail"
#define PACKAGE_BUGREPORT ""
#define PACKAGE_NAME "vpopmail"
#define PACKAGE_STRING "vpopmail 5.4.27"
#define PACKAGE_TARNAME "vpopmail"
#define PACKAGE_VERSION "5.4.27"
#define PS_COMMAND "ps axww"
#define QMAILDIR "/var/qmail"
#define QMAILINJECT "/var/qmail/bin/qmail-inject"
#define QMAILNEWMRH "/var/qmail/bin/qmail-newmrh"
#define QMAILNEWU "/var/qmail/bin/qmail-newu"
#define RETSIGTYPE void
#define STDC_HEADERS 1
#define USERS_BIG_DIR 1
#define USE_CDB 1
#define VERSION "5.4.27"
#define VLIMITS_DEFAULT_FILE "/home/vpopmail/etc/vlimits.default"
#define VPOPGROUP "vchkpw"
#define VPOPMAILDIR "/home/vpopmail"
#define VPOPMAILGID 1004
#define VPOPMAILUID 1008
#define VPOPUSER "vpopmail"

configure: exit 1
