This file contains any messages produced by compilers while
running configure, to aid debugging if configure makes a mistake.

It was created by bdbobj configure 0.10, which was
generated by GNU Autoconf 2.63.  Invocation command line was

  $ ./configure --disable-option-checking --prefix=/usr/local --with-db=gdbm --exec-prefix=/usr/local --enable-maildrop-uid=root --enable-maildrop-gid=vchkpw --enable-maildirquota --cache-file=/dev/null --srcdir=.

## --------- ##
## Platform. ##
## --------- ##

hostname = loft2500.serverloft.com
uname -m = i686
uname -r = 2.6.24-26-generic
uname -s = Linux
uname -v = #1 SMP Tue Dec 1 18:37:31 UTC 2009

/usr/bin/uname -p = unknown
/bin/uname -X     = unknown

/bin/arch              = unknown
/usr/bin/arch -k       = unknown
/usr/convex/getsysinfo = unknown
/usr/bin/hostinfo      = unknown
/bin/machine           = unknown
/usr/bin/oslevel       = unknown
/bin/universe          = unknown

PATH: /usr/local/sbin
PATH: /usr/local/bin
PATH: /usr/sbin
PATH: /usr/bin
PATH: /sbin
PATH: /bin
PATH: /usr/games


## ----------- ##
## Core tests. ##
## ----------- ##

configure:2088: checking for a BSD-compatible install
configure:2156: result: /usr/bin/install -c
configure:2167: checking whether build environment is sane
configure:2227: result: yes
configure:2368: checking for a thread-safe mkdir -p
configure:2407: result: /bin/mkdir -p
configure:2420: checking for gawk
configure:2436: found /usr/bin/gawk
configure:2447: result: gawk
configure:2458: checking whether make sets $(MAKE)
configure:2480: result: yes
configure:2568: checking for style of include used by make
configure:2596: result: GNU
configure:2666: checking for gcc
configure:2682: found /usr/bin/gcc
configure:2693: result: gcc
configure:2925: checking for C compiler version
configure:2933: gcc --version >&5
gcc (GCC) 4.2.4 (Ubuntu 4.2.4-1ubuntu4)
Copyright (C) 2007 Free Software Foundation, Inc.
This is free software; see the source for copying conditions.  There is NO
warranty; not even for MERCHANTABILITY or FITNESS FOR A PARTICULAR PURPOSE.

configure:2937: $? = 0
configure:2944: gcc -v >&5
Using built-in specs.
Target: i486-linux-gnu
Configured with: ../src/configure -v --enable-languages=c,c++,fortran,objc,obj-c++,treelang --prefix=/usr --enable-shared --with-system-zlib --libexecdir=/usr/lib --without-included-gettext --enable-threads=posix --enable-nls --with-gxx-include-dir=/usr/include/c++/4.2 --program-suffix=-4.2 --enable-clocale=gnu --enable-libstdcxx-debug --enable-objc-gc --enable-mpfr --enable-targets=all --enable-checking=release --build=i486-linux-gnu --host=i486-linux-gnu --target=i486-linux-gnu
Thread model: posix
gcc version 4.2.4 (Ubuntu 4.2.4-1ubuntu4)
configure:2948: $? = 0
configure:2955: gcc -V >&5
gcc: '-V' option must have argument
configure:2959: $? = 1
configure:2982: checking for C compiler default output file name
configure:3004: gcc    conftest.c  >&5
configure:3008: $? = 0
configure:3046: result: a.out
configure:3065: checking whether the C compiler works
configure:3075: ./a.out
configure:3079: $? = 0
configure:3098: result: yes
configure:3105: checking whether we are cross compiling
configure:3107: result: no
configure:3110: checking for suffix of executables
configure:3117: gcc -o conftest    conftest.c  >&5
configure:3121: $? = 0
configure:3147: result: 
configure:3153: checking for suffix of object files
configure:3179: gcc -c   conftest.c >&5
configure:3183: $? = 0
configure:3208: result: o
configure:3212: checking whether we are using the GNU C compiler
configure:3241: gcc -c   conftest.c >&5
configure:3248: $? = 0
configure:3265: result: yes
configure:3274: checking whether gcc accepts -g
configure:3304: gcc -c -g  conftest.c >&5
configure:3311: $? = 0
configure:3412: result: yes
configure:3429: checking for gcc option to accept ISO C89
configure:3503: gcc  -c -g -O2  conftest.c >&5
configure:3510: $? = 0
configure:3533: result: none needed
configure:3553: checking dependency style of gcc
configure:3663: result: gcc3
configure:3684: checking how to run the C preprocessor
configure:3724: gcc -E  conftest.c
configure:3731: $? = 0
configure:3762: gcc -E  conftest.c
conftest.c:3:28: error: ac_nonexistent.h: No such file or directory
configure:3769: $? = 1
configure: failed program was:
| /* confdefs.h.  */
| /* end confdefs.h.  */
| #include <ac_nonexistent.h>
configure:3802: result: gcc -E
configure:3831: gcc -E  conftest.c
configure:3838: $? = 0
configure:3869: gcc -E  conftest.c
conftest.c:3:28: error: ac_nonexistent.h: No such file or directory
configure:3876: $? = 1
configure: failed program was:
| /* confdefs.h.  */
| /* end confdefs.h.  */
| #include <ac_nonexistent.h>
configure:3916: checking for grep that handles long lines and -e
configure:3976: result: /bin/grep
configure:3981: checking for egrep
configure:4045: result: /bin/grep -E
configure:4050: checking for ANSI C header files
configure:4080: gcc -c -g -O2  conftest.c >&5
configure:4087: $? = 0
configure:4186: gcc -o conftest -g -O2   conftest.c  >&5
configure:4190: $? = 0
configure:4196: ./conftest
configure:4200: $? = 0
configure:4218: result: yes
configure:4242: checking for sys/types.h
configure:4263: gcc -c -g -O2  conftest.c >&5
configure:4270: $? = 0
configure:4287: result: yes
configure:4242: checking for sys/stat.h
configure:4263: gcc -c -g -O2  conftest.c >&5
configure:4270: $? = 0
configure:4287: result: yes
configure:4242: checking for stdlib.h
configure:4263: gcc -c -g -O2  conftest.c >&5
configure:4270: $? = 0
configure:4287: result: yes
configure:4242: checking for string.h
configure:4263: gcc -c -g -O2  conftest.c >&5
configure:4270: $? = 0
configure:4287: result: yes
configure:4242: checking for memory.h
configure:4263: gcc -c -g -O2  conftest.c >&5
configure:4270: $? = 0
configure:4287: result: yes
configure:4242: checking for strings.h
configure:4263: gcc -c -g -O2  conftest.c >&5
configure:4270: $? = 0
configure:4287: result: yes
configure:4242: checking for inttypes.h
configure:4263: gcc -c -g -O2  conftest.c >&5
configure:4270: $? = 0
configure:4287: result: yes
configure:4242: checking for stdint.h
configure:4263: gcc -c -g -O2  conftest.c >&5
configure:4270: $? = 0
configure:4287: result: yes
configure:4242: checking for unistd.h
configure:4263: gcc -c -g -O2  conftest.c >&5
configure:4270: $? = 0
configure:4287: result: yes
configure:4312: checking minix/config.h usability
configure:4329: gcc -c -g -O2  conftest.c >&5
conftest.c:46:26: error: minix/config.h: No such file or directory
configure:4336: $? = 1
configure: failed program was:
| /* confdefs.h.  */
| #define STDC_HEADERS 1
| #define HAVE_SYS_TYPES_H 1
| #define HAVE_SYS_STAT_H 1
| #define HAVE_STDLIB_H 1
| #define HAVE_STRING_H 1
| #define HAVE_MEMORY_H 1
| #define HAVE_STRINGS_H 1
| #define HAVE_INTTYPES_H 1
| #define HAVE_STDINT_H 1
| #define HAVE_UNISTD_H 1
| /* end confdefs.h.  */
| #include <stdio.h>
| #ifdef HAVE_SYS_TYPES_H
| # include <sys/types.h>
| #endif
| #ifdef HAVE_SYS_STAT_H
| # include <sys/stat.h>
| #endif
| #ifdef STDC_HEADERS
| # include <stdlib.h>
| # include <stddef.h>
| #else
| # ifdef HAVE_STDLIB_H
| #  include <stdlib.h>
| # endif
| #endif
| #ifdef HAVE_STRING_H
| # if !defined STDC_HEADERS && defined HAVE_MEMORY_H
| #  include <memory.h>
| # endif
| # include <string.h>
| #endif
| #ifdef HAVE_STRINGS_H
| # include <strings.h>
| #endif
| #ifdef HAVE_INTTYPES_H
| # include <inttypes.h>
| #endif
| #ifdef HAVE_STDINT_H
| # include <stdint.h>
| #endif
| #ifdef HAVE_UNISTD_H
| # include <unistd.h>
| #endif
| #include <minix/config.h>
configure:4350: result: no
configure:4354: checking minix/config.h presence
configure:4369: gcc -E  conftest.c
conftest.c:13:26: error: minix/config.h: No such file or directory
configure:4376: $? = 1
configure: failed program was:
| /* confdefs.h.  */
| #define STDC_HEADERS 1
| #define HAVE_SYS_TYPES_H 1
| #define HAVE_SYS_STAT_H 1
| #define HAVE_STDLIB_H 1
| #define HAVE_STRING_H 1
| #define HAVE_MEMORY_H 1
| #define HAVE_STRINGS_H 1
| #define HAVE_INTTYPES_H 1
| #define HAVE_STDINT_H 1
| #define HAVE_UNISTD_H 1
| /* end confdefs.h.  */
| #include <minix/config.h>
configure:4390: result: no
configure:4423: checking for minix/config.h
configure:4430: result: no
configure:4461: checking whether it is safe to define __EXTENSIONS__
configure:4489: gcc -c -g -O2  conftest.c >&5
configure:4496: $? = 0
configure:4511: result: yes
configure:4583: checking for gcc
configure:4610: result: gcc
configure:4842: checking for C compiler version
configure:4850: gcc --version >&5
gcc (GCC) 4.2.4 (Ubuntu 4.2.4-1ubuntu4)
Copyright (C) 2007 Free Software Foundation, Inc.
This is free software; see the source for copying conditions.  There is NO
warranty; not even for MERCHANTABILITY or FITNESS FOR A PARTICULAR PURPOSE.

configure:4854: $? = 0
configure:4861: gcc -v >&5
Using built-in specs.
Target: i486-linux-gnu
Configured with: ../src/configure -v --enable-languages=c,c++,fortran,objc,obj-c++,treelang --prefix=/usr --enable-shared --with-system-zlib --libexecdir=/usr/lib --without-included-gettext --enable-threads=posix --enable-nls --with-gxx-include-dir=/usr/include/c++/4.2 --program-suffix=-4.2 --enable-clocale=gnu --enable-libstdcxx-debug --enable-objc-gc --enable-mpfr --enable-targets=all --enable-checking=release --build=i486-linux-gnu --host=i486-linux-gnu --target=i486-linux-gnu
Thread model: posix
gcc version 4.2.4 (Ubuntu 4.2.4-1ubuntu4)
configure:4865: $? = 0
configure:4872: gcc -V >&5
gcc: '-V' option must have argument
configure:4876: $? = 1
configure:4879: checking whether we are using the GNU C compiler
configure:4932: result: yes
configure:4941: checking whether gcc accepts -g
configure:5079: result: yes
configure:5096: checking for gcc option to accept ISO C89
configure:5200: result: none needed
configure:5220: checking dependency style of gcc
configure:5330: result: gcc3
configure:5349: checking for gawk
configure:5376: result: gawk
configure:5445: checking for g++
configure:5461: found /usr/bin/g++
configure:5472: result: g++
configure:5499: checking for C++ compiler version
configure:5507: g++ --version >&5
g++ (GCC) 4.2.4 (Ubuntu 4.2.4-1ubuntu4)
Copyright (C) 2007 Free Software Foundation, Inc.
This is free software; see the source for copying conditions.  There is NO
warranty; not even for MERCHANTABILITY or FITNESS FOR A PARTICULAR PURPOSE.

configure:5511: $? = 0
configure:5518: g++ -v >&5
Using built-in specs.
Target: i486-linux-gnu
Configured with: ../src/configure -v --enable-languages=c,c++,fortran,objc,obj-c++,treelang --prefix=/usr --enable-shared --with-system-zlib --libexecdir=/usr/lib --without-included-gettext --enable-threads=posix --enable-nls --with-gxx-include-dir=/usr/include/c++/4.2 --program-suffix=-4.2 --enable-clocale=gnu --enable-libstdcxx-debug --enable-objc-gc --enable-mpfr --enable-targets=all --enable-checking=release --build=i486-linux-gnu --host=i486-linux-gnu --target=i486-linux-gnu
Thread model: posix
gcc version 4.2.4 (Ubuntu 4.2.4-1ubuntu4)
configure:5522: $? = 0
configure:5529: g++ -V >&5
g++: '-V' option must have argument
configure:5533: $? = 1
configure:5536: checking whether we are using the GNU C++ compiler
configure:5565: g++ -c   conftest.cpp >&5
configure:5572: $? = 0
configure:5589: result: yes
configure:5598: checking whether g++ accepts -g
configure:5628: g++ -c -g  conftest.cpp >&5
configure:5635: $? = 0
configure:5736: result: yes
configure:5761: checking dependency style of g++
configure:5871: result: gcc3
configure:5886: checking for library containing strerror
configure:5927: gcc -o conftest -g -O2   conftest.c  >&5
configure:5934: $? = 0
configure:5965: result: none required
configure:6004: checking build system type
configure:6022: result: i686-pc-linux-gnu
configure:6044: checking host system type
configure:6059: result: i686-pc-linux-gnu
configure:6081: checking for a sed that does not truncate output
configure:6147: result: /bin/sed
configure:6165: checking for fgrep
configure:6229: result: /bin/grep -F
configure:6264: checking for ld used by gcc
configure:6331: result: /usr/bin/ld
configure:6340: checking if the linker (/usr/bin/ld) is GNU ld
configure:6355: result: yes
configure:6367: checking for BSD- or MS-compatible name lister (nm)
configure:6416: result: /usr/bin/nm -B
configure:6534: checking the name lister (/usr/bin/nm -B) interface
configure:6541: gcc -c -g -O2  conftest.c >&5
configure:6544: /usr/bin/nm -B "conftest.o"
configure:6547: output
00000000 B some_variable
configure:6554: result: BSD nm
configure:6557: checking whether ln -s works
configure:6561: result: yes
configure:6569: checking the maximum length of command line arguments
configure:6689: result: 98304
configure:6706: checking whether the shell understands some XSI constructs
configure:6716: result: yes
configure:6720: checking whether the shell understands "+="
configure:6726: result: yes
configure:6761: checking for /usr/bin/ld option to reload object files
configure:6768: result: -r
configure:6837: checking for objdump
configure:6853: found /usr/bin/objdump
configure:6864: result: objdump
configure:6896: checking how to recognize dependent libraries
configure:7092: result: pass_all
configure:7152: checking for ar
configure:7168: found /usr/bin/ar
configure:7179: result: ar
configure:7257: checking for strip
configure:7273: found /usr/bin/strip
configure:7284: result: strip
configure:7356: checking for ranlib
configure:7372: found /usr/bin/ranlib
configure:7383: result: ranlib
configure:7473: checking command to parse /usr/bin/nm -B output from gcc object
configure:7591: gcc -c -g -O2  conftest.c >&5
configure:7594: $? = 0
configure:7598: /usr/bin/nm -B conftest.o \| sed -n -e 's/^.*[	 ]\([ABCDGIRSTW][ABCDGIRSTW]*\)[	 ][	 ]*\([_A-Za-z][_A-Za-z0-9]*\)$/\1 \2 \2/p' \> conftest.nm
configure:7601: $? = 0
configure:7655: gcc -o conftest -g -O2   conftest.c conftstm.o >&5
configure:7658: $? = 0
configure:7696: result: ok
configure:8561: checking for dlfcn.h
configure:8582: gcc -c -g -O2  conftest.c >&5
configure:8589: $? = 0
configure:8606: result: yes
configure:8733: checking for C++ compiler version
configure:8741: g++ --version >&5
g++ (GCC) 4.2.4 (Ubuntu 4.2.4-1ubuntu4)
Copyright (C) 2007 Free Software Foundation, Inc.
This is free software; see the source for copying conditions.  There is NO
warranty; not even for MERCHANTABILITY or FITNESS FOR A PARTICULAR PURPOSE.

configure:8745: $? = 0
configure:8752: g++ -v >&5
Using built-in specs.
Target: i486-linux-gnu
Configured with: ../src/configure -v --enable-languages=c,c++,fortran,objc,obj-c++,treelang --prefix=/usr --enable-shared --with-system-zlib --libexecdir=/usr/lib --without-included-gettext --enable-threads=posix --enable-nls --with-gxx-include-dir=/usr/include/c++/4.2 --program-suffix=-4.2 --enable-clocale=gnu --enable-libstdcxx-debug --enable-objc-gc --enable-mpfr --enable-targets=all --enable-checking=release --build=i486-linux-gnu --host=i486-linux-gnu --target=i486-linux-gnu
Thread model: posix
gcc version 4.2.4 (Ubuntu 4.2.4-1ubuntu4)
configure:8756: $? = 0
configure:8763: g++ -V >&5
g++: '-V' option must have argument
configure:8767: $? = 1
configure:8770: checking whether we are using the GNU C++ compiler
configure:8823: result: yes
configure:8832: checking whether g++ accepts -g
configure:8970: result: yes
configure:8995: checking dependency style of g++
configure:9105: result: gcc3
configure:9128: checking how to run the C++ preprocessor
configure:9164: g++ -E  conftest.cpp
configure:9171: $? = 0
configure:9202: g++ -E  conftest.cpp
conftest.cpp:19:28: error: ac_nonexistent.h: No such file or directory
configure:9209: $? = 1
configure: failed program was:
| /* confdefs.h.  */
| #define STDC_HEADERS 1
| #define HAVE_SYS_TYPES_H 1
| #define HAVE_SYS_STAT_H 1
| #define HAVE_STDLIB_H 1
| #define HAVE_STRING_H 1
| #define HAVE_MEMORY_H 1
| #define HAVE_STRINGS_H 1
| #define HAVE_INTTYPES_H 1
| #define HAVE_STDINT_H 1
| #define HAVE_UNISTD_H 1
| #define __EXTENSIONS__ 1
| #define _ALL_SOURCE 1
| #define _GNU_SOURCE 1
| #define _POSIX_PTHREAD_SEMANTICS 1
| #define _TANDEM_SOURCE 1
| #define HAVE_DLFCN_H 1
| /* end confdefs.h.  */
| #include <ac_nonexistent.h>
configure:9242: result: g++ -E
configure:9271: g++ -E  conftest.cpp
configure:9278: $? = 0
configure:9309: g++ -E  conftest.cpp
conftest.cpp:19:28: error: ac_nonexistent.h: No such file or directory
configure:9316: $? = 1
configure: failed program was:
| /* confdefs.h.  */
| #define STDC_HEADERS 1
| #define HAVE_SYS_TYPES_H 1
| #define HAVE_SYS_STAT_H 1
| #define HAVE_STDLIB_H 1
| #define HAVE_STRING_H 1
| #define HAVE_MEMORY_H 1
| #define HAVE_STRINGS_H 1
| #define HAVE_INTTYPES_H 1
| #define HAVE_STDINT_H 1
| #define HAVE_UNISTD_H 1
| #define __EXTENSIONS__ 1
| #define _ALL_SOURCE 1
| #define _GNU_SOURCE 1
| #define _POSIX_PTHREAD_SEMANTICS 1
| #define _TANDEM_SOURCE 1
| #define HAVE_DLFCN_H 1
| /* end confdefs.h.  */
| #include <ac_nonexistent.h>
configure:9530: checking for objdir
configure:9545: result: .libs
configure:9837: checking if gcc supports -fno-rtti -fno-exceptions
configure:9855: gcc -c -g -O2  -fno-rtti -fno-exceptions conftest.c >&5
cc1: warning: command line option "-fno-rtti" is valid for C++/ObjC++ but not for C
configure:9859: $? = 0
configure:9872: result: no
configure:9892: checking for gcc option to produce PIC
configure:10164: result: -fPIC -DPIC
configure:10176: checking if gcc PIC flag -fPIC -DPIC works
configure:10194: gcc -c -g -O2  -fPIC -DPIC -DPIC conftest.c >&5
configure:10198: $? = 0
configure:10211: result: yes
configure:10235: checking if gcc static flag -static works
configure:10263: result: yes
configure:10278: checking if gcc supports -c -o file.o
configure:10299: gcc -c -g -O2  -o out/conftest2.o conftest.c >&5
configure:10303: $? = 0
configure:10325: result: yes
configure:10333: checking if gcc supports -c -o file.o
configure:10380: result: yes
configure:10413: checking whether the gcc linker (/usr/bin/ld) supports shared libraries
configure:11487: result: yes
configure:11524: checking whether -lc should be explicitly linked in
configure:11529: gcc -c -g -O2  conftest.c >&5
configure:11532: $? = 0
configure:11547: gcc -shared conftest.o  -v -Wl,-soname -Wl,conftest -o conftest 2\>\&1 \| /bin/grep  -lc  \>/dev/null 2\>\&1
configure:11550: $? = 0
configure:11562: result: no
configure:11726: checking dynamic linker characteristics
configure:12169: gcc -o conftest -g -O2   -Wl,-rpath -Wl,/foo conftest.c  >&5
configure:12176: $? = 0
configure:12412: result: GNU/Linux ld.so
configure:12514: checking how to hardcode library paths into programs
configure:12539: result: immediate
configure:13372: checking whether stripping libraries is possible
configure:13377: result: yes
configure:13412: checking if libtool supports shared libraries
configure:13414: result: yes
configure:13417: checking whether to build shared libraries
configure:13438: result: yes
configure:13441: checking whether to build static libraries
configure:13445: result: yes
configure:13595: checking for ld used by g++
configure:13662: result: /usr/bin/ld
configure:13671: checking if the linker (/usr/bin/ld) is GNU ld
configure:13686: result: yes
configure:13741: checking whether the g++ linker (/usr/bin/ld) supports shared libraries
configure:14716: result: yes
configure:14744: g++ -c -g -O2  conftest.cpp >&5
configure:14747: $? = 0
configure:14929: checking for g++ option to produce PIC
configure:15246: result: -fPIC -DPIC
configure:15255: checking if g++ PIC flag -fPIC -DPIC works
configure:15273: g++ -c -g -O2  -fPIC -DPIC -DPIC conftest.cpp >&5
configure:15277: $? = 0
configure:15290: result: yes
configure:15311: checking if g++ static flag -static works
configure:15339: result: yes
configure:15351: checking if g++ supports -c -o file.o
configure:15372: g++ -c -g -O2  -o out/conftest2.o conftest.cpp >&5
configure:15376: $? = 0
configure:15398: result: yes
configure:15403: checking if g++ supports -c -o file.o
configure:15450: result: yes
configure:15480: checking whether the g++ linker (/usr/bin/ld) supports shared libraries
configure:15506: result: yes
configure:15643: checking dynamic linker characteristics
configure:16034: g++ -o conftest -g -O2   -Wl,-rpath -Wl,/foo conftest.cpp  >&5
configure:16041: $? = 0
configure:16277: result: GNU/Linux ld.so
configure:16328: checking how to hardcode library paths into programs
configure:16353: result: immediate
configure:16414: checking for dbopen in -ldb
configure:16449: gcc -o conftest -g -O2   conftest.c -ldb   >&5
/usr/bin/ld: cannot find -ldb
collect2: ld returned 1 exit status
configure:16456: $? = 1
configure: failed program was:
| /* confdefs.h.  */
| #define STDC_HEADERS 1
| #define HAVE_SYS_TYPES_H 1
| #define HAVE_SYS_STAT_H 1
| #define HAVE_STDLIB_H 1
| #define HAVE_STRING_H 1
| #define HAVE_MEMORY_H 1
| #define HAVE_STRINGS_H 1
| #define HAVE_INTTYPES_H 1
| #define HAVE_STDINT_H 1
| #define HAVE_UNISTD_H 1
| #define __EXTENSIONS__ 1
| #define _ALL_SOURCE 1
| #define _GNU_SOURCE 1
| #define _POSIX_PTHREAD_SEMANTICS 1
| #define _TANDEM_SOURCE 1
| #define HAVE_DLFCN_H 1
| #define LT_OBJDIR ".libs/"
| /* end confdefs.h.  */
| 
| /* Override any GCC internal prototype to avoid an error.
|    Use char because int might match the return type of a GCC
|    builtin and then its argument prototype would still apply.  */
| #ifdef __cplusplus
| extern "C"
| #endif
| char dbopen ();
| int
| main ()
| {
| return dbopen ();
|   ;
|   return 0;
| }
configure:16477: result: no
configure:16482: checking for db_open in -ldb
configure:16517: gcc -o conftest -g -O2   conftest.c -ldb   >&5
/usr/bin/ld: cannot find -ldb
collect2: ld returned 1 exit status
configure:16524: $? = 1
configure: failed program was:
| /* confdefs.h.  */
| #define STDC_HEADERS 1
| #define HAVE_SYS_TYPES_H 1
| #define HAVE_SYS_STAT_H 1
| #define HAVE_STDLIB_H 1
| #define HAVE_STRING_H 1
| #define HAVE_MEMORY_H 1
| #define HAVE_STRINGS_H 1
| #define HAVE_INTTYPES_H 1
| #define HAVE_STDINT_H 1
| #define HAVE_UNISTD_H 1
| #define __EXTENSIONS__ 1
| #define _ALL_SOURCE 1
| #define _GNU_SOURCE 1
| #define _POSIX_PTHREAD_SEMANTICS 1
| #define _TANDEM_SOURCE 1
| #define HAVE_DLFCN_H 1
| #define LT_OBJDIR ".libs/"
| /* end confdefs.h.  */
| 
| /* Override any GCC internal prototype to avoid an error.
|    Use char because int might match the return type of a GCC
|    builtin and then its argument prototype would still apply.  */
| #ifdef __cplusplus
| extern "C"
| #endif
| char db_open ();
| int
| main ()
| {
| return db_open ();
|   ;
|   return 0;
| }
configure:16545: result: no
configure:16550: checking for db_env_create in -ldb
configure:16585: gcc -o conftest -g -O2   conftest.c -ldb   >&5
/usr/bin/ld: cannot find -ldb
collect2: ld returned 1 exit status
configure:16592: $? = 1
configure: failed program was:
| /* confdefs.h.  */
| #define STDC_HEADERS 1
| #define HAVE_SYS_TYPES_H 1
| #define HAVE_SYS_STAT_H 1
| #define HAVE_STDLIB_H 1
| #define HAVE_STRING_H 1
| #define HAVE_MEMORY_H 1
| #define HAVE_STRINGS_H 1
| #define HAVE_INTTYPES_H 1
| #define HAVE_STDINT_H 1
| #define HAVE_UNISTD_H 1
| #define __EXTENSIONS__ 1
| #define _ALL_SOURCE 1
| #define _GNU_SOURCE 1
| #define _POSIX_PTHREAD_SEMANTICS 1
| #define _TANDEM_SOURCE 1
| #define HAVE_DLFCN_H 1
| #define LT_OBJDIR ".libs/"
| /* end confdefs.h.  */
| 
| /* Override any GCC internal prototype to avoid an error.
|    Use char because int might match the return type of a GCC
|    builtin and then its argument prototype would still apply.  */
| #ifdef __cplusplus
| extern "C"
| #endif
| char db_env_create ();
| int
| main ()
| {
| return db_env_create ();
|   ;
|   return 0;
| }
configure:16613: result: no
configure:16626: checking for dbopen
configure:16682: gcc -o conftest -g -O2   conftest.c  >&5
/tmp/ccYfDzs4.o: In function `main':
/opt/qfd-0.1/sources/maildrop/bdbobj/conftest.c:54: undefined reference to `dbopen'
collect2: ld returned 1 exit status
configure:16689: $? = 1
configure: failed program was:
| /* confdefs.h.  */
| #define STDC_HEADERS 1
| #define HAVE_SYS_TYPES_H 1
| #define HAVE_SYS_STAT_H 1
| #define HAVE_STDLIB_H 1
| #define HAVE_STRING_H 1
| #define HAVE_MEMORY_H 1
| #define HAVE_STRINGS_H 1
| #define HAVE_INTTYPES_H 1
| #define HAVE_STDINT_H 1
| #define HAVE_UNISTD_H 1
| #define __EXTENSIONS__ 1
| #define _ALL_SOURCE 1
| #define _GNU_SOURCE 1
| #define _POSIX_PTHREAD_SEMANTICS 1
| #define _TANDEM_SOURCE 1
| #define HAVE_DLFCN_H 1
| #define LT_OBJDIR ".libs/"
| /* end confdefs.h.  */
| /* Define dbopen to an innocuous variant, in case <limits.h> declares dbopen.
|    For example, HP-UX 11i <limits.h> declares gettimeofday.  */
| #define dbopen innocuous_dbopen
| 
| /* System header to define __stub macros and hopefully few prototypes,
|     which can conflict with char dbopen (); below.
|     Prefer <limits.h> to <assert.h> if __STDC__ is defined, since
|     <limits.h> exists even on freestanding compilers.  */
| 
| #ifdef __STDC__
| # include <limits.h>
| #else
| # include <assert.h>
| #endif
| 
| #undef dbopen
| 
| /* Override any GCC internal prototype to avoid an error.
|    Use char because int might match the return type of a GCC
|    builtin and then its argument prototype would still apply.  */
| #ifdef __cplusplus
| extern "C"
| #endif
| char dbopen ();
| /* The GNU C library defines this for functions which it implements
|     to always fail with ENOSYS.  Some functions are actually named
|     something starting with __ and the normal name is an alias.  */
| #if defined __stub_dbopen || defined __stub___dbopen
| choke me
| #endif
| 
| int
| main ()
| {
| return dbopen ();
|   ;
|   return 0;
| }
configure:16709: result: no
configure:16715: checking for db_open
configure:16771: gcc -o conftest -g -O2   conftest.c  >&5
/tmp/ccmF2TMm.o: In function `main':
/opt/qfd-0.1/sources/maildrop/bdbobj/conftest.c:54: undefined reference to `db_open'
collect2: ld returned 1 exit status
configure:16778: $? = 1
configure: failed program was:
| /* confdefs.h.  */
| #define STDC_HEADERS 1
| #define HAVE_SYS_TYPES_H 1
| #define HAVE_SYS_STAT_H 1
| #define HAVE_STDLIB_H 1
| #define HAVE_STRING_H 1
| #define HAVE_MEMORY_H 1
| #define HAVE_STRINGS_H 1
| #define HAVE_INTTYPES_H 1
| #define HAVE_STDINT_H 1
| #define HAVE_UNISTD_H 1
| #define __EXTENSIONS__ 1
| #define _ALL_SOURCE 1
| #define _GNU_SOURCE 1
| #define _POSIX_PTHREAD_SEMANTICS 1
| #define _TANDEM_SOURCE 1
| #define HAVE_DLFCN_H 1
| #define LT_OBJDIR ".libs/"
| /* end confdefs.h.  */
| /* Define db_open to an innocuous variant, in case <limits.h> declares db_open.
|    For example, HP-UX 11i <limits.h> declares gettimeofday.  */
| #define db_open innocuous_db_open
| 
| /* System header to define __stub macros and hopefully few prototypes,
|     which can conflict with char db_open (); below.
|     Prefer <limits.h> to <assert.h> if __STDC__ is defined, since
|     <limits.h> exists even on freestanding compilers.  */
| 
| #ifdef __STDC__
| # include <limits.h>
| #else
| # include <assert.h>
| #endif
| 
| #undef db_open
| 
| /* Override any GCC internal prototype to avoid an error.
|    Use char because int might match the return type of a GCC
|    builtin and then its argument prototype would still apply.  */
| #ifdef __cplusplus
| extern "C"
| #endif
| char db_open ();
| /* The GNU C library defines this for functions which it implements
|     to always fail with ENOSYS.  Some functions are actually named
|     something starting with __ and the normal name is an alias.  */
| #if defined __stub_db_open || defined __stub___db_open
| choke me
| #endif
| 
| int
| main ()
| {
| return db_open ();
|   ;
|   return 0;
| }
configure:16798: result: no
configure:16804: checking for db_env_create
configure:16860: gcc -o conftest -g -O2   conftest.c  >&5
/tmp/cc2Jrspj.o: In function `main':
/opt/qfd-0.1/sources/maildrop/bdbobj/conftest.c:54: undefined reference to `db_env_create'
collect2: ld returned 1 exit status
configure:16867: $? = 1
configure: failed program was:
| /* confdefs.h.  */
| #define STDC_HEADERS 1
| #define HAVE_SYS_TYPES_H 1
| #define HAVE_SYS_STAT_H 1
| #define HAVE_STDLIB_H 1
| #define HAVE_STRING_H 1
| #define HAVE_MEMORY_H 1
| #define HAVE_STRINGS_H 1
| #define HAVE_INTTYPES_H 1
| #define HAVE_STDINT_H 1
| #define HAVE_UNISTD_H 1
| #define __EXTENSIONS__ 1
| #define _ALL_SOURCE 1
| #define _GNU_SOURCE 1
| #define _POSIX_PTHREAD_SEMANTICS 1
| #define _TANDEM_SOURCE 1
| #define HAVE_DLFCN_H 1
| #define LT_OBJDIR ".libs/"
| /* end confdefs.h.  */
| /* Define db_env_create to an innocuous variant, in case <limits.h> declares db_env_create.
|    For example, HP-UX 11i <limits.h> declares gettimeofday.  */
| #define db_env_create innocuous_db_env_create
| 
| /* System header to define __stub macros and hopefully few prototypes,
|     which can conflict with char db_env_create (); below.
|     Prefer <limits.h> to <assert.h> if __STDC__ is defined, since
|     <limits.h> exists even on freestanding compilers.  */
| 
| #ifdef __STDC__
| # include <limits.h>
| #else
| # include <assert.h>
| #endif
| 
| #undef db_env_create
| 
| /* Override any GCC internal prototype to avoid an error.
|    Use char because int might match the return type of a GCC
|    builtin and then its argument prototype would still apply.  */
| #ifdef __cplusplus
| extern "C"
| #endif
| char db_env_create ();
| /* The GNU C library defines this for functions which it implements
|     to always fail with ENOSYS.  Some functions are actually named
|     something starting with __ and the normal name is an alias.  */
| #if defined __stub_db_env_create || defined __stub___db_env_create
| choke me
| #endif
| 
| int
| main ()
| {
| return db_env_create ();
|   ;
|   return 0;
| }
configure:16887: result: no
configure:16926: checking limits.h usability
configure:16943: gcc -c -g -O2  conftest.c >&5
configure:16950: $? = 0
configure:16964: result: yes
configure:16968: checking limits.h presence
configure:16983: gcc -E  conftest.c
configure:16990: $? = 0
configure:17004: result: yes
configure:17037: checking for limits.h
configure:17046: result: yes
configure:16926: checking fcntl.h usability
configure:16943: gcc -c -g -O2  conftest.c >&5
configure:16950: $? = 0
configure:16964: result: yes
configure:16968: checking fcntl.h presence
configure:16983: gcc -E  conftest.c
configure:16990: $? = 0
configure:17004: result: yes
configure:17037: checking for fcntl.h
configure:17046: result: yes
configure:16915: checking for unistd.h
configure:16922: result: yes
configure:17062: checking for an ANSI C-conforming const
configure:17137: gcc -c -g -O2  conftest.c >&5
configure:17144: $? = 0
configure:17159: result: yes
configure:17169: checking for size_t
configure:17197: gcc -c -g -O2  conftest.c >&5
configure:17204: $? = 0
configure:17231: gcc -c -g -O2  conftest.c >&5
conftest.c: In function 'main':
conftest.c:59: error: expected expression before ')' token
configure:17238: $? = 1
configure: failed program was:
| /* confdefs.h.  */
| #define STDC_HEADERS 1
| #define HAVE_SYS_TYPES_H 1
| #define HAVE_SYS_STAT_H 1
| #define HAVE_STDLIB_H 1
| #define HAVE_STRING_H 1
| #define HAVE_MEMORY_H 1
| #define HAVE_STRINGS_H 1
| #define HAVE_INTTYPES_H 1
| #define HAVE_STDINT_H 1
| #define HAVE_UNISTD_H 1
| #define __EXTENSIONS__ 1
| #define _ALL_SOURCE 1
| #define _GNU_SOURCE 1
| #define _POSIX_PTHREAD_SEMANTICS 1
| #define _TANDEM_SOURCE 1
| #define HAVE_DLFCN_H 1
| #define LT_OBJDIR ".libs/"
| #define HAVE_LIMITS_H 1
| #define HAVE_FCNTL_H 1
| #define HAVE_UNISTD_H 1
| /* end confdefs.h.  */
| #include <stdio.h>
| #ifdef HAVE_SYS_TYPES_H
| # include <sys/types.h>
| #endif
| #ifdef HAVE_SYS_STAT_H
| # include <sys/stat.h>
| #endif
| #ifdef STDC_HEADERS
| # include <stdlib.h>
| # include <stddef.h>
| #else
| # ifdef HAVE_STDLIB_H
| #  include <stdlib.h>
| # endif
| #endif
| #ifdef HAVE_STRING_H
| # if !defined STDC_HEADERS && defined HAVE_MEMORY_H
| #  include <memory.h>
| # endif
| # include <string.h>
| #endif
| #ifdef HAVE_STRINGS_H
| # include <strings.h>
| #endif
| #ifdef HAVE_INTTYPES_H
| # include <inttypes.h>
| #endif
| #ifdef HAVE_STDINT_H
| # include <stdint.h>
| #endif
| #ifdef HAVE_UNISTD_H
| # include <unistd.h>
| #endif
| int
| main ()
| {
| if (sizeof ((size_t)))
| 	  return 0;
|   ;
|   return 0;
| }
configure:17261: result: yes
configure:17280: checking if the C++ compiler needs -fhandle-exceptions
configure:17308: g++ -c -g -O2  conftest.cpp >&5
configure:17315: $? = 0
configure:17331: result: no
configure:17505: creating ./config.status

## ---------------------- ##
## Running config.status. ##
## ---------------------- ##

This file was extended by bdbobj config.status 0.10, which was
generated by GNU Autoconf 2.63.  Invocation command line was

  CONFIG_FILES    = 
  CONFIG_HEADERS  = 
  CONFIG_LINKS    = 
  CONFIG_COMMANDS = 
  $ ./config.status 

on loft2500.serverloft.com

config.status:1049: creating Makefile
config.status:1049: creating config.h
config.status:1323: executing depfiles commands
config.status:1323: executing libtool commands

## ---------------- ##
## Cache variables. ##
## ---------------- ##

ac_cv_build=i686-pc-linux-gnu
ac_cv_c_compiler_gnu=yes
ac_cv_c_const=yes
ac_cv_cxx_compiler_gnu=yes
ac_cv_env_CCC_set=
ac_cv_env_CCC_value=
ac_cv_env_CC_set=
ac_cv_env_CC_value=
ac_cv_env_CFLAGS_set=
ac_cv_env_CFLAGS_value=
ac_cv_env_CPPFLAGS_set=
ac_cv_env_CPPFLAGS_value=
ac_cv_env_CPP_set=
ac_cv_env_CPP_value=
ac_cv_env_CXXCPP_set=
ac_cv_env_CXXCPP_value=
ac_cv_env_CXXFLAGS_set=
ac_cv_env_CXXFLAGS_value=
ac_cv_env_CXX_set=
ac_cv_env_CXX_value=
ac_cv_env_LDFLAGS_set=
ac_cv_env_LDFLAGS_value=
ac_cv_env_LIBS_set=
ac_cv_env_LIBS_value=
ac_cv_env_build_alias_set=
ac_cv_env_build_alias_value=
ac_cv_env_host_alias_set=
ac_cv_env_host_alias_value=
ac_cv_env_target_alias_set=
ac_cv_env_target_alias_value=
ac_cv_func_db_env_create=no
ac_cv_func_db_open=no
ac_cv_func_dbopen=no
ac_cv_header_dlfcn_h=yes
ac_cv_header_fcntl_h=yes
ac_cv_header_inttypes_h=yes
ac_cv_header_limits_h=yes
ac_cv_header_memory_h=yes
ac_cv_header_minix_config_h=no
ac_cv_header_stdc=yes
ac_cv_header_stdint_h=yes
ac_cv_header_stdlib_h=yes
ac_cv_header_string_h=yes
ac_cv_header_strings_h=yes
ac_cv_header_sys_stat_h=yes
ac_cv_header_sys_types_h=yes
ac_cv_header_unistd_h=yes
ac_cv_host=i686-pc-linux-gnu
ac_cv_lib_db_db_env_create=no
ac_cv_lib_db_db_open=no
ac_cv_lib_db_dbopen=no
ac_cv_need_handlexceptions=no
ac_cv_objext=o
ac_cv_path_EGREP='/bin/grep -E'
ac_cv_path_FGREP='/bin/grep -F'
ac_cv_path_GREP=/bin/grep
ac_cv_path_SED=/bin/sed
ac_cv_path_install='/usr/bin/install -c'
ac_cv_path_mkdir=/bin/mkdir
ac_cv_prog_AWK=gawk
ac_cv_prog_CPP='gcc -E'
ac_cv_prog_CXXCPP='g++ -E'
ac_cv_prog_ac_ct_AR=ar
ac_cv_prog_ac_ct_CC=gcc
ac_cv_prog_ac_ct_CXX=g++
ac_cv_prog_ac_ct_OBJDUMP=objdump
ac_cv_prog_ac_ct_RANLIB=ranlib
ac_cv_prog_ac_ct_STRIP=strip
ac_cv_prog_cc_c89=
ac_cv_prog_cc_g=yes
ac_cv_prog_cxx_g=yes
ac_cv_prog_make_make_set=yes
ac_cv_safe_to_define___extensions__=yes
ac_cv_search_strerror='none required'
ac_cv_type_size_t=yes
am_cv_CC_dependencies_compiler_type=gcc3
am_cv_CXX_dependencies_compiler_type=gcc3
lt_cv_deplibs_check_method=pass_all
lt_cv_file_magic_cmd='$MAGIC_CMD'
lt_cv_file_magic_test_file=
lt_cv_ld_reload_flag=-r
lt_cv_nm_interface='BSD nm'
lt_cv_objdir=.libs
lt_cv_path_LD=/usr/bin/ld
lt_cv_path_LDCXX=/usr/bin/ld
lt_cv_path_NM='/usr/bin/nm -B'
lt_cv_prog_compiler_c_o=yes
lt_cv_prog_compiler_c_o_CXX=yes
lt_cv_prog_compiler_pic_works=yes
lt_cv_prog_compiler_pic_works_CXX=yes
lt_cv_prog_compiler_rtti_exceptions=no
lt_cv_prog_compiler_static_works=yes
lt_cv_prog_compiler_static_works_CXX=yes
lt_cv_prog_gnu_ld=yes
lt_cv_prog_gnu_ldcxx=yes
lt_cv_sys_global_symbol_pipe='sed -n -e '\''s/^.*[	 ]\([ABCDGIRSTW][ABCDGIRSTW]*\)[	 ][	 ]*\([_A-Za-z][_A-Za-z0-9]*\)$/\1 \2 \2/p'\'''
lt_cv_sys_global_symbol_to_c_name_address='sed -n -e '\''s/^: \([^ ]*\) $/  {\"\1\", (void *) 0},/p'\'' -e '\''s/^[ABCDGIRSTW]* \([^ ]*\) \([^ ]*\)$/  {"\2", (void *) \&\2},/p'\'''
lt_cv_sys_global_symbol_to_c_name_address_lib_prefix='sed -n -e '\''s/^: \([^ ]*\) $/  {\"\1\", (void *) 0},/p'\'' -e '\''s/^[ABCDGIRSTW]* \([^ ]*\) \(lib[^ ]*\)$/  {"\2", (void *) \&\2},/p'\'' -e '\''s/^[ABCDGIRSTW]* \([^ ]*\) \([^ ]*\)$/  {"lib\2", (void *) \&\2},/p'\'''
lt_cv_sys_global_symbol_to_cdecl='sed -n -e '\''s/^T .* \(.*\)$/extern int \1();/p'\'' -e '\''s/^[ABCDGIRSTW]* .* \(.*\)$/extern char \1;/p'\'''
lt_cv_sys_max_cmd_len=98304

## ----------------- ##
## Output variables. ##
## ----------------- ##

ACLOCAL='${SHELL} /opt/qfd-0.1/sources/maildrop/missing --run aclocal-1.11'
AMDEPBACKSLASH='\'
AMDEP_FALSE='#'
AMDEP_TRUE=''
AMTAR='${SHELL} /opt/qfd-0.1/sources/maildrop/missing --run tar'
AR='ar'
AUTOCONF='${SHELL} /opt/qfd-0.1/sources/maildrop/missing --run autoconf'
AUTOHEADER='${SHELL} /opt/qfd-0.1/sources/maildrop/missing --run autoheader'
AUTOMAKE='${SHELL} /opt/qfd-0.1/sources/maildrop/missing --run automake-1.11'
AWK='gawk'
CC='gcc'
CCDEPMODE='depmode=gcc3'
CFLAGS='-Wall -g -O2'
CPP='gcc -E'
CPPFLAGS=''
CXX='g++'
CXXCPP='g++ -E'
CXXDEPMODE='depmode=gcc3'
CXXFLAGS='-g -O2'
CYGPATH_W='echo'
DEFS='-DHAVE_CONFIG_H'
DEPDIR='.deps'
DSYMUTIL=''
DUMPBIN=''
ECHO_C=''
ECHO_N='-n'
ECHO_T=''
EGREP='/bin/grep -E'
EXEEXT=''
FGREP='/bin/grep -F'
FOUND_DB_FALSE=''
FOUND_DB_TRUE='#'
GREP='/bin/grep'
INSTALL_DATA='${INSTALL} -m 644'
INSTALL_PROGRAM='${INSTALL}'
INSTALL_SCRIPT='${INSTALL}'
INSTALL_STRIP_PROGRAM='$(install_sh) -c -s'
LD='/usr/bin/ld'
LDFLAGS=''
LIBDB=''
LIBOBJS=''
LIBS=''
LIBTOOL='$(SHELL) $(top_builddir)/libtool'
LIPO=''
LN_S='ln -s'
LTLIBOBJS=''
MAKEINFO='${SHELL} /opt/qfd-0.1/sources/maildrop/missing --run makeinfo'
MKDIR_P='/bin/mkdir -p'
NM='/usr/bin/nm -B'
NMEDIT=''
OBJDUMP='objdump'
OBJEXT='o'
OTOOL64=''
OTOOL=''
PACKAGE='bdbobj'
PACKAGE_BUGREPORT='courier-users@lists.sourceforge.net'
PACKAGE_NAME='bdbobj'
PACKAGE_STRING='bdbobj 0.10'
PACKAGE_TARNAME='bdbobj'
PACKAGE_VERSION='0.10'
PATH_SEPARATOR=':'
RANLIB='ranlib'
SED='/bin/sed'
SET_MAKE=''
SHELL='/bin/bash'
STRIP='strip'
VERSION='0.10'
ac_ct_CC='gcc'
ac_ct_CXX='g++'
ac_ct_DUMPBIN=''
am__EXEEXT_FALSE=''
am__EXEEXT_TRUE='#'
am__fastdepCC_FALSE='#'
am__fastdepCC_TRUE=''
am__fastdepCXX_FALSE='#'
am__fastdepCXX_TRUE=''
am__include='include'
am__isrc=''
am__leading_dot='.'
am__quote=''
am__tar='${AMTAR} chof - "$$tardir"'
am__untar='${AMTAR} xf -'
bindir='${exec_prefix}/bin'
build='i686-pc-linux-gnu'
build_alias=''
build_cpu='i686'
build_os='linux-gnu'
build_vendor='pc'
datadir='${datarootdir}'
datarootdir='${prefix}/share'
docdir='${datarootdir}/doc/${PACKAGE_TARNAME}'
dvidir='${docdir}'
exec_prefix='/usr/local'
host='i686-pc-linux-gnu'
host_alias=''
host_cpu='i686'
host_os='linux-gnu'
host_vendor='pc'
htmldir='${docdir}'
includedir='${prefix}/include'
infodir='${datarootdir}/info'
install_sh='${SHELL} /opt/qfd-0.1/sources/maildrop/install-sh'
libdir='${exec_prefix}/lib'
libexecdir='${exec_prefix}/libexec'
localedir='${datarootdir}/locale'
localstatedir='${prefix}/var'
lt_ECHO='echo'
mandir='${datarootdir}/man'
mkdir_p='/bin/mkdir -p'
oldincludedir='/usr/include'
pdfdir='${docdir}'
prefix='/usr/local'
program_transform_name='s,x,x,'
psdir='${docdir}'
sbindir='${exec_prefix}/sbin'
sharedstatedir='${prefix}/com'
sysconfdir='${prefix}/etc'
target_alias=''

## ----------- ##
## confdefs.h. ##
## ----------- ##

#define STDC_HEADERS 1
#define HAVE_SYS_TYPES_H 1
#define HAVE_SYS_STAT_H 1
#define HAVE_STDLIB_H 1
#define HAVE_STRING_H 1
#define HAVE_MEMORY_H 1
#define HAVE_STRINGS_H 1
#define HAVE_INTTYPES_H 1
#define HAVE_STDINT_H 1
#define HAVE_UNISTD_H 1
#define __EXTENSIONS__ 1
#define _ALL_SOURCE 1
#define _GNU_SOURCE 1
#define _POSIX_PTHREAD_SEMANTICS 1
#define _TANDEM_SOURCE 1
#define HAVE_DLFCN_H 1
#define LT_OBJDIR ".libs/"
#define HAVE_LIMITS_H 1
#define HAVE_FCNTL_H 1
#define HAVE_UNISTD_H 1

configure: exit 0
