This file contains any messages produced by compilers while
running configure, to aid debugging if configure makes a mistake.

It was created by maildrop configure 2.1.0, which was
generated by GNU Autoconf 2.63.  Invocation command line was

  $ ./configure --disable-option-checking --prefix=/usr/local --with-db=gdbm --exec-prefix=/usr/local --enable-maildrop-uid=root --enable-maildrop-gid=vchkpw --enable-maildirquota --cache-file=/dev/null --srcdir=.

## --------- ##
## Platform. ##
## --------- ##

hostname = loft2500.serverloft.com
uname -m = i686
uname -r = 2.6.24-26-generic
uname -s = Linux
uname -v = #1 SMP Tue Dec 1 18:37:31 UTC 2009

/usr/bin/uname -p = unknown
/bin/uname -X     = unknown

/bin/arch              = unknown
/usr/bin/arch -k       = unknown
/usr/convex/getsysinfo = unknown
/usr/bin/hostinfo      = unknown
/bin/machine           = unknown
/usr/bin/oslevel       = unknown
/bin/universe          = unknown

PATH: /usr/local/sbin
PATH: /usr/local/bin
PATH: /usr/sbin
PATH: /usr/bin
PATH: /sbin
PATH: /bin
PATH: /usr/games


## ----------- ##
## Core tests. ##
## ----------- ##

configure:2168: checking for a BSD-compatible install
configure:2236: result: /usr/bin/install -c
configure:2247: checking whether build environment is sane
configure:2307: result: yes
configure:2448: checking for a thread-safe mkdir -p
configure:2487: result: /bin/mkdir -p
configure:2500: checking for gawk
configure:2516: found /usr/bin/gawk
configure:2527: result: gawk
configure:2538: checking whether make sets $(MAKE)
configure:2560: result: yes
configure:2634: checking whether make sets $(MAKE)
configure:2656: result: yes
configure:2680: checking for style of include used by make
configure:2708: result: GNU
configure:2778: checking for gcc
configure:2794: found /usr/bin/gcc
configure:2805: result: gcc
configure:3037: checking for C compiler version
configure:3045: gcc --version >&5
gcc (GCC) 4.2.4 (Ubuntu 4.2.4-1ubuntu4)
Copyright (C) 2007 Free Software Foundation, Inc.
This is free software; see the source for copying conditions.  There is NO
warranty; not even for MERCHANTABILITY or FITNESS FOR A PARTICULAR PURPOSE.

configure:3049: $? = 0
configure:3056: gcc -v >&5
Using built-in specs.
Target: i486-linux-gnu
Configured with: ../src/configure -v --enable-languages=c,c++,fortran,objc,obj-c++,treelang --prefix=/usr --enable-shared --with-system-zlib --libexecdir=/usr/lib --without-included-gettext --enable-threads=posix --enable-nls --with-gxx-include-dir=/usr/include/c++/4.2 --program-suffix=-4.2 --enable-clocale=gnu --enable-libstdcxx-debug --enable-objc-gc --enable-mpfr --enable-targets=all --enable-checking=release --build=i486-linux-gnu --host=i486-linux-gnu --target=i486-linux-gnu
Thread model: posix
gcc version 4.2.4 (Ubuntu 4.2.4-1ubuntu4)
configure:3060: $? = 0
configure:3067: gcc -V >&5
gcc: '-V' option must have argument
configure:3071: $? = 1
configure:3094: checking for C compiler default output file name
configure:3116: gcc    conftest.c  >&5
configure:3120: $? = 0
configure:3158: result: a.out
configure:3177: checking whether the C compiler works
configure:3187: ./a.out
configure:3191: $? = 0
configure:3210: result: yes
configure:3217: checking whether we are cross compiling
configure:3219: result: no
configure:3222: checking for suffix of executables
configure:3229: gcc -o conftest    conftest.c  >&5
configure:3233: $? = 0
configure:3259: result: 
configure:3265: checking for suffix of object files
configure:3291: gcc -c   conftest.c >&5
configure:3295: $? = 0
configure:3320: result: o
configure:3324: checking whether we are using the GNU C compiler
configure:3353: gcc -c   conftest.c >&5
configure:3360: $? = 0
configure:3377: result: yes
configure:3386: checking whether gcc accepts -g
configure:3416: gcc -c -g  conftest.c >&5
configure:3423: $? = 0
configure:3524: result: yes
configure:3541: checking for gcc option to accept ISO C89
configure:3615: gcc  -c -g -O2  conftest.c >&5
configure:3622: $? = 0
configure:3645: result: none needed
configure:3665: checking dependency style of gcc
configure:3775: result: gcc3
configure:3796: checking how to run the C preprocessor
configure:3836: gcc -E  conftest.c
configure:3843: $? = 0
configure:3874: gcc -E  conftest.c
conftest.c:3:28: error: ac_nonexistent.h: No such file or directory
configure:3881: $? = 1
configure: failed program was:
| /* confdefs.h.  */
| /* end confdefs.h.  */
| #include <ac_nonexistent.h>
configure:3914: result: gcc -E
configure:3943: gcc -E  conftest.c
configure:3950: $? = 0
configure:3981: gcc -E  conftest.c
conftest.c:3:28: error: ac_nonexistent.h: No such file or directory
configure:3988: $? = 1
configure: failed program was:
| /* confdefs.h.  */
| /* end confdefs.h.  */
| #include <ac_nonexistent.h>
configure:4028: checking for grep that handles long lines and -e
configure:4088: result: /bin/grep
configure:4093: checking for egrep
configure:4157: result: /bin/grep -E
configure:4162: checking for ANSI C header files
configure:4192: gcc -c -g -O2  conftest.c >&5
configure:4199: $? = 0
configure:4298: gcc -o conftest -g -O2   conftest.c  >&5
configure:4302: $? = 0
configure:4308: ./conftest
configure:4312: $? = 0
configure:4330: result: yes
configure:4354: checking for sys/types.h
configure:4375: gcc -c -g -O2  conftest.c >&5
configure:4382: $? = 0
configure:4399: result: yes
configure:4354: checking for sys/stat.h
configure:4375: gcc -c -g -O2  conftest.c >&5
configure:4382: $? = 0
configure:4399: result: yes
configure:4354: checking for stdlib.h
configure:4375: gcc -c -g -O2  conftest.c >&5
configure:4382: $? = 0
configure:4399: result: yes
configure:4354: checking for string.h
configure:4375: gcc -c -g -O2  conftest.c >&5
configure:4382: $? = 0
configure:4399: result: yes
configure:4354: checking for memory.h
configure:4375: gcc -c -g -O2  conftest.c >&5
configure:4382: $? = 0
configure:4399: result: yes
configure:4354: checking for strings.h
configure:4375: gcc -c -g -O2  conftest.c >&5
configure:4382: $? = 0
configure:4399: result: yes
configure:4354: checking for inttypes.h
configure:4375: gcc -c -g -O2  conftest.c >&5
configure:4382: $? = 0
configure:4399: result: yes
configure:4354: checking for stdint.h
configure:4375: gcc -c -g -O2  conftest.c >&5
configure:4382: $? = 0
configure:4399: result: yes
configure:4354: checking for unistd.h
configure:4375: gcc -c -g -O2  conftest.c >&5
configure:4382: $? = 0
configure:4399: result: yes
configure:4424: checking minix/config.h usability
configure:4441: gcc -c -g -O2  conftest.c >&5
conftest.c:46:26: error: minix/config.h: No such file or directory
configure:4448: $? = 1
configure: failed program was:
| /* confdefs.h.  */
| #define STDC_HEADERS 1
| #define HAVE_SYS_TYPES_H 1
| #define HAVE_SYS_STAT_H 1
| #define HAVE_STDLIB_H 1
| #define HAVE_STRING_H 1
| #define HAVE_MEMORY_H 1
| #define HAVE_STRINGS_H 1
| #define HAVE_INTTYPES_H 1
| #define HAVE_STDINT_H 1
| #define HAVE_UNISTD_H 1
| /* end confdefs.h.  */
| #include <stdio.h>
| #ifdef HAVE_SYS_TYPES_H
| # include <sys/types.h>
| #endif
| #ifdef HAVE_SYS_STAT_H
| # include <sys/stat.h>
| #endif
| #ifdef STDC_HEADERS
| # include <stdlib.h>
| # include <stddef.h>
| #else
| # ifdef HAVE_STDLIB_H
| #  include <stdlib.h>
| # endif
| #endif
| #ifdef HAVE_STRING_H
| # if !defined STDC_HEADERS && defined HAVE_MEMORY_H
| #  include <memory.h>
| # endif
| # include <string.h>
| #endif
| #ifdef HAVE_STRINGS_H
| # include <strings.h>
| #endif
| #ifdef HAVE_INTTYPES_H
| # include <inttypes.h>
| #endif
| #ifdef HAVE_STDINT_H
| # include <stdint.h>
| #endif
| #ifdef HAVE_UNISTD_H
| # include <unistd.h>
| #endif
| #include <minix/config.h>
configure:4462: result: no
configure:4466: checking minix/config.h presence
configure:4481: gcc -E  conftest.c
conftest.c:13:26: error: minix/config.h: No such file or directory
configure:4488: $? = 1
configure: failed program was:
| /* confdefs.h.  */
| #define STDC_HEADERS 1
| #define HAVE_SYS_TYPES_H 1
| #define HAVE_SYS_STAT_H 1
| #define HAVE_STDLIB_H 1
| #define HAVE_STRING_H 1
| #define HAVE_MEMORY_H 1
| #define HAVE_STRINGS_H 1
| #define HAVE_INTTYPES_H 1
| #define HAVE_STDINT_H 1
| #define HAVE_UNISTD_H 1
| /* end confdefs.h.  */
| #include <minix/config.h>
configure:4502: result: no
configure:4535: checking for minix/config.h
configure:4542: result: no
configure:4573: checking whether it is safe to define __EXTENSIONS__
configure:4601: gcc -c -g -O2  conftest.c >&5
configure:4608: $? = 0
configure:4623: result: yes
configure:4695: checking for gcc
configure:4722: result: gcc
configure:4954: checking for C compiler version
configure:4962: gcc --version >&5
gcc (GCC) 4.2.4 (Ubuntu 4.2.4-1ubuntu4)
Copyright (C) 2007 Free Software Foundation, Inc.
This is free software; see the source for copying conditions.  There is NO
warranty; not even for MERCHANTABILITY or FITNESS FOR A PARTICULAR PURPOSE.

configure:4966: $? = 0
configure:4973: gcc -v >&5
Using built-in specs.
Target: i486-linux-gnu
Configured with: ../src/configure -v --enable-languages=c,c++,fortran,objc,obj-c++,treelang --prefix=/usr --enable-shared --with-system-zlib --libexecdir=/usr/lib --without-included-gettext --enable-threads=posix --enable-nls --with-gxx-include-dir=/usr/include/c++/4.2 --program-suffix=-4.2 --enable-clocale=gnu --enable-libstdcxx-debug --enable-objc-gc --enable-mpfr --enable-targets=all --enable-checking=release --build=i486-linux-gnu --host=i486-linux-gnu --target=i486-linux-gnu
Thread model: posix
gcc version 4.2.4 (Ubuntu 4.2.4-1ubuntu4)
configure:4977: $? = 0
configure:4984: gcc -V >&5
gcc: '-V' option must have argument
configure:4988: $? = 1
configure:4991: checking whether we are using the GNU C compiler
configure:5044: result: yes
configure:5053: checking whether gcc accepts -g
configure:5191: result: yes
configure:5208: checking for gcc option to accept ISO C89
configure:5312: result: none needed
configure:5332: checking dependency style of gcc
configure:5442: result: gcc3
configure:5461: checking for gawk
configure:5488: result: gawk
configure:5499: checking whether ln -s works
configure:5503: result: yes
configure:5568: checking for g++
configure:5584: found /usr/bin/g++
configure:5595: result: g++
configure:5622: checking for C++ compiler version
configure:5630: g++ --version >&5
g++ (GCC) 4.2.4 (Ubuntu 4.2.4-1ubuntu4)
Copyright (C) 2007 Free Software Foundation, Inc.
This is free software; see the source for copying conditions.  There is NO
warranty; not even for MERCHANTABILITY or FITNESS FOR A PARTICULAR PURPOSE.

configure:5634: $? = 0
configure:5641: g++ -v >&5
Using built-in specs.
Target: i486-linux-gnu
Configured with: ../src/configure -v --enable-languages=c,c++,fortran,objc,obj-c++,treelang --prefix=/usr --enable-shared --with-system-zlib --libexecdir=/usr/lib --without-included-gettext --enable-threads=posix --enable-nls --with-gxx-include-dir=/usr/include/c++/4.2 --program-suffix=-4.2 --enable-clocale=gnu --enable-libstdcxx-debug --enable-objc-gc --enable-mpfr --enable-targets=all --enable-checking=release --build=i486-linux-gnu --host=i486-linux-gnu --target=i486-linux-gnu
Thread model: posix
gcc version 4.2.4 (Ubuntu 4.2.4-1ubuntu4)
configure:5645: $? = 0
configure:5652: g++ -V >&5
g++: '-V' option must have argument
configure:5656: $? = 1
configure:5659: checking whether we are using the GNU C++ compiler
configure:5688: g++ -c   conftest.cpp >&5
configure:5695: $? = 0
configure:5712: result: yes
configure:5721: checking whether g++ accepts -g
configure:5751: g++ -c -g  conftest.cpp >&5
configure:5758: $? = 0
configure:5859: result: yes
configure:5884: checking dependency style of g++
configure:5994: result: gcc3
configure:6040: checking build system type
configure:6058: result: i686-pc-linux-gnu
configure:6080: checking host system type
configure:6095: result: i686-pc-linux-gnu
configure:6117: checking for a sed that does not truncate output
configure:6183: result: /bin/sed
configure:6201: checking for fgrep
configure:6265: result: /bin/grep -F
configure:6300: checking for ld used by gcc
configure:6367: result: /usr/bin/ld
configure:6376: checking if the linker (/usr/bin/ld) is GNU ld
configure:6391: result: yes
configure:6403: checking for BSD- or MS-compatible name lister (nm)
configure:6452: result: /usr/bin/nm -B
configure:6570: checking the name lister (/usr/bin/nm -B) interface
configure:6577: gcc -c -g -O2  conftest.c >&5
configure:6580: /usr/bin/nm -B "conftest.o"
configure:6583: output
00000000 B some_variable
configure:6590: result: BSD nm
configure:6594: checking the maximum length of command line arguments
configure:6714: result: 98304
configure:6731: checking whether the shell understands some XSI constructs
configure:6741: result: yes
configure:6745: checking whether the shell understands "+="
configure:6751: result: yes
configure:6786: checking for /usr/bin/ld option to reload object files
configure:6793: result: -r
configure:6862: checking for objdump
configure:6878: found /usr/bin/objdump
configure:6889: result: objdump
configure:6921: checking how to recognize dependent libraries
configure:7117: result: pass_all
configure:7177: checking for ar
configure:7193: found /usr/bin/ar
configure:7204: result: ar
configure:7282: checking for strip
configure:7298: found /usr/bin/strip
configure:7309: result: strip
configure:7381: checking for ranlib
configure:7397: found /usr/bin/ranlib
configure:7408: result: ranlib
configure:7498: checking command to parse /usr/bin/nm -B output from gcc object
configure:7616: gcc -c -g -O2  conftest.c >&5
configure:7619: $? = 0
configure:7623: /usr/bin/nm -B conftest.o \| sed -n -e 's/^.*[	 ]\([ABCDGIRSTW][ABCDGIRSTW]*\)[	 ][	 ]*\([_A-Za-z][_A-Za-z0-9]*\)$/\1 \2 \2/p' \> conftest.nm
configure:7626: $? = 0
configure:7680: gcc -o conftest -g -O2   conftest.c conftstm.o >&5
configure:7683: $? = 0
configure:7721: result: ok
configure:8586: checking for dlfcn.h
configure:8607: gcc -c -g -O2  conftest.c >&5
configure:8614: $? = 0
configure:8631: result: yes
configure:8758: checking for C++ compiler version
configure:8766: g++ --version >&5
g++ (GCC) 4.2.4 (Ubuntu 4.2.4-1ubuntu4)
Copyright (C) 2007 Free Software Foundation, Inc.
This is free software; see the source for copying conditions.  There is NO
warranty; not even for MERCHANTABILITY or FITNESS FOR A PARTICULAR PURPOSE.

configure:8770: $? = 0
configure:8777: g++ -v >&5
Using built-in specs.
Target: i486-linux-gnu
Configured with: ../src/configure -v --enable-languages=c,c++,fortran,objc,obj-c++,treelang --prefix=/usr --enable-shared --with-system-zlib --libexecdir=/usr/lib --without-included-gettext --enable-threads=posix --enable-nls --with-gxx-include-dir=/usr/include/c++/4.2 --program-suffix=-4.2 --enable-clocale=gnu --enable-libstdcxx-debug --enable-objc-gc --enable-mpfr --enable-targets=all --enable-checking=release --build=i486-linux-gnu --host=i486-linux-gnu --target=i486-linux-gnu
Thread model: posix
gcc version 4.2.4 (Ubuntu 4.2.4-1ubuntu4)
configure:8781: $? = 0
configure:8788: g++ -V >&5
g++: '-V' option must have argument
configure:8792: $? = 1
configure:8795: checking whether we are using the GNU C++ compiler
configure:8848: result: yes
configure:8857: checking whether g++ accepts -g
configure:8995: result: yes
configure:9020: checking dependency style of g++
configure:9130: result: gcc3
configure:9153: checking how to run the C++ preprocessor
configure:9189: g++ -E  conftest.cpp
configure:9196: $? = 0
configure:9227: g++ -E  conftest.cpp
conftest.cpp:19:28: error: ac_nonexistent.h: No such file or directory
configure:9234: $? = 1
configure: failed program was:
| /* confdefs.h.  */
| #define STDC_HEADERS 1
| #define HAVE_SYS_TYPES_H 1
| #define HAVE_SYS_STAT_H 1
| #define HAVE_STDLIB_H 1
| #define HAVE_STRING_H 1
| #define HAVE_MEMORY_H 1
| #define HAVE_STRINGS_H 1
| #define HAVE_INTTYPES_H 1
| #define HAVE_STDINT_H 1
| #define HAVE_UNISTD_H 1
| #define __EXTENSIONS__ 1
| #define _ALL_SOURCE 1
| #define _GNU_SOURCE 1
| #define _POSIX_PTHREAD_SEMANTICS 1
| #define _TANDEM_SOURCE 1
| #define HAVE_DLFCN_H 1
| /* end confdefs.h.  */
| #include <ac_nonexistent.h>
configure:9267: result: g++ -E
configure:9296: g++ -E  conftest.cpp
configure:9303: $? = 0
configure:9334: g++ -E  conftest.cpp
conftest.cpp:19:28: error: ac_nonexistent.h: No such file or directory
configure:9341: $? = 1
configure: failed program was:
| /* confdefs.h.  */
| #define STDC_HEADERS 1
| #define HAVE_SYS_TYPES_H 1
| #define HAVE_SYS_STAT_H 1
| #define HAVE_STDLIB_H 1
| #define HAVE_STRING_H 1
| #define HAVE_MEMORY_H 1
| #define HAVE_STRINGS_H 1
| #define HAVE_INTTYPES_H 1
| #define HAVE_STDINT_H 1
| #define HAVE_UNISTD_H 1
| #define __EXTENSIONS__ 1
| #define _ALL_SOURCE 1
| #define _GNU_SOURCE 1
| #define _POSIX_PTHREAD_SEMANTICS 1
| #define _TANDEM_SOURCE 1
| #define HAVE_DLFCN_H 1
| /* end confdefs.h.  */
| #include <ac_nonexistent.h>
configure:9555: checking for objdir
configure:9570: result: .libs
configure:9862: checking if gcc supports -fno-rtti -fno-exceptions
configure:9880: gcc -c -g -O2  -fno-rtti -fno-exceptions conftest.c >&5
cc1: warning: command line option "-fno-rtti" is valid for C++/ObjC++ but not for C
configure:9884: $? = 0
configure:9897: result: no
configure:9917: checking for gcc option to produce PIC
configure:10189: result: -fPIC -DPIC
configure:10201: checking if gcc PIC flag -fPIC -DPIC works
configure:10219: gcc -c -g -O2  -fPIC -DPIC -DPIC conftest.c >&5
configure:10223: $? = 0
configure:10236: result: yes
configure:10260: checking if gcc static flag -static works
configure:10288: result: yes
configure:10303: checking if gcc supports -c -o file.o
configure:10324: gcc -c -g -O2  -o out/conftest2.o conftest.c >&5
configure:10328: $? = 0
configure:10350: result: yes
configure:10358: checking if gcc supports -c -o file.o
configure:10405: result: yes
configure:10438: checking whether the gcc linker (/usr/bin/ld) supports shared libraries
configure:11512: result: yes
configure:11549: checking whether -lc should be explicitly linked in
configure:11554: gcc -c -g -O2  conftest.c >&5
configure:11557: $? = 0
configure:11572: gcc -shared conftest.o  -v -Wl,-soname -Wl,conftest -o conftest 2\>\&1 \| /bin/grep  -lc  \>/dev/null 2\>\&1
configure:11575: $? = 0
configure:11587: result: no
configure:11751: checking dynamic linker characteristics
configure:12194: gcc -o conftest -g -O2   -Wl,-rpath -Wl,/foo conftest.c  >&5
configure:12201: $? = 0
configure:12437: result: GNU/Linux ld.so
configure:12539: checking how to hardcode library paths into programs
configure:12564: result: immediate
configure:13397: checking whether stripping libraries is possible
configure:13402: result: yes
configure:13437: checking if libtool supports shared libraries
configure:13439: result: yes
configure:13442: checking whether to build shared libraries
configure:13463: result: yes
configure:13466: checking whether to build static libraries
configure:13470: result: yes
configure:13620: checking for ld used by g++
configure:13687: result: /usr/bin/ld
configure:13696: checking if the linker (/usr/bin/ld) is GNU ld
configure:13711: result: yes
configure:13766: checking whether the g++ linker (/usr/bin/ld) supports shared libraries
configure:14741: result: yes
configure:14769: g++ -c -g -O2  conftest.cpp >&5
configure:14772: $? = 0
configure:14954: checking for g++ option to produce PIC
configure:15271: result: -fPIC -DPIC
configure:15280: checking if g++ PIC flag -fPIC -DPIC works
configure:15298: g++ -c -g -O2  -fPIC -DPIC -DPIC conftest.cpp >&5
configure:15302: $? = 0
configure:15315: result: yes
configure:15336: checking if g++ static flag -static works
configure:15364: result: yes
configure:15376: checking if g++ supports -c -o file.o
configure:15397: g++ -c -g -O2  -o out/conftest2.o conftest.cpp >&5
configure:15401: $? = 0
configure:15423: result: yes
configure:15428: checking if g++ supports -c -o file.o
configure:15475: result: yes
configure:15505: checking whether the g++ linker (/usr/bin/ld) supports shared libraries
configure:15531: result: yes
configure:15668: checking dynamic linker characteristics
configure:16059: g++ -o conftest -g -O2   -Wl,-rpath -Wl,/foo conftest.cpp  >&5
configure:16066: $? = 0
configure:16302: result: GNU/Linux ld.so
configure:16353: checking how to hardcode library paths into programs
configure:16378: result: immediate
configure:16441: checking for perl5
configure:16474: result: no
configure:16441: checking for perl
configure:16459: found /usr/bin/perl
configure:16471: result: /usr/bin/perl
configure:16490: checking for -fhandle-exceptions flag to g++
configure:16530: g++ -c -g -O2  conftest.cpp >&5
configure:16537: $? = 0
configure:16563: result: no
configure:16571: checking ability to handle both const and non-const exceptions
configure:16629: g++ -c -g -O2  conftest.cpp >&5
configure:16636: $? = 0
configure:16652: result: yes
configure:16673: checking for getpwnam in -lsun
configure:16708: gcc -o conftest -g -O2   conftest.c -lsun   >&5
/usr/bin/ld: cannot find -lsun
collect2: ld returned 1 exit status
configure:16715: $? = 1
configure: failed program was:
| /* confdefs.h.  */
| #define STDC_HEADERS 1
| #define HAVE_SYS_TYPES_H 1
| #define HAVE_SYS_STAT_H 1
| #define HAVE_STDLIB_H 1
| #define HAVE_STRING_H 1
| #define HAVE_MEMORY_H 1
| #define HAVE_STRINGS_H 1
| #define HAVE_INTTYPES_H 1
| #define HAVE_STDINT_H 1
| #define HAVE_UNISTD_H 1
| #define __EXTENSIONS__ 1
| #define _ALL_SOURCE 1
| #define _GNU_SOURCE 1
| #define _POSIX_PTHREAD_SEMANTICS 1
| #define _TANDEM_SOURCE 1
| #define HAVE_DLFCN_H 1
| #define LT_OBJDIR ".libs/"
| #define NEED_NONCONST_EXCEPTIONS 1
| /* end confdefs.h.  */
| 
| /* Override any GCC internal prototype to avoid an error.
|    Use char because int might match the return type of a GCC
|    builtin and then its argument prototype would still apply.  */
| #ifdef __cplusplus
| extern "C"
| #endif
| char getpwnam ();
| int
| main ()
| {
| return getpwnam ();
|   ;
|   return 0;
| }
configure:16736: result: no
configure:16776: checking for courierauthconfig
configure:16809: result: no
configure:16864: checking for ANSI C header files
configure:17032: result: yes
configure:17042: checking for sys/wait.h that is POSIX.1 compatible
configure:17078: gcc -c -g -O2  conftest.c >&5
configure:17085: $? = 0
configure:17100: result: yes
configure:17110: checking whether time.h and sys/time.h may both be included
configure:17140: gcc -c -g -O2  conftest.c >&5
configure:17147: $? = 0
configure:17162: result: yes
configure:17180: checking for dirent.h that defines DIR
configure:17209: gcc -c -g -O2  conftest.c >&5
configure:17216: $? = 0
configure:17233: result: yes
configure:17248: checking for library containing opendir
configure:17289: gcc -o conftest -g -O2   conftest.c  >&5
configure:17296: $? = 0
configure:17327: result: none required
configure:17450: checking fcntl.h usability
configure:17467: gcc -c -g -O2  conftest.c >&5
configure:17474: $? = 0
configure:17488: result: yes
configure:17492: checking fcntl.h presence
configure:17507: gcc -E  conftest.c
configure:17514: $? = 0
configure:17528: result: yes
configure:17561: checking for fcntl.h
configure:17570: result: yes
configure:17439: checking for memory.h
configure:17446: result: yes
configure:17450: checking sys/file.h usability
configure:17467: gcc -c -g -O2  conftest.c >&5
configure:17474: $? = 0
configure:17488: result: yes
configure:17492: checking sys/file.h presence
configure:17507: gcc -E  conftest.c
configure:17514: $? = 0
configure:17528: result: yes
configure:17561: checking for sys/file.h
configure:17570: result: yes
configure:17450: checking sys/time.h usability
configure:17467: gcc -c -g -O2  conftest.c >&5
configure:17474: $? = 0
configure:17488: result: yes
configure:17492: checking sys/time.h presence
configure:17507: gcc -E  conftest.c
configure:17514: $? = 0
configure:17528: result: yes
configure:17561: checking for sys/time.h
configure:17570: result: yes
configure:17439: checking for sys/stat.h
configure:17446: result: yes
configure:17439: checking for unistd.h
configure:17446: result: yes
configure:17439: checking for strings.h
configure:17446: result: yes
configure:17450: checking locale.h usability
configure:17467: gcc -c -g -O2  conftest.c >&5
configure:17474: $? = 0
configure:17488: result: yes
configure:17492: checking locale.h presence
configure:17507: gcc -E  conftest.c
configure:17514: $? = 0
configure:17528: result: yes
configure:17561: checking for locale.h
configure:17570: result: yes
configure:17450: checking pcre.h usability
configure:17467: gcc -c -g -O2  conftest.c >&5
configure:17474: $? = 0
configure:17488: result: yes
configure:17492: checking pcre.h presence
configure:17507: gcc -E  conftest.c
configure:17514: $? = 0
configure:17528: result: yes
configure:17561: checking for pcre.h
configure:17570: result: yes
configure:17450: checking pcre/pcre.h usability
configure:17467: gcc -c -g -O2  conftest.c >&5
conftest.c:68:23: error: pcre/pcre.h: No such file or directory
configure:17474: $? = 1
configure: failed program was:
| /* confdefs.h.  */
| #define STDC_HEADERS 1
| #define HAVE_SYS_TYPES_H 1
| #define HAVE_SYS_STAT_H 1
| #define HAVE_STDLIB_H 1
| #define HAVE_STRING_H 1
| #define HAVE_MEMORY_H 1
| #define HAVE_STRINGS_H 1
| #define HAVE_INTTYPES_H 1
| #define HAVE_STDINT_H 1
| #define HAVE_UNISTD_H 1
| #define __EXTENSIONS__ 1
| #define _ALL_SOURCE 1
| #define _GNU_SOURCE 1
| #define _POSIX_PTHREAD_SEMANTICS 1
| #define _TANDEM_SOURCE 1
| #define HAVE_DLFCN_H 1
| #define LT_OBJDIR ".libs/"
| #define NEED_NONCONST_EXCEPTIONS 1
| #define AUTHLIB 0
| #define STDC_HEADERS 1
| #define HAVE_SYS_WAIT_H 1
| #define TIME_WITH_SYS_TIME 1
| #define HAVE_DIRENT_H 1
| #define HAVE_FCNTL_H 1
| #define HAVE_MEMORY_H 1
| #define HAVE_SYS_FILE_H 1
| #define HAVE_SYS_TIME_H 1
| #define HAVE_SYS_STAT_H 1
| #define HAVE_UNISTD_H 1
| #define HAVE_STRINGS_H 1
| #define HAVE_LOCALE_H 1
| #define HAVE_PCRE_H 1
| /* end confdefs.h.  */
| #include <stdio.h>
| #ifdef HAVE_SYS_TYPES_H
| # include <sys/types.h>
| #endif
| #ifdef HAVE_SYS_STAT_H
| # include <sys/stat.h>
| #endif
| #ifdef STDC_HEADERS
| # include <stdlib.h>
| # include <stddef.h>
| #else
| # ifdef HAVE_STDLIB_H
| #  include <stdlib.h>
| # endif
| #endif
| #ifdef HAVE_STRING_H
| # if !defined STDC_HEADERS && defined HAVE_MEMORY_H
| #  include <memory.h>
| # endif
| # include <string.h>
| #endif
| #ifdef HAVE_STRINGS_H
| # include <strings.h>
| #endif
| #ifdef HAVE_INTTYPES_H
| # include <inttypes.h>
| #endif
| #ifdef HAVE_STDINT_H
| # include <stdint.h>
| #endif
| #ifdef HAVE_UNISTD_H
| # include <unistd.h>
| #endif
| #include <pcre/pcre.h>
configure:17488: result: no
configure:17492: checking pcre/pcre.h presence
configure:17507: gcc -E  conftest.c
conftest.c:35:23: error: pcre/pcre.h: No such file or directory
configure:17514: $? = 1
configure: failed program was:
| /* confdefs.h.  */
| #define STDC_HEADERS 1
| #define HAVE_SYS_TYPES_H 1
| #define HAVE_SYS_STAT_H 1
| #define HAVE_STDLIB_H 1
| #define HAVE_STRING_H 1
| #define HAVE_MEMORY_H 1
| #define HAVE_STRINGS_H 1
| #define HAVE_INTTYPES_H 1
| #define HAVE_STDINT_H 1
| #define HAVE_UNISTD_H 1
| #define __EXTENSIONS__ 1
| #define _ALL_SOURCE 1
| #define _GNU_SOURCE 1
| #define _POSIX_PTHREAD_SEMANTICS 1
| #define _TANDEM_SOURCE 1
| #define HAVE_DLFCN_H 1
| #define LT_OBJDIR ".libs/"
| #define NEED_NONCONST_EXCEPTIONS 1
| #define AUTHLIB 0
| #define STDC_HEADERS 1
| #define HAVE_SYS_WAIT_H 1
| #define TIME_WITH_SYS_TIME 1
| #define HAVE_DIRENT_H 1
| #define HAVE_FCNTL_H 1
| #define HAVE_MEMORY_H 1
| #define HAVE_SYS_FILE_H 1
| #define HAVE_SYS_TIME_H 1
| #define HAVE_SYS_STAT_H 1
| #define HAVE_UNISTD_H 1
| #define HAVE_STRINGS_H 1
| #define HAVE_LOCALE_H 1
| #define HAVE_PCRE_H 1
| /* end confdefs.h.  */
| #include <pcre/pcre.h>
configure:17528: result: no
configure:17561: checking for pcre/pcre.h
configure:17570: result: no
configure:17586: checking for mode_t
configure:17614: gcc -c -g -O2  conftest.c >&5
configure:17621: $? = 0
configure:17648: gcc -c -g -O2  conftest.c >&5
conftest.c: In function 'main':
conftest.c:71: error: expected expression before ')' token
configure:17655: $? = 1
configure: failed program was:
| /* confdefs.h.  */
| #define STDC_HEADERS 1
| #define HAVE_SYS_TYPES_H 1
| #define HAVE_SYS_STAT_H 1
| #define HAVE_STDLIB_H 1
| #define HAVE_STRING_H 1
| #define HAVE_MEMORY_H 1
| #define HAVE_STRINGS_H 1
| #define HAVE_INTTYPES_H 1
| #define HAVE_STDINT_H 1
| #define HAVE_UNISTD_H 1
| #define __EXTENSIONS__ 1
| #define _ALL_SOURCE 1
| #define _GNU_SOURCE 1
| #define _POSIX_PTHREAD_SEMANTICS 1
| #define _TANDEM_SOURCE 1
| #define HAVE_DLFCN_H 1
| #define LT_OBJDIR ".libs/"
| #define NEED_NONCONST_EXCEPTIONS 1
| #define AUTHLIB 0
| #define STDC_HEADERS 1
| #define HAVE_SYS_WAIT_H 1
| #define TIME_WITH_SYS_TIME 1
| #define HAVE_DIRENT_H 1
| #define HAVE_FCNTL_H 1
| #define HAVE_MEMORY_H 1
| #define HAVE_SYS_FILE_H 1
| #define HAVE_SYS_TIME_H 1
| #define HAVE_SYS_STAT_H 1
| #define HAVE_UNISTD_H 1
| #define HAVE_STRINGS_H 1
| #define HAVE_LOCALE_H 1
| #define HAVE_PCRE_H 1
| /* end confdefs.h.  */
| #include <stdio.h>
| #ifdef HAVE_SYS_TYPES_H
| # include <sys/types.h>
| #endif
| #ifdef HAVE_SYS_STAT_H
| # include <sys/stat.h>
| #endif
| #ifdef STDC_HEADERS
| # include <stdlib.h>
| # include <stddef.h>
| #else
| # ifdef HAVE_STDLIB_H
| #  include <stdlib.h>
| # endif
| #endif
| #ifdef HAVE_STRING_H
| # if !defined STDC_HEADERS && defined HAVE_MEMORY_H
| #  include <memory.h>
| # endif
| # include <string.h>
| #endif
| #ifdef HAVE_STRINGS_H
| # include <strings.h>
| #endif
| #ifdef HAVE_INTTYPES_H
| # include <inttypes.h>
| #endif
| #ifdef HAVE_STDINT_H
| # include <stdint.h>
| #endif
| #ifdef HAVE_UNISTD_H
| # include <unistd.h>
| #endif
| int
| main ()
| {
| if (sizeof ((mode_t)))
| 	  return 0;
|   ;
|   return 0;
| }
configure:17678: result: yes
configure:17690: checking for off_t
configure:17718: gcc -c -g -O2  conftest.c >&5
configure:17725: $? = 0
configure:17752: gcc -c -g -O2  conftest.c >&5
conftest.c: In function 'main':
conftest.c:71: error: expected expression before ')' token
configure:17759: $? = 1
configure: failed program was:
| /* confdefs.h.  */
| #define STDC_HEADERS 1
| #define HAVE_SYS_TYPES_H 1
| #define HAVE_SYS_STAT_H 1
| #define HAVE_STDLIB_H 1
| #define HAVE_STRING_H 1
| #define HAVE_MEMORY_H 1
| #define HAVE_STRINGS_H 1
| #define HAVE_INTTYPES_H 1
| #define HAVE_STDINT_H 1
| #define HAVE_UNISTD_H 1
| #define __EXTENSIONS__ 1
| #define _ALL_SOURCE 1
| #define _GNU_SOURCE 1
| #define _POSIX_PTHREAD_SEMANTICS 1
| #define _TANDEM_SOURCE 1
| #define HAVE_DLFCN_H 1
| #define LT_OBJDIR ".libs/"
| #define NEED_NONCONST_EXCEPTIONS 1
| #define AUTHLIB 0
| #define STDC_HEADERS 1
| #define HAVE_SYS_WAIT_H 1
| #define TIME_WITH_SYS_TIME 1
| #define HAVE_DIRENT_H 1
| #define HAVE_FCNTL_H 1
| #define HAVE_MEMORY_H 1
| #define HAVE_SYS_FILE_H 1
| #define HAVE_SYS_TIME_H 1
| #define HAVE_SYS_STAT_H 1
| #define HAVE_UNISTD_H 1
| #define HAVE_STRINGS_H 1
| #define HAVE_LOCALE_H 1
| #define HAVE_PCRE_H 1
| /* end confdefs.h.  */
| #include <stdio.h>
| #ifdef HAVE_SYS_TYPES_H
| # include <sys/types.h>
| #endif
| #ifdef HAVE_SYS_STAT_H
| # include <sys/stat.h>
| #endif
| #ifdef STDC_HEADERS
| # include <stdlib.h>
| # include <stddef.h>
| #else
| # ifdef HAVE_STDLIB_H
| #  include <stdlib.h>
| # endif
| #endif
| #ifdef HAVE_STRING_H
| # if !defined STDC_HEADERS && defined HAVE_MEMORY_H
| #  include <memory.h>
| # endif
| # include <string.h>
| #endif
| #ifdef HAVE_STRINGS_H
| # include <strings.h>
| #endif
| #ifdef HAVE_INTTYPES_H
| # include <inttypes.h>
| #endif
| #ifdef HAVE_STDINT_H
| # include <stdint.h>
| #endif
| #ifdef HAVE_UNISTD_H
| # include <unistd.h>
| #endif
| int
| main ()
| {
| if (sizeof ((off_t)))
| 	  return 0;
|   ;
|   return 0;
| }
configure:17782: result: yes
configure:17794: checking for size_t
configure:17822: gcc -c -g -O2  conftest.c >&5
configure:17829: $? = 0
configure:17856: gcc -c -g -O2  conftest.c >&5
conftest.c: In function 'main':
conftest.c:71: error: expected expression before ')' token
configure:17863: $? = 1
configure: failed program was:
| /* confdefs.h.  */
| #define STDC_HEADERS 1
| #define HAVE_SYS_TYPES_H 1
| #define HAVE_SYS_STAT_H 1
| #define HAVE_STDLIB_H 1
| #define HAVE_STRING_H 1
| #define HAVE_MEMORY_H 1
| #define HAVE_STRINGS_H 1
| #define HAVE_INTTYPES_H 1
| #define HAVE_STDINT_H 1
| #define HAVE_UNISTD_H 1
| #define __EXTENSIONS__ 1
| #define _ALL_SOURCE 1
| #define _GNU_SOURCE 1
| #define _POSIX_PTHREAD_SEMANTICS 1
| #define _TANDEM_SOURCE 1
| #define HAVE_DLFCN_H 1
| #define LT_OBJDIR ".libs/"
| #define NEED_NONCONST_EXCEPTIONS 1
| #define AUTHLIB 0
| #define STDC_HEADERS 1
| #define HAVE_SYS_WAIT_H 1
| #define TIME_WITH_SYS_TIME 1
| #define HAVE_DIRENT_H 1
| #define HAVE_FCNTL_H 1
| #define HAVE_MEMORY_H 1
| #define HAVE_SYS_FILE_H 1
| #define HAVE_SYS_TIME_H 1
| #define HAVE_SYS_STAT_H 1
| #define HAVE_UNISTD_H 1
| #define HAVE_STRINGS_H 1
| #define HAVE_LOCALE_H 1
| #define HAVE_PCRE_H 1
| /* end confdefs.h.  */
| #include <stdio.h>
| #ifdef HAVE_SYS_TYPES_H
| # include <sys/types.h>
| #endif
| #ifdef HAVE_SYS_STAT_H
| # include <sys/stat.h>
| #endif
| #ifdef STDC_HEADERS
| # include <stdlib.h>
| # include <stddef.h>
| #else
| # ifdef HAVE_STDLIB_H
| #  include <stdlib.h>
| # endif
| #endif
| #ifdef HAVE_STRING_H
| # if !defined STDC_HEADERS && defined HAVE_MEMORY_H
| #  include <memory.h>
| # endif
| # include <string.h>
| #endif
| #ifdef HAVE_STRINGS_H
| # include <strings.h>
| #endif
| #ifdef HAVE_INTTYPES_H
| # include <inttypes.h>
| #endif
| #ifdef HAVE_STDINT_H
| # include <stdint.h>
| #endif
| #ifdef HAVE_UNISTD_H
| # include <unistd.h>
| #endif
| int
| main ()
| {
| if (sizeof ((size_t)))
| 	  return 0;
|   ;
|   return 0;
| }
configure:17886: result: yes
configure:17898: checking for pid_t
configure:17926: gcc -c -g -O2  conftest.c >&5
configure:17933: $? = 0
configure:17960: gcc -c -g -O2  conftest.c >&5
conftest.c: In function 'main':
conftest.c:71: error: expected expression before ')' token
configure:17967: $? = 1
configure: failed program was:
| /* confdefs.h.  */
| #define STDC_HEADERS 1
| #define HAVE_SYS_TYPES_H 1
| #define HAVE_SYS_STAT_H 1
| #define HAVE_STDLIB_H 1
| #define HAVE_STRING_H 1
| #define HAVE_MEMORY_H 1
| #define HAVE_STRINGS_H 1
| #define HAVE_INTTYPES_H 1
| #define HAVE_STDINT_H 1
| #define HAVE_UNISTD_H 1
| #define __EXTENSIONS__ 1
| #define _ALL_SOURCE 1
| #define _GNU_SOURCE 1
| #define _POSIX_PTHREAD_SEMANTICS 1
| #define _TANDEM_SOURCE 1
| #define HAVE_DLFCN_H 1
| #define LT_OBJDIR ".libs/"
| #define NEED_NONCONST_EXCEPTIONS 1
| #define AUTHLIB 0
| #define STDC_HEADERS 1
| #define HAVE_SYS_WAIT_H 1
| #define TIME_WITH_SYS_TIME 1
| #define HAVE_DIRENT_H 1
| #define HAVE_FCNTL_H 1
| #define HAVE_MEMORY_H 1
| #define HAVE_SYS_FILE_H 1
| #define HAVE_SYS_TIME_H 1
| #define HAVE_SYS_STAT_H 1
| #define HAVE_UNISTD_H 1
| #define HAVE_STRINGS_H 1
| #define HAVE_LOCALE_H 1
| #define HAVE_PCRE_H 1
| /* end confdefs.h.  */
| #include <stdio.h>
| #ifdef HAVE_SYS_TYPES_H
| # include <sys/types.h>
| #endif
| #ifdef HAVE_SYS_STAT_H
| # include <sys/stat.h>
| #endif
| #ifdef STDC_HEADERS
| # include <stdlib.h>
| # include <stddef.h>
| #else
| # ifdef HAVE_STDLIB_H
| #  include <stdlib.h>
| # endif
| #endif
| #ifdef HAVE_STRING_H
| # if !defined STDC_HEADERS && defined HAVE_MEMORY_H
| #  include <memory.h>
| # endif
| # include <string.h>
| #endif
| #ifdef HAVE_STRINGS_H
| # include <strings.h>
| #endif
| #ifdef HAVE_INTTYPES_H
| # include <inttypes.h>
| #endif
| #ifdef HAVE_STDINT_H
| # include <stdint.h>
| #endif
| #ifdef HAVE_UNISTD_H
| # include <unistd.h>
| #endif
| int
| main ()
| {
| if (sizeof ((pid_t)))
| 	  return 0;
|   ;
|   return 0;
| }
configure:17990: result: yes
configure:18002: checking for uid_t in sys/types.h
configure:18025: result: yes
configure:18040: checking whether struct tm is in sys/time.h or time.h
configure:18070: gcc -c -g -O2  conftest.c >&5
configure:18077: $? = 0
configure:18092: result: time.h
configure:18102: checking type of array argument to getgroups
configure:18146: gcc -o conftest -g -O2   conftest.c  >&5
configure:18150: $? = 0
configure:18156: ./conftest
configure:18160: $? = 0
configure:18196: result: gid_t
configure:18245: gcc -o conftest -g -O2   conftest.c  >&5
configure:18249: $? = 0
configure:18255: ./conftest
configure:18259: $? = 0
configure:18287: checking whether closedir returns void
configure:18321: gcc -o conftest -g -O2   conftest.c  >&5
configure:18325: $? = 0
configure:18331: ./conftest
configure:18335: $? = 0
configure:18352: result: no
configure:18362: checking return type of signal handlers
configure:18390: gcc -c -g -O2  conftest.c >&5
conftest.c: In function 'main':
conftest.c:43: error: void value not ignored as it ought to be
configure:18397: $? = 1
configure: failed program was:
| /* confdefs.h.  */
| #define STDC_HEADERS 1
| #define HAVE_SYS_TYPES_H 1
| #define HAVE_SYS_STAT_H 1
| #define HAVE_STDLIB_H 1
| #define HAVE_STRING_H 1
| #define HAVE_MEMORY_H 1
| #define HAVE_STRINGS_H 1
| #define HAVE_INTTYPES_H 1
| #define HAVE_STDINT_H 1
| #define HAVE_UNISTD_H 1
| #define __EXTENSIONS__ 1
| #define _ALL_SOURCE 1
| #define _GNU_SOURCE 1
| #define _POSIX_PTHREAD_SEMANTICS 1
| #define _TANDEM_SOURCE 1
| #define HAVE_DLFCN_H 1
| #define LT_OBJDIR ".libs/"
| #define NEED_NONCONST_EXCEPTIONS 1
| #define AUTHLIB 0
| #define STDC_HEADERS 1
| #define HAVE_SYS_WAIT_H 1
| #define TIME_WITH_SYS_TIME 1
| #define HAVE_DIRENT_H 1
| #define HAVE_FCNTL_H 1
| #define HAVE_MEMORY_H 1
| #define HAVE_SYS_FILE_H 1
| #define HAVE_SYS_TIME_H 1
| #define HAVE_SYS_STAT_H 1
| #define HAVE_UNISTD_H 1
| #define HAVE_STRINGS_H 1
| #define HAVE_LOCALE_H 1
| #define HAVE_PCRE_H 1
| #define GETGROUPS_T gid_t
| #define MAXLONGSIZE 12
| /* end confdefs.h.  */
| #include <sys/types.h>
| #include <signal.h>
| 
| int
| main ()
| {
| return *(signal (0, 0)) (0) == 1;
|   ;
|   return 0;
| }
configure:18412: result: void
configure:18425: checking for setgroups
configure:18481: gcc -o conftest -g -O2   conftest.c  >&5
configure:18488: $? = 0
configure:18510: result: yes
configure:18425: checking for setlocale
configure:18481: gcc -o conftest -g -O2   conftest.c  >&5
configure:18488: $? = 0
configure:18510: result: yes
configure:18523: checking for getpgrp
configure:18579: gcc -o conftest -g -O2   conftest.c  >&5
configure:18586: $? = 0
configure:18606: result: yes
configure:18620: checking for getpgid
configure:18676: gcc -o conftest -g -O2   conftest.c  >&5
configure:18683: $? = 0
configure:18703: result: yes
configure:18719: checking whether getpgrp requires zero arguments
configure:18746: gcc -c -g -O2  conftest.c >&5
conftest.c: In function 'main':
conftest.c:78: error: too many arguments to function 'getpgrp'
configure:18753: $? = 1
configure: failed program was:
| /* confdefs.h.  */
| #define STDC_HEADERS 1
| #define HAVE_SYS_TYPES_H 1
| #define HAVE_SYS_STAT_H 1
| #define HAVE_STDLIB_H 1
| #define HAVE_STRING_H 1
| #define HAVE_MEMORY_H 1
| #define HAVE_STRINGS_H 1
| #define HAVE_INTTYPES_H 1
| #define HAVE_STDINT_H 1
| #define HAVE_UNISTD_H 1
| #define __EXTENSIONS__ 1
| #define _ALL_SOURCE 1
| #define _GNU_SOURCE 1
| #define _POSIX_PTHREAD_SEMANTICS 1
| #define _TANDEM_SOURCE 1
| #define HAVE_DLFCN_H 1
| #define LT_OBJDIR ".libs/"
| #define NEED_NONCONST_EXCEPTIONS 1
| #define AUTHLIB 0
| #define STDC_HEADERS 1
| #define HAVE_SYS_WAIT_H 1
| #define TIME_WITH_SYS_TIME 1
| #define HAVE_DIRENT_H 1
| #define HAVE_FCNTL_H 1
| #define HAVE_MEMORY_H 1
| #define HAVE_SYS_FILE_H 1
| #define HAVE_SYS_TIME_H 1
| #define HAVE_SYS_STAT_H 1
| #define HAVE_UNISTD_H 1
| #define HAVE_STRINGS_H 1
| #define HAVE_LOCALE_H 1
| #define HAVE_PCRE_H 1
| #define GETGROUPS_T gid_t
| #define MAXLONGSIZE 12
| #define RETSIGTYPE void
| #define HAVE_SETGROUPS 1
| #define HAVE_SETLOCALE 1
| #define HAS_GETPGRP 1
| #define HAS_GETPGID 1
| /* end confdefs.h.  */
| #include <stdio.h>
| #ifdef HAVE_SYS_TYPES_H
| # include <sys/types.h>
| #endif
| #ifdef HAVE_SYS_STAT_H
| # include <sys/stat.h>
| #endif
| #ifdef STDC_HEADERS
| # include <stdlib.h>
| # include <stddef.h>
| #else
| # ifdef HAVE_STDLIB_H
| #  include <stdlib.h>
| # endif
| #endif
| #ifdef HAVE_STRING_H
| # if !defined STDC_HEADERS && defined HAVE_MEMORY_H
| #  include <memory.h>
| # endif
| # include <string.h>
| #endif
| #ifdef HAVE_STRINGS_H
| # include <strings.h>
| #endif
| #ifdef HAVE_INTTYPES_H
| # include <inttypes.h>
| #endif
| #ifdef HAVE_STDINT_H
| # include <stdint.h>
| #endif
| #ifdef HAVE_UNISTD_H
| # include <unistd.h>
| #endif
| int
| main ()
| {
| getpgrp (0);
|   ;
|   return 0;
| }
configure:18769: result: yes
configure:18781: checking setpgrp()
configure:18816: gcc -o conftest -g -O2   conftest.c  >&5
configure:18823: $? = 0
configure:18849: result: 1
configure:18857: checking setpgid()
configure:18893: gcc -o conftest -g -O2   conftest.c  >&5
configure:18900: $? = 0
configure:18924: result: 1
configure:18932: checking for missing gethostname prototype
configure:18965: gcc -c -g -O2  conftest.c >&5
conftest.c:50: error: expected identifier or '(' before string constant
configure:18972: $? = 1
configure: failed program was:
| /* confdefs.h.  */
| #define STDC_HEADERS 1
| #define HAVE_SYS_TYPES_H 1
| #define HAVE_SYS_STAT_H 1
| #define HAVE_STDLIB_H 1
| #define HAVE_STRING_H 1
| #define HAVE_MEMORY_H 1
| #define HAVE_STRINGS_H 1
| #define HAVE_INTTYPES_H 1
| #define HAVE_STDINT_H 1
| #define HAVE_UNISTD_H 1
| #define __EXTENSIONS__ 1
| #define _ALL_SOURCE 1
| #define _GNU_SOURCE 1
| #define _POSIX_PTHREAD_SEMANTICS 1
| #define _TANDEM_SOURCE 1
| #define HAVE_DLFCN_H 1
| #define LT_OBJDIR ".libs/"
| #define NEED_NONCONST_EXCEPTIONS 1
| #define AUTHLIB 0
| #define STDC_HEADERS 1
| #define HAVE_SYS_WAIT_H 1
| #define TIME_WITH_SYS_TIME 1
| #define HAVE_DIRENT_H 1
| #define HAVE_FCNTL_H 1
| #define HAVE_MEMORY_H 1
| #define HAVE_SYS_FILE_H 1
| #define HAVE_SYS_TIME_H 1
| #define HAVE_SYS_STAT_H 1
| #define HAVE_UNISTD_H 1
| #define HAVE_STRINGS_H 1
| #define HAVE_LOCALE_H 1
| #define HAVE_PCRE_H 1
| #define GETGROUPS_T gid_t
| #define MAXLONGSIZE 12
| #define RETSIGTYPE void
| #define HAVE_SETGROUPS 1
| #define HAVE_SETLOCALE 1
| #define HAS_GETPGRP 1
| #define HAS_GETPGID 1
| #define GETPGRP_VOID 1
| #define HAS_SETPGRP 1
| #define HAS_SETPGID 1
| /* end confdefs.h.  */
| 
| #if HAVE_UNISTD_H
| #include	<unistd.h>
| #endif
| 
| extern "C" int gethostname(int,int);
| 
| int
| main ()
| {
| 
| 
|   ;
|   return 0;
| }
configure:18990: result: no
configure:19003: checking default PATH for commands
configure:19015: result: /bin:/usr/bin:/usr/local/bin
configure:19111: checking mail transport agent
configure:19134: result: /var/qmail/bin/sendmail -oi
configure:19245: checking location of system mailboxes
configure:19254: result: /var/mail
configure:19257: checking whether maildrop should reset its group ID
configure:19266: result: 0
configure:19303: checking privileged users
configure:19324: result: root mail daemon qmaild
configure:19345: checking for UID of maildrop
configure:19359: result: root
configure:19363: checking for GID of maildrop
configure:19377: result: vchkpw
configure:19385: checking for USE_FLOCK
configure:19394: result: 1
configure:19398: checking for USE_DOTLOCK
configure:19424: result: 0
configure:19428: checking for LOCKEXT_DEF
configure:19437: result: .lock
configure:19441: checking for LOCKSLEEP_DEF
configure:19450: result: 5
configure:19454: checking for LOCKTIMEOUT_DEF
configure:19463: result: 60
configure:19467: checking for LOCKREFRESH_DEF
configure:19476: result: 15
configure:19480: checking for TEMPDIR
configure:19499: result: use tmpfile()
configure:19503: checking for SMALLMSG
configure:19512: result: 8192
configure:19516: checking for GLOBAL_TIMEOUT
configure:19525: result: 300
configure:19529: checking for CRLF_TERM
configure:19546: result: 0
configure:19550: checking for RESTRICT_TRUSTED
configure:19567: result: 1
configure:19571: checking for KEEP_FROMLINE
configure:19588: result: 1
configure:19592: checking for syslog support
configure:19601: result: 0
configure:19702: checking whether to treat authlib errors as tempreject
configure:19711: result: 1
configure:19890: creating ./config.status

## ---------------------- ##
## Running config.status. ##
## ---------------------- ##

This file was extended by maildrop config.status 2.1.0, which was
generated by GNU Autoconf 2.63.  Invocation command line was

  CONFIG_FILES    = 
  CONFIG_HEADERS  = 
  CONFIG_LINKS    = 
  CONFIG_COMMANDS = 
  $ ./config.status 

on loft2500.serverloft.com

config.status:1112: creating xconfig.h
config.status:1112: creating Makefile
config.status:1112: creating README.html
config.status:1112: creating testsuite
config.status:1112: creating config.h
config.status:1386: executing depfiles commands
config.status:1386: executing libtool commands

## ---------------- ##
## Cache variables. ##
## ---------------- ##

ac_cv_build=i686-pc-linux-gnu
ac_cv_c_compiler_gnu=yes
ac_cv_cxx_compiler_gnu=yes
ac_cv_env_CCC_set=
ac_cv_env_CCC_value=
ac_cv_env_CC_set=
ac_cv_env_CC_value=
ac_cv_env_CFLAGS_set=
ac_cv_env_CFLAGS_value=
ac_cv_env_CPPFLAGS_set=
ac_cv_env_CPPFLAGS_value=
ac_cv_env_CPP_set=
ac_cv_env_CPP_value=
ac_cv_env_CXXCPP_set=
ac_cv_env_CXXCPP_value=
ac_cv_env_CXXFLAGS_set=
ac_cv_env_CXXFLAGS_value=
ac_cv_env_CXX_set=
ac_cv_env_CXX_value=
ac_cv_env_LDFLAGS_set=
ac_cv_env_LDFLAGS_value=
ac_cv_env_LIBS_set=
ac_cv_env_LIBS_value=
ac_cv_env_build_alias_set=
ac_cv_env_build_alias_value=
ac_cv_env_host_alias_set=
ac_cv_env_host_alias_value=
ac_cv_env_target_alias_set=
ac_cv_env_target_alias_value=
ac_cv_func_closedir_void=no
ac_cv_func_getpgid=yes
ac_cv_func_getpgrp=yes
ac_cv_func_getpgrp_void=yes
ac_cv_func_setgroups=yes
ac_cv_func_setlocale=yes
ac_cv_header_dirent_dirent_h=yes
ac_cv_header_dlfcn_h=yes
ac_cv_header_fcntl_h=yes
ac_cv_header_inttypes_h=yes
ac_cv_header_locale_h=yes
ac_cv_header_memory_h=yes
ac_cv_header_minix_config_h=no
ac_cv_header_pcre_h=yes
ac_cv_header_pcre_pcre_h=no
ac_cv_header_stdc=yes
ac_cv_header_stdint_h=yes
ac_cv_header_stdlib_h=yes
ac_cv_header_string_h=yes
ac_cv_header_strings_h=yes
ac_cv_header_sys_file_h=yes
ac_cv_header_sys_stat_h=yes
ac_cv_header_sys_time_h=yes
ac_cv_header_sys_types_h=yes
ac_cv_header_sys_wait_h=yes
ac_cv_header_time=yes
ac_cv_header_unistd_h=yes
ac_cv_host=i686-pc-linux-gnu
ac_cv_lib_sun_getpwnam=no
ac_cv_objext=o
ac_cv_path_EGREP='/bin/grep -E'
ac_cv_path_FGREP='/bin/grep -F'
ac_cv_path_GREP=/bin/grep
ac_cv_path_PERL=/usr/bin/perl
ac_cv_path_SED=/bin/sed
ac_cv_path_install='/usr/bin/install -c'
ac_cv_path_mkdir=/bin/mkdir
ac_cv_prog_AWK=gawk
ac_cv_prog_CPP='gcc -E'
ac_cv_prog_CXXCPP='g++ -E'
ac_cv_prog_ac_ct_AR=ar
ac_cv_prog_ac_ct_CC=gcc
ac_cv_prog_ac_ct_CXX=g++
ac_cv_prog_ac_ct_OBJDUMP=objdump
ac_cv_prog_ac_ct_RANLIB=ranlib
ac_cv_prog_ac_ct_STRIP=strip
ac_cv_prog_cc_c89=
ac_cv_prog_cc_g=yes
ac_cv_prog_cxx_g=yes
ac_cv_prog_make_make_set=yes
ac_cv_safe_to_define___extensions__=yes
ac_cv_search_opendir='none required'
ac_cv_struct_tm=time.h
ac_cv_type_getgroups=gid_t
ac_cv_type_mode_t=yes
ac_cv_type_off_t=yes
ac_cv_type_pid_t=yes
ac_cv_type_signal=void
ac_cv_type_size_t=yes
ac_cv_type_uid_t=yes
am_cv_CC_dependencies_compiler_type=gcc3
am_cv_CXX_dependencies_compiler_type=gcc3
lt_cv_deplibs_check_method=pass_all
lt_cv_file_magic_cmd='$MAGIC_CMD'
lt_cv_file_magic_test_file=
lt_cv_ld_reload_flag=-r
lt_cv_nm_interface='BSD nm'
lt_cv_objdir=.libs
lt_cv_path_LD=/usr/bin/ld
lt_cv_path_LDCXX=/usr/bin/ld
lt_cv_path_NM='/usr/bin/nm -B'
lt_cv_prog_compiler_c_o=yes
lt_cv_prog_compiler_c_o_CXX=yes
lt_cv_prog_compiler_pic_works=yes
lt_cv_prog_compiler_pic_works_CXX=yes
lt_cv_prog_compiler_rtti_exceptions=no
lt_cv_prog_compiler_static_works=yes
lt_cv_prog_compiler_static_works_CXX=yes
lt_cv_prog_gnu_ld=yes
lt_cv_prog_gnu_ldcxx=yes
lt_cv_sys_global_symbol_pipe='sed -n -e '\''s/^.*[	 ]\([ABCDGIRSTW][ABCDGIRSTW]*\)[	 ][	 ]*\([_A-Za-z][_A-Za-z0-9]*\)$/\1 \2 \2/p'\'''
lt_cv_sys_global_symbol_to_c_name_address='sed -n -e '\''s/^: \([^ ]*\) $/  {\"\1\", (void *) 0},/p'\'' -e '\''s/^[ABCDGIRSTW]* \([^ ]*\) \([^ ]*\)$/  {"\2", (void *) \&\2},/p'\'''
lt_cv_sys_global_symbol_to_c_name_address_lib_prefix='sed -n -e '\''s/^: \([^ ]*\) $/  {\"\1\", (void *) 0},/p'\'' -e '\''s/^[ABCDGIRSTW]* \([^ ]*\) \(lib[^ ]*\)$/  {"\2", (void *) \&\2},/p'\'' -e '\''s/^[ABCDGIRSTW]* \([^ ]*\) \([^ ]*\)$/  {"lib\2", (void *) \&\2},/p'\'''
lt_cv_sys_global_symbol_to_cdecl='sed -n -e '\''s/^T .* \(.*\)$/extern int \1();/p'\'' -e '\''s/^[ABCDGIRSTW]* .* \(.*\)$/extern char \1;/p'\'''
lt_cv_sys_max_cmd_len=98304
maildir_cv_SYS_GETHOSTNAME=no
maildrop_cv_HAS_SETPGID=1
maildrop_cv_HAS_SETPGRP=1
maildrop_cv_SYS_DEFAULT_PATH=/bin:/usr/bin:/usr/local/bin
maildrop_cv_SYS_INSTALL_MBOXDIR=/var/mail
maildrop_cv_SYS_INSTALL_PRIVUSERS='root mail daemon qmaild'
maildrop_cv_SYS_INSTALL_RESET_GID=0
maildrop_cv_SYS_MTA='/var/qmail/bin/sendmail -oi'
maildrop_cv_const_exceptions=yes
maildrop_cv_handle_exceptions=no

## ----------------- ##
## Output variables. ##
## ----------------- ##

ACLOCAL='${SHELL} /opt/qfd-0.1/sources/maildrop/missing --run aclocal-1.11'
AMDEPBACKSLASH='\'
AMDEP_FALSE='#'
AMDEP_TRUE=''
AMTAR='${SHELL} /opt/qfd-0.1/sources/maildrop/missing --run tar'
AR='ar'
AUTHINCLUDE=''
AUTHLDADD=''
AUTOCONF='${SHELL} /opt/qfd-0.1/sources/maildrop/missing --run autoconf'
AUTOHEADER='${SHELL} /opt/qfd-0.1/sources/maildrop/missing --run autoheader'
AUTOMAKE='${SHELL} /opt/qfd-0.1/sources/maildrop/missing --run automake-1.11'
AWK='gawk'
CC='gcc'
CCDEPMODE='depmode=gcc3'
CFLAGS='-g -O2 -I./../rfc822 -I./../rfc2045 -I.. -I./.. -Wall'
COURIERAUTHCONFIG=''
CPP='gcc -E'
CPPFLAGS=''
CRLF_TERM='0'
CXX='g++'
CXXCPP='g++ -E'
CXXDEPMODE='depmode=gcc3'
CXXFLAGS='-g -O2 -I./../rfc822 -I./../rfc2045 -I.. -I./.. -Wall'
CYGPATH_W='echo'
DEFS='-DHAVE_CONFIG_H'
DEPDIR='.deps'
DSYMUTIL=''
DUMPBIN=''
ECHO_C=''
ECHO_N='-n'
ECHO_T=''
EGREP='/bin/grep -E'
EXEEXT=''
FGREP='/bin/grep -F'
GLOBAL_TIMEOUT='300'
GREP='/bin/grep'
HAVE_SGML_FALSE=''
HAVE_SGML_TRUE='#'
INSTALL_DATA='${INSTALL} -m 644'
INSTALL_PROGRAM='${INSTALL}'
INSTALL_SCRIPT='${INSTALL}'
INSTALL_STRIP_PROGRAM='$(install_sh) -c -s'
KEEP_FROMLINE='1'
LD='/usr/bin/ld'
LDFLAGS=''
LIBOBJS=''
LIBS=''
LIBTOOL='$(SHELL) $(top_builddir)/libtool'
LIPO=''
LN_S='ln -s'
LOCKEXT_DEF='.lock'
LOCKREFRESH_DEF='15'
LOCKSLEEP_DEF='5'
LOCKTIMEOUT_DEF='60'
LTLIBOBJS=''
MAILDIRQUOTA_FALSE='#'
MAILDIRQUOTA_TRUE=''
MAILDROPGID='vchkpw'
MAILDROPUID='root'
MAKEINFO='${SHELL} /opt/qfd-0.1/sources/maildrop/missing --run makeinfo'
MKDIR_P='/bin/mkdir -p'
NM='/usr/bin/nm -B'
NMEDIT=''
OBJDUMP='objdump'
OBJEXT='o'
OTOOL64=''
OTOOL=''
PACKAGE='maildrop'
PACKAGE_BUGREPORT='courier-users@lists.sourceforge.net'
PACKAGE_NAME='maildrop'
PACKAGE_STRING='maildrop 2.1.0'
PACKAGE_TARNAME='maildrop'
PACKAGE_VERSION='2.1.0'
PATH_SEPARATOR=':'
PERL='/usr/bin/perl'
QMAIL='/var/qmail/bin/qmail-inject'
RANLIB='ranlib'
RESTRICT_TRUSTED='1'
SED='/bin/sed'
SET_MAKE=''
SHELL='/bin/bash'
SMALLMSG='8192'
STRIP='strip'
TEMPDIR='use tmpfile()'
USE_DOTLOCK='0'
USE_FLOCK='1'
VERSION='2.1.0'
WITHETCDIR='/etc'
ac_ct_CC='gcc'
ac_ct_CXX='g++'
ac_ct_DUMPBIN=''
am__EXEEXT_FALSE=''
am__EXEEXT_TRUE='#'
am__fastdepCC_FALSE='#'
am__fastdepCC_TRUE=''
am__fastdepCXX_FALSE='#'
am__fastdepCXX_TRUE=''
am__include='include'
am__isrc=''
am__leading_dot='.'
am__quote=''
am__tar='${AMTAR} chof - "$$tardir"'
am__untar='${AMTAR} xf -'
bindir='${exec_prefix}/bin'
build='i686-pc-linux-gnu'
build_alias=''
build_cpu='i686'
build_os='linux-gnu'
build_vendor='pc'
datadir='${datarootdir}'
datarootdir='${prefix}/share'
dblibrary='../gdbmobj/libgdbmobj.la'
docdir='${datarootdir}/doc/${PACKAGE_TARNAME}'
dvidir='${docdir}'
exec_prefix='/usr/local'
host='i686-pc-linux-gnu'
host_alias=''
host_cpu='i686'
host_os='linux-gnu'
host_vendor='pc'
htmldir='${docdir}'
includedir='${prefix}/include'
infodir='${datarootdir}/info'
install_sh='${SHELL} /opt/qfd-0.1/sources/maildrop/install-sh'
libdir='${exec_prefix}/lib'
libexecdir='${exec_prefix}/libexec'
localedir='${datarootdir}/locale'
localstatedir='${prefix}/var'
lt_ECHO='echo'
maildirquota='1'
mandir='${datarootdir}/man'
mkdir_p='/bin/mkdir -p'
oldincludedir='/usr/include'
pdfdir='${docdir}'
prefix='/usr/local'
program_transform_name='s,x,x,'
psdir='${docdir}'
sbindir='${exec_prefix}/sbin'
sharedstatedir='${prefix}/com'
sysconfdir='/usr/local/etc'
target_alias=''
withetcdir='/etc'

## ----------- ##
## confdefs.h. ##
## ----------- ##

#define STDC_HEADERS 1
#define HAVE_SYS_TYPES_H 1
#define HAVE_SYS_STAT_H 1
#define HAVE_STDLIB_H 1
#define HAVE_STRING_H 1
#define HAVE_MEMORY_H 1
#define HAVE_STRINGS_H 1
#define HAVE_INTTYPES_H 1
#define HAVE_STDINT_H 1
#define HAVE_UNISTD_H 1
#define __EXTENSIONS__ 1
#define _ALL_SOURCE 1
#define _GNU_SOURCE 1
#define _POSIX_PTHREAD_SEMANTICS 1
#define _TANDEM_SOURCE 1
#define HAVE_DLFCN_H 1
#define LT_OBJDIR ".libs/"
#define NEED_NONCONST_EXCEPTIONS 1
#define AUTHLIB 0
#define STDC_HEADERS 1
#define HAVE_SYS_WAIT_H 1
#define TIME_WITH_SYS_TIME 1
#define HAVE_DIRENT_H 1
#define HAVE_FCNTL_H 1
#define HAVE_MEMORY_H 1
#define HAVE_SYS_FILE_H 1
#define HAVE_SYS_TIME_H 1
#define HAVE_SYS_STAT_H 1
#define HAVE_UNISTD_H 1
#define HAVE_STRINGS_H 1
#define HAVE_LOCALE_H 1
#define HAVE_PCRE_H 1
#define GETGROUPS_T gid_t
#define MAXLONGSIZE 12
#define RETSIGTYPE void
#define HAVE_SETGROUPS 1
#define HAVE_SETLOCALE 1
#define HAS_GETPGRP 1
#define HAS_GETPGID 1
#define GETPGRP_VOID 1
#define HAS_SETPGRP 1
#define HAS_SETPGID 1
#define HAS_GETHOSTNAME 1
#define DEFAULT_PATH "/bin:/usr/bin:/usr/local/bin"
#define SENDMAIL_DEF "/var/qmail/bin/sendmail -oi"
#define DEFAULT_DEF "/var/mail"
#define RESET_GID 0
#define TRUSTED_USERS "root mail daemon qmaild"
#define TRUSTED_GROUPS ""
#define MAILDROPUID "root"
#define MAILDROPGID "vchkpw"
#define SHARED_TEMPDIR 1
#define SYSLOG_LOGGING 0
#define MAILDIRQUOTA 1
#define ETCDIR "/etc"
#define AUTHLIB_TEMPREJECT 1

configure: exit 0

## ---------------------- ##
## Running config.status. ##
## ---------------------- ##

This file was extended by maildrop config.status 2.1.0, which was
generated by GNU Autoconf 2.63.  Invocation command line was

  CONFIG_FILES    = 
  CONFIG_HEADERS  = 
  CONFIG_LINKS    = 
  CONFIG_COMMANDS = 
  $ ./config.status --file=maildrop.html

on loft2500.serverloft.com

config.status:1112: creating maildrop.html

## ---------------------- ##
## Running config.status. ##
## ---------------------- ##

This file was extended by maildrop config.status 2.1.0, which was
generated by GNU Autoconf 2.63.  Invocation command line was

  CONFIG_FILES    = 
  CONFIG_HEADERS  = 
  CONFIG_LINKS    = 
  CONFIG_COMMANDS = 
  $ ./config.status --file=maildrop.1

on loft2500.serverloft.com

config.status:1112: creating maildrop.1

## ---------------------- ##
## Running config.status. ##
## ---------------------- ##

This file was extended by maildrop config.status 2.1.0, which was
generated by GNU Autoconf 2.63.  Invocation command line was

  CONFIG_FILES    = 
  CONFIG_HEADERS  = 
  CONFIG_LINKS    = 
  CONFIG_COMMANDS = 
  $ ./config.status --file=maildropfilter.html

on loft2500.serverloft.com

config.status:1112: creating maildropfilter.html

## ---------------------- ##
## Running config.status. ##
## ---------------------- ##

This file was extended by maildrop config.status 2.1.0, which was
generated by GNU Autoconf 2.63.  Invocation command line was

  CONFIG_FILES    = 
  CONFIG_HEADERS  = 
  CONFIG_LINKS    = 
  CONFIG_COMMANDS = 
  $ ./config.status --file=maildropfilter.7

on loft2500.serverloft.com

config.status:1112: creating maildropfilter.7
