This file contains any messages produced by compilers while
running configure, to aid debugging if configure makes a mistake.

It was created by maildrop configure 2.2.0, which was
generated by GNU Autoconf 2.63.  Invocation command line was

  $ ./configure --prefix=/usr/local --exec-prefix=/usr/local --enable-maildrop-uid=root --enable-maildrop-gid=vchkpw --enable-maildirquota

## --------- ##
## Platform. ##
## --------- ##

hostname = loft2500.serverloft.com
uname -m = i686
uname -r = 2.6.24-26-generic
uname -s = Linux
uname -v = #1 SMP Tue Dec 1 18:37:31 UTC 2009

/usr/bin/uname -p = unknown
/bin/uname -X     = unknown

/bin/arch              = unknown
/usr/bin/arch -k       = unknown
/usr/convex/getsysinfo = unknown
/usr/bin/hostinfo      = unknown
/bin/machine           = unknown
/usr/bin/oslevel       = unknown
/bin/universe          = unknown

PATH: /usr/local/sbin
PATH: /usr/local/bin
PATH: /usr/sbin
PATH: /usr/bin
PATH: /sbin
PATH: /bin
PATH: /usr/games


## ----------- ##
## Core tests. ##
## ----------- ##

configure:2117: checking for a BSD-compatible install
configure:2185: result: /usr/bin/install -c
configure:2196: checking whether build environment is sane
configure:2256: result: yes
configure:2397: checking for a thread-safe mkdir -p
configure:2436: result: /bin/mkdir -p
configure:2449: checking for gawk
configure:2465: found /usr/bin/gawk
configure:2476: result: gawk
configure:2487: checking whether make sets $(MAKE)
configure:2509: result: yes
configure:2631: checking for gcc
configure:2647: found /usr/bin/gcc
configure:2658: result: gcc
configure:2890: checking for C compiler version
configure:2898: gcc --version >&5
gcc (GCC) 4.2.4 (Ubuntu 4.2.4-1ubuntu4)
Copyright (C) 2007 Free Software Foundation, Inc.
This is free software; see the source for copying conditions.  There is NO
warranty; not even for MERCHANTABILITY or FITNESS FOR A PARTICULAR PURPOSE.

configure:2902: $? = 0
configure:2909: gcc -v >&5
Using built-in specs.
Target: i486-linux-gnu
Configured with: ../src/configure -v --enable-languages=c,c++,fortran,objc,obj-c++,treelang --prefix=/usr --enable-shared --with-system-zlib --libexecdir=/usr/lib --without-included-gettext --enable-threads=posix --enable-nls --with-gxx-include-dir=/usr/include/c++/4.2 --program-suffix=-4.2 --enable-clocale=gnu --enable-libstdcxx-debug --enable-objc-gc --enable-mpfr --enable-targets=all --enable-checking=release --build=i486-linux-gnu --host=i486-linux-gnu --target=i486-linux-gnu
Thread model: posix
gcc version 4.2.4 (Ubuntu 4.2.4-1ubuntu4)
configure:2913: $? = 0
configure:2920: gcc -V >&5
gcc: '-V' option must have argument
configure:2924: $? = 1
configure:2947: checking for C compiler default output file name
configure:2969: gcc    conftest.c  >&5
configure:2973: $? = 0
configure:3011: result: a.out
configure:3030: checking whether the C compiler works
configure:3040: ./a.out
configure:3044: $? = 0
configure:3063: result: yes
configure:3070: checking whether we are cross compiling
configure:3072: result: no
configure:3075: checking for suffix of executables
configure:3082: gcc -o conftest    conftest.c  >&5
configure:3086: $? = 0
configure:3112: result: 
configure:3118: checking for suffix of object files
configure:3144: gcc -c   conftest.c >&5
configure:3148: $? = 0
configure:3173: result: o
configure:3177: checking whether we are using the GNU C compiler
configure:3206: gcc -c   conftest.c >&5
configure:3213: $? = 0
configure:3230: result: yes
configure:3239: checking whether gcc accepts -g
configure:3269: gcc -c -g  conftest.c >&5
configure:3276: $? = 0
configure:3377: result: yes
configure:3394: checking for gcc option to accept ISO C89
configure:3468: gcc  -c -g -O2  conftest.c >&5
configure:3475: $? = 0
configure:3498: result: none needed
configure:3527: checking for style of include used by make
configure:3555: result: GNU
configure:3580: checking dependency style of gcc
configure:3690: result: gcc3
configure:3709: checking for gawk
configure:3736: result: gawk
configure:3761: checking for a BSD-compatible install
configure:3829: result: /usr/bin/install -c
configure:3840: checking whether ln -s works
configure:3844: result: yes
configure:3851: checking whether make sets $(MAKE)
configure:3873: result: yes
configure:3913: checking build system type
configure:3931: result: i686-pc-linux-gnu
configure:3953: checking host system type
configure:3968: result: i686-pc-linux-gnu
configure:3990: checking for a sed that does not truncate output
configure:4056: result: /bin/sed
configure:4074: checking for grep that handles long lines and -e
configure:4134: result: /bin/grep
configure:4139: checking for egrep
configure:4203: result: /bin/grep -E
configure:4208: checking for fgrep
configure:4272: result: /bin/grep -F
configure:4307: checking for ld used by gcc
configure:4374: result: /usr/bin/ld
configure:4383: checking if the linker (/usr/bin/ld) is GNU ld
configure:4398: result: yes
configure:4410: checking for BSD- or MS-compatible name lister (nm)
configure:4459: result: /usr/bin/nm -B
configure:4577: checking the name lister (/usr/bin/nm -B) interface
configure:4584: gcc -c -g -O2  conftest.c >&5
configure:4587: /usr/bin/nm -B "conftest.o"
configure:4590: output
00000000 B some_variable
configure:4597: result: BSD nm
configure:4601: checking the maximum length of command line arguments
configure:4721: result: 98304
configure:4738: checking whether the shell understands some XSI constructs
configure:4748: result: yes
configure:4752: checking whether the shell understands "+="
configure:4758: result: yes
configure:4793: checking for /usr/bin/ld option to reload object files
configure:4800: result: -r
configure:4869: checking for objdump
configure:4885: found /usr/bin/objdump
configure:4896: result: objdump
configure:4928: checking how to recognize dependent libraries
configure:5124: result: pass_all
configure:5184: checking for ar
configure:5200: found /usr/bin/ar
configure:5211: result: ar
configure:5289: checking for strip
configure:5305: found /usr/bin/strip
configure:5316: result: strip
configure:5388: checking for ranlib
configure:5404: found /usr/bin/ranlib
configure:5415: result: ranlib
configure:5505: checking command to parse /usr/bin/nm -B output from gcc object
configure:5623: gcc -c -g -O2  conftest.c >&5
configure:5626: $? = 0
configure:5630: /usr/bin/nm -B conftest.o \| sed -n -e 's/^.*[	 ]\([ABCDGIRSTW][ABCDGIRSTW]*\)[	 ][	 ]*\([_A-Za-z][_A-Za-z0-9]*\)$/\1 \2 \2/p' \> conftest.nm
configure:5633: $? = 0
configure:5687: gcc -o conftest -g -O2   conftest.c conftstm.o >&5
configure:5690: $? = 0
configure:5728: result: ok
configure:6595: checking how to run the C preprocessor
configure:6635: gcc -E  conftest.c
configure:6642: $? = 0
configure:6673: gcc -E  conftest.c
conftest.c:8:28: error: ac_nonexistent.h: No such file or directory
configure:6680: $? = 1
configure: failed program was:
| /* confdefs.h.  */
| #define PACKAGE_NAME "maildrop"
| #define PACKAGE_TARNAME "maildrop"
| #define PACKAGE_VERSION "2.2.0"
| #define PACKAGE_STRING "maildrop 2.2.0"
| #define PACKAGE_BUGREPORT "courier-maildrop@lists.sourceforge.net"
| /* end confdefs.h.  */
| #include <ac_nonexistent.h>
configure:6713: result: gcc -E
configure:6742: gcc -E  conftest.c
configure:6749: $? = 0
configure:6780: gcc -E  conftest.c
conftest.c:8:28: error: ac_nonexistent.h: No such file or directory
configure:6787: $? = 1
configure: failed program was:
| /* confdefs.h.  */
| #define PACKAGE_NAME "maildrop"
| #define PACKAGE_TARNAME "maildrop"
| #define PACKAGE_VERSION "2.2.0"
| #define PACKAGE_STRING "maildrop 2.2.0"
| #define PACKAGE_BUGREPORT "courier-maildrop@lists.sourceforge.net"
| /* end confdefs.h.  */
| #include <ac_nonexistent.h>
configure:6827: checking for ANSI C header files
configure:6857: gcc -c -g -O2  conftest.c >&5
configure:6864: $? = 0
configure:6963: gcc -o conftest -g -O2   conftest.c  >&5
configure:6967: $? = 0
configure:6973: ./conftest
configure:6977: $? = 0
configure:6995: result: yes
configure:7019: checking for sys/types.h
configure:7040: gcc -c -g -O2  conftest.c >&5
configure:7047: $? = 0
configure:7064: result: yes
configure:7019: checking for sys/stat.h
configure:7040: gcc -c -g -O2  conftest.c >&5
configure:7047: $? = 0
configure:7064: result: yes
configure:7019: checking for stdlib.h
configure:7040: gcc -c -g -O2  conftest.c >&5
configure:7047: $? = 0
configure:7064: result: yes
configure:7019: checking for string.h
configure:7040: gcc -c -g -O2  conftest.c >&5
configure:7047: $? = 0
configure:7064: result: yes
configure:7019: checking for memory.h
configure:7040: gcc -c -g -O2  conftest.c >&5
configure:7047: $? = 0
configure:7064: result: yes
configure:7019: checking for strings.h
configure:7040: gcc -c -g -O2  conftest.c >&5
configure:7047: $? = 0
configure:7064: result: yes
configure:7019: checking for inttypes.h
configure:7040: gcc -c -g -O2  conftest.c >&5
configure:7047: $? = 0
configure:7064: result: yes
configure:7019: checking for stdint.h
configure:7040: gcc -c -g -O2  conftest.c >&5
configure:7047: $? = 0
configure:7064: result: yes
configure:7019: checking for unistd.h
configure:7040: gcc -c -g -O2  conftest.c >&5
configure:7047: $? = 0
configure:7064: result: yes
configure:7082: checking for dlfcn.h
configure:7103: gcc -c -g -O2  conftest.c >&5
configure:7110: $? = 0
configure:7127: result: yes
configure:7313: checking for objdir
configure:7328: result: .libs
configure:7620: checking if gcc supports -fno-rtti -fno-exceptions
configure:7638: gcc -c -g -O2  -fno-rtti -fno-exceptions conftest.c >&5
cc1: warning: command line option "-fno-rtti" is valid for C++/ObjC++ but not for C
configure:7642: $? = 0
configure:7655: result: no
configure:7675: checking for gcc option to produce PIC
configure:7947: result: -fPIC -DPIC
configure:7959: checking if gcc PIC flag -fPIC -DPIC works
configure:7977: gcc -c -g -O2  -fPIC -DPIC -DPIC conftest.c >&5
configure:7981: $? = 0
configure:7994: result: yes
configure:8018: checking if gcc static flag -static works
configure:8046: result: yes
configure:8061: checking if gcc supports -c -o file.o
configure:8082: gcc -c -g -O2  -o out/conftest2.o conftest.c >&5
configure:8086: $? = 0
configure:8108: result: yes
configure:8116: checking if gcc supports -c -o file.o
configure:8163: result: yes
configure:8196: checking whether the gcc linker (/usr/bin/ld) supports shared libraries
configure:9270: result: yes
configure:9307: checking whether -lc should be explicitly linked in
configure:9312: gcc -c -g -O2  conftest.c >&5
configure:9315: $? = 0
configure:9330: gcc -shared conftest.o  -v -Wl,-soname -Wl,conftest -o conftest 2\>\&1 \| /bin/grep  -lc  \>/dev/null 2\>\&1
configure:9333: $? = 0
configure:9345: result: no
configure:9509: checking dynamic linker characteristics
configure:9952: gcc -o conftest -g -O2   -Wl,-rpath -Wl,/foo conftest.c  >&5
configure:9959: $? = 0
configure:10195: result: GNU/Linux ld.so
configure:10297: checking how to hardcode library paths into programs
configure:10322: result: immediate
configure:11155: checking whether stripping libraries is possible
configure:11160: result: yes
configure:11195: checking if libtool supports shared libraries
configure:11197: result: yes
configure:11200: checking whether to build shared libraries
configure:11221: result: yes
configure:11224: checking whether to build static libraries
configure:11228: result: yes
configure:11274: checking pcre.h usability
configure:11291: gcc -c -g -O2  conftest.c >&5
configure:11298: $? = 0
configure:11312: result: yes
configure:11316: checking pcre.h presence
configure:11331: gcc -E  conftest.c
configure:11338: $? = 0
configure:11352: result: yes
configure:11385: checking for pcre.h
configure:11392: result: yes
configure:11583: checking for gdbm_open in -lgdbm
configure:11618: gcc -o conftest -g -O2   conftest.c -lgdbm   >&5
configure:11625: $? = 0
configure:11646: result: yes
configure:11657: checking for gdbm_open
configure:11713: gcc -o conftest -g -O2   conftest.c -lgdbm  >&5
configure:11720: $? = 0
configure:11740: result: yes
configure:12226: checking for gdbm or db library
configure:12228: result: gdbm
configure:12250: checking for gdbm_open in -lgdbm
configure:12313: result: yes
configure:12319: checking for gdbm_open
configure:12402: result: yes
configure:13196: creating ./config.status

## ---------------------- ##
## Running config.status. ##
## ---------------------- ##

This file was extended by maildrop config.status 2.2.0, which was
generated by GNU Autoconf 2.63.  Invocation command line was

  CONFIG_FILES    = 
  CONFIG_HEADERS  = 
  CONFIG_LINKS    = 
  CONFIG_COMMANDS = 
  $ ./config.status 

on loft2500.serverloft.com

config.status:924: creating Makefile
config.status:924: creating dbobj.h
config.status:924: creating dbobj.config
config.status:924: creating maildrop.spec
config.status:924: creating maildrop.lpspec
config.status:924: creating README.html
config.status:924: creating INSTALL.html
config.status:1135: executing depfiles commands
config.status:1135: executing libtool commands
configure:15297: === configuring in numlib (/opt/qfd-0.1/sources/maildrop/numlib)
configure:15400: running /bin/bash ./configure --disable-option-checking '--prefix=/usr/local'  '--with-db=gdbm' '--exec-prefix=/usr/local' '--enable-maildrop-uid=root' '--enable-maildrop-gid=vchkpw' '--enable-maildirquota' --cache-file=/dev/null --srcdir=.
configure:15297: === configuring in liblock (/opt/qfd-0.1/sources/maildrop/liblock)
configure:15400: running /bin/bash ./configure --disable-option-checking '--prefix=/usr/local'  '--with-db=gdbm' '--exec-prefix=/usr/local' '--enable-maildrop-uid=root' '--enable-maildrop-gid=vchkpw' '--enable-maildirquota' --cache-file=/dev/null --srcdir=.
configure:15297: === configuring in rfc822 (/opt/qfd-0.1/sources/maildrop/rfc822)
configure:15400: running /bin/bash ./configure --disable-option-checking '--prefix=/usr/local'  '--with-db=gdbm' '--exec-prefix=/usr/local' '--enable-maildrop-uid=root' '--enable-maildrop-gid=vchkpw' '--enable-maildirquota' --cache-file=/dev/null --srcdir=.
configure:15297: === configuring in rfc2045 (/opt/qfd-0.1/sources/maildrop/rfc2045)
configure:15400: running /bin/bash ./configure --disable-option-checking '--prefix=/usr/local'  '--with-db=gdbm' '--exec-prefix=/usr/local' '--enable-maildrop-uid=root' '--enable-maildrop-gid=vchkpw' '--enable-maildirquota' --cache-file=/dev/null --srcdir=.
configure:15297: === configuring in gdbmobj (/opt/qfd-0.1/sources/maildrop/gdbmobj)
configure:15400: running /bin/bash ./configure --disable-option-checking '--prefix=/usr/local'  '--with-db=gdbm' '--exec-prefix=/usr/local' '--enable-maildrop-uid=root' '--enable-maildrop-gid=vchkpw' '--enable-maildirquota' --cache-file=/dev/null --srcdir=.
configure:15297: === configuring in bdbobj (/opt/qfd-0.1/sources/maildrop/bdbobj)
configure:15400: running /bin/bash ./configure --disable-option-checking '--prefix=/usr/local'  '--with-db=gdbm' '--exec-prefix=/usr/local' '--enable-maildrop-uid=root' '--enable-maildrop-gid=vchkpw' '--enable-maildirquota' --cache-file=/dev/null --srcdir=.
configure:15297: === configuring in makedat (/opt/qfd-0.1/sources/maildrop/makedat)
configure:15400: running /bin/bash ./configure --disable-option-checking '--prefix=/usr/local'  '--with-db=gdbm' '--exec-prefix=/usr/local' '--enable-maildrop-uid=root' '--enable-maildrop-gid=vchkpw' '--enable-maildirquota' --cache-file=/dev/null --srcdir=.
configure:15297: === configuring in unicode (/opt/qfd-0.1/sources/maildrop/unicode)
configure:15400: running /bin/bash ./configure --disable-option-checking '--prefix=/usr/local'  '--with-db=gdbm' '--exec-prefix=/usr/local' '--enable-maildrop-uid=root' '--enable-maildrop-gid=vchkpw' '--enable-maildirquota' --cache-file=/dev/null --srcdir=.
configure:15297: === configuring in maildir (/opt/qfd-0.1/sources/maildrop/maildir)
configure:15400: running /bin/bash ./configure --disable-option-checking '--prefix=/usr/local'  '--with-db=gdbm' '--exec-prefix=/usr/local' '--enable-maildrop-uid=root' '--enable-maildrop-gid=vchkpw' '--enable-maildirquota' --cache-file=/dev/null --srcdir=.
configure:15297: === configuring in maildrop (/opt/qfd-0.1/sources/maildrop/maildrop)
configure:15400: running /bin/bash ./configure --disable-option-checking '--prefix=/usr/local'  '--with-db=gdbm' '--exec-prefix=/usr/local' '--enable-maildrop-uid=root' '--enable-maildrop-gid=vchkpw' '--enable-maildirquota' --cache-file=/dev/null --srcdir=.

## ---------------- ##
## Cache variables. ##
## ---------------- ##

ac_cv_build=i686-pc-linux-gnu
ac_cv_c_compiler_gnu=yes
ac_cv_env_CC_set=
ac_cv_env_CC_value=
ac_cv_env_CFLAGS_set=
ac_cv_env_CFLAGS_value=
ac_cv_env_CPPFLAGS_set=
ac_cv_env_CPPFLAGS_value=
ac_cv_env_CPP_set=
ac_cv_env_CPP_value=
ac_cv_env_LDFLAGS_set=
ac_cv_env_LDFLAGS_value=
ac_cv_env_LIBS_set=
ac_cv_env_LIBS_value=
ac_cv_env_build_alias_set=
ac_cv_env_build_alias_value=
ac_cv_env_host_alias_set=
ac_cv_env_host_alias_value=
ac_cv_env_target_alias_set=
ac_cv_env_target_alias_value=
ac_cv_func_gdbm_open=yes
ac_cv_header_dlfcn_h=yes
ac_cv_header_inttypes_h=yes
ac_cv_header_memory_h=yes
ac_cv_header_pcre_h=yes
ac_cv_header_stdc=yes
ac_cv_header_stdint_h=yes
ac_cv_header_stdlib_h=yes
ac_cv_header_string_h=yes
ac_cv_header_strings_h=yes
ac_cv_header_sys_stat_h=yes
ac_cv_header_sys_types_h=yes
ac_cv_header_unistd_h=yes
ac_cv_host=i686-pc-linux-gnu
ac_cv_lib_gdbm_gdbm_open=yes
ac_cv_objext=o
ac_cv_path_EGREP='/bin/grep -E'
ac_cv_path_FGREP='/bin/grep -F'
ac_cv_path_GREP=/bin/grep
ac_cv_path_SED=/bin/sed
ac_cv_path_install='/usr/bin/install -c'
ac_cv_path_mkdir=/bin/mkdir
ac_cv_prog_AWK=gawk
ac_cv_prog_CPP='gcc -E'
ac_cv_prog_ac_ct_AR=ar
ac_cv_prog_ac_ct_CC=gcc
ac_cv_prog_ac_ct_OBJDUMP=objdump
ac_cv_prog_ac_ct_RANLIB=ranlib
ac_cv_prog_ac_ct_STRIP=strip
ac_cv_prog_cc_c89=
ac_cv_prog_cc_g=yes
ac_cv_prog_make_make_set=yes
am_cv_CC_dependencies_compiler_type=gcc3
lt_cv_deplibs_check_method=pass_all
lt_cv_file_magic_cmd='$MAGIC_CMD'
lt_cv_file_magic_test_file=
lt_cv_ld_reload_flag=-r
lt_cv_nm_interface='BSD nm'
lt_cv_objdir=.libs
lt_cv_path_LD=/usr/bin/ld
lt_cv_path_NM='/usr/bin/nm -B'
lt_cv_prog_compiler_c_o=yes
lt_cv_prog_compiler_pic_works=yes
lt_cv_prog_compiler_rtti_exceptions=no
lt_cv_prog_compiler_static_works=yes
lt_cv_prog_gnu_ld=yes
lt_cv_sys_global_symbol_pipe='sed -n -e '\''s/^.*[	 ]\([ABCDGIRSTW][ABCDGIRSTW]*\)[	 ][	 ]*\([_A-Za-z][_A-Za-z0-9]*\)$/\1 \2 \2/p'\'''
lt_cv_sys_global_symbol_to_c_name_address='sed -n -e '\''s/^: \([^ ]*\) $/  {\"\1\", (void *) 0},/p'\'' -e '\''s/^[ABCDGIRSTW]* \([^ ]*\) \([^ ]*\)$/  {"\2", (void *) \&\2},/p'\'''
lt_cv_sys_global_symbol_to_c_name_address_lib_prefix='sed -n -e '\''s/^: \([^ ]*\) $/  {\"\1\", (void *) 0},/p'\'' -e '\''s/^[ABCDGIRSTW]* \([^ ]*\) \(lib[^ ]*\)$/  {"\2", (void *) \&\2},/p'\'' -e '\''s/^[ABCDGIRSTW]* \([^ ]*\) \([^ ]*\)$/  {"lib\2", (void *) \&\2},/p'\'''
lt_cv_sys_global_symbol_to_cdecl='sed -n -e '\''s/^T .* \(.*\)$/extern int \1();/p'\'' -e '\''s/^[ABCDGIRSTW]* .* \(.*\)$/extern char \1;/p'\'''
lt_cv_sys_max_cmd_len=98304

## ----------------- ##
## Output variables. ##
## ----------------- ##

ACLOCAL='${SHELL} /opt/qfd-0.1/sources/maildrop/missing --run aclocal-1.11'
AMDEPBACKSLASH='\'
AMDEP_FALSE='#'
AMDEP_TRUE=''
AMTAR='${SHELL} /opt/qfd-0.1/sources/maildrop/missing --run tar'
AR='ar'
AUTOCONF='${SHELL} /opt/qfd-0.1/sources/maildrop/missing --run autoconf'
AUTOHEADER='${SHELL} /opt/qfd-0.1/sources/maildrop/missing --run autoheader'
AUTOMAKE='${SHELL} /opt/qfd-0.1/sources/maildrop/missing --run automake-1.11'
AWK='gawk'
CC='gcc'
CCDEPMODE='depmode=gcc3'
CFLAGS='-g -O2'
CPP='gcc -E'
CPPFLAGS=''
CYGPATH_W='echo'
DEFS='-DPACKAGE_NAME=\"maildrop\" -DPACKAGE_TARNAME=\"maildrop\" -DPACKAGE_VERSION=\"2.2.0\" -DPACKAGE_STRING=\"maildrop\ 2.2.0\" -DPACKAGE_BUGREPORT=\"courier-maildrop@lists.sourceforge.net\" -DSTDC_HEADERS=1 -DHAVE_SYS_TYPES_H=1 -DHAVE_SYS_STAT_H=1 -DHAVE_STDLIB_H=1 -DHAVE_STRING_H=1 -DHAVE_MEMORY_H=1 -DHAVE_STRINGS_H=1 -DHAVE_INTTYPES_H=1 -DHAVE_STDINT_H=1 -DHAVE_UNISTD_H=1 -DHAVE_DLFCN_H=1 -DLT_OBJDIR=\".libs/\" -DHAVE_LIBGDBM=1 -DMAILDIRQUOTA=1 -DETCDIR=\"/etc\"'
DEPDIR='.deps'
DEVEL_FALSE=''
DEVEL_INCLUDES=''
DEVEL_LIBS=''
DEVEL_TRUE='#'
DSYMUTIL=''
DUMPBIN=''
ECHO_C=''
ECHO_N='-n'
ECHO_T=''
EGREP='/bin/grep -E'
EXEEXT=''
FGREP='/bin/grep -F'
GREP='/bin/grep'
HAVE_SGML_FALSE=''
HAVE_SGML_TRUE='#'
INSTALL_DATA='${INSTALL} -m 644'
INSTALL_DELIVERQUOTA_FALSE='#'
INSTALL_DELIVERQUOTA_TRUE=''
INSTALL_PROGRAM='${INSTALL}'
INSTALL_SCRIPT='${INSTALL}'
INSTALL_STRIP_PROGRAM='$(install_sh) -c -s'
LD='/usr/bin/ld'
LDFLAGS=''
LIBOBJS=''
LIBS=''
LIBTOOL='$(SHELL) $(top_builddir)/libtool'
LIPO=''
LN_S='ln -s'
LTLIBOBJS=''
MAKEINFO='${SHELL} /opt/qfd-0.1/sources/maildrop/missing --run makeinfo'
MKDIR_P='/bin/mkdir -p'
NM='/usr/bin/nm -B'
NMEDIT=''
OBJDUMP='objdump'
OBJEXT='o'
OTOOL64=''
OTOOL=''
PACKAGE='maildrop'
PACKAGE_BUGREPORT='courier-maildrop@lists.sourceforge.net'
PACKAGE_NAME='maildrop'
PACKAGE_STRING='maildrop 2.2.0'
PACKAGE_TARNAME='maildrop'
PACKAGE_VERSION='2.2.0'
PATH_SEPARATOR=':'
RANLIB='ranlib'
REPOSITORY=''
SED='/bin/sed'
SET_MAKE=''
SHELL='/bin/bash'
STRIP='strip'
USE_DB='0'
USE_GDBM='1'
VERSION='2.2.0'
ac_ct_CC='gcc'
ac_ct_DUMPBIN=''
am__EXEEXT_FALSE=''
am__EXEEXT_TRUE='#'
am__fastdepCC_FALSE='#'
am__fastdepCC_TRUE=''
am__include='include'
am__isrc=''
am__leading_dot='.'
am__quote=''
am__tar='${AMTAR} chof - "$$tardir"'
am__untar='${AMTAR} xf -'
bindir='${exec_prefix}/bin'
build='i686-pc-linux-gnu'
build_alias=''
build_cpu='i686'
build_os='linux-gnu'
build_vendor='pc'
datadir='${datarootdir}'
datarootdir='${prefix}/share'
dblibrary='gdbmobj/libgdbmobj.la'
docdir='${datarootdir}/doc/${PACKAGE_TARNAME}'
dvidir='${docdir}'
exec_prefix='/usr/local'
host='i686-pc-linux-gnu'
host_alias=''
host_cpu='i686'
host_os='linux-gnu'
host_vendor='pc'
htmldir='${docdir}'
includedir='${prefix}/include'
infodir='${datarootdir}/info'
install_sh='${SHELL} /opt/qfd-0.1/sources/maildrop/install-sh'
libdir='/usr/local/lib'
libexecdir='${exec_prefix}/libexec'
localedir='${datarootdir}/locale'
localstatedir='${prefix}/var'
lt_ECHO='echo'
mandir='${datarootdir}/man'
mkdir_p='/bin/mkdir -p'
oldincludedir='/usr/include'
pdfdir='${docdir}'
prefix='/usr/local'
program_transform_name='s,x,x,'
psdir='${docdir}'
sbindir='${exec_prefix}/sbin'
sharedstatedir='${prefix}/com'
subdirs=' numlib liblock rfc822 rfc2045 gdbmobj bdbobj makedat unicode maildir maildrop'
sysconfdir='${prefix}/etc'
target_alias=''
withetcdir='/etc'

## ----------- ##
## confdefs.h. ##
## ----------- ##

#define PACKAGE_NAME "maildrop"
#define PACKAGE_TARNAME "maildrop"
#define PACKAGE_VERSION "2.2.0"
#define PACKAGE_STRING "maildrop 2.2.0"
#define PACKAGE_BUGREPORT "courier-maildrop@lists.sourceforge.net"
#define STDC_HEADERS 1
#define HAVE_SYS_TYPES_H 1
#define HAVE_SYS_STAT_H 1
#define HAVE_STDLIB_H 1
#define HAVE_STRING_H 1
#define HAVE_MEMORY_H 1
#define HAVE_STRINGS_H 1
#define HAVE_INTTYPES_H 1
#define HAVE_STDINT_H 1
#define HAVE_UNISTD_H 1
#define HAVE_DLFCN_H 1
#define LT_OBJDIR ".libs/"
#define HAVE_LIBGDBM 1
#define MAILDIRQUOTA 1
#define ETCDIR "/etc"

configure: exit 0
