This file contains any messages produced by compilers while
running configure, to aid debugging if configure makes a mistake.

It was created by rfc822lib configure 0.12, which was
generated by GNU Autoconf 2.63.  Invocation command line was

  $ ./configure --disable-option-checking --prefix=/usr/local --with-db=gdbm --exec-prefix=/usr/local --enable-maildrop-uid=root --enable-maildrop-gid=vchkpw --enable-maildirquota --cache-file=/dev/null --srcdir=.

## --------- ##
## Platform. ##
## --------- ##

hostname = loft2500.serverloft.com
uname -m = i686
uname -r = 2.6.24-26-generic
uname -s = Linux
uname -v = #1 SMP Tue Dec 1 18:37:31 UTC 2009

/usr/bin/uname -p = unknown
/bin/uname -X     = unknown

/bin/arch              = unknown
/usr/bin/arch -k       = unknown
/usr/convex/getsysinfo = unknown
/usr/bin/hostinfo      = unknown
/bin/machine           = unknown
/usr/bin/oslevel       = unknown
/bin/universe          = unknown

PATH: /usr/local/sbin
PATH: /usr/local/bin
PATH: /usr/sbin
PATH: /usr/bin
PATH: /sbin
PATH: /bin
PATH: /usr/games


## ----------- ##
## Core tests. ##
## ----------- ##

configure:2073: checking for a BSD-compatible install
configure:2141: result: /usr/bin/install -c
configure:2152: checking whether build environment is sane
configure:2212: result: yes
configure:2353: checking for a thread-safe mkdir -p
configure:2392: result: /bin/mkdir -p
configure:2405: checking for gawk
configure:2421: found /usr/bin/gawk
configure:2432: result: gawk
configure:2443: checking whether make sets $(MAKE)
configure:2465: result: yes
configure:2553: checking for style of include used by make
configure:2581: result: GNU
configure:2651: checking for gcc
configure:2667: found /usr/bin/gcc
configure:2678: result: gcc
configure:2910: checking for C compiler version
configure:2918: gcc --version >&5
gcc (GCC) 4.2.4 (Ubuntu 4.2.4-1ubuntu4)
Copyright (C) 2007 Free Software Foundation, Inc.
This is free software; see the source for copying conditions.  There is NO
warranty; not even for MERCHANTABILITY or FITNESS FOR A PARTICULAR PURPOSE.

configure:2922: $? = 0
configure:2929: gcc -v >&5
Using built-in specs.
Target: i486-linux-gnu
Configured with: ../src/configure -v --enable-languages=c,c++,fortran,objc,obj-c++,treelang --prefix=/usr --enable-shared --with-system-zlib --libexecdir=/usr/lib --without-included-gettext --enable-threads=posix --enable-nls --with-gxx-include-dir=/usr/include/c++/4.2 --program-suffix=-4.2 --enable-clocale=gnu --enable-libstdcxx-debug --enable-objc-gc --enable-mpfr --enable-targets=all --enable-checking=release --build=i486-linux-gnu --host=i486-linux-gnu --target=i486-linux-gnu
Thread model: posix
gcc version 4.2.4 (Ubuntu 4.2.4-1ubuntu4)
configure:2933: $? = 0
configure:2940: gcc -V >&5
gcc: '-V' option must have argument
configure:2944: $? = 1
configure:2967: checking for C compiler default output file name
configure:2989: gcc    conftest.c  >&5
configure:2993: $? = 0
configure:3031: result: a.out
configure:3050: checking whether the C compiler works
configure:3060: ./a.out
configure:3064: $? = 0
configure:3083: result: yes
configure:3090: checking whether we are cross compiling
configure:3092: result: no
configure:3095: checking for suffix of executables
configure:3102: gcc -o conftest    conftest.c  >&5
configure:3106: $? = 0
configure:3132: result: 
configure:3138: checking for suffix of object files
configure:3164: gcc -c   conftest.c >&5
configure:3168: $? = 0
configure:3193: result: o
configure:3197: checking whether we are using the GNU C compiler
configure:3226: gcc -c   conftest.c >&5
configure:3233: $? = 0
configure:3250: result: yes
configure:3259: checking whether gcc accepts -g
configure:3289: gcc -c -g  conftest.c >&5
configure:3296: $? = 0
configure:3397: result: yes
configure:3414: checking for gcc option to accept ISO C89
configure:3488: gcc  -c -g -O2  conftest.c >&5
configure:3495: $? = 0
configure:3518: result: none needed
configure:3538: checking dependency style of gcc
configure:3648: result: gcc3
configure:3669: checking how to run the C preprocessor
configure:3709: gcc -E  conftest.c
configure:3716: $? = 0
configure:3747: gcc -E  conftest.c
conftest.c:3:28: error: ac_nonexistent.h: No such file or directory
configure:3754: $? = 1
configure: failed program was:
| /* confdefs.h.  */
| /* end confdefs.h.  */
| #include <ac_nonexistent.h>
configure:3787: result: gcc -E
configure:3816: gcc -E  conftest.c
configure:3823: $? = 0
configure:3854: gcc -E  conftest.c
conftest.c:3:28: error: ac_nonexistent.h: No such file or directory
configure:3861: $? = 1
configure: failed program was:
| /* confdefs.h.  */
| /* end confdefs.h.  */
| #include <ac_nonexistent.h>
configure:3901: checking for grep that handles long lines and -e
configure:3961: result: /bin/grep
configure:3966: checking for egrep
configure:4030: result: /bin/grep -E
configure:4035: checking for ANSI C header files
configure:4065: gcc -c -g -O2  conftest.c >&5
configure:4072: $? = 0
configure:4171: gcc -o conftest -g -O2   conftest.c  >&5
configure:4175: $? = 0
configure:4181: ./conftest
configure:4185: $? = 0
configure:4203: result: yes
configure:4227: checking for sys/types.h
configure:4248: gcc -c -g -O2  conftest.c >&5
configure:4255: $? = 0
configure:4272: result: yes
configure:4227: checking for sys/stat.h
configure:4248: gcc -c -g -O2  conftest.c >&5
configure:4255: $? = 0
configure:4272: result: yes
configure:4227: checking for stdlib.h
configure:4248: gcc -c -g -O2  conftest.c >&5
configure:4255: $? = 0
configure:4272: result: yes
configure:4227: checking for string.h
configure:4248: gcc -c -g -O2  conftest.c >&5
configure:4255: $? = 0
configure:4272: result: yes
configure:4227: checking for memory.h
configure:4248: gcc -c -g -O2  conftest.c >&5
configure:4255: $? = 0
configure:4272: result: yes
configure:4227: checking for strings.h
configure:4248: gcc -c -g -O2  conftest.c >&5
configure:4255: $? = 0
configure:4272: result: yes
configure:4227: checking for inttypes.h
configure:4248: gcc -c -g -O2  conftest.c >&5
configure:4255: $? = 0
configure:4272: result: yes
configure:4227: checking for stdint.h
configure:4248: gcc -c -g -O2  conftest.c >&5
configure:4255: $? = 0
configure:4272: result: yes
configure:4227: checking for unistd.h
configure:4248: gcc -c -g -O2  conftest.c >&5
configure:4255: $? = 0
configure:4272: result: yes
configure:4297: checking minix/config.h usability
configure:4314: gcc -c -g -O2  conftest.c >&5
conftest.c:46:26: error: minix/config.h: No such file or directory
configure:4321: $? = 1
configure: failed program was:
| /* confdefs.h.  */
| #define STDC_HEADERS 1
| #define HAVE_SYS_TYPES_H 1
| #define HAVE_SYS_STAT_H 1
| #define HAVE_STDLIB_H 1
| #define HAVE_STRING_H 1
| #define HAVE_MEMORY_H 1
| #define HAVE_STRINGS_H 1
| #define HAVE_INTTYPES_H 1
| #define HAVE_STDINT_H 1
| #define HAVE_UNISTD_H 1
| /* end confdefs.h.  */
| #include <stdio.h>
| #ifdef HAVE_SYS_TYPES_H
| # include <sys/types.h>
| #endif
| #ifdef HAVE_SYS_STAT_H
| # include <sys/stat.h>
| #endif
| #ifdef STDC_HEADERS
| # include <stdlib.h>
| # include <stddef.h>
| #else
| # ifdef HAVE_STDLIB_H
| #  include <stdlib.h>
| # endif
| #endif
| #ifdef HAVE_STRING_H
| # if !defined STDC_HEADERS && defined HAVE_MEMORY_H
| #  include <memory.h>
| # endif
| # include <string.h>
| #endif
| #ifdef HAVE_STRINGS_H
| # include <strings.h>
| #endif
| #ifdef HAVE_INTTYPES_H
| # include <inttypes.h>
| #endif
| #ifdef HAVE_STDINT_H
| # include <stdint.h>
| #endif
| #ifdef HAVE_UNISTD_H
| # include <unistd.h>
| #endif
| #include <minix/config.h>
configure:4335: result: no
configure:4339: checking minix/config.h presence
configure:4354: gcc -E  conftest.c
conftest.c:13:26: error: minix/config.h: No such file or directory
configure:4361: $? = 1
configure: failed program was:
| /* confdefs.h.  */
| #define STDC_HEADERS 1
| #define HAVE_SYS_TYPES_H 1
| #define HAVE_SYS_STAT_H 1
| #define HAVE_STDLIB_H 1
| #define HAVE_STRING_H 1
| #define HAVE_MEMORY_H 1
| #define HAVE_STRINGS_H 1
| #define HAVE_INTTYPES_H 1
| #define HAVE_STDINT_H 1
| #define HAVE_UNISTD_H 1
| /* end confdefs.h.  */
| #include <minix/config.h>
configure:4375: result: no
configure:4408: checking for minix/config.h
configure:4415: result: no
configure:4446: checking whether it is safe to define __EXTENSIONS__
configure:4474: gcc -c -g -O2  conftest.c >&5
configure:4481: $? = 0
configure:4496: result: yes
configure:4568: checking for gcc
configure:4595: result: gcc
configure:4827: checking for C compiler version
configure:4835: gcc --version >&5
gcc (GCC) 4.2.4 (Ubuntu 4.2.4-1ubuntu4)
Copyright (C) 2007 Free Software Foundation, Inc.
This is free software; see the source for copying conditions.  There is NO
warranty; not even for MERCHANTABILITY or FITNESS FOR A PARTICULAR PURPOSE.

configure:4839: $? = 0
configure:4846: gcc -v >&5
Using built-in specs.
Target: i486-linux-gnu
Configured with: ../src/configure -v --enable-languages=c,c++,fortran,objc,obj-c++,treelang --prefix=/usr --enable-shared --with-system-zlib --libexecdir=/usr/lib --without-included-gettext --enable-threads=posix --enable-nls --with-gxx-include-dir=/usr/include/c++/4.2 --program-suffix=-4.2 --enable-clocale=gnu --enable-libstdcxx-debug --enable-objc-gc --enable-mpfr --enable-targets=all --enable-checking=release --build=i486-linux-gnu --host=i486-linux-gnu --target=i486-linux-gnu
Thread model: posix
gcc version 4.2.4 (Ubuntu 4.2.4-1ubuntu4)
configure:4850: $? = 0
configure:4857: gcc -V >&5
gcc: '-V' option must have argument
configure:4861: $? = 1
configure:4864: checking whether we are using the GNU C compiler
configure:4917: result: yes
configure:4926: checking whether gcc accepts -g
configure:5064: result: yes
configure:5081: checking for gcc option to accept ISO C89
configure:5185: result: none needed
configure:5205: checking dependency style of gcc
configure:5315: result: gcc3
configure:5361: checking build system type
configure:5379: result: i686-pc-linux-gnu
configure:5401: checking host system type
configure:5416: result: i686-pc-linux-gnu
configure:5438: checking for a sed that does not truncate output
configure:5504: result: /bin/sed
configure:5522: checking for fgrep
configure:5586: result: /bin/grep -F
configure:5621: checking for ld used by gcc
configure:5688: result: /usr/bin/ld
configure:5697: checking if the linker (/usr/bin/ld) is GNU ld
configure:5712: result: yes
configure:5724: checking for BSD- or MS-compatible name lister (nm)
configure:5773: result: /usr/bin/nm -B
configure:5891: checking the name lister (/usr/bin/nm -B) interface
configure:5898: gcc -c -g -O2  conftest.c >&5
configure:5901: /usr/bin/nm -B "conftest.o"
configure:5904: output
00000000 B some_variable
configure:5911: result: BSD nm
configure:5914: checking whether ln -s works
configure:5918: result: yes
configure:5926: checking the maximum length of command line arguments
configure:6046: result: 98304
configure:6063: checking whether the shell understands some XSI constructs
configure:6073: result: yes
configure:6077: checking whether the shell understands "+="
configure:6083: result: yes
configure:6118: checking for /usr/bin/ld option to reload object files
configure:6125: result: -r
configure:6194: checking for objdump
configure:6210: found /usr/bin/objdump
configure:6221: result: objdump
configure:6253: checking how to recognize dependent libraries
configure:6449: result: pass_all
configure:6509: checking for ar
configure:6525: found /usr/bin/ar
configure:6536: result: ar
configure:6614: checking for strip
configure:6630: found /usr/bin/strip
configure:6641: result: strip
configure:6713: checking for ranlib
configure:6729: found /usr/bin/ranlib
configure:6740: result: ranlib
configure:6830: checking command to parse /usr/bin/nm -B output from gcc object
configure:6948: gcc -c -g -O2  conftest.c >&5
configure:6951: $? = 0
configure:6955: /usr/bin/nm -B conftest.o \| sed -n -e 's/^.*[	 ]\([ABCDGIRSTW][ABCDGIRSTW]*\)[	 ][	 ]*\([_A-Za-z][_A-Za-z0-9]*\)$/\1 \2 \2/p' \> conftest.nm
configure:6958: $? = 0
configure:7012: gcc -o conftest -g -O2   conftest.c conftstm.o >&5
configure:7015: $? = 0
configure:7053: result: ok
configure:7918: checking for dlfcn.h
configure:7939: gcc -c -g -O2  conftest.c >&5
configure:7946: $? = 0
configure:7963: result: yes
configure:8149: checking for objdir
configure:8164: result: .libs
configure:8456: checking if gcc supports -fno-rtti -fno-exceptions
configure:8474: gcc -c -g -O2  -fno-rtti -fno-exceptions conftest.c >&5
cc1: warning: command line option "-fno-rtti" is valid for C++/ObjC++ but not for C
configure:8478: $? = 0
configure:8491: result: no
configure:8511: checking for gcc option to produce PIC
configure:8783: result: -fPIC -DPIC
configure:8795: checking if gcc PIC flag -fPIC -DPIC works
configure:8813: gcc -c -g -O2  -fPIC -DPIC -DPIC conftest.c >&5
configure:8817: $? = 0
configure:8830: result: yes
configure:8854: checking if gcc static flag -static works
configure:8882: result: yes
configure:8897: checking if gcc supports -c -o file.o
configure:8918: gcc -c -g -O2  -o out/conftest2.o conftest.c >&5
configure:8922: $? = 0
configure:8944: result: yes
configure:8952: checking if gcc supports -c -o file.o
configure:8999: result: yes
configure:9032: checking whether the gcc linker (/usr/bin/ld) supports shared libraries
configure:10106: result: yes
configure:10143: checking whether -lc should be explicitly linked in
configure:10148: gcc -c -g -O2  conftest.c >&5
configure:10151: $? = 0
configure:10166: gcc -shared conftest.o  -v -Wl,-soname -Wl,conftest -o conftest 2\>\&1 \| /bin/grep  -lc  \>/dev/null 2\>\&1
configure:10169: $? = 0
configure:10181: result: no
configure:10345: checking dynamic linker characteristics
configure:10788: gcc -o conftest -g -O2   -Wl,-rpath -Wl,/foo conftest.c  >&5
configure:10795: $? = 0
configure:11031: result: GNU/Linux ld.so
configure:11133: checking how to hardcode library paths into programs
configure:11158: result: immediate
configure:11991: checking whether stripping libraries is possible
configure:11996: result: yes
configure:12031: checking if libtool supports shared libraries
configure:12033: result: yes
configure:12036: checking whether to build shared libraries
configure:12057: result: yes
configure:12060: checking whether to build static libraries
configure:12064: result: yes
configure:12106: checking for ANSI C header files
configure:12274: result: yes
configure:12300: checking locale.h usability
configure:12317: gcc -c -g -O2 -Wall  conftest.c >&5
configure:12324: $? = 0
configure:12338: result: yes
configure:12342: checking locale.h presence
configure:12357: gcc -E  conftest.c
configure:12364: $? = 0
configure:12378: result: yes
configure:12411: checking for locale.h
configure:12420: result: yes
configure:12436: checking for an ANSI C-conforming const
configure:12511: gcc -c -g -O2 -Wall  conftest.c >&5
conftest.c: In function 'main':
conftest.c:51: warning: 't' is used uninitialized in this function
conftest.c:67: warning: 'b' is used uninitialized in this function
conftest.c:73: warning: 'cs[0]' is used uninitialized in this function
configure:12518: $? = 0
configure:12533: result: yes
configure:12543: checking for size_t
configure:12571: gcc -c -g -O2 -Wall  conftest.c >&5
configure:12578: $? = 0
configure:12605: gcc -c -g -O2 -Wall  conftest.c >&5
conftest.c: In function 'main':
conftest.c:58: error: expected expression before ')' token
configure:12612: $? = 1
configure: failed program was:
| /* confdefs.h.  */
| #define STDC_HEADERS 1
| #define HAVE_SYS_TYPES_H 1
| #define HAVE_SYS_STAT_H 1
| #define HAVE_STDLIB_H 1
| #define HAVE_STRING_H 1
| #define HAVE_MEMORY_H 1
| #define HAVE_STRINGS_H 1
| #define HAVE_INTTYPES_H 1
| #define HAVE_STDINT_H 1
| #define HAVE_UNISTD_H 1
| #define __EXTENSIONS__ 1
| #define _ALL_SOURCE 1
| #define _GNU_SOURCE 1
| #define _POSIX_PTHREAD_SEMANTICS 1
| #define _TANDEM_SOURCE 1
| #define HAVE_DLFCN_H 1
| #define LT_OBJDIR ".libs/"
| #define STDC_HEADERS 1
| #define HAVE_LOCALE_H 1
| /* end confdefs.h.  */
| #include <stdio.h>
| #ifdef HAVE_SYS_TYPES_H
| # include <sys/types.h>
| #endif
| #ifdef HAVE_SYS_STAT_H
| # include <sys/stat.h>
| #endif
| #ifdef STDC_HEADERS
| # include <stdlib.h>
| # include <stddef.h>
| #else
| # ifdef HAVE_STDLIB_H
| #  include <stdlib.h>
| # endif
| #endif
| #ifdef HAVE_STRING_H
| # if !defined STDC_HEADERS && defined HAVE_MEMORY_H
| #  include <memory.h>
| # endif
| # include <string.h>
| #endif
| #ifdef HAVE_STRINGS_H
| # include <strings.h>
| #endif
| #ifdef HAVE_INTTYPES_H
| # include <inttypes.h>
| #endif
| #ifdef HAVE_STDINT_H
| # include <stdint.h>
| #endif
| #ifdef HAVE_UNISTD_H
| # include <unistd.h>
| #endif
| int
| main ()
| {
| if (sizeof ((size_t)))
| 	  return 0;
|   ;
|   return 0;
| }
configure:12635: result: yes
configure:12647: checking whether struct tm is in sys/time.h or time.h
configure:12677: gcc -c -g -O2 -Wall  conftest.c >&5
configure:12684: $? = 0
configure:12699: result: time.h
configure:12717: checking for strcasecmp
configure:12773: gcc -o conftest -g -O2 -Wall   conftest.c  >&5
conftest.c:45: warning: conflicting types for built-in function 'strcasecmp'
configure:12780: $? = 0
configure:12802: result: yes
configure:12717: checking for strncasecmp
configure:12773: gcc -o conftest -g -O2 -Wall   conftest.c  >&5
conftest.c:46: warning: conflicting types for built-in function 'strncasecmp'
configure:12780: $? = 0
configure:12802: result: yes
configure:12717: checking for setlocale
configure:12773: gcc -o conftest -g -O2 -Wall   conftest.c  >&5
configure:12780: $? = 0
configure:12802: result: yes
configure:12815: checking how to calculate alternate timezone
configure:12850: gcc -c -g -O2 -Wall  conftest.c >&5
conftest.c: In function 'main':
conftest.c:33: warning: 'main' is normally a non-static function
conftest.c: In function 'main':
conftest.c:34: error: 'altzone' undeclared (first use in this function)
conftest.c:34: error: (Each undeclared identifier is reported only once
conftest.c:34: error: for each function it appears in.)
conftest.c:34: warning: unused variable 't'
configure:12857: $? = 1
configure: failed program was:
| /* confdefs.h.  */
| #define STDC_HEADERS 1
| #define HAVE_SYS_TYPES_H 1
| #define HAVE_SYS_STAT_H 1
| #define HAVE_STDLIB_H 1
| #define HAVE_STRING_H 1
| #define HAVE_MEMORY_H 1
| #define HAVE_STRINGS_H 1
| #define HAVE_INTTYPES_H 1
| #define HAVE_STDINT_H 1
| #define HAVE_UNISTD_H 1
| #define __EXTENSIONS__ 1
| #define _ALL_SOURCE 1
| #define _GNU_SOURCE 1
| #define _POSIX_PTHREAD_SEMANTICS 1
| #define _TANDEM_SOURCE 1
| #define HAVE_DLFCN_H 1
| #define LT_OBJDIR ".libs/"
| #define STDC_HEADERS 1
| #define HAVE_LOCALE_H 1
| #define HAVE_STRCASECMP 1
| #define HAVE_STRNCASECMP 1
| #define HAVE_SETLOCALE 1
| /* end confdefs.h.  */
| 
| #include	<time.h>
| 
| int
| main ()
| {
| 
| int main()
| {
| time_t	t=altzone;
| 
| 	return (0);
| }
| 
|   ;
|   return 0;
| }
configure:12897: gcc -c -g -O2 -Wall  conftest.c >&5
conftest.c: In function 'main':
conftest.c:33: warning: 'main' is normally a non-static function
conftest.c: In function 'main':
conftest.c:34: warning: unused variable 'n'
configure:12904: $? = 0
configure:12978: result: daylight
configure:13167: creating ./config.status

## ---------------------- ##
## Running config.status. ##
## ---------------------- ##

This file was extended by rfc822lib config.status 0.12, which was
generated by GNU Autoconf 2.63.  Invocation command line was

  CONFIG_FILES    = 
  CONFIG_HEADERS  = 
  CONFIG_LINKS    = 
  CONFIG_COMMANDS = 
  $ ./config.status 

on loft2500.serverloft.com

config.status:990: creating Makefile
config.status:990: creating config.h
config.status:1264: executing depfiles commands
config.status:1264: executing libtool commands

## ---------------- ##
## Cache variables. ##
## ---------------- ##

ac_cv_build=i686-pc-linux-gnu
ac_cv_c_compiler_gnu=yes
ac_cv_c_const=yes
ac_cv_env_CC_set=
ac_cv_env_CC_value=
ac_cv_env_CFLAGS_set=
ac_cv_env_CFLAGS_value=
ac_cv_env_CPPFLAGS_set=
ac_cv_env_CPPFLAGS_value=
ac_cv_env_CPP_set=
ac_cv_env_CPP_value=
ac_cv_env_LDFLAGS_set=
ac_cv_env_LDFLAGS_value=
ac_cv_env_LIBS_set=
ac_cv_env_LIBS_value=
ac_cv_env_build_alias_set=
ac_cv_env_build_alias_value=
ac_cv_env_host_alias_set=
ac_cv_env_host_alias_value=
ac_cv_env_target_alias_set=
ac_cv_env_target_alias_value=
ac_cv_func_setlocale=yes
ac_cv_func_strcasecmp=yes
ac_cv_func_strncasecmp=yes
ac_cv_header_dlfcn_h=yes
ac_cv_header_inttypes_h=yes
ac_cv_header_locale_h=yes
ac_cv_header_memory_h=yes
ac_cv_header_minix_config_h=no
ac_cv_header_stdc=yes
ac_cv_header_stdint_h=yes
ac_cv_header_stdlib_h=yes
ac_cv_header_string_h=yes
ac_cv_header_strings_h=yes
ac_cv_header_sys_stat_h=yes
ac_cv_header_sys_types_h=yes
ac_cv_header_unistd_h=yes
ac_cv_host=i686-pc-linux-gnu
ac_cv_objext=o
ac_cv_path_EGREP='/bin/grep -E'
ac_cv_path_FGREP='/bin/grep -F'
ac_cv_path_GREP=/bin/grep
ac_cv_path_SED=/bin/sed
ac_cv_path_install='/usr/bin/install -c'
ac_cv_path_mkdir=/bin/mkdir
ac_cv_prog_AWK=gawk
ac_cv_prog_CPP='gcc -E'
ac_cv_prog_ac_ct_AR=ar
ac_cv_prog_ac_ct_CC=gcc
ac_cv_prog_ac_ct_OBJDUMP=objdump
ac_cv_prog_ac_ct_RANLIB=ranlib
ac_cv_prog_ac_ct_STRIP=strip
ac_cv_prog_cc_c89=
ac_cv_prog_cc_g=yes
ac_cv_prog_make_make_set=yes
ac_cv_safe_to_define___extensions__=yes
ac_cv_struct_tm=time.h
ac_cv_type_size_t=yes
am_cv_CC_dependencies_compiler_type=gcc3
librfc822_cv_SYS_TIMEZONE=daylight
lt_cv_deplibs_check_method=pass_all
lt_cv_file_magic_cmd='$MAGIC_CMD'
lt_cv_file_magic_test_file=
lt_cv_ld_reload_flag=-r
lt_cv_nm_interface='BSD nm'
lt_cv_objdir=.libs
lt_cv_path_LD=/usr/bin/ld
lt_cv_path_NM='/usr/bin/nm -B'
lt_cv_prog_compiler_c_o=yes
lt_cv_prog_compiler_pic_works=yes
lt_cv_prog_compiler_rtti_exceptions=no
lt_cv_prog_compiler_static_works=yes
lt_cv_prog_gnu_ld=yes
lt_cv_sys_global_symbol_pipe='sed -n -e '\''s/^.*[	 ]\([ABCDGIRSTW][ABCDGIRSTW]*\)[	 ][	 ]*\([_A-Za-z][_A-Za-z0-9]*\)$/\1 \2 \2/p'\'''
lt_cv_sys_global_symbol_to_c_name_address='sed -n -e '\''s/^: \([^ ]*\) $/  {\"\1\", (void *) 0},/p'\'' -e '\''s/^[ABCDGIRSTW]* \([^ ]*\) \([^ ]*\)$/  {"\2", (void *) \&\2},/p'\'''
lt_cv_sys_global_symbol_to_c_name_address_lib_prefix='sed -n -e '\''s/^: \([^ ]*\) $/  {\"\1\", (void *) 0},/p'\'' -e '\''s/^[ABCDGIRSTW]* \([^ ]*\) \(lib[^ ]*\)$/  {"\2", (void *) \&\2},/p'\'' -e '\''s/^[ABCDGIRSTW]* \([^ ]*\) \([^ ]*\)$/  {"lib\2", (void *) \&\2},/p'\'''
lt_cv_sys_global_symbol_to_cdecl='sed -n -e '\''s/^T .* \(.*\)$/extern int \1();/p'\'' -e '\''s/^[ABCDGIRSTW]* .* \(.*\)$/extern char \1;/p'\'''
lt_cv_sys_max_cmd_len=98304

## ----------------- ##
## Output variables. ##
## ----------------- ##

ACLOCAL='${SHELL} /opt/qfd-0.1/sources/maildrop/missing --run aclocal-1.11'
AMDEPBACKSLASH='\'
AMDEP_FALSE='#'
AMDEP_TRUE=''
AMTAR='${SHELL} /opt/qfd-0.1/sources/maildrop/missing --run tar'
AR='ar'
AUTOCONF='${SHELL} /opt/qfd-0.1/sources/maildrop/missing --run autoconf'
AUTOHEADER='${SHELL} /opt/qfd-0.1/sources/maildrop/missing --run autoheader'
AUTOMAKE='${SHELL} /opt/qfd-0.1/sources/maildrop/missing --run automake-1.11'
AWK='gawk'
CC='gcc'
CCDEPMODE='depmode=gcc3'
CFLAGS='-g -O2 -Wall'
CPP='gcc -E'
CPPFLAGS=''
CYGPATH_W='echo'
DEFS='-DHAVE_CONFIG_H'
DEPDIR='.deps'
DSYMUTIL=''
DUMPBIN=''
ECHO_C=''
ECHO_N='-n'
ECHO_T=''
EGREP='/bin/grep -E'
EXEEXT=''
FGREP='/bin/grep -F'
GREP='/bin/grep'
HAVE_SGML_FALSE=''
HAVE_SGML_TRUE='#'
INSTALL_DATA='${INSTALL} -m 644'
INSTALL_PROGRAM='${INSTALL}'
INSTALL_SCRIPT='${INSTALL}'
INSTALL_STRIP_PROGRAM='$(install_sh) -c -s'
LD='/usr/bin/ld'
LDFLAGS=''
LIBOBJS=''
LIBS=''
LIBTOOL='$(SHELL) $(top_builddir)/libtool'
LIPO=''
LN_S='ln -s'
LTLIBOBJS=''
MAKEINFO='${SHELL} /opt/qfd-0.1/sources/maildrop/missing --run makeinfo'
MKDIR_P='/bin/mkdir -p'
NM='/usr/bin/nm -B'
NMEDIT=''
OBJDUMP='objdump'
OBJEXT='o'
OTOOL64=''
OTOOL=''
PACKAGE='rfc822lib'
PACKAGE_BUGREPORT='courier-users@lists.sourceforge.net'
PACKAGE_NAME='rfc822lib'
PACKAGE_STRING='rfc822lib 0.12'
PACKAGE_TARNAME='rfc822lib'
PACKAGE_VERSION='0.12'
PATH_SEPARATOR=':'
RANLIB='ranlib'
SED='/bin/sed'
SET_MAKE=''
SHELL='/bin/bash'
STRIP='strip'
VERSION='0.12'
ac_ct_CC='gcc'
ac_ct_DUMPBIN=''
am__EXEEXT_FALSE=''
am__EXEEXT_TRUE='#'
am__fastdepCC_FALSE='#'
am__fastdepCC_TRUE=''
am__include='include'
am__isrc=''
am__leading_dot='.'
am__quote=''
am__tar='${AMTAR} chof - "$$tardir"'
am__untar='${AMTAR} xf -'
bindir='${exec_prefix}/bin'
build='i686-pc-linux-gnu'
build_alias=''
build_cpu='i686'
build_os='linux-gnu'
build_vendor='pc'
datadir='${datarootdir}'
datarootdir='${prefix}/share'
docdir='${datarootdir}/doc/${PACKAGE_TARNAME}'
dvidir='${docdir}'
exec_prefix='/usr/local'
host='i686-pc-linux-gnu'
host_alias=''
host_cpu='i686'
host_os='linux-gnu'
host_vendor='pc'
htmldir='${docdir}'
includedir='${prefix}/include'
infodir='${datarootdir}/info'
install_sh='${SHELL} /opt/qfd-0.1/sources/maildrop/install-sh'
libdir='${exec_prefix}/lib'
libexecdir='${exec_prefix}/libexec'
localedir='${datarootdir}/locale'
localstatedir='${prefix}/var'
lt_ECHO='echo'
mandir='${datarootdir}/man'
mkdir_p='/bin/mkdir -p'
oldincludedir='/usr/include'
pdfdir='${docdir}'
prefix='/usr/local'
program_transform_name='s,x,x,'
psdir='${docdir}'
sbindir='${exec_prefix}/sbin'
sharedstatedir='${prefix}/com'
sysconfdir='${prefix}/etc'
target_alias=''

## ----------- ##
## confdefs.h. ##
## ----------- ##

#define STDC_HEADERS 1
#define HAVE_SYS_TYPES_H 1
#define HAVE_SYS_STAT_H 1
#define HAVE_STDLIB_H 1
#define HAVE_STRING_H 1
#define HAVE_MEMORY_H 1
#define HAVE_STRINGS_H 1
#define HAVE_INTTYPES_H 1
#define HAVE_STDINT_H 1
#define HAVE_UNISTD_H 1
#define __EXTENSIONS__ 1
#define _ALL_SOURCE 1
#define _GNU_SOURCE 1
#define _POSIX_PTHREAD_SEMANTICS 1
#define _TANDEM_SOURCE 1
#define HAVE_DLFCN_H 1
#define LT_OBJDIR ".libs/"
#define STDC_HEADERS 1
#define HAVE_LOCALE_H 1
#define HAVE_STRCASECMP 1
#define HAVE_STRNCASECMP 1
#define HAVE_SETLOCALE 1
#define USE_TIME_DAYLIGHT 1
#define HAVE_LIBUNICODE 1

configure: exit 0
