This file contains any messages produced by compilers while
running configure, to aid debugging if configure makes a mistake.

It was created by maildir configure 0.11, which was
generated by GNU Autoconf 2.63.  Invocation command line was

  $ ./configure --disable-option-checking --prefix=/usr/local --with-db=gdbm --exec-prefix=/usr/local --enable-maildrop-uid=root --enable-maildrop-gid=vchkpw --enable-maildirquota --cache-file=/dev/null --srcdir=.

## --------- ##
## Platform. ##
## --------- ##

hostname = loft2500.serverloft.com
uname -m = i686
uname -r = 2.6.24-26-generic
uname -s = Linux
uname -v = #1 SMP Tue Dec 1 18:37:31 UTC 2009

/usr/bin/uname -p = unknown
/bin/uname -X     = unknown

/bin/arch              = unknown
/usr/bin/arch -k       = unknown
/usr/convex/getsysinfo = unknown
/usr/bin/hostinfo      = unknown
/bin/machine           = unknown
/usr/bin/oslevel       = unknown
/bin/universe          = unknown

PATH: /usr/local/sbin
PATH: /usr/local/bin
PATH: /usr/sbin
PATH: /usr/bin
PATH: /sbin
PATH: /bin
PATH: /usr/games


## ----------- ##
## Core tests. ##
## ----------- ##

configure:2092: checking build system type
configure:2110: result: i686-pc-linux-gnu
configure:2132: checking host system type
configure:2147: result: i686-pc-linux-gnu
configure:2169: checking target system type
configure:2184: result: i686-pc-linux-gnu
configure:2228: checking for a BSD-compatible install
configure:2296: result: /usr/bin/install -c
configure:2307: checking whether build environment is sane
configure:2367: result: yes
configure:2508: checking for a thread-safe mkdir -p
configure:2547: result: /bin/mkdir -p
configure:2560: checking for gawk
configure:2576: found /usr/bin/gawk
configure:2587: result: gawk
configure:2598: checking whether make sets $(MAKE)
configure:2620: result: yes
configure:2700: checking for gawk
configure:2727: result: gawk
configure:2750: checking for style of include used by make
configure:2778: result: GNU
configure:2848: checking for gcc
configure:2864: found /usr/bin/gcc
configure:2875: result: gcc
configure:3107: checking for C compiler version
configure:3115: gcc --version >&5
gcc (GCC) 4.2.4 (Ubuntu 4.2.4-1ubuntu4)
Copyright (C) 2007 Free Software Foundation, Inc.
This is free software; see the source for copying conditions.  There is NO
warranty; not even for MERCHANTABILITY or FITNESS FOR A PARTICULAR PURPOSE.

configure:3119: $? = 0
configure:3126: gcc -v >&5
Using built-in specs.
Target: i486-linux-gnu
Configured with: ../src/configure -v --enable-languages=c,c++,fortran,objc,obj-c++,treelang --prefix=/usr --enable-shared --with-system-zlib --libexecdir=/usr/lib --without-included-gettext --enable-threads=posix --enable-nls --with-gxx-include-dir=/usr/include/c++/4.2 --program-suffix=-4.2 --enable-clocale=gnu --enable-libstdcxx-debug --enable-objc-gc --enable-mpfr --enable-targets=all --enable-checking=release --build=i486-linux-gnu --host=i486-linux-gnu --target=i486-linux-gnu
Thread model: posix
gcc version 4.2.4 (Ubuntu 4.2.4-1ubuntu4)
configure:3130: $? = 0
configure:3137: gcc -V >&5
gcc: '-V' option must have argument
configure:3141: $? = 1
configure:3164: checking for C compiler default output file name
configure:3186: gcc    conftest.c  >&5
configure:3190: $? = 0
configure:3228: result: a.out
configure:3247: checking whether the C compiler works
configure:3257: ./a.out
configure:3261: $? = 0
configure:3280: result: yes
configure:3287: checking whether we are cross compiling
configure:3289: result: no
configure:3292: checking for suffix of executables
configure:3299: gcc -o conftest    conftest.c  >&5
configure:3303: $? = 0
configure:3329: result: 
configure:3335: checking for suffix of object files
configure:3361: gcc -c   conftest.c >&5
configure:3365: $? = 0
configure:3390: result: o
configure:3394: checking whether we are using the GNU C compiler
configure:3423: gcc -c   conftest.c >&5
configure:3430: $? = 0
configure:3447: result: yes
configure:3456: checking whether gcc accepts -g
configure:3486: gcc -c -g  conftest.c >&5
configure:3493: $? = 0
configure:3594: result: yes
configure:3611: checking for gcc option to accept ISO C89
configure:3685: gcc  -c -g -O2  conftest.c >&5
configure:3692: $? = 0
configure:3715: result: none needed
configure:3735: checking dependency style of gcc
configure:3845: result: gcc3
configure:3866: checking how to run the C preprocessor
configure:3906: gcc -E  conftest.c
configure:3913: $? = 0
configure:3944: gcc -E  conftest.c
conftest.c:3:28: error: ac_nonexistent.h: No such file or directory
configure:3951: $? = 1
configure: failed program was:
| /* confdefs.h.  */
| /* end confdefs.h.  */
| #include <ac_nonexistent.h>
configure:3984: result: gcc -E
configure:4013: gcc -E  conftest.c
configure:4020: $? = 0
configure:4051: gcc -E  conftest.c
conftest.c:3:28: error: ac_nonexistent.h: No such file or directory
configure:4058: $? = 1
configure: failed program was:
| /* confdefs.h.  */
| /* end confdefs.h.  */
| #include <ac_nonexistent.h>
configure:4098: checking for grep that handles long lines and -e
configure:4158: result: /bin/grep
configure:4163: checking for egrep
configure:4227: result: /bin/grep -E
configure:4232: checking for ANSI C header files
configure:4262: gcc -c -g -O2  conftest.c >&5
configure:4269: $? = 0
configure:4368: gcc -o conftest -g -O2   conftest.c  >&5
configure:4372: $? = 0
configure:4378: ./conftest
configure:4382: $? = 0
configure:4400: result: yes
configure:4424: checking for sys/types.h
configure:4445: gcc -c -g -O2  conftest.c >&5
configure:4452: $? = 0
configure:4469: result: yes
configure:4424: checking for sys/stat.h
configure:4445: gcc -c -g -O2  conftest.c >&5
configure:4452: $? = 0
configure:4469: result: yes
configure:4424: checking for stdlib.h
configure:4445: gcc -c -g -O2  conftest.c >&5
configure:4452: $? = 0
configure:4469: result: yes
configure:4424: checking for string.h
configure:4445: gcc -c -g -O2  conftest.c >&5
configure:4452: $? = 0
configure:4469: result: yes
configure:4424: checking for memory.h
configure:4445: gcc -c -g -O2  conftest.c >&5
configure:4452: $? = 0
configure:4469: result: yes
configure:4424: checking for strings.h
configure:4445: gcc -c -g -O2  conftest.c >&5
configure:4452: $? = 0
configure:4469: result: yes
configure:4424: checking for inttypes.h
configure:4445: gcc -c -g -O2  conftest.c >&5
configure:4452: $? = 0
configure:4469: result: yes
configure:4424: checking for stdint.h
configure:4445: gcc -c -g -O2  conftest.c >&5
configure:4452: $? = 0
configure:4469: result: yes
configure:4424: checking for unistd.h
configure:4445: gcc -c -g -O2  conftest.c >&5
configure:4452: $? = 0
configure:4469: result: yes
configure:4494: checking minix/config.h usability
configure:4511: gcc -c -g -O2  conftest.c >&5
conftest.c:46:26: error: minix/config.h: No such file or directory
configure:4518: $? = 1
configure: failed program was:
| /* confdefs.h.  */
| #define STDC_HEADERS 1
| #define HAVE_SYS_TYPES_H 1
| #define HAVE_SYS_STAT_H 1
| #define HAVE_STDLIB_H 1
| #define HAVE_STRING_H 1
| #define HAVE_MEMORY_H 1
| #define HAVE_STRINGS_H 1
| #define HAVE_INTTYPES_H 1
| #define HAVE_STDINT_H 1
| #define HAVE_UNISTD_H 1
| /* end confdefs.h.  */
| #include <stdio.h>
| #ifdef HAVE_SYS_TYPES_H
| # include <sys/types.h>
| #endif
| #ifdef HAVE_SYS_STAT_H
| # include <sys/stat.h>
| #endif
| #ifdef STDC_HEADERS
| # include <stdlib.h>
| # include <stddef.h>
| #else
| # ifdef HAVE_STDLIB_H
| #  include <stdlib.h>
| # endif
| #endif
| #ifdef HAVE_STRING_H
| # if !defined STDC_HEADERS && defined HAVE_MEMORY_H
| #  include <memory.h>
| # endif
| # include <string.h>
| #endif
| #ifdef HAVE_STRINGS_H
| # include <strings.h>
| #endif
| #ifdef HAVE_INTTYPES_H
| # include <inttypes.h>
| #endif
| #ifdef HAVE_STDINT_H
| # include <stdint.h>
| #endif
| #ifdef HAVE_UNISTD_H
| # include <unistd.h>
| #endif
| #include <minix/config.h>
configure:4532: result: no
configure:4536: checking minix/config.h presence
configure:4551: gcc -E  conftest.c
conftest.c:13:26: error: minix/config.h: No such file or directory
configure:4558: $? = 1
configure: failed program was:
| /* confdefs.h.  */
| #define STDC_HEADERS 1
| #define HAVE_SYS_TYPES_H 1
| #define HAVE_SYS_STAT_H 1
| #define HAVE_STDLIB_H 1
| #define HAVE_STRING_H 1
| #define HAVE_MEMORY_H 1
| #define HAVE_STRINGS_H 1
| #define HAVE_INTTYPES_H 1
| #define HAVE_STDINT_H 1
| #define HAVE_UNISTD_H 1
| /* end confdefs.h.  */
| #include <minix/config.h>
configure:4572: result: no
configure:4605: checking for minix/config.h
configure:4612: result: no
configure:4643: checking whether it is safe to define __EXTENSIONS__
configure:4671: gcc -c -g -O2  conftest.c >&5
configure:4678: $? = 0
configure:4693: result: yes
configure:4765: checking for gcc
configure:4792: result: gcc
configure:5024: checking for C compiler version
configure:5032: gcc --version >&5
gcc (GCC) 4.2.4 (Ubuntu 4.2.4-1ubuntu4)
Copyright (C) 2007 Free Software Foundation, Inc.
This is free software; see the source for copying conditions.  There is NO
warranty; not even for MERCHANTABILITY or FITNESS FOR A PARTICULAR PURPOSE.

configure:5036: $? = 0
configure:5043: gcc -v >&5
Using built-in specs.
Target: i486-linux-gnu
Configured with: ../src/configure -v --enable-languages=c,c++,fortran,objc,obj-c++,treelang --prefix=/usr --enable-shared --with-system-zlib --libexecdir=/usr/lib --without-included-gettext --enable-threads=posix --enable-nls --with-gxx-include-dir=/usr/include/c++/4.2 --program-suffix=-4.2 --enable-clocale=gnu --enable-libstdcxx-debug --enable-objc-gc --enable-mpfr --enable-targets=all --enable-checking=release --build=i486-linux-gnu --host=i486-linux-gnu --target=i486-linux-gnu
Thread model: posix
gcc version 4.2.4 (Ubuntu 4.2.4-1ubuntu4)
configure:5047: $? = 0
configure:5054: gcc -V >&5
gcc: '-V' option must have argument
configure:5058: $? = 1
configure:5061: checking whether we are using the GNU C compiler
configure:5114: result: yes
configure:5123: checking whether gcc accepts -g
configure:5261: result: yes
configure:5278: checking for gcc option to accept ISO C89
configure:5382: result: none needed
configure:5402: checking dependency style of gcc
configure:5512: result: gcc3
configure:5541: checking for a BSD-compatible install
configure:5609: result: /usr/bin/install -c
configure:5620: checking whether ln -s works
configure:5624: result: yes
configure:5660: checking for a sed that does not truncate output
configure:5726: result: /bin/sed
configure:5744: checking for fgrep
configure:5808: result: /bin/grep -F
configure:5843: checking for ld used by gcc
configure:5910: result: /usr/bin/ld
configure:5919: checking if the linker (/usr/bin/ld) is GNU ld
configure:5934: result: yes
configure:5946: checking for BSD- or MS-compatible name lister (nm)
configure:5995: result: /usr/bin/nm -B
configure:6113: checking the name lister (/usr/bin/nm -B) interface
configure:6120: gcc -c -g -O2  conftest.c >&5
configure:6123: /usr/bin/nm -B "conftest.o"
configure:6126: output
00000000 B some_variable
configure:6133: result: BSD nm
configure:6137: checking the maximum length of command line arguments
configure:6257: result: 98304
configure:6274: checking whether the shell understands some XSI constructs
configure:6284: result: yes
configure:6288: checking whether the shell understands "+="
configure:6294: result: yes
configure:6329: checking for /usr/bin/ld option to reload object files
configure:6336: result: -r
configure:6405: checking for objdump
configure:6421: found /usr/bin/objdump
configure:6432: result: objdump
configure:6464: checking how to recognize dependent libraries
configure:6660: result: pass_all
configure:6720: checking for ar
configure:6736: found /usr/bin/ar
configure:6747: result: ar
configure:6825: checking for strip
configure:6841: found /usr/bin/strip
configure:6852: result: strip
configure:6924: checking for ranlib
configure:6940: found /usr/bin/ranlib
configure:6951: result: ranlib
configure:7041: checking command to parse /usr/bin/nm -B output from gcc object
configure:7159: gcc -c -g -O2  conftest.c >&5
configure:7162: $? = 0
configure:7166: /usr/bin/nm -B conftest.o \| sed -n -e 's/^.*[	 ]\([ABCDGIRSTW][ABCDGIRSTW]*\)[	 ][	 ]*\([_A-Za-z][_A-Za-z0-9]*\)$/\1 \2 \2/p' \> conftest.nm
configure:7169: $? = 0
configure:7223: gcc -o conftest -g -O2   conftest.c conftstm.o >&5
configure:7226: $? = 0
configure:7264: result: ok
configure:8129: checking for dlfcn.h
configure:8150: gcc -c -g -O2  conftest.c >&5
configure:8157: $? = 0
configure:8174: result: yes
configure:8358: checking for objdir
configure:8373: result: .libs
configure:8665: checking if gcc supports -fno-rtti -fno-exceptions
configure:8683: gcc -c -g -O2  -fno-rtti -fno-exceptions conftest.c >&5
cc1: warning: command line option "-fno-rtti" is valid for C++/ObjC++ but not for C
configure:8687: $? = 0
configure:8700: result: no
configure:8720: checking for gcc option to produce PIC
configure:8992: result: -fPIC -DPIC
configure:9004: checking if gcc PIC flag -fPIC -DPIC works
configure:9022: gcc -c -g -O2  -fPIC -DPIC -DPIC conftest.c >&5
configure:9026: $? = 0
configure:9039: result: yes
configure:9063: checking if gcc static flag -static works
configure:9091: result: yes
configure:9106: checking if gcc supports -c -o file.o
configure:9127: gcc -c -g -O2  -o out/conftest2.o conftest.c >&5
configure:9131: $? = 0
configure:9153: result: yes
configure:9161: checking if gcc supports -c -o file.o
configure:9208: result: yes
configure:9241: checking whether the gcc linker (/usr/bin/ld) supports shared libraries
configure:10315: result: yes
configure:10352: checking whether -lc should be explicitly linked in
configure:10357: gcc -c -g -O2  conftest.c >&5
configure:10360: $? = 0
configure:10375: gcc -shared conftest.o  -v -Wl,-soname -Wl,conftest -o conftest 2\>\&1 \| /bin/grep  -lc  \>/dev/null 2\>\&1
configure:10378: $? = 0
configure:10390: result: no
configure:10554: checking dynamic linker characteristics
configure:10997: gcc -o conftest -g -O2   -Wl,-rpath -Wl,/foo conftest.c  >&5
configure:11004: $? = 0
configure:11240: result: GNU/Linux ld.so
configure:11342: checking how to hardcode library paths into programs
configure:11367: result: immediate
configure:11490: checking for shl_load
configure:11546: gcc -o conftest -g -O2   conftest.c  >&5
/tmp/ccosLXa7.o: In function `main':
/opt/qfd-0.1/sources/maildrop/maildir/conftest.c:54: undefined reference to `shl_load'
collect2: ld returned 1 exit status
configure:11553: $? = 1
configure: failed program was:
| /* confdefs.h.  */
| #define STDC_HEADERS 1
| #define HAVE_SYS_TYPES_H 1
| #define HAVE_SYS_STAT_H 1
| #define HAVE_STDLIB_H 1
| #define HAVE_STRING_H 1
| #define HAVE_MEMORY_H 1
| #define HAVE_STRINGS_H 1
| #define HAVE_INTTYPES_H 1
| #define HAVE_STDINT_H 1
| #define HAVE_UNISTD_H 1
| #define __EXTENSIONS__ 1
| #define _ALL_SOURCE 1
| #define _GNU_SOURCE 1
| #define _POSIX_PTHREAD_SEMANTICS 1
| #define _TANDEM_SOURCE 1
| #define HAVE_DLFCN_H 1
| #define LT_OBJDIR ".libs/"
| /* end confdefs.h.  */
| /* Define shl_load to an innocuous variant, in case <limits.h> declares shl_load.
|    For example, HP-UX 11i <limits.h> declares gettimeofday.  */
| #define shl_load innocuous_shl_load
| 
| /* System header to define __stub macros and hopefully few prototypes,
|     which can conflict with char shl_load (); below.
|     Prefer <limits.h> to <assert.h> if __STDC__ is defined, since
|     <limits.h> exists even on freestanding compilers.  */
| 
| #ifdef __STDC__
| # include <limits.h>
| #else
| # include <assert.h>
| #endif
| 
| #undef shl_load
| 
| /* Override any GCC internal prototype to avoid an error.
|    Use char because int might match the return type of a GCC
|    builtin and then its argument prototype would still apply.  */
| #ifdef __cplusplus
| extern "C"
| #endif
| char shl_load ();
| /* The GNU C library defines this for functions which it implements
|     to always fail with ENOSYS.  Some functions are actually named
|     something starting with __ and the normal name is an alias.  */
| #if defined __stub_shl_load || defined __stub___shl_load
| choke me
| #endif
| 
| int
| main ()
| {
| return shl_load ();
|   ;
|   return 0;
| }
configure:11573: result: no
configure:11578: checking for shl_load in -ldld
configure:11613: gcc -o conftest -g -O2   conftest.c -ldld   >&5
/usr/bin/ld: cannot find -ldld
collect2: ld returned 1 exit status
configure:11620: $? = 1
configure: failed program was:
| /* confdefs.h.  */
| #define STDC_HEADERS 1
| #define HAVE_SYS_TYPES_H 1
| #define HAVE_SYS_STAT_H 1
| #define HAVE_STDLIB_H 1
| #define HAVE_STRING_H 1
| #define HAVE_MEMORY_H 1
| #define HAVE_STRINGS_H 1
| #define HAVE_INTTYPES_H 1
| #define HAVE_STDINT_H 1
| #define HAVE_UNISTD_H 1
| #define __EXTENSIONS__ 1
| #define _ALL_SOURCE 1
| #define _GNU_SOURCE 1
| #define _POSIX_PTHREAD_SEMANTICS 1
| #define _TANDEM_SOURCE 1
| #define HAVE_DLFCN_H 1
| #define LT_OBJDIR ".libs/"
| /* end confdefs.h.  */
| 
| /* Override any GCC internal prototype to avoid an error.
|    Use char because int might match the return type of a GCC
|    builtin and then its argument prototype would still apply.  */
| #ifdef __cplusplus
| extern "C"
| #endif
| char shl_load ();
| int
| main ()
| {
| return shl_load ();
|   ;
|   return 0;
| }
configure:11641: result: no
configure:11646: checking for dlopen
configure:11702: gcc -o conftest -g -O2   conftest.c  >&5
/tmp/ccofT4ml.o: In function `main':
/opt/qfd-0.1/sources/maildrop/maildir/conftest.c:54: undefined reference to `dlopen'
collect2: ld returned 1 exit status
configure:11709: $? = 1
configure: failed program was:
| /* confdefs.h.  */
| #define STDC_HEADERS 1
| #define HAVE_SYS_TYPES_H 1
| #define HAVE_SYS_STAT_H 1
| #define HAVE_STDLIB_H 1
| #define HAVE_STRING_H 1
| #define HAVE_MEMORY_H 1
| #define HAVE_STRINGS_H 1
| #define HAVE_INTTYPES_H 1
| #define HAVE_STDINT_H 1
| #define HAVE_UNISTD_H 1
| #define __EXTENSIONS__ 1
| #define _ALL_SOURCE 1
| #define _GNU_SOURCE 1
| #define _POSIX_PTHREAD_SEMANTICS 1
| #define _TANDEM_SOURCE 1
| #define HAVE_DLFCN_H 1
| #define LT_OBJDIR ".libs/"
| /* end confdefs.h.  */
| /* Define dlopen to an innocuous variant, in case <limits.h> declares dlopen.
|    For example, HP-UX 11i <limits.h> declares gettimeofday.  */
| #define dlopen innocuous_dlopen
| 
| /* System header to define __stub macros and hopefully few prototypes,
|     which can conflict with char dlopen (); below.
|     Prefer <limits.h> to <assert.h> if __STDC__ is defined, since
|     <limits.h> exists even on freestanding compilers.  */
| 
| #ifdef __STDC__
| # include <limits.h>
| #else
| # include <assert.h>
| #endif
| 
| #undef dlopen
| 
| /* Override any GCC internal prototype to avoid an error.
|    Use char because int might match the return type of a GCC
|    builtin and then its argument prototype would still apply.  */
| #ifdef __cplusplus
| extern "C"
| #endif
| char dlopen ();
| /* The GNU C library defines this for functions which it implements
|     to always fail with ENOSYS.  Some functions are actually named
|     something starting with __ and the normal name is an alias.  */
| #if defined __stub_dlopen || defined __stub___dlopen
| choke me
| #endif
| 
| int
| main ()
| {
| return dlopen ();
|   ;
|   return 0;
| }
configure:11729: result: no
configure:11734: checking for dlopen in -ldl
configure:11769: gcc -o conftest -g -O2   conftest.c -ldl   >&5
configure:11776: $? = 0
configure:11797: result: yes
configure:11974: checking whether a program can dlopen itself
configure:12044: gcc -o conftest -g -O2  -DHAVE_DLFCN_H  -Wl,--export-dynamic conftest.c -ldl  >&5
configure:12047: $? = 0
configure:12065: result: yes
configure:12070: checking whether a statically linked program can dlopen itself
configure:12140: gcc -o conftest -g -O2  -DHAVE_DLFCN_H  -Wl,--export-dynamic -static conftest.c -ldl  >&5
/tmp/ccobpVQg.o: In function `main':
/opt/qfd-0.1/sources/maildrop/maildir/configure:12124: warning: Using 'dlopen' in statically linked applications requires at runtime the shared libraries from the glibc version used for linking
configure:12143: $? = 0
/lib/: cannot read file data: Is a directory
configure:12161: result: no
configure:12200: checking whether stripping libraries is possible
configure:12205: result: yes
configure:12240: checking if libtool supports shared libraries
configure:12242: result: yes
configure:12245: checking whether to build shared libraries
configure:12266: result: yes
configure:12269: checking whether to build static libraries
configure:12273: result: yes
configure:12367: checking for g++
configure:12383: found /usr/bin/g++
configure:12394: result: g++
configure:12421: checking for C++ compiler version
configure:12429: g++ --version >&5
g++ (GCC) 4.2.4 (Ubuntu 4.2.4-1ubuntu4)
Copyright (C) 2007 Free Software Foundation, Inc.
This is free software; see the source for copying conditions.  There is NO
warranty; not even for MERCHANTABILITY or FITNESS FOR A PARTICULAR PURPOSE.

configure:12433: $? = 0
configure:12440: g++ -v >&5
Using built-in specs.
Target: i486-linux-gnu
Configured with: ../src/configure -v --enable-languages=c,c++,fortran,objc,obj-c++,treelang --prefix=/usr --enable-shared --with-system-zlib --libexecdir=/usr/lib --without-included-gettext --enable-threads=posix --enable-nls --with-gxx-include-dir=/usr/include/c++/4.2 --program-suffix=-4.2 --enable-clocale=gnu --enable-libstdcxx-debug --enable-objc-gc --enable-mpfr --enable-targets=all --enable-checking=release --build=i486-linux-gnu --host=i486-linux-gnu --target=i486-linux-gnu
Thread model: posix
gcc version 4.2.4 (Ubuntu 4.2.4-1ubuntu4)
configure:12444: $? = 0
configure:12451: g++ -V >&5
g++: '-V' option must have argument
configure:12455: $? = 1
configure:12458: checking whether we are using the GNU C++ compiler
configure:12487: g++ -c   conftest.cpp >&5
configure:12494: $? = 0
configure:12511: result: yes
configure:12520: checking whether g++ accepts -g
configure:12550: g++ -c -g  conftest.cpp >&5
configure:12557: $? = 0
configure:12658: result: yes
configure:12683: checking dependency style of g++
configure:12793: result: gcc3
configure:12921: checking for C++ compiler version
configure:12929: g++ --version >&5
g++ (GCC) 4.2.4 (Ubuntu 4.2.4-1ubuntu4)
Copyright (C) 2007 Free Software Foundation, Inc.
This is free software; see the source for copying conditions.  There is NO
warranty; not even for MERCHANTABILITY or FITNESS FOR A PARTICULAR PURPOSE.

configure:12933: $? = 0
configure:12940: g++ -v >&5
Using built-in specs.
Target: i486-linux-gnu
Configured with: ../src/configure -v --enable-languages=c,c++,fortran,objc,obj-c++,treelang --prefix=/usr --enable-shared --with-system-zlib --libexecdir=/usr/lib --without-included-gettext --enable-threads=posix --enable-nls --with-gxx-include-dir=/usr/include/c++/4.2 --program-suffix=-4.2 --enable-clocale=gnu --enable-libstdcxx-debug --enable-objc-gc --enable-mpfr --enable-targets=all --enable-checking=release --build=i486-linux-gnu --host=i486-linux-gnu --target=i486-linux-gnu
Thread model: posix
gcc version 4.2.4 (Ubuntu 4.2.4-1ubuntu4)
configure:12944: $? = 0
configure:12951: g++ -V >&5
g++: '-V' option must have argument
configure:12955: $? = 1
configure:12958: checking whether we are using the GNU C++ compiler
configure:13011: result: yes
configure:13020: checking whether g++ accepts -g
configure:13158: result: yes
configure:13183: checking dependency style of g++
configure:13293: result: gcc3
configure:13316: checking how to run the C++ preprocessor
configure:13352: g++ -E  conftest.cpp
configure:13359: $? = 0
configure:13390: g++ -E  conftest.cpp
conftest.cpp:20:28: error: ac_nonexistent.h: No such file or directory
configure:13397: $? = 1
configure: failed program was:
| /* confdefs.h.  */
| #define STDC_HEADERS 1
| #define HAVE_SYS_TYPES_H 1
| #define HAVE_SYS_STAT_H 1
| #define HAVE_STDLIB_H 1
| #define HAVE_STRING_H 1
| #define HAVE_MEMORY_H 1
| #define HAVE_STRINGS_H 1
| #define HAVE_INTTYPES_H 1
| #define HAVE_STDINT_H 1
| #define HAVE_UNISTD_H 1
| #define __EXTENSIONS__ 1
| #define _ALL_SOURCE 1
| #define _GNU_SOURCE 1
| #define _POSIX_PTHREAD_SEMANTICS 1
| #define _TANDEM_SOURCE 1
| #define HAVE_DLFCN_H 1
| #define LT_OBJDIR ".libs/"
| /* end confdefs.h.  */
| #include <ac_nonexistent.h>
configure:13430: result: g++ -E
configure:13459: g++ -E  conftest.cpp
configure:13466: $? = 0
configure:13497: g++ -E  conftest.cpp
conftest.cpp:20:28: error: ac_nonexistent.h: No such file or directory
configure:13504: $? = 1
configure: failed program was:
| /* confdefs.h.  */
| #define STDC_HEADERS 1
| #define HAVE_SYS_TYPES_H 1
| #define HAVE_SYS_STAT_H 1
| #define HAVE_STDLIB_H 1
| #define HAVE_STRING_H 1
| #define HAVE_MEMORY_H 1
| #define HAVE_STRINGS_H 1
| #define HAVE_INTTYPES_H 1
| #define HAVE_STDINT_H 1
| #define HAVE_UNISTD_H 1
| #define __EXTENSIONS__ 1
| #define _ALL_SOURCE 1
| #define _GNU_SOURCE 1
| #define _POSIX_PTHREAD_SEMANTICS 1
| #define _TANDEM_SOURCE 1
| #define HAVE_DLFCN_H 1
| #define LT_OBJDIR ".libs/"
| /* end confdefs.h.  */
| #include <ac_nonexistent.h>
configure:13680: checking for ld used by g++
configure:13747: result: /usr/bin/ld
configure:13756: checking if the linker (/usr/bin/ld) is GNU ld
configure:13771: result: yes
configure:13826: checking whether the g++ linker (/usr/bin/ld) supports shared libraries
configure:14801: result: yes
configure:14829: g++ -c -g -O2  conftest.cpp >&5
configure:14832: $? = 0
configure:15014: checking for g++ option to produce PIC
configure:15331: result: -fPIC -DPIC
configure:15340: checking if g++ PIC flag -fPIC -DPIC works
configure:15358: g++ -c -g -O2  -fPIC -DPIC -DPIC conftest.cpp >&5
configure:15362: $? = 0
configure:15375: result: yes
configure:15396: checking if g++ static flag -static works
configure:15424: result: yes
configure:15436: checking if g++ supports -c -o file.o
configure:15457: g++ -c -g -O2  -o out/conftest2.o conftest.cpp >&5
configure:15461: $? = 0
configure:15483: result: yes
configure:15488: checking if g++ supports -c -o file.o
configure:15535: result: yes
configure:15565: checking whether the g++ linker (/usr/bin/ld) supports shared libraries
configure:15591: result: yes
configure:15728: checking dynamic linker characteristics
configure:16119: g++ -o conftest -g -O2   -Wl,-rpath -Wl,/foo conftest.cpp  >&5
configure:16126: $? = 0
configure:16362: result: GNU/Linux ld.so
configure:16413: checking how to hardcode library paths into programs
configure:16438: result: immediate
configure:16482: checking for perl5
configure:16515: result: no
configure:16482: checking for perl
configure:16500: found /usr/bin/perl
configure:16512: result: /usr/bin/perl
configure:16546: checking for dirent.h that defines DIR
configure:16575: gcc -c -g -O2 -Wall -I./.. -I..  conftest.c >&5
configure:16582: $? = 0
configure:16599: result: yes
configure:16614: checking for library containing opendir
configure:16655: gcc -o conftest -g -O2 -Wall -I./.. -I..   conftest.c  >&5
configure:16662: $? = 0
configure:16693: result: none required
configure:16791: checking for ANSI C header files
configure:16959: result: yes
configure:16969: checking whether time.h and sys/time.h may both be included
configure:16999: gcc -c -g -O2 -Wall -I./.. -I..  conftest.c >&5
configure:17006: $? = 0
configure:17021: result: yes
configure:17043: checking for sys/stat.h
configure:17050: result: yes
configure:17054: checking sys/wait.h usability
configure:17071: gcc -c -g -O2 -Wall -I./.. -I..  conftest.c >&5
configure:17078: $? = 0
configure:17092: result: yes
configure:17096: checking sys/wait.h presence
configure:17111: gcc -E  conftest.c
configure:17118: $? = 0
configure:17132: result: yes
configure:17165: checking for sys/wait.h
configure:17174: result: yes
configure:17054: checking fcntl.h usability
configure:17071: gcc -c -g -O2 -Wall -I./.. -I..  conftest.c >&5
configure:17078: $? = 0
configure:17092: result: yes
configure:17096: checking fcntl.h presence
configure:17111: gcc -E  conftest.c
configure:17118: $? = 0
configure:17132: result: yes
configure:17165: checking for fcntl.h
configure:17174: result: yes
configure:17043: checking for unistd.h
configure:17050: result: yes
configure:17054: checking sysexits.h usability
configure:17071: gcc -c -g -O2 -Wall -I./.. -I..  conftest.c >&5
configure:17078: $? = 0
configure:17092: result: yes
configure:17096: checking sysexits.h presence
configure:17111: gcc -E  conftest.c
configure:17118: $? = 0
configure:17132: result: yes
configure:17165: checking for sysexits.h
configure:17174: result: yes
configure:17054: checking utime.h usability
configure:17071: gcc -c -g -O2 -Wall -I./.. -I..  conftest.c >&5
configure:17078: $? = 0
configure:17092: result: yes
configure:17096: checking utime.h presence
configure:17111: gcc -E  conftest.c
configure:17118: $? = 0
configure:17132: result: yes
configure:17165: checking for utime.h
configure:17174: result: yes
configure:17054: checking pcre.h usability
configure:17071: gcc -c -g -O2 -Wall -I./.. -I..  conftest.c >&5
configure:17078: $? = 0
configure:17092: result: yes
configure:17096: checking pcre.h presence
configure:17111: gcc -E  conftest.c
configure:17118: $? = 0
configure:17132: result: yes
configure:17165: checking for pcre.h
configure:17174: result: yes
configure:17054: checking pcre/pcre.h usability
configure:17071: gcc -c -g -O2 -Wall -I./.. -I..  conftest.c >&5
conftest.c:63:23: error: pcre/pcre.h: No such file or directory
configure:17078: $? = 1
configure: failed program was:
| /* confdefs.h.  */
| #define STDC_HEADERS 1
| #define HAVE_SYS_TYPES_H 1
| #define HAVE_SYS_STAT_H 1
| #define HAVE_STDLIB_H 1
| #define HAVE_STRING_H 1
| #define HAVE_MEMORY_H 1
| #define HAVE_STRINGS_H 1
| #define HAVE_INTTYPES_H 1
| #define HAVE_STDINT_H 1
| #define HAVE_UNISTD_H 1
| #define __EXTENSIONS__ 1
| #define _ALL_SOURCE 1
| #define _GNU_SOURCE 1
| #define _POSIX_PTHREAD_SEMANTICS 1
| #define _TANDEM_SOURCE 1
| #define HAVE_DLFCN_H 1
| #define LT_OBJDIR ".libs/"
| #define HAVE_DIRENT_H 1
| #define STDC_HEADERS 1
| #define TIME_WITH_SYS_TIME 1
| #define HAVE_SYS_STAT_H 1
| #define HAVE_SYS_WAIT_H 1
| #define HAVE_FCNTL_H 1
| #define HAVE_UNISTD_H 1
| #define HAVE_SYSEXITS_H 1
| #define HAVE_UTIME_H 1
| #define HAVE_PCRE_H 1
| /* end confdefs.h.  */
| #include <stdio.h>
| #ifdef HAVE_SYS_TYPES_H
| # include <sys/types.h>
| #endif
| #ifdef HAVE_SYS_STAT_H
| # include <sys/stat.h>
| #endif
| #ifdef STDC_HEADERS
| # include <stdlib.h>
| # include <stddef.h>
| #else
| # ifdef HAVE_STDLIB_H
| #  include <stdlib.h>
| # endif
| #endif
| #ifdef HAVE_STRING_H
| # if !defined STDC_HEADERS && defined HAVE_MEMORY_H
| #  include <memory.h>
| # endif
| # include <string.h>
| #endif
| #ifdef HAVE_STRINGS_H
| # include <strings.h>
| #endif
| #ifdef HAVE_INTTYPES_H
| # include <inttypes.h>
| #endif
| #ifdef HAVE_STDINT_H
| # include <stdint.h>
| #endif
| #ifdef HAVE_UNISTD_H
| # include <unistd.h>
| #endif
| #include <pcre/pcre.h>
configure:17092: result: no
configure:17096: checking pcre/pcre.h presence
configure:17111: gcc -E  conftest.c
conftest.c:30:23: error: pcre/pcre.h: No such file or directory
configure:17118: $? = 1
configure: failed program was:
| /* confdefs.h.  */
| #define STDC_HEADERS 1
| #define HAVE_SYS_TYPES_H 1
| #define HAVE_SYS_STAT_H 1
| #define HAVE_STDLIB_H 1
| #define HAVE_STRING_H 1
| #define HAVE_MEMORY_H 1
| #define HAVE_STRINGS_H 1
| #define HAVE_INTTYPES_H 1
| #define HAVE_STDINT_H 1
| #define HAVE_UNISTD_H 1
| #define __EXTENSIONS__ 1
| #define _ALL_SOURCE 1
| #define _GNU_SOURCE 1
| #define _POSIX_PTHREAD_SEMANTICS 1
| #define _TANDEM_SOURCE 1
| #define HAVE_DLFCN_H 1
| #define LT_OBJDIR ".libs/"
| #define HAVE_DIRENT_H 1
| #define STDC_HEADERS 1
| #define TIME_WITH_SYS_TIME 1
| #define HAVE_SYS_STAT_H 1
| #define HAVE_SYS_WAIT_H 1
| #define HAVE_FCNTL_H 1
| #define HAVE_UNISTD_H 1
| #define HAVE_SYSEXITS_H 1
| #define HAVE_UTIME_H 1
| #define HAVE_PCRE_H 1
| /* end confdefs.h.  */
| #include <pcre/pcre.h>
configure:17132: result: no
configure:17165: checking for pcre/pcre.h
configure:17174: result: no
configure:17191: checking for pcre.h
configure:17196: result: yes
configure:17329: checking for pcre/pcre.h
configure:17334: result: no
configure:17468: checking for sys/wait.h that is POSIX.1 compatible
configure:17526: result: yes
configure:17561: checking vector usability
configure:17578: g++ -c -g -O2 -Wall  conftest.cpp >&5
configure:17585: $? = 0
configure:17599: result: yes
configure:17603: checking vector presence
configure:17618: g++ -E  conftest.cpp
configure:17625: $? = 0
configure:17639: result: yes
configure:17672: checking for vector
configure:17681: result: yes
configure:17561: checking vector.h usability
configure:17578: g++ -c -g -O2 -Wall  conftest.cpp >&5
In file included from /usr/include/c++/4.2/backward/vector.h:59,
                 from conftest.cpp:65:
/usr/include/c++/4.2/backward/backward_warning.h:32:2: warning: #warning This file includes at least one deprecated or antiquated header. Please consider using one of the 32 headers found in section 17.4.1.2 of the C++ standard. Examples include substituting the <X> header for the <X.h> header for C++ includes, or <iostream> instead of the deprecated header <iostream.h>. To disable this warning use -Wno-deprecated.
configure:17585: $? = 0
configure:17599: result: yes
configure:17603: checking vector.h presence
configure:17618: g++ -E  conftest.cpp
In file included from /usr/include/c++/4.2/backward/vector.h:59,
                 from conftest.cpp:32:
/usr/include/c++/4.2/backward/backward_warning.h:32:2: warning: #warning This file includes at least one deprecated or antiquated header. Please consider using one of the 32 headers found in section 17.4.1.2 of the C++ standard. Examples include substituting the <X> header for the <X.h> header for C++ includes, or <iostream> instead of the deprecated header <iostream.h>. To disable this warning use -Wno-deprecated.
configure:17625: $? = 0
configure:17639: result: yes
configure:17672: checking for vector.h
configure:17681: result: yes
configure:17703: checking for an ANSI C-conforming const
configure:17778: gcc -c -g -O2 -Wall -I./.. -I..  conftest.c >&5
conftest.c: In function 'main':
conftest.c:62: warning: 't' is used uninitialized in this function
conftest.c:78: warning: 'b' is used uninitialized in this function
conftest.c:84: warning: 'cs[0]' is used uninitialized in this function
configure:17785: $? = 0
configure:17800: result: yes
configure:17810: checking for off_t
configure:17838: gcc -c -g -O2 -Wall -I./.. -I..  conftest.c >&5
configure:17845: $? = 0
configure:17872: gcc -c -g -O2 -Wall -I./.. -I..  conftest.c >&5
conftest.c: In function 'main':
conftest.c:69: error: expected expression before ')' token
configure:17879: $? = 1
configure: failed program was:
| /* confdefs.h.  */
| #define STDC_HEADERS 1
| #define HAVE_SYS_TYPES_H 1
| #define HAVE_SYS_STAT_H 1
| #define HAVE_STDLIB_H 1
| #define HAVE_STRING_H 1
| #define HAVE_MEMORY_H 1
| #define HAVE_STRINGS_H 1
| #define HAVE_INTTYPES_H 1
| #define HAVE_STDINT_H 1
| #define HAVE_UNISTD_H 1
| #define __EXTENSIONS__ 1
| #define _ALL_SOURCE 1
| #define _GNU_SOURCE 1
| #define _POSIX_PTHREAD_SEMANTICS 1
| #define _TANDEM_SOURCE 1
| #define HAVE_DLFCN_H 1
| #define LT_OBJDIR ".libs/"
| #define HAVE_DIRENT_H 1
| #define STDC_HEADERS 1
| #define TIME_WITH_SYS_TIME 1
| #define HAVE_SYS_STAT_H 1
| #define HAVE_SYS_WAIT_H 1
| #define HAVE_FCNTL_H 1
| #define HAVE_UNISTD_H 1
| #define HAVE_SYSEXITS_H 1
| #define HAVE_UTIME_H 1
| #define HAVE_PCRE_H 1
| #define HAVE_SYS_WAIT_H 1
| #define HAVE_VECTOR 1
| #define HAVE_VECTOR_H 1
| /* end confdefs.h.  */
| #include <stdio.h>
| #ifdef HAVE_SYS_TYPES_H
| # include <sys/types.h>
| #endif
| #ifdef HAVE_SYS_STAT_H
| # include <sys/stat.h>
| #endif
| #ifdef STDC_HEADERS
| # include <stdlib.h>
| # include <stddef.h>
| #else
| # ifdef HAVE_STDLIB_H
| #  include <stdlib.h>
| # endif
| #endif
| #ifdef HAVE_STRING_H
| # if !defined STDC_HEADERS && defined HAVE_MEMORY_H
| #  include <memory.h>
| # endif
| # include <string.h>
| #endif
| #ifdef HAVE_STRINGS_H
| # include <strings.h>
| #endif
| #ifdef HAVE_INTTYPES_H
| # include <inttypes.h>
| #endif
| #ifdef HAVE_STDINT_H
| # include <stdint.h>
| #endif
| #ifdef HAVE_UNISTD_H
| # include <unistd.h>
| #endif
| int
| main ()
| {
| if (sizeof ((off_t)))
| 	  return 0;
|   ;
|   return 0;
| }
configure:17902: result: yes
configure:17914: checking for size_t
configure:17942: gcc -c -g -O2 -Wall -I./.. -I..  conftest.c >&5
configure:17949: $? = 0
configure:17976: gcc -c -g -O2 -Wall -I./.. -I..  conftest.c >&5
conftest.c: In function 'main':
conftest.c:69: error: expected expression before ')' token
configure:17983: $? = 1
configure: failed program was:
| /* confdefs.h.  */
| #define STDC_HEADERS 1
| #define HAVE_SYS_TYPES_H 1
| #define HAVE_SYS_STAT_H 1
| #define HAVE_STDLIB_H 1
| #define HAVE_STRING_H 1
| #define HAVE_MEMORY_H 1
| #define HAVE_STRINGS_H 1
| #define HAVE_INTTYPES_H 1
| #define HAVE_STDINT_H 1
| #define HAVE_UNISTD_H 1
| #define __EXTENSIONS__ 1
| #define _ALL_SOURCE 1
| #define _GNU_SOURCE 1
| #define _POSIX_PTHREAD_SEMANTICS 1
| #define _TANDEM_SOURCE 1
| #define HAVE_DLFCN_H 1
| #define LT_OBJDIR ".libs/"
| #define HAVE_DIRENT_H 1
| #define STDC_HEADERS 1
| #define TIME_WITH_SYS_TIME 1
| #define HAVE_SYS_STAT_H 1
| #define HAVE_SYS_WAIT_H 1
| #define HAVE_FCNTL_H 1
| #define HAVE_UNISTD_H 1
| #define HAVE_SYSEXITS_H 1
| #define HAVE_UTIME_H 1
| #define HAVE_PCRE_H 1
| #define HAVE_SYS_WAIT_H 1
| #define HAVE_VECTOR 1
| #define HAVE_VECTOR_H 1
| /* end confdefs.h.  */
| #include <stdio.h>
| #ifdef HAVE_SYS_TYPES_H
| # include <sys/types.h>
| #endif
| #ifdef HAVE_SYS_STAT_H
| # include <sys/stat.h>
| #endif
| #ifdef STDC_HEADERS
| # include <stdlib.h>
| # include <stddef.h>
| #else
| # ifdef HAVE_STDLIB_H
| #  include <stdlib.h>
| # endif
| #endif
| #ifdef HAVE_STRING_H
| # if !defined STDC_HEADERS && defined HAVE_MEMORY_H
| #  include <memory.h>
| # endif
| # include <string.h>
| #endif
| #ifdef HAVE_STRINGS_H
| # include <strings.h>
| #endif
| #ifdef HAVE_INTTYPES_H
| # include <inttypes.h>
| #endif
| #ifdef HAVE_STDINT_H
| # include <stdint.h>
| #endif
| #ifdef HAVE_UNISTD_H
| # include <unistd.h>
| #endif
| int
| main ()
| {
| if (sizeof ((size_t)))
| 	  return 0;
|   ;
|   return 0;
| }
configure:18006: result: yes
configure:18018: checking for uid_t in sys/types.h
configure:18041: result: yes
configure:18056: checking whether struct tm is in sys/time.h or time.h
configure:18086: gcc -c -g -O2 -Wall -I./.. -I..  conftest.c >&5
configure:18093: $? = 0
configure:18108: result: time.h
configure:18129: checking fam.h usability
configure:18146: gcc -c -g -O2 -Wall -I./.. -I..  conftest.c >&5
conftest.c:66:17: error: fam.h: No such file or directory
configure:18153: $? = 1
configure: failed program was:
| /* confdefs.h.  */
| #define STDC_HEADERS 1
| #define HAVE_SYS_TYPES_H 1
| #define HAVE_SYS_STAT_H 1
| #define HAVE_STDLIB_H 1
| #define HAVE_STRING_H 1
| #define HAVE_MEMORY_H 1
| #define HAVE_STRINGS_H 1
| #define HAVE_INTTYPES_H 1
| #define HAVE_STDINT_H 1
| #define HAVE_UNISTD_H 1
| #define __EXTENSIONS__ 1
| #define _ALL_SOURCE 1
| #define _GNU_SOURCE 1
| #define _POSIX_PTHREAD_SEMANTICS 1
| #define _TANDEM_SOURCE 1
| #define HAVE_DLFCN_H 1
| #define LT_OBJDIR ".libs/"
| #define HAVE_DIRENT_H 1
| #define STDC_HEADERS 1
| #define TIME_WITH_SYS_TIME 1
| #define HAVE_SYS_STAT_H 1
| #define HAVE_SYS_WAIT_H 1
| #define HAVE_FCNTL_H 1
| #define HAVE_UNISTD_H 1
| #define HAVE_SYSEXITS_H 1
| #define HAVE_UTIME_H 1
| #define HAVE_PCRE_H 1
| #define HAVE_SYS_WAIT_H 1
| #define HAVE_VECTOR 1
| #define HAVE_VECTOR_H 1
| /* end confdefs.h.  */
| #include <stdio.h>
| #ifdef HAVE_SYS_TYPES_H
| # include <sys/types.h>
| #endif
| #ifdef HAVE_SYS_STAT_H
| # include <sys/stat.h>
| #endif
| #ifdef STDC_HEADERS
| # include <stdlib.h>
| # include <stddef.h>
| #else
| # ifdef HAVE_STDLIB_H
| #  include <stdlib.h>
| # endif
| #endif
| #ifdef HAVE_STRING_H
| # if !defined STDC_HEADERS && defined HAVE_MEMORY_H
| #  include <memory.h>
| # endif
| # include <string.h>
| #endif
| #ifdef HAVE_STRINGS_H
| # include <strings.h>
| #endif
| #ifdef HAVE_INTTYPES_H
| # include <inttypes.h>
| #endif
| #ifdef HAVE_STDINT_H
| # include <stdint.h>
| #endif
| #ifdef HAVE_UNISTD_H
| # include <unistd.h>
| #endif
| #include <fam.h>
configure:18167: result: no
configure:18171: checking fam.h presence
configure:18186: gcc -E  conftest.c
conftest.c:33:17: error: fam.h: No such file or directory
configure:18193: $? = 1
configure: failed program was:
| /* confdefs.h.  */
| #define STDC_HEADERS 1
| #define HAVE_SYS_TYPES_H 1
| #define HAVE_SYS_STAT_H 1
| #define HAVE_STDLIB_H 1
| #define HAVE_STRING_H 1
| #define HAVE_MEMORY_H 1
| #define HAVE_STRINGS_H 1
| #define HAVE_INTTYPES_H 1
| #define HAVE_STDINT_H 1
| #define HAVE_UNISTD_H 1
| #define __EXTENSIONS__ 1
| #define _ALL_SOURCE 1
| #define _GNU_SOURCE 1
| #define _POSIX_PTHREAD_SEMANTICS 1
| #define _TANDEM_SOURCE 1
| #define HAVE_DLFCN_H 1
| #define LT_OBJDIR ".libs/"
| #define HAVE_DIRENT_H 1
| #define STDC_HEADERS 1
| #define TIME_WITH_SYS_TIME 1
| #define HAVE_SYS_STAT_H 1
| #define HAVE_SYS_WAIT_H 1
| #define HAVE_FCNTL_H 1
| #define HAVE_UNISTD_H 1
| #define HAVE_SYSEXITS_H 1
| #define HAVE_UTIME_H 1
| #define HAVE_PCRE_H 1
| #define HAVE_SYS_WAIT_H 1
| #define HAVE_VECTOR 1
| #define HAVE_VECTOR_H 1
| /* end confdefs.h.  */
| #include <fam.h>
configure:18207: result: no
configure:18240: checking for fam.h
configure:18247: result: no
configure:18266: checking for symlink
configure:18322: gcc -o conftest -g -O2 -Wall -I./.. -I..   conftest.c  >&5
configure:18329: $? = 0
configure:18351: result: yes
configure:18266: checking for readlink
configure:18322: gcc -o conftest -g -O2 -Wall -I./.. -I..   conftest.c  >&5
configure:18329: $? = 0
configure:18351: result: yes
configure:18266: checking for strcasecmp
configure:18322: gcc -o conftest -g -O2 -Wall -I./.. -I..   conftest.c  >&5
conftest.c:58: warning: conflicting types for built-in function 'strcasecmp'
configure:18329: $? = 0
configure:18351: result: yes
configure:18266: checking for utime
configure:18322: gcc -o conftest -g -O2 -Wall -I./.. -I..   conftest.c  >&5
configure:18329: $? = 0
configure:18351: result: yes
configure:18266: checking for utimes
configure:18322: gcc -o conftest -g -O2 -Wall -I./.. -I..   conftest.c  >&5
configure:18329: $? = 0
configure:18351: result: yes
configure:18363: checking for FAMOpen in -lfam
configure:18398: gcc -o conftest -g -O2 -Wall -I./.. -I..   conftest.c -lfam   >&5
/usr/bin/ld: cannot find -lfam
collect2: ld returned 1 exit status
configure:18405: $? = 1
configure: failed program was:
| /* confdefs.h.  */
| #define STDC_HEADERS 1
| #define HAVE_SYS_TYPES_H 1
| #define HAVE_SYS_STAT_H 1
| #define HAVE_STDLIB_H 1
| #define HAVE_STRING_H 1
| #define HAVE_MEMORY_H 1
| #define HAVE_STRINGS_H 1
| #define HAVE_INTTYPES_H 1
| #define HAVE_STDINT_H 1
| #define HAVE_UNISTD_H 1
| #define __EXTENSIONS__ 1
| #define _ALL_SOURCE 1
| #define _GNU_SOURCE 1
| #define _POSIX_PTHREAD_SEMANTICS 1
| #define _TANDEM_SOURCE 1
| #define HAVE_DLFCN_H 1
| #define LT_OBJDIR ".libs/"
| #define HAVE_DIRENT_H 1
| #define STDC_HEADERS 1
| #define TIME_WITH_SYS_TIME 1
| #define HAVE_SYS_STAT_H 1
| #define HAVE_SYS_WAIT_H 1
| #define HAVE_FCNTL_H 1
| #define HAVE_UNISTD_H 1
| #define HAVE_SYSEXITS_H 1
| #define HAVE_UTIME_H 1
| #define HAVE_PCRE_H 1
| #define HAVE_SYS_WAIT_H 1
| #define HAVE_VECTOR 1
| #define HAVE_VECTOR_H 1
| #define HAVE_SYMLINK 1
| #define HAVE_READLINK 1
| #define HAVE_STRCASECMP 1
| #define HAVE_UTIME 1
| #define HAVE_UTIMES 1
| /* end confdefs.h.  */
| 
| /* Override any GCC internal prototype to avoid an error.
|    Use char because int might match the return type of a GCC
|    builtin and then its argument prototype would still apply.  */
| #ifdef __cplusplus
| extern "C"
| #endif
| char FAMOpen ();
| int
| main ()
| {
| return FAMOpen ();
|   ;
|   return 0;
| }
configure:18426: result: no
configure:18598: checking for missing gethostname prototype
configure:18631: gcc -c -g -O2 -Wall -I./.. -I..  conftest.c >&5
conftest.c:43: error: expected identifier or '(' before string constant
configure:18638: $? = 1
configure: failed program was:
| /* confdefs.h.  */
| #define STDC_HEADERS 1
| #define HAVE_SYS_TYPES_H 1
| #define HAVE_SYS_STAT_H 1
| #define HAVE_STDLIB_H 1
| #define HAVE_STRING_H 1
| #define HAVE_MEMORY_H 1
| #define HAVE_STRINGS_H 1
| #define HAVE_INTTYPES_H 1
| #define HAVE_STDINT_H 1
| #define HAVE_UNISTD_H 1
| #define __EXTENSIONS__ 1
| #define _ALL_SOURCE 1
| #define _GNU_SOURCE 1
| #define _POSIX_PTHREAD_SEMANTICS 1
| #define _TANDEM_SOURCE 1
| #define HAVE_DLFCN_H 1
| #define LT_OBJDIR ".libs/"
| #define HAVE_DIRENT_H 1
| #define STDC_HEADERS 1
| #define TIME_WITH_SYS_TIME 1
| #define HAVE_SYS_STAT_H 1
| #define HAVE_SYS_WAIT_H 1
| #define HAVE_FCNTL_H 1
| #define HAVE_UNISTD_H 1
| #define HAVE_SYSEXITS_H 1
| #define HAVE_UTIME_H 1
| #define HAVE_PCRE_H 1
| #define HAVE_SYS_WAIT_H 1
| #define HAVE_VECTOR 1
| #define HAVE_VECTOR_H 1
| #define HAVE_SYMLINK 1
| #define HAVE_READLINK 1
| #define HAVE_STRCASECMP 1
| #define HAVE_UTIME 1
| #define HAVE_UTIMES 1
| /* end confdefs.h.  */
| 
| #if HAVE_UNISTD_H
| #include	<unistd.h>
| #endif
| 
| extern "C" int gethostname(int,int);
| 
| int
| main ()
| {
| 
| 
|   ;
|   return 0;
| }
configure:18656: result: no
configure:18719: checking for mailbot
configure:18752: result: no
configure:18951: creating ./config.status

## ---------------------- ##
## Running config.status. ##
## ---------------------- ##

This file was extended by maildir config.status 0.11, which was
generated by GNU Autoconf 2.63.  Invocation command line was

  CONFIG_FILES    = 
  CONFIG_HEADERS  = 
  CONFIG_LINKS    = 
  CONFIG_COMMANDS = 
  $ ./config.status 

on loft2500.serverloft.com

config.status:1076: creating Makefile
config.status:1076: creating sharedindexinstall
config.status:1076: creating sharedindexsplit
config.status:1076: creating config.h
config.status:1350: executing depfiles commands
config.status:1350: executing libtool commands

## ---------------- ##
## Cache variables. ##
## ---------------- ##

ac_cv_build=i686-pc-linux-gnu
ac_cv_c_compiler_gnu=yes
ac_cv_c_const=yes
ac_cv_cxx_compiler_gnu=yes
ac_cv_env_CCC_set=
ac_cv_env_CCC_value=
ac_cv_env_CC_set=
ac_cv_env_CC_value=
ac_cv_env_CFLAGS_set=
ac_cv_env_CFLAGS_value=
ac_cv_env_CPPFLAGS_set=
ac_cv_env_CPPFLAGS_value=
ac_cv_env_CPP_set=
ac_cv_env_CPP_value=
ac_cv_env_CXXCPP_set=
ac_cv_env_CXXCPP_value=
ac_cv_env_CXXFLAGS_set=
ac_cv_env_CXXFLAGS_value=
ac_cv_env_CXX_set=
ac_cv_env_CXX_value=
ac_cv_env_LDFLAGS_set=
ac_cv_env_LDFLAGS_value=
ac_cv_env_LIBS_set=
ac_cv_env_LIBS_value=
ac_cv_env_build_alias_set=
ac_cv_env_build_alias_value=
ac_cv_env_host_alias_set=
ac_cv_env_host_alias_value=
ac_cv_env_target_alias_set=
ac_cv_env_target_alias_value=
ac_cv_func_dlopen=no
ac_cv_func_readlink=yes
ac_cv_func_shl_load=no
ac_cv_func_strcasecmp=yes
ac_cv_func_symlink=yes
ac_cv_func_utime=yes
ac_cv_func_utimes=yes
ac_cv_header_dirent_dirent_h=yes
ac_cv_header_dlfcn_h=yes
ac_cv_header_fam_h=no
ac_cv_header_fcntl_h=yes
ac_cv_header_inttypes_h=yes
ac_cv_header_memory_h=yes
ac_cv_header_minix_config_h=no
ac_cv_header_pcre_h=yes
ac_cv_header_pcre_pcre_h=no
ac_cv_header_stdc=yes
ac_cv_header_stdint_h=yes
ac_cv_header_stdlib_h=yes
ac_cv_header_string_h=yes
ac_cv_header_strings_h=yes
ac_cv_header_sys_stat_h=yes
ac_cv_header_sys_types_h=yes
ac_cv_header_sys_wait_h=yes
ac_cv_header_sysexits_h=yes
ac_cv_header_time=yes
ac_cv_header_unistd_h=yes
ac_cv_header_utime_h=yes
ac_cv_header_vector=yes
ac_cv_header_vector_h=yes
ac_cv_host=i686-pc-linux-gnu
ac_cv_lib_dl_dlopen=yes
ac_cv_lib_dld_shl_load=no
ac_cv_lib_fam_FAMOpen=no
ac_cv_objext=o
ac_cv_path_EGREP='/bin/grep -E'
ac_cv_path_FGREP='/bin/grep -F'
ac_cv_path_GREP=/bin/grep
ac_cv_path_PERL=/usr/bin/perl
ac_cv_path_SED=/bin/sed
ac_cv_path_install='/usr/bin/install -c'
ac_cv_path_mkdir=/bin/mkdir
ac_cv_prog_AWK=gawk
ac_cv_prog_CPP='gcc -E'
ac_cv_prog_CXXCPP='g++ -E'
ac_cv_prog_ac_ct_AR=ar
ac_cv_prog_ac_ct_CC=gcc
ac_cv_prog_ac_ct_CXX=g++
ac_cv_prog_ac_ct_OBJDUMP=objdump
ac_cv_prog_ac_ct_RANLIB=ranlib
ac_cv_prog_ac_ct_STRIP=strip
ac_cv_prog_cc_c89=
ac_cv_prog_cc_g=yes
ac_cv_prog_cxx_g=yes
ac_cv_prog_make_make_set=yes
ac_cv_safe_to_define___extensions__=yes
ac_cv_search_opendir='none required'
ac_cv_struct_tm=time.h
ac_cv_target=i686-pc-linux-gnu
ac_cv_type_off_t=yes
ac_cv_type_size_t=yes
ac_cv_type_uid_t=yes
am_cv_CC_dependencies_compiler_type=gcc3
am_cv_CXX_dependencies_compiler_type=gcc3
lt_cv_deplibs_check_method=pass_all
lt_cv_dlopen=dlopen
lt_cv_dlopen_libs=-ldl
lt_cv_dlopen_self=yes
lt_cv_dlopen_self_static=no
lt_cv_file_magic_cmd='$MAGIC_CMD'
lt_cv_file_magic_test_file=
lt_cv_ld_reload_flag=-r
lt_cv_nm_interface='BSD nm'
lt_cv_objdir=.libs
lt_cv_path_LD=/usr/bin/ld
lt_cv_path_LDCXX=/usr/bin/ld
lt_cv_path_NM='/usr/bin/nm -B'
lt_cv_prog_compiler_c_o=yes
lt_cv_prog_compiler_c_o_CXX=yes
lt_cv_prog_compiler_pic_works=yes
lt_cv_prog_compiler_pic_works_CXX=yes
lt_cv_prog_compiler_rtti_exceptions=no
lt_cv_prog_compiler_static_works=yes
lt_cv_prog_compiler_static_works_CXX=yes
lt_cv_prog_gnu_ld=yes
lt_cv_prog_gnu_ldcxx=yes
lt_cv_sys_global_symbol_pipe='sed -n -e '\''s/^.*[	 ]\([ABCDGIRSTW][ABCDGIRSTW]*\)[	 ][	 ]*\([_A-Za-z][_A-Za-z0-9]*\)$/\1 \2 \2/p'\'''
lt_cv_sys_global_symbol_to_c_name_address='sed -n -e '\''s/^: \([^ ]*\) $/  {\"\1\", (void *) 0},/p'\'' -e '\''s/^[ABCDGIRSTW]* \([^ ]*\) \([^ ]*\)$/  {"\2", (void *) \&\2},/p'\'''
lt_cv_sys_global_symbol_to_c_name_address_lib_prefix='sed -n -e '\''s/^: \([^ ]*\) $/  {\"\1\", (void *) 0},/p'\'' -e '\''s/^[ABCDGIRSTW]* \([^ ]*\) \(lib[^ ]*\)$/  {"\2", (void *) \&\2},/p'\'' -e '\''s/^[ABCDGIRSTW]* \([^ ]*\) \([^ ]*\)$/  {"lib\2", (void *) \&\2},/p'\'''
lt_cv_sys_global_symbol_to_cdecl='sed -n -e '\''s/^T .* \(.*\)$/extern int \1();/p'\'' -e '\''s/^[ABCDGIRSTW]* .* \(.*\)$/extern char \1;/p'\'''
lt_cv_sys_max_cmd_len=98304
maildir_cv_SYS_GETHOSTNAME=no

## ----------------- ##
## Output variables. ##
## ----------------- ##

ACLOCAL='${SHELL} /opt/qfd-0.1/sources/maildrop/missing --run aclocal-1.11'
AMDEPBACKSLASH='\'
AMDEP_FALSE='#'
AMDEP_TRUE=''
AMTAR='${SHELL} /opt/qfd-0.1/sources/maildrop/missing --run tar'
AR='ar'
AUTOCONF='${SHELL} /opt/qfd-0.1/sources/maildrop/missing --run autoconf'
AUTOHEADER='${SHELL} /opt/qfd-0.1/sources/maildrop/missing --run autoheader'
AUTOMAKE='${SHELL} /opt/qfd-0.1/sources/maildrop/missing --run automake-1.11'
AWK='gawk'
CC='gcc'
CCDEPMODE='depmode=gcc3'
CFLAGS='-g -O2 -Wall -I./.. -I..'
CPP='gcc -E'
CPPFLAGS=''
CXX='g++'
CXXCPP='g++ -E'
CXXDEPMODE='depmode=gcc3'
CXXFLAGS='-g -O2 -Wall'
CYGPATH_W='echo'
DEFS='-DHAVE_CONFIG_H'
DEPDIR='.deps'
DSYMUTIL=''
DUMPBIN=''
ECHO_C=''
ECHO_N='-n'
ECHO_T=''
EGREP='/bin/grep -E'
EXEEXT=''
FGREP='/bin/grep -F'
GREP='/bin/grep'
HAVE_SGML_FALSE=''
HAVE_SGML_TRUE='#'
INSTALL_DATA='${INSTALL} -m 644'
INSTALL_PROGRAM='${INSTALL}'
INSTALL_SCRIPT='${INSTALL}'
INSTALL_STRIP_PROGRAM='$(install_sh) -c -s'
LD='/usr/bin/ld'
LDFLAGS=''
LIBFAM=''
LIBOBJS=''
LIBPCRE='-lpcre'
LIBS=''
LIBTOOL='$(SHELL) $(top_builddir)/libtool'
LIPO=''
LN_S='ln -s'
LTLIBOBJS=''
MAILBOT='mailbot'
MAKEINFO='${SHELL} /opt/qfd-0.1/sources/maildrop/missing --run makeinfo'
MKDIR_P='/bin/mkdir -p'
NM='/usr/bin/nm -B'
NMEDIT=''
OBJDUMP='objdump'
OBJEXT='o'
OTOOL64=''
OTOOL=''
PACKAGE='maildir'
PACKAGE_BUGREPORT='courier-maildrop@lists.sourceforge.net'
PACKAGE_NAME='maildir'
PACKAGE_STRING='maildir 0.11'
PACKAGE_TARNAME='maildir'
PACKAGE_VERSION='0.11'
PATH_SEPARATOR=':'
PERL='/usr/bin/perl'
RANLIB='ranlib'
SED='/bin/sed'
SET_MAKE=''
SHELL='/bin/bash'
STRIP='strip'
VERSION='0.11'
ac_ct_CC='gcc'
ac_ct_CXX='g++'
ac_ct_DUMPBIN=''
am__EXEEXT_FALSE=''
am__EXEEXT_TRUE='#'
am__fastdepCC_FALSE='#'
am__fastdepCC_TRUE=''
am__fastdepCXX_FALSE='#'
am__fastdepCXX_TRUE=''
am__include='include'
am__isrc=''
am__leading_dot='.'
am__quote=''
am__tar='${AMTAR} chof - "$$tardir"'
am__untar='${AMTAR} xf -'
bindir='${exec_prefix}/bin'
build='i686-pc-linux-gnu'
build_alias=''
build_cpu='i686'
build_os='linux-gnu'
build_vendor='pc'
datadir='${datarootdir}'
datarootdir='${prefix}/share'
docdir='${datarootdir}/doc/${PACKAGE_TARNAME}'
dvidir='${docdir}'
exec_prefix='/usr/local'
host='i686-pc-linux-gnu'
host_alias=''
host_cpu='i686'
host_os='linux-gnu'
host_vendor='pc'
htmldir='${docdir}'
includedir='${prefix}/include'
infodir='${datarootdir}/info'
install_sh='${SHELL} /opt/qfd-0.1/sources/maildrop/install-sh'
libdir='${exec_prefix}/lib'
libexecdir='${exec_prefix}/libexec'
localedir='${datarootdir}/locale'
localstatedir='${prefix}/var'
lt_ECHO='echo'
mandir='${datarootdir}/man'
mkdir_p='/bin/mkdir -p'
oldincludedir='/usr/include'
pdfdir='${docdir}'
prefix='/usr/local'
program_transform_name='s,x,x,'
psdir='${docdir}'
sbindir='${exec_prefix}/sbin'
sharedstatedir='${prefix}/com'
sysconfdir='/usr/local/etc'
target='i686-pc-linux-gnu'
target_alias=''
target_cpu='i686'
target_os='linux-gnu'
target_vendor='pc'

## ----------- ##
## confdefs.h. ##
## ----------- ##

#define STDC_HEADERS 1
#define HAVE_SYS_TYPES_H 1
#define HAVE_SYS_STAT_H 1
#define HAVE_STDLIB_H 1
#define HAVE_STRING_H 1
#define HAVE_MEMORY_H 1
#define HAVE_STRINGS_H 1
#define HAVE_INTTYPES_H 1
#define HAVE_STDINT_H 1
#define HAVE_UNISTD_H 1
#define __EXTENSIONS__ 1
#define _ALL_SOURCE 1
#define _GNU_SOURCE 1
#define _POSIX_PTHREAD_SEMANTICS 1
#define _TANDEM_SOURCE 1
#define HAVE_DLFCN_H 1
#define LT_OBJDIR ".libs/"
#define HAVE_DIRENT_H 1
#define STDC_HEADERS 1
#define TIME_WITH_SYS_TIME 1
#define HAVE_SYS_STAT_H 1
#define HAVE_SYS_WAIT_H 1
#define HAVE_FCNTL_H 1
#define HAVE_UNISTD_H 1
#define HAVE_SYSEXITS_H 1
#define HAVE_UTIME_H 1
#define HAVE_PCRE_H 1
#define HAVE_SYS_WAIT_H 1
#define HAVE_VECTOR 1
#define HAVE_VECTOR_H 1
#define HAVE_SYMLINK 1
#define HAVE_READLINK 1
#define HAVE_STRCASECMP 1
#define HAVE_UTIME 1
#define HAVE_UTIMES 1
#define HAS_GETHOSTNAME 1
#define HAVE_DBOBJ 1
#define MDIRSEP ":"

configure: exit 0

## ---------------------- ##
## Running config.status. ##
## ---------------------- ##

This file was extended by maildir config.status 0.11, which was
generated by GNU Autoconf 2.63.  Invocation command line was

  CONFIG_FILES    = 
  CONFIG_HEADERS  = 
  CONFIG_LINKS    = 
  CONFIG_COMMANDS = 
  $ ./config.status --file=deliverquota.html

on loft2500.serverloft.com

config.status:1076: creating deliverquota.html

## ---------------------- ##
## Running config.status. ##
## ---------------------- ##

This file was extended by maildir config.status 0.11, which was
generated by GNU Autoconf 2.63.  Invocation command line was

  CONFIG_FILES    = 
  CONFIG_HEADERS  = 
  CONFIG_LINKS    = 
  CONFIG_COMMANDS = 
  $ ./config.status --file=maildirmake.html

on loft2500.serverloft.com

config.status:1076: creating maildirmake.html

## ---------------------- ##
## Running config.status. ##
## ---------------------- ##

This file was extended by maildir config.status 0.11, which was
generated by GNU Autoconf 2.63.  Invocation command line was

  CONFIG_FILES    = 
  CONFIG_HEADERS  = 
  CONFIG_LINKS    = 
  CONFIG_COMMANDS = 
  $ ./config.status --file=deliverquota.8

on loft2500.serverloft.com

config.status:1076: creating deliverquota.8

## ---------------------- ##
## Running config.status. ##
## ---------------------- ##

This file was extended by maildir config.status 0.11, which was
generated by GNU Autoconf 2.63.  Invocation command line was

  CONFIG_FILES    = 
  CONFIG_HEADERS  = 
  CONFIG_LINKS    = 
  CONFIG_COMMANDS = 
  $ ./config.status --file=maildirmake.1

on loft2500.serverloft.com

config.status:1076: creating maildirmake.1

## ---------------------- ##
## Running config.status. ##
## ---------------------- ##

This file was extended by maildir config.status 0.11, which was
generated by GNU Autoconf 2.63.  Invocation command line was

  CONFIG_FILES    = 
  CONFIG_HEADERS  = 
  CONFIG_LINKS    = 
  CONFIG_COMMANDS = 
  $ ./config.status --file=maildiracl.html

on loft2500.serverloft.com

config.status:1076: creating maildiracl.html

## ---------------------- ##
## Running config.status. ##
## ---------------------- ##

This file was extended by maildir config.status 0.11, which was
generated by GNU Autoconf 2.63.  Invocation command line was

  CONFIG_FILES    = 
  CONFIG_HEADERS  = 
  CONFIG_LINKS    = 
  CONFIG_COMMANDS = 
  $ ./config.status --file=maildiracl.1

on loft2500.serverloft.com

config.status:1076: creating maildiracl.1
