This file contains any messages produced by compilers while
running configure, to aid debugging if configure makes a mistake.

It was created by rfc2045lib configure 0.20, which was
generated by GNU Autoconf 2.63.  Invocation command line was

  $ ./configure --disable-option-checking --prefix=/usr/local --with-db=gdbm --exec-prefix=/usr/local --enable-maildrop-uid=root --enable-maildrop-gid=vchkpw --enable-maildirquota --cache-file=/dev/null --srcdir=.

## --------- ##
## Platform. ##
## --------- ##

hostname = loft2500.serverloft.com
uname -m = i686
uname -r = 2.6.24-26-generic
uname -s = Linux
uname -v = #1 SMP Tue Dec 1 18:37:31 UTC 2009

/usr/bin/uname -p = unknown
/bin/uname -X     = unknown

/bin/arch              = unknown
/usr/bin/arch -k       = unknown
/usr/convex/getsysinfo = unknown
/usr/bin/hostinfo      = unknown
/bin/machine           = unknown
/usr/bin/oslevel       = unknown
/bin/universe          = unknown

PATH: /usr/local/sbin
PATH: /usr/local/bin
PATH: /usr/sbin
PATH: /usr/bin
PATH: /sbin
PATH: /bin
PATH: /usr/games


## ----------- ##
## Core tests. ##
## ----------- ##

configure:2083: checking for a BSD-compatible install
configure:2151: result: /usr/bin/install -c
configure:2162: checking whether build environment is sane
configure:2222: result: yes
configure:2363: checking for a thread-safe mkdir -p
configure:2402: result: /bin/mkdir -p
configure:2415: checking for gawk
configure:2431: found /usr/bin/gawk
configure:2442: result: gawk
configure:2453: checking whether make sets $(MAKE)
configure:2475: result: yes
configure:2563: checking for style of include used by make
configure:2591: result: GNU
configure:2661: checking for gcc
configure:2677: found /usr/bin/gcc
configure:2688: result: gcc
configure:2920: checking for C compiler version
configure:2928: gcc --version >&5
gcc (GCC) 4.2.4 (Ubuntu 4.2.4-1ubuntu4)
Copyright (C) 2007 Free Software Foundation, Inc.
This is free software; see the source for copying conditions.  There is NO
warranty; not even for MERCHANTABILITY or FITNESS FOR A PARTICULAR PURPOSE.

configure:2932: $? = 0
configure:2939: gcc -v >&5
Using built-in specs.
Target: i486-linux-gnu
Configured with: ../src/configure -v --enable-languages=c,c++,fortran,objc,obj-c++,treelang --prefix=/usr --enable-shared --with-system-zlib --libexecdir=/usr/lib --without-included-gettext --enable-threads=posix --enable-nls --with-gxx-include-dir=/usr/include/c++/4.2 --program-suffix=-4.2 --enable-clocale=gnu --enable-libstdcxx-debug --enable-objc-gc --enable-mpfr --enable-targets=all --enable-checking=release --build=i486-linux-gnu --host=i486-linux-gnu --target=i486-linux-gnu
Thread model: posix
gcc version 4.2.4 (Ubuntu 4.2.4-1ubuntu4)
configure:2943: $? = 0
configure:2950: gcc -V >&5
gcc: '-V' option must have argument
configure:2954: $? = 1
configure:2977: checking for C compiler default output file name
configure:2999: gcc    conftest.c  >&5
configure:3003: $? = 0
configure:3041: result: a.out
configure:3060: checking whether the C compiler works
configure:3070: ./a.out
configure:3074: $? = 0
configure:3093: result: yes
configure:3100: checking whether we are cross compiling
configure:3102: result: no
configure:3105: checking for suffix of executables
configure:3112: gcc -o conftest    conftest.c  >&5
configure:3116: $? = 0
configure:3142: result: 
configure:3148: checking for suffix of object files
configure:3174: gcc -c   conftest.c >&5
configure:3178: $? = 0
configure:3203: result: o
configure:3207: checking whether we are using the GNU C compiler
configure:3236: gcc -c   conftest.c >&5
configure:3243: $? = 0
configure:3260: result: yes
configure:3269: checking whether gcc accepts -g
configure:3299: gcc -c -g  conftest.c >&5
configure:3306: $? = 0
configure:3407: result: yes
configure:3424: checking for gcc option to accept ISO C89
configure:3498: gcc  -c -g -O2  conftest.c >&5
configure:3505: $? = 0
configure:3528: result: none needed
configure:3548: checking dependency style of gcc
configure:3658: result: gcc3
configure:3679: checking how to run the C preprocessor
configure:3719: gcc -E  conftest.c
configure:3726: $? = 0
configure:3757: gcc -E  conftest.c
conftest.c:3:28: error: ac_nonexistent.h: No such file or directory
configure:3764: $? = 1
configure: failed program was:
| /* confdefs.h.  */
| /* end confdefs.h.  */
| #include <ac_nonexistent.h>
configure:3797: result: gcc -E
configure:3826: gcc -E  conftest.c
configure:3833: $? = 0
configure:3864: gcc -E  conftest.c
conftest.c:3:28: error: ac_nonexistent.h: No such file or directory
configure:3871: $? = 1
configure: failed program was:
| /* confdefs.h.  */
| /* end confdefs.h.  */
| #include <ac_nonexistent.h>
configure:3911: checking for grep that handles long lines and -e
configure:3971: result: /bin/grep
configure:3976: checking for egrep
configure:4040: result: /bin/grep -E
configure:4045: checking for ANSI C header files
configure:4075: gcc -c -g -O2  conftest.c >&5
configure:4082: $? = 0
configure:4181: gcc -o conftest -g -O2   conftest.c  >&5
configure:4185: $? = 0
configure:4191: ./conftest
configure:4195: $? = 0
configure:4213: result: yes
configure:4237: checking for sys/types.h
configure:4258: gcc -c -g -O2  conftest.c >&5
configure:4265: $? = 0
configure:4282: result: yes
configure:4237: checking for sys/stat.h
configure:4258: gcc -c -g -O2  conftest.c >&5
configure:4265: $? = 0
configure:4282: result: yes
configure:4237: checking for stdlib.h
configure:4258: gcc -c -g -O2  conftest.c >&5
configure:4265: $? = 0
configure:4282: result: yes
configure:4237: checking for string.h
configure:4258: gcc -c -g -O2  conftest.c >&5
configure:4265: $? = 0
configure:4282: result: yes
configure:4237: checking for memory.h
configure:4258: gcc -c -g -O2  conftest.c >&5
configure:4265: $? = 0
configure:4282: result: yes
configure:4237: checking for strings.h
configure:4258: gcc -c -g -O2  conftest.c >&5
configure:4265: $? = 0
configure:4282: result: yes
configure:4237: checking for inttypes.h
configure:4258: gcc -c -g -O2  conftest.c >&5
configure:4265: $? = 0
configure:4282: result: yes
configure:4237: checking for stdint.h
configure:4258: gcc -c -g -O2  conftest.c >&5
configure:4265: $? = 0
configure:4282: result: yes
configure:4237: checking for unistd.h
configure:4258: gcc -c -g -O2  conftest.c >&5
configure:4265: $? = 0
configure:4282: result: yes
configure:4307: checking minix/config.h usability
configure:4324: gcc -c -g -O2  conftest.c >&5
conftest.c:46:26: error: minix/config.h: No such file or directory
configure:4331: $? = 1
configure: failed program was:
| /* confdefs.h.  */
| #define STDC_HEADERS 1
| #define HAVE_SYS_TYPES_H 1
| #define HAVE_SYS_STAT_H 1
| #define HAVE_STDLIB_H 1
| #define HAVE_STRING_H 1
| #define HAVE_MEMORY_H 1
| #define HAVE_STRINGS_H 1
| #define HAVE_INTTYPES_H 1
| #define HAVE_STDINT_H 1
| #define HAVE_UNISTD_H 1
| /* end confdefs.h.  */
| #include <stdio.h>
| #ifdef HAVE_SYS_TYPES_H
| # include <sys/types.h>
| #endif
| #ifdef HAVE_SYS_STAT_H
| # include <sys/stat.h>
| #endif
| #ifdef STDC_HEADERS
| # include <stdlib.h>
| # include <stddef.h>
| #else
| # ifdef HAVE_STDLIB_H
| #  include <stdlib.h>
| # endif
| #endif
| #ifdef HAVE_STRING_H
| # if !defined STDC_HEADERS && defined HAVE_MEMORY_H
| #  include <memory.h>
| # endif
| # include <string.h>
| #endif
| #ifdef HAVE_STRINGS_H
| # include <strings.h>
| #endif
| #ifdef HAVE_INTTYPES_H
| # include <inttypes.h>
| #endif
| #ifdef HAVE_STDINT_H
| # include <stdint.h>
| #endif
| #ifdef HAVE_UNISTD_H
| # include <unistd.h>
| #endif
| #include <minix/config.h>
configure:4345: result: no
configure:4349: checking minix/config.h presence
configure:4364: gcc -E  conftest.c
conftest.c:13:26: error: minix/config.h: No such file or directory
configure:4371: $? = 1
configure: failed program was:
| /* confdefs.h.  */
| #define STDC_HEADERS 1
| #define HAVE_SYS_TYPES_H 1
| #define HAVE_SYS_STAT_H 1
| #define HAVE_STDLIB_H 1
| #define HAVE_STRING_H 1
| #define HAVE_MEMORY_H 1
| #define HAVE_STRINGS_H 1
| #define HAVE_INTTYPES_H 1
| #define HAVE_STDINT_H 1
| #define HAVE_UNISTD_H 1
| /* end confdefs.h.  */
| #include <minix/config.h>
configure:4385: result: no
configure:4418: checking for minix/config.h
configure:4425: result: no
configure:4456: checking whether it is safe to define __EXTENSIONS__
configure:4484: gcc -c -g -O2  conftest.c >&5
configure:4491: $? = 0
configure:4506: result: yes
configure:4578: checking for gcc
configure:4605: result: gcc
configure:4837: checking for C compiler version
configure:4845: gcc --version >&5
gcc (GCC) 4.2.4 (Ubuntu 4.2.4-1ubuntu4)
Copyright (C) 2007 Free Software Foundation, Inc.
This is free software; see the source for copying conditions.  There is NO
warranty; not even for MERCHANTABILITY or FITNESS FOR A PARTICULAR PURPOSE.

configure:4849: $? = 0
configure:4856: gcc -v >&5
Using built-in specs.
Target: i486-linux-gnu
Configured with: ../src/configure -v --enable-languages=c,c++,fortran,objc,obj-c++,treelang --prefix=/usr --enable-shared --with-system-zlib --libexecdir=/usr/lib --without-included-gettext --enable-threads=posix --enable-nls --with-gxx-include-dir=/usr/include/c++/4.2 --program-suffix=-4.2 --enable-clocale=gnu --enable-libstdcxx-debug --enable-objc-gc --enable-mpfr --enable-targets=all --enable-checking=release --build=i486-linux-gnu --host=i486-linux-gnu --target=i486-linux-gnu
Thread model: posix
gcc version 4.2.4 (Ubuntu 4.2.4-1ubuntu4)
configure:4860: $? = 0
configure:4867: gcc -V >&5
gcc: '-V' option must have argument
configure:4871: $? = 1
configure:4874: checking whether we are using the GNU C compiler
configure:4927: result: yes
configure:4936: checking whether gcc accepts -g
configure:5074: result: yes
configure:5091: checking for gcc option to accept ISO C89
configure:5195: result: none needed
configure:5215: checking dependency style of gcc
configure:5325: result: gcc3
configure:5375: checking build system type
configure:5393: result: i686-pc-linux-gnu
configure:5415: checking host system type
configure:5430: result: i686-pc-linux-gnu
configure:5452: checking for a sed that does not truncate output
configure:5518: result: /bin/sed
configure:5536: checking for fgrep
configure:5600: result: /bin/grep -F
configure:5635: checking for ld used by gcc
configure:5702: result: /usr/bin/ld
configure:5711: checking if the linker (/usr/bin/ld) is GNU ld
configure:5726: result: yes
configure:5738: checking for BSD- or MS-compatible name lister (nm)
configure:5787: result: /usr/bin/nm -B
configure:5905: checking the name lister (/usr/bin/nm -B) interface
configure:5912: gcc -c -g -O2  conftest.c >&5
configure:5915: /usr/bin/nm -B "conftest.o"
configure:5918: output
00000000 B some_variable
configure:5925: result: BSD nm
configure:5928: checking whether ln -s works
configure:5932: result: yes
configure:5940: checking the maximum length of command line arguments
configure:6060: result: 98304
configure:6077: checking whether the shell understands some XSI constructs
configure:6087: result: yes
configure:6091: checking whether the shell understands "+="
configure:6097: result: yes
configure:6132: checking for /usr/bin/ld option to reload object files
configure:6139: result: -r
configure:6208: checking for objdump
configure:6224: found /usr/bin/objdump
configure:6235: result: objdump
configure:6267: checking how to recognize dependent libraries
configure:6463: result: pass_all
configure:6523: checking for ar
configure:6539: found /usr/bin/ar
configure:6550: result: ar
configure:6628: checking for strip
configure:6644: found /usr/bin/strip
configure:6655: result: strip
configure:6727: checking for ranlib
configure:6743: found /usr/bin/ranlib
configure:6754: result: ranlib
configure:6844: checking command to parse /usr/bin/nm -B output from gcc object
configure:6962: gcc -c -g -O2  conftest.c >&5
configure:6965: $? = 0
configure:6969: /usr/bin/nm -B conftest.o \| sed -n -e 's/^.*[	 ]\([ABCDGIRSTW][ABCDGIRSTW]*\)[	 ][	 ]*\([_A-Za-z][_A-Za-z0-9]*\)$/\1 \2 \2/p' \> conftest.nm
configure:6972: $? = 0
configure:7026: gcc -o conftest -g -O2   conftest.c conftstm.o >&5
configure:7029: $? = 0
configure:7067: result: ok
configure:7932: checking for dlfcn.h
configure:7953: gcc -c -g -O2  conftest.c >&5
configure:7960: $? = 0
configure:7977: result: yes
configure:8161: checking for objdir
configure:8176: result: .libs
configure:8468: checking if gcc supports -fno-rtti -fno-exceptions
configure:8486: gcc -c -g -O2  -fno-rtti -fno-exceptions conftest.c >&5
cc1: warning: command line option "-fno-rtti" is valid for C++/ObjC++ but not for C
configure:8490: $? = 0
configure:8503: result: no
configure:8523: checking for gcc option to produce PIC
configure:8795: result: -fPIC -DPIC
configure:8807: checking if gcc PIC flag -fPIC -DPIC works
configure:8825: gcc -c -g -O2  -fPIC -DPIC -DPIC conftest.c >&5
configure:8829: $? = 0
configure:8842: result: yes
configure:8866: checking if gcc static flag -static works
configure:8894: result: yes
configure:8909: checking if gcc supports -c -o file.o
configure:8930: gcc -c -g -O2  -o out/conftest2.o conftest.c >&5
configure:8934: $? = 0
configure:8956: result: yes
configure:8964: checking if gcc supports -c -o file.o
configure:9011: result: yes
configure:9044: checking whether the gcc linker (/usr/bin/ld) supports shared libraries
configure:10118: result: yes
configure:10155: checking whether -lc should be explicitly linked in
configure:10160: gcc -c -g -O2  conftest.c >&5
configure:10163: $? = 0
configure:10178: gcc -shared conftest.o  -v -Wl,-soname -Wl,conftest -o conftest 2\>\&1 \| /bin/grep  -lc  \>/dev/null 2\>\&1
configure:10181: $? = 0
configure:10193: result: no
configure:10357: checking dynamic linker characteristics
configure:10800: gcc -o conftest -g -O2   -Wl,-rpath -Wl,/foo conftest.c  >&5
configure:10807: $? = 0
configure:11043: result: GNU/Linux ld.so
configure:11145: checking how to hardcode library paths into programs
configure:11170: result: immediate
configure:11293: checking for shl_load
configure:11349: gcc -o conftest -g -O2   conftest.c  >&5
/tmp/ccKnoLGy.o: In function `main':
/opt/qfd-0.1/sources/maildrop/rfc2045/conftest.c:54: undefined reference to `shl_load'
collect2: ld returned 1 exit status
configure:11356: $? = 1
configure: failed program was:
| /* confdefs.h.  */
| #define STDC_HEADERS 1
| #define HAVE_SYS_TYPES_H 1
| #define HAVE_SYS_STAT_H 1
| #define HAVE_STDLIB_H 1
| #define HAVE_STRING_H 1
| #define HAVE_MEMORY_H 1
| #define HAVE_STRINGS_H 1
| #define HAVE_INTTYPES_H 1
| #define HAVE_STDINT_H 1
| #define HAVE_UNISTD_H 1
| #define __EXTENSIONS__ 1
| #define _ALL_SOURCE 1
| #define _GNU_SOURCE 1
| #define _POSIX_PTHREAD_SEMANTICS 1
| #define _TANDEM_SOURCE 1
| #define HAVE_DLFCN_H 1
| #define LT_OBJDIR ".libs/"
| /* end confdefs.h.  */
| /* Define shl_load to an innocuous variant, in case <limits.h> declares shl_load.
|    For example, HP-UX 11i <limits.h> declares gettimeofday.  */
| #define shl_load innocuous_shl_load
| 
| /* System header to define __stub macros and hopefully few prototypes,
|     which can conflict with char shl_load (); below.
|     Prefer <limits.h> to <assert.h> if __STDC__ is defined, since
|     <limits.h> exists even on freestanding compilers.  */
| 
| #ifdef __STDC__
| # include <limits.h>
| #else
| # include <assert.h>
| #endif
| 
| #undef shl_load
| 
| /* Override any GCC internal prototype to avoid an error.
|    Use char because int might match the return type of a GCC
|    builtin and then its argument prototype would still apply.  */
| #ifdef __cplusplus
| extern "C"
| #endif
| char shl_load ();
| /* The GNU C library defines this for functions which it implements
|     to always fail with ENOSYS.  Some functions are actually named
|     something starting with __ and the normal name is an alias.  */
| #if defined __stub_shl_load || defined __stub___shl_load
| choke me
| #endif
| 
| int
| main ()
| {
| return shl_load ();
|   ;
|   return 0;
| }
configure:11376: result: no
configure:11381: checking for shl_load in -ldld
configure:11416: gcc -o conftest -g -O2   conftest.c -ldld   >&5
/usr/bin/ld: cannot find -ldld
collect2: ld returned 1 exit status
configure:11423: $? = 1
configure: failed program was:
| /* confdefs.h.  */
| #define STDC_HEADERS 1
| #define HAVE_SYS_TYPES_H 1
| #define HAVE_SYS_STAT_H 1
| #define HAVE_STDLIB_H 1
| #define HAVE_STRING_H 1
| #define HAVE_MEMORY_H 1
| #define HAVE_STRINGS_H 1
| #define HAVE_INTTYPES_H 1
| #define HAVE_STDINT_H 1
| #define HAVE_UNISTD_H 1
| #define __EXTENSIONS__ 1
| #define _ALL_SOURCE 1
| #define _GNU_SOURCE 1
| #define _POSIX_PTHREAD_SEMANTICS 1
| #define _TANDEM_SOURCE 1
| #define HAVE_DLFCN_H 1
| #define LT_OBJDIR ".libs/"
| /* end confdefs.h.  */
| 
| /* Override any GCC internal prototype to avoid an error.
|    Use char because int might match the return type of a GCC
|    builtin and then its argument prototype would still apply.  */
| #ifdef __cplusplus
| extern "C"
| #endif
| char shl_load ();
| int
| main ()
| {
| return shl_load ();
|   ;
|   return 0;
| }
configure:11444: result: no
configure:11449: checking for dlopen
configure:11505: gcc -o conftest -g -O2   conftest.c  >&5
/tmp/ccixo4KY.o: In function `main':
/opt/qfd-0.1/sources/maildrop/rfc2045/conftest.c:54: undefined reference to `dlopen'
collect2: ld returned 1 exit status
configure:11512: $? = 1
configure: failed program was:
| /* confdefs.h.  */
| #define STDC_HEADERS 1
| #define HAVE_SYS_TYPES_H 1
| #define HAVE_SYS_STAT_H 1
| #define HAVE_STDLIB_H 1
| #define HAVE_STRING_H 1
| #define HAVE_MEMORY_H 1
| #define HAVE_STRINGS_H 1
| #define HAVE_INTTYPES_H 1
| #define HAVE_STDINT_H 1
| #define HAVE_UNISTD_H 1
| #define __EXTENSIONS__ 1
| #define _ALL_SOURCE 1
| #define _GNU_SOURCE 1
| #define _POSIX_PTHREAD_SEMANTICS 1
| #define _TANDEM_SOURCE 1
| #define HAVE_DLFCN_H 1
| #define LT_OBJDIR ".libs/"
| /* end confdefs.h.  */
| /* Define dlopen to an innocuous variant, in case <limits.h> declares dlopen.
|    For example, HP-UX 11i <limits.h> declares gettimeofday.  */
| #define dlopen innocuous_dlopen
| 
| /* System header to define __stub macros and hopefully few prototypes,
|     which can conflict with char dlopen (); below.
|     Prefer <limits.h> to <assert.h> if __STDC__ is defined, since
|     <limits.h> exists even on freestanding compilers.  */
| 
| #ifdef __STDC__
| # include <limits.h>
| #else
| # include <assert.h>
| #endif
| 
| #undef dlopen
| 
| /* Override any GCC internal prototype to avoid an error.
|    Use char because int might match the return type of a GCC
|    builtin and then its argument prototype would still apply.  */
| #ifdef __cplusplus
| extern "C"
| #endif
| char dlopen ();
| /* The GNU C library defines this for functions which it implements
|     to always fail with ENOSYS.  Some functions are actually named
|     something starting with __ and the normal name is an alias.  */
| #if defined __stub_dlopen || defined __stub___dlopen
| choke me
| #endif
| 
| int
| main ()
| {
| return dlopen ();
|   ;
|   return 0;
| }
configure:11532: result: no
configure:11537: checking for dlopen in -ldl
configure:11572: gcc -o conftest -g -O2   conftest.c -ldl   >&5
configure:11579: $? = 0
configure:11600: result: yes
configure:11777: checking whether a program can dlopen itself
configure:11847: gcc -o conftest -g -O2  -DHAVE_DLFCN_H  -Wl,--export-dynamic conftest.c -ldl  >&5
configure:11850: $? = 0
configure:11868: result: yes
configure:11873: checking whether a statically linked program can dlopen itself
configure:11943: gcc -o conftest -g -O2  -DHAVE_DLFCN_H  -Wl,--export-dynamic -static conftest.c -ldl  >&5
/tmp/cckVD7Xx.o: In function `main':
/opt/qfd-0.1/sources/maildrop/rfc2045/configure:11927: warning: Using 'dlopen' in statically linked applications requires at runtime the shared libraries from the glibc version used for linking
configure:11946: $? = 0
/lib/: cannot read file data: Is a directory
configure:11964: result: no
configure:12003: checking whether stripping libraries is possible
configure:12008: result: yes
configure:12043: checking if libtool supports shared libraries
configure:12045: result: yes
configure:12048: checking whether to build shared libraries
configure:12069: result: yes
configure:12072: checking whether to build static libraries
configure:12076: result: yes
configure:12118: checking for ANSI C header files
configure:12286: result: yes
configure:12304: checking for unistd.h
configure:12311: result: yes
configure:12315: checking sys/wait.h usability
configure:12332: gcc -c -g -O2 -Wall  conftest.c >&5
configure:12339: $? = 0
configure:12353: result: yes
configure:12357: checking sys/wait.h presence
configure:12372: gcc -E  conftest.c
configure:12379: $? = 0
configure:12393: result: yes
configure:12426: checking for sys/wait.h
configure:12435: result: yes
configure:12304: checking for strings.h
configure:12311: result: yes
configure:12315: checking locale.h usability
configure:12332: gcc -c -g -O2 -Wall  conftest.c >&5
configure:12339: $? = 0
configure:12353: result: yes
configure:12357: checking locale.h presence
configure:12372: gcc -E  conftest.c
configure:12379: $? = 0
configure:12393: result: yes
configure:12426: checking for locale.h
configure:12435: result: yes
configure:12451: checking for missing gethostname prototype
configure:12484: gcc -c -g -O2 -Wall  conftest.c >&5
conftest.c:30: error: conflicting types for 'gethostname'
/usr/include/unistd.h:845: error: previous declaration of 'gethostname' was here
configure:12491: $? = 1
configure: failed program was:
| /* confdefs.h.  */
| #define STDC_HEADERS 1
| #define HAVE_SYS_TYPES_H 1
| #define HAVE_SYS_STAT_H 1
| #define HAVE_STDLIB_H 1
| #define HAVE_STRING_H 1
| #define HAVE_MEMORY_H 1
| #define HAVE_STRINGS_H 1
| #define HAVE_INTTYPES_H 1
| #define HAVE_STDINT_H 1
| #define HAVE_UNISTD_H 1
| #define __EXTENSIONS__ 1
| #define _ALL_SOURCE 1
| #define _GNU_SOURCE 1
| #define _POSIX_PTHREAD_SEMANTICS 1
| #define _TANDEM_SOURCE 1
| #define HAVE_DLFCN_H 1
| #define LT_OBJDIR ".libs/"
| #define STDC_HEADERS 1
| #define HAVE_UNISTD_H 1
| #define HAVE_SYS_WAIT_H 1
| #define HAVE_STRINGS_H 1
| #define HAVE_LOCALE_H 1
| /* end confdefs.h.  */
| 
| #if HAVE_UNISTD_H
| #include	<unistd.h>
| #endif
| 
| extern int gethostname(int,int);
| 
| int
| main ()
| {
| 
| 
|   ;
|   return 0;
| }
configure:12509: result: no
configure:12521: checking for an ANSI C-conforming const
configure:12596: gcc -c -g -O2 -Wall  conftest.c >&5
conftest.c: In function 'main':
conftest.c:55: warning: 't' is used uninitialized in this function
conftest.c:71: warning: 'b' is used uninitialized in this function
conftest.c:77: warning: 'cs[0]' is used uninitialized in this function
configure:12603: $? = 0
configure:12618: result: yes
configure:12628: checking for off_t
configure:12656: gcc -c -g -O2 -Wall  conftest.c >&5
configure:12663: $? = 0
configure:12690: gcc -c -g -O2 -Wall  conftest.c >&5
conftest.c: In function 'main':
conftest.c:62: error: expected expression before ')' token
configure:12697: $? = 1
configure: failed program was:
| /* confdefs.h.  */
| #define STDC_HEADERS 1
| #define HAVE_SYS_TYPES_H 1
| #define HAVE_SYS_STAT_H 1
| #define HAVE_STDLIB_H 1
| #define HAVE_STRING_H 1
| #define HAVE_MEMORY_H 1
| #define HAVE_STRINGS_H 1
| #define HAVE_INTTYPES_H 1
| #define HAVE_STDINT_H 1
| #define HAVE_UNISTD_H 1
| #define __EXTENSIONS__ 1
| #define _ALL_SOURCE 1
| #define _GNU_SOURCE 1
| #define _POSIX_PTHREAD_SEMANTICS 1
| #define _TANDEM_SOURCE 1
| #define HAVE_DLFCN_H 1
| #define LT_OBJDIR ".libs/"
| #define STDC_HEADERS 1
| #define HAVE_UNISTD_H 1
| #define HAVE_SYS_WAIT_H 1
| #define HAVE_STRINGS_H 1
| #define HAVE_LOCALE_H 1
| #define HAS_GETHOSTNAME 1
| /* end confdefs.h.  */
| #include <stdio.h>
| #ifdef HAVE_SYS_TYPES_H
| # include <sys/types.h>
| #endif
| #ifdef HAVE_SYS_STAT_H
| # include <sys/stat.h>
| #endif
| #ifdef STDC_HEADERS
| # include <stdlib.h>
| # include <stddef.h>
| #else
| # ifdef HAVE_STDLIB_H
| #  include <stdlib.h>
| # endif
| #endif
| #ifdef HAVE_STRING_H
| # if !defined STDC_HEADERS && defined HAVE_MEMORY_H
| #  include <memory.h>
| # endif
| # include <string.h>
| #endif
| #ifdef HAVE_STRINGS_H
| # include <strings.h>
| #endif
| #ifdef HAVE_INTTYPES_H
| # include <inttypes.h>
| #endif
| #ifdef HAVE_STDINT_H
| # include <stdint.h>
| #endif
| #ifdef HAVE_UNISTD_H
| # include <unistd.h>
| #endif
| int
| main ()
| {
| if (sizeof ((off_t)))
| 	  return 0;
|   ;
|   return 0;
| }
configure:12720: result: yes
configure:12732: checking for size_t
configure:12760: gcc -c -g -O2 -Wall  conftest.c >&5
configure:12767: $? = 0
configure:12794: gcc -c -g -O2 -Wall  conftest.c >&5
conftest.c: In function 'main':
conftest.c:62: error: expected expression before ')' token
configure:12801: $? = 1
configure: failed program was:
| /* confdefs.h.  */
| #define STDC_HEADERS 1
| #define HAVE_SYS_TYPES_H 1
| #define HAVE_SYS_STAT_H 1
| #define HAVE_STDLIB_H 1
| #define HAVE_STRING_H 1
| #define HAVE_MEMORY_H 1
| #define HAVE_STRINGS_H 1
| #define HAVE_INTTYPES_H 1
| #define HAVE_STDINT_H 1
| #define HAVE_UNISTD_H 1
| #define __EXTENSIONS__ 1
| #define _ALL_SOURCE 1
| #define _GNU_SOURCE 1
| #define _POSIX_PTHREAD_SEMANTICS 1
| #define _TANDEM_SOURCE 1
| #define HAVE_DLFCN_H 1
| #define LT_OBJDIR ".libs/"
| #define STDC_HEADERS 1
| #define HAVE_UNISTD_H 1
| #define HAVE_SYS_WAIT_H 1
| #define HAVE_STRINGS_H 1
| #define HAVE_LOCALE_H 1
| #define HAS_GETHOSTNAME 1
| /* end confdefs.h.  */
| #include <stdio.h>
| #ifdef HAVE_SYS_TYPES_H
| # include <sys/types.h>
| #endif
| #ifdef HAVE_SYS_STAT_H
| # include <sys/stat.h>
| #endif
| #ifdef STDC_HEADERS
| # include <stdlib.h>
| # include <stddef.h>
| #else
| # ifdef HAVE_STDLIB_H
| #  include <stdlib.h>
| # endif
| #endif
| #ifdef HAVE_STRING_H
| # if !defined STDC_HEADERS && defined HAVE_MEMORY_H
| #  include <memory.h>
| # endif
| # include <string.h>
| #endif
| #ifdef HAVE_STRINGS_H
| # include <strings.h>
| #endif
| #ifdef HAVE_INTTYPES_H
| # include <inttypes.h>
| #endif
| #ifdef HAVE_STDINT_H
| # include <stdint.h>
| #endif
| #ifdef HAVE_UNISTD_H
| # include <unistd.h>
| #endif
| int
| main ()
| {
| if (sizeof ((size_t)))
| 	  return 0;
|   ;
|   return 0;
| }
configure:12824: result: yes
configure:12836: checking for pid_t
configure:12864: gcc -c -g -O2 -Wall  conftest.c >&5
configure:12871: $? = 0
configure:12898: gcc -c -g -O2 -Wall  conftest.c >&5
conftest.c: In function 'main':
conftest.c:62: error: expected expression before ')' token
configure:12905: $? = 1
configure: failed program was:
| /* confdefs.h.  */
| #define STDC_HEADERS 1
| #define HAVE_SYS_TYPES_H 1
| #define HAVE_SYS_STAT_H 1
| #define HAVE_STDLIB_H 1
| #define HAVE_STRING_H 1
| #define HAVE_MEMORY_H 1
| #define HAVE_STRINGS_H 1
| #define HAVE_INTTYPES_H 1
| #define HAVE_STDINT_H 1
| #define HAVE_UNISTD_H 1
| #define __EXTENSIONS__ 1
| #define _ALL_SOURCE 1
| #define _GNU_SOURCE 1
| #define _POSIX_PTHREAD_SEMANTICS 1
| #define _TANDEM_SOURCE 1
| #define HAVE_DLFCN_H 1
| #define LT_OBJDIR ".libs/"
| #define STDC_HEADERS 1
| #define HAVE_UNISTD_H 1
| #define HAVE_SYS_WAIT_H 1
| #define HAVE_STRINGS_H 1
| #define HAVE_LOCALE_H 1
| #define HAS_GETHOSTNAME 1
| /* end confdefs.h.  */
| #include <stdio.h>
| #ifdef HAVE_SYS_TYPES_H
| # include <sys/types.h>
| #endif
| #ifdef HAVE_SYS_STAT_H
| # include <sys/stat.h>
| #endif
| #ifdef STDC_HEADERS
| # include <stdlib.h>
| # include <stddef.h>
| #else
| # ifdef HAVE_STDLIB_H
| #  include <stdlib.h>
| # endif
| #endif
| #ifdef HAVE_STRING_H
| # if !defined STDC_HEADERS && defined HAVE_MEMORY_H
| #  include <memory.h>
| # endif
| # include <string.h>
| #endif
| #ifdef HAVE_STRINGS_H
| # include <strings.h>
| #endif
| #ifdef HAVE_INTTYPES_H
| # include <inttypes.h>
| #endif
| #ifdef HAVE_STDINT_H
| # include <stdint.h>
| #endif
| #ifdef HAVE_UNISTD_H
| # include <unistd.h>
| #endif
| int
| main ()
| {
| if (sizeof ((pid_t)))
| 	  return 0;
|   ;
|   return 0;
| }
configure:12928: result: yes
configure:12945: checking for setlocale
configure:13001: gcc -o conftest -g -O2 -Wall   conftest.c  >&5
configure:13008: $? = 0
configure:13030: result: yes
configure:13042: checking for strncasecmp
configure:13098: gcc -o conftest -g -O2 -Wall   conftest.c  >&5
conftest.c:50: warning: conflicting types for built-in function 'strncasecmp'
configure:13105: $? = 0
configure:13125: result: yes
configure:13133: checking for strcasecmp
configure:13189: gcc -o conftest -g -O2 -Wall   conftest.c  >&5
conftest.c:50: warning: conflicting types for built-in function 'strcasecmp'
configure:13196: $? = 0
configure:13216: result: yes
configure:13445: creating ./config.status

## ---------------------- ##
## Running config.status. ##
## ---------------------- ##

This file was extended by rfc2045lib config.status 0.20, which was
generated by GNU Autoconf 2.63.  Invocation command line was

  CONFIG_FILES    = 
  CONFIG_HEADERS  = 
  CONFIG_LINKS    = 
  CONFIG_COMMANDS = 
  $ ./config.status 

on loft2500.serverloft.com

config.status:996: creating Makefile
config.status:996: creating rfc2045charset.h
config.status:996: creating rfc2045_config.h
config.status:1270: executing depfiles commands
config.status:1270: executing libtool commands

## ---------------- ##
## Cache variables. ##
## ---------------- ##

ac_cv_build=i686-pc-linux-gnu
ac_cv_c_compiler_gnu=yes
ac_cv_c_const=yes
ac_cv_env_CC_set=
ac_cv_env_CC_value=
ac_cv_env_CFLAGS_set=
ac_cv_env_CFLAGS_value=
ac_cv_env_CPPFLAGS_set=
ac_cv_env_CPPFLAGS_value=
ac_cv_env_CPP_set=
ac_cv_env_CPP_value=
ac_cv_env_LDFLAGS_set=
ac_cv_env_LDFLAGS_value=
ac_cv_env_LIBS_set=
ac_cv_env_LIBS_value=
ac_cv_env_build_alias_set=
ac_cv_env_build_alias_value=
ac_cv_env_host_alias_set=
ac_cv_env_host_alias_value=
ac_cv_env_target_alias_set=
ac_cv_env_target_alias_value=
ac_cv_func_dlopen=no
ac_cv_func_setlocale=yes
ac_cv_func_shl_load=no
ac_cv_func_strcasecmp=yes
ac_cv_func_strncasecmp=yes
ac_cv_header_dlfcn_h=yes
ac_cv_header_inttypes_h=yes
ac_cv_header_locale_h=yes
ac_cv_header_memory_h=yes
ac_cv_header_minix_config_h=no
ac_cv_header_stdc=yes
ac_cv_header_stdint_h=yes
ac_cv_header_stdlib_h=yes
ac_cv_header_string_h=yes
ac_cv_header_strings_h=yes
ac_cv_header_sys_stat_h=yes
ac_cv_header_sys_types_h=yes
ac_cv_header_sys_wait_h=yes
ac_cv_header_unistd_h=yes
ac_cv_host=i686-pc-linux-gnu
ac_cv_lib_dl_dlopen=yes
ac_cv_lib_dld_shl_load=no
ac_cv_objext=o
ac_cv_path_EGREP='/bin/grep -E'
ac_cv_path_FGREP='/bin/grep -F'
ac_cv_path_GREP=/bin/grep
ac_cv_path_SED=/bin/sed
ac_cv_path_install='/usr/bin/install -c'
ac_cv_path_mkdir=/bin/mkdir
ac_cv_prog_AWK=gawk
ac_cv_prog_CPP='gcc -E'
ac_cv_prog_ac_ct_AR=ar
ac_cv_prog_ac_ct_CC=gcc
ac_cv_prog_ac_ct_OBJDUMP=objdump
ac_cv_prog_ac_ct_RANLIB=ranlib
ac_cv_prog_ac_ct_STRIP=strip
ac_cv_prog_cc_c89=
ac_cv_prog_cc_g=yes
ac_cv_prog_make_make_set=yes
ac_cv_safe_to_define___extensions__=yes
ac_cv_type_off_t=yes
ac_cv_type_pid_t=yes
ac_cv_type_size_t=yes
am_cv_CC_dependencies_compiler_type=gcc3
lt_cv_deplibs_check_method=pass_all
lt_cv_dlopen=dlopen
lt_cv_dlopen_libs=-ldl
lt_cv_dlopen_self=yes
lt_cv_dlopen_self_static=no
lt_cv_file_magic_cmd='$MAGIC_CMD'
lt_cv_file_magic_test_file=
lt_cv_ld_reload_flag=-r
lt_cv_nm_interface='BSD nm'
lt_cv_objdir=.libs
lt_cv_path_LD=/usr/bin/ld
lt_cv_path_NM='/usr/bin/nm -B'
lt_cv_prog_compiler_c_o=yes
lt_cv_prog_compiler_pic_works=yes
lt_cv_prog_compiler_rtti_exceptions=no
lt_cv_prog_compiler_static_works=yes
lt_cv_prog_gnu_ld=yes
lt_cv_sys_global_symbol_pipe='sed -n -e '\''s/^.*[	 ]\([ABCDGIRSTW][ABCDGIRSTW]*\)[	 ][	 ]*\([_A-Za-z][_A-Za-z0-9]*\)$/\1 \2 \2/p'\'''
lt_cv_sys_global_symbol_to_c_name_address='sed -n -e '\''s/^: \([^ ]*\) $/  {\"\1\", (void *) 0},/p'\'' -e '\''s/^[ABCDGIRSTW]* \([^ ]*\) \([^ ]*\)$/  {"\2", (void *) \&\2},/p'\'''
lt_cv_sys_global_symbol_to_c_name_address_lib_prefix='sed -n -e '\''s/^: \([^ ]*\) $/  {\"\1\", (void *) 0},/p'\'' -e '\''s/^[ABCDGIRSTW]* \([^ ]*\) \(lib[^ ]*\)$/  {"\2", (void *) \&\2},/p'\'' -e '\''s/^[ABCDGIRSTW]* \([^ ]*\) \([^ ]*\)$/  {"lib\2", (void *) \&\2},/p'\'''
lt_cv_sys_global_symbol_to_cdecl='sed -n -e '\''s/^T .* \(.*\)$/extern int \1();/p'\'' -e '\''s/^[ABCDGIRSTW]* .* \(.*\)$/extern char \1;/p'\'''
lt_cv_sys_max_cmd_len=98304
rfc2045_cv_SYS_GETHOSTNAME=no

## ----------------- ##
## Output variables. ##
## ----------------- ##

ACLOCAL='${SHELL} /opt/qfd-0.1/sources/maildrop/missing --run aclocal-1.11'
AMDEPBACKSLASH='\'
AMDEP_FALSE='#'
AMDEP_TRUE=''
AMTAR='${SHELL} /opt/qfd-0.1/sources/maildrop/missing --run tar'
AR='ar'
AUTOCONF='${SHELL} /opt/qfd-0.1/sources/maildrop/missing --run autoconf'
AUTOHEADER='${SHELL} /opt/qfd-0.1/sources/maildrop/missing --run autoheader'
AUTOMAKE='${SHELL} /opt/qfd-0.1/sources/maildrop/missing --run automake-1.11'
AWK='gawk'
CC='gcc'
CCDEPMODE='depmode=gcc3'
CFLAGS='-g -O2 -Wall -I./..'
CPP='gcc -E'
CPPFLAGS=''
CYGPATH_W='echo'
DEFS='-DHAVE_CONFIG_H'
DEPDIR='.deps'
DSYMUTIL=''
DUMPBIN=''
ECHO_C=''
ECHO_N='-n'
ECHO_T=''
EGREP='/bin/grep -E'
EXEEXT=''
FGREP='/bin/grep -F'
GREP='/bin/grep'
HAVE_SGML_FALSE=''
HAVE_SGML_TRUE='#'
INSTALL_DATA='${INSTALL} -m 644'
INSTALL_PROGRAM='${INSTALL}'
INSTALL_SCRIPT='${INSTALL}'
INSTALL_STRIP_PROGRAM='$(install_sh) -c -s'
LD='/usr/bin/ld'
LDFLAGS=''
LIBOBJS=''
LIBS=''
LIBTOOL='$(SHELL) $(top_builddir)/libtool'
LIPO=''
LN_S='ln -s'
LTLIBOBJS=''
MAKEINFO='${SHELL} /opt/qfd-0.1/sources/maildrop/missing --run makeinfo'
MKDIR_P='/bin/mkdir -p'
NM='/usr/bin/nm -B'
NMEDIT=''
OBJDUMP='objdump'
OBJEXT='o'
OTOOL64=''
OTOOL=''
PACKAGE='rfc2045lib'
PACKAGE_BUGREPORT='courier-maildrop@lists.sourceforge.net'
PACKAGE_NAME='rfc2045lib'
PACKAGE_STRING='rfc2045lib 0.20'
PACKAGE_TARNAME='rfc2045lib'
PACKAGE_VERSION='0.20'
PATH_SEPARATOR=':'
RANLIB='ranlib'
RFC2045CHARSET='iso-8859-1'
SED='/bin/sed'
SET_MAKE=''
SHELL='/bin/bash'
STRIP='strip'
UNICODE_LIB='../unicode/libunicode.la'
VERSION='0.20'
ac_ct_CC='gcc'
ac_ct_DUMPBIN=''
am__EXEEXT_FALSE=''
am__EXEEXT_TRUE='#'
am__fastdepCC_FALSE='#'
am__fastdepCC_TRUE=''
am__include='include'
am__isrc=''
am__leading_dot='.'
am__quote=''
am__tar='${AMTAR} chof - "$$tardir"'
am__untar='${AMTAR} xf -'
bindir='${exec_prefix}/bin'
build='i686-pc-linux-gnu'
build_alias=''
build_cpu='i686'
build_os='linux-gnu'
build_vendor='pc'
datadir='${datarootdir}'
datarootdir='${prefix}/share'
docdir='${datarootdir}/doc/${PACKAGE_TARNAME}'
dvidir='${docdir}'
exec_prefix='/usr/local'
host='i686-pc-linux-gnu'
host_alias=''
host_cpu='i686'
host_os='linux-gnu'
host_vendor='pc'
htmldir='${docdir}'
includedir='${prefix}/include'
infodir='${datarootdir}/info'
install_sh='${SHELL} /opt/qfd-0.1/sources/maildrop/install-sh'
libdir='${exec_prefix}/lib'
libexecdir='${exec_prefix}/libexec'
localedir='${datarootdir}/locale'
localstatedir='${prefix}/var'
lt_ECHO='echo'
mandir='${datarootdir}/man'
mkdir_p='/bin/mkdir -p'
oldincludedir='/usr/include'
pdfdir='${docdir}'
prefix='/usr/local'
program_transform_name='s,x,x,'
psdir='${docdir}'
rfc822includedir=''
sbindir='${exec_prefix}/sbin'
sharedstatedir='${prefix}/com'
sysconfdir='${prefix}/etc'
target_alias=''

## ----------- ##
## confdefs.h. ##
## ----------- ##

#define STDC_HEADERS 1
#define HAVE_SYS_TYPES_H 1
#define HAVE_SYS_STAT_H 1
#define HAVE_STDLIB_H 1
#define HAVE_STRING_H 1
#define HAVE_MEMORY_H 1
#define HAVE_STRINGS_H 1
#define HAVE_INTTYPES_H 1
#define HAVE_STDINT_H 1
#define HAVE_UNISTD_H 1
#define __EXTENSIONS__ 1
#define _ALL_SOURCE 1
#define _GNU_SOURCE 1
#define _POSIX_PTHREAD_SEMANTICS 1
#define _TANDEM_SOURCE 1
#define HAVE_DLFCN_H 1
#define LT_OBJDIR ".libs/"
#define STDC_HEADERS 1
#define HAVE_UNISTD_H 1
#define HAVE_SYS_WAIT_H 1
#define HAVE_STRINGS_H 1
#define HAVE_LOCALE_H 1
#define HAS_GETHOSTNAME 1
#define HAVE_SETLOCALE 1
#define RFC2045PKG "rfc2045lib"
#define RFC2045VER "0.20"

configure: exit 0
