This file contains any messages produced by compilers while
running configure, to aid debugging if configure makes a mistake.

It was created by liblock configure 0.60, which was
generated by GNU Autoconf 2.63.  Invocation command line was

  $ ./configure --disable-option-checking --prefix=/usr/local --with-db=gdbm --exec-prefix=/usr/local --enable-maildrop-uid=root --enable-maildrop-gid=vchkpw --enable-maildirquota --cache-file=/dev/null --srcdir=.

## --------- ##
## Platform. ##
## --------- ##

hostname = loft2500.serverloft.com
uname -m = i686
uname -r = 2.6.24-26-generic
uname -s = Linux
uname -v = #1 SMP Tue Dec 1 18:37:31 UTC 2009

/usr/bin/uname -p = unknown
/bin/uname -X     = unknown

/bin/arch              = unknown
/usr/bin/arch -k       = unknown
/usr/convex/getsysinfo = unknown
/usr/bin/hostinfo      = unknown
/bin/machine           = unknown
/usr/bin/oslevel       = unknown
/bin/universe          = unknown

PATH: /usr/local/sbin
PATH: /usr/local/bin
PATH: /usr/sbin
PATH: /usr/bin
PATH: /sbin
PATH: /bin
PATH: /usr/games


## ----------- ##
## Core tests. ##
## ----------- ##

configure:2083: checking for a BSD-compatible install
configure:2151: result: /usr/bin/install -c
configure:2162: checking whether build environment is sane
configure:2222: result: yes
configure:2363: checking for a thread-safe mkdir -p
configure:2402: result: /bin/mkdir -p
configure:2415: checking for gawk
configure:2431: found /usr/bin/gawk
configure:2442: result: gawk
configure:2453: checking whether make sets $(MAKE)
configure:2475: result: yes
configure:2553: checking for gawk
configure:2580: result: gawk
configure:2639: checking for gcc
configure:2655: found /usr/bin/gcc
configure:2666: result: gcc
configure:2898: checking for C compiler version
configure:2906: gcc --version >&5
gcc (GCC) 4.2.4 (Ubuntu 4.2.4-1ubuntu4)
Copyright (C) 2007 Free Software Foundation, Inc.
This is free software; see the source for copying conditions.  There is NO
warranty; not even for MERCHANTABILITY or FITNESS FOR A PARTICULAR PURPOSE.

configure:2910: $? = 0
configure:2917: gcc -v >&5
Using built-in specs.
Target: i486-linux-gnu
Configured with: ../src/configure -v --enable-languages=c,c++,fortran,objc,obj-c++,treelang --prefix=/usr --enable-shared --with-system-zlib --libexecdir=/usr/lib --without-included-gettext --enable-threads=posix --enable-nls --with-gxx-include-dir=/usr/include/c++/4.2 --program-suffix=-4.2 --enable-clocale=gnu --enable-libstdcxx-debug --enable-objc-gc --enable-mpfr --enable-targets=all --enable-checking=release --build=i486-linux-gnu --host=i486-linux-gnu --target=i486-linux-gnu
Thread model: posix
gcc version 4.2.4 (Ubuntu 4.2.4-1ubuntu4)
configure:2921: $? = 0
configure:2928: gcc -V >&5
gcc: '-V' option must have argument
configure:2932: $? = 1
configure:2955: checking for C compiler default output file name
configure:2977: gcc    conftest.c  >&5
configure:2981: $? = 0
configure:3019: result: a.out
configure:3038: checking whether the C compiler works
configure:3048: ./a.out
configure:3052: $? = 0
configure:3071: result: yes
configure:3078: checking whether we are cross compiling
configure:3080: result: no
configure:3083: checking for suffix of executables
configure:3090: gcc -o conftest    conftest.c  >&5
configure:3094: $? = 0
configure:3120: result: 
configure:3126: checking for suffix of object files
configure:3152: gcc -c   conftest.c >&5
configure:3156: $? = 0
configure:3181: result: o
configure:3185: checking whether we are using the GNU C compiler
configure:3214: gcc -c   conftest.c >&5
configure:3221: $? = 0
configure:3238: result: yes
configure:3247: checking whether gcc accepts -g
configure:3277: gcc -c -g  conftest.c >&5
configure:3284: $? = 0
configure:3385: result: yes
configure:3402: checking for gcc option to accept ISO C89
configure:3476: gcc  -c -g -O2  conftest.c >&5
configure:3483: $? = 0
configure:3506: result: none needed
configure:3535: checking for style of include used by make
configure:3563: result: GNU
configure:3588: checking dependency style of gcc
configure:3698: result: gcc3
configure:3727: checking for a BSD-compatible install
configure:3795: result: /usr/bin/install -c
configure:3806: checking whether ln -s works
configure:3810: result: yes
configure:3848: checking build system type
configure:3866: result: i686-pc-linux-gnu
configure:3888: checking host system type
configure:3903: result: i686-pc-linux-gnu
configure:3925: checking for a sed that does not truncate output
configure:3991: result: /bin/sed
configure:4009: checking for grep that handles long lines and -e
configure:4069: result: /bin/grep
configure:4074: checking for egrep
configure:4138: result: /bin/grep -E
configure:4143: checking for fgrep
configure:4207: result: /bin/grep -F
configure:4242: checking for ld used by gcc
configure:4309: result: /usr/bin/ld
configure:4318: checking if the linker (/usr/bin/ld) is GNU ld
configure:4333: result: yes
configure:4345: checking for BSD- or MS-compatible name lister (nm)
configure:4394: result: /usr/bin/nm -B
configure:4512: checking the name lister (/usr/bin/nm -B) interface
configure:4519: gcc -c -g -O2  conftest.c >&5
configure:4522: /usr/bin/nm -B "conftest.o"
configure:4525: output
00000000 B some_variable
configure:4532: result: BSD nm
configure:4536: checking the maximum length of command line arguments
configure:4656: result: 98304
configure:4673: checking whether the shell understands some XSI constructs
configure:4683: result: yes
configure:4687: checking whether the shell understands "+="
configure:4693: result: yes
configure:4728: checking for /usr/bin/ld option to reload object files
configure:4735: result: -r
configure:4804: checking for objdump
configure:4820: found /usr/bin/objdump
configure:4831: result: objdump
configure:4863: checking how to recognize dependent libraries
configure:5059: result: pass_all
configure:5119: checking for ar
configure:5135: found /usr/bin/ar
configure:5146: result: ar
configure:5224: checking for strip
configure:5240: found /usr/bin/strip
configure:5251: result: strip
configure:5323: checking for ranlib
configure:5339: found /usr/bin/ranlib
configure:5350: result: ranlib
configure:5440: checking command to parse /usr/bin/nm -B output from gcc object
configure:5558: gcc -c -g -O2  conftest.c >&5
configure:5561: $? = 0
configure:5565: /usr/bin/nm -B conftest.o \| sed -n -e 's/^.*[	 ]\([ABCDGIRSTW][ABCDGIRSTW]*\)[	 ][	 ]*\([_A-Za-z][_A-Za-z0-9]*\)$/\1 \2 \2/p' \> conftest.nm
configure:5568: $? = 0
configure:5622: gcc -o conftest -g -O2   conftest.c conftstm.o >&5
configure:5625: $? = 0
configure:5663: result: ok
configure:6530: checking how to run the C preprocessor
configure:6570: gcc -E  conftest.c
configure:6577: $? = 0
configure:6608: gcc -E  conftest.c
conftest.c:3:28: error: ac_nonexistent.h: No such file or directory
configure:6615: $? = 1
configure: failed program was:
| /* confdefs.h.  */
| /* end confdefs.h.  */
| #include <ac_nonexistent.h>
configure:6648: result: gcc -E
configure:6677: gcc -E  conftest.c
configure:6684: $? = 0
configure:6715: gcc -E  conftest.c
conftest.c:3:28: error: ac_nonexistent.h: No such file or directory
configure:6722: $? = 1
configure: failed program was:
| /* confdefs.h.  */
| /* end confdefs.h.  */
| #include <ac_nonexistent.h>
configure:6762: checking for ANSI C header files
configure:6792: gcc -c -g -O2  conftest.c >&5
configure:6799: $? = 0
configure:6898: gcc -o conftest -g -O2   conftest.c  >&5
configure:6902: $? = 0
configure:6908: ./conftest
configure:6912: $? = 0
configure:6930: result: yes
configure:6954: checking for sys/types.h
configure:6975: gcc -c -g -O2  conftest.c >&5
configure:6982: $? = 0
configure:6999: result: yes
configure:6954: checking for sys/stat.h
configure:6975: gcc -c -g -O2  conftest.c >&5
configure:6982: $? = 0
configure:6999: result: yes
configure:6954: checking for stdlib.h
configure:6975: gcc -c -g -O2  conftest.c >&5
configure:6982: $? = 0
configure:6999: result: yes
configure:6954: checking for string.h
configure:6975: gcc -c -g -O2  conftest.c >&5
configure:6982: $? = 0
configure:6999: result: yes
configure:6954: checking for memory.h
configure:6975: gcc -c -g -O2  conftest.c >&5
configure:6982: $? = 0
configure:6999: result: yes
configure:6954: checking for strings.h
configure:6975: gcc -c -g -O2  conftest.c >&5
configure:6982: $? = 0
configure:6999: result: yes
configure:6954: checking for inttypes.h
configure:6975: gcc -c -g -O2  conftest.c >&5
configure:6982: $? = 0
configure:6999: result: yes
configure:6954: checking for stdint.h
configure:6975: gcc -c -g -O2  conftest.c >&5
configure:6982: $? = 0
configure:6999: result: yes
configure:6954: checking for unistd.h
configure:6975: gcc -c -g -O2  conftest.c >&5
configure:6982: $? = 0
configure:6999: result: yes
configure:7017: checking for dlfcn.h
configure:7038: gcc -c -g -O2  conftest.c >&5
configure:7045: $? = 0
configure:7062: result: yes
configure:7248: checking for objdir
configure:7263: result: .libs
configure:7555: checking if gcc supports -fno-rtti -fno-exceptions
configure:7573: gcc -c -g -O2  -fno-rtti -fno-exceptions conftest.c >&5
cc1: warning: command line option "-fno-rtti" is valid for C++/ObjC++ but not for C
configure:7577: $? = 0
configure:7590: result: no
configure:7610: checking for gcc option to produce PIC
configure:7882: result: -fPIC -DPIC
configure:7894: checking if gcc PIC flag -fPIC -DPIC works
configure:7912: gcc -c -g -O2  -fPIC -DPIC -DPIC conftest.c >&5
configure:7916: $? = 0
configure:7929: result: yes
configure:7953: checking if gcc static flag -static works
configure:7981: result: yes
configure:7996: checking if gcc supports -c -o file.o
configure:8017: gcc -c -g -O2  -o out/conftest2.o conftest.c >&5
configure:8021: $? = 0
configure:8043: result: yes
configure:8051: checking if gcc supports -c -o file.o
configure:8098: result: yes
configure:8131: checking whether the gcc linker (/usr/bin/ld) supports shared libraries
configure:9205: result: yes
configure:9242: checking whether -lc should be explicitly linked in
configure:9247: gcc -c -g -O2  conftest.c >&5
configure:9250: $? = 0
configure:9265: gcc -shared conftest.o  -v -Wl,-soname -Wl,conftest -o conftest 2\>\&1 \| /bin/grep  -lc  \>/dev/null 2\>\&1
configure:9268: $? = 0
configure:9280: result: no
configure:9444: checking dynamic linker characteristics
configure:9887: gcc -o conftest -g -O2   -Wl,-rpath -Wl,/foo conftest.c  >&5
configure:9894: $? = 0
configure:10130: result: GNU/Linux ld.so
configure:10232: checking how to hardcode library paths into programs
configure:10257: result: immediate
configure:11090: checking whether stripping libraries is possible
configure:11095: result: yes
configure:11130: checking if libtool supports shared libraries
configure:11132: result: yes
configure:11135: checking whether to build shared libraries
configure:11156: result: yes
configure:11159: checking whether to build static libraries
configure:11163: result: yes
configure:11222: checking errno.h usability
configure:11239: gcc -c -g -O2  conftest.c >&5
configure:11246: $? = 0
configure:11260: result: yes
configure:11264: checking errno.h presence
configure:11279: gcc -E  conftest.c
configure:11286: $? = 0
configure:11300: result: yes
configure:11333: checking for errno.h
configure:11342: result: yes
configure:11222: checking fcntl.h usability
configure:11239: gcc -c -g -O2  conftest.c >&5
configure:11246: $? = 0
configure:11260: result: yes
configure:11264: checking fcntl.h presence
configure:11279: gcc -E  conftest.c
configure:11286: $? = 0
configure:11300: result: yes
configure:11333: checking for fcntl.h
configure:11342: result: yes
configure:11222: checking sys/fcntl.h usability
configure:11239: gcc -c -g -O2  conftest.c >&5
configure:11246: $? = 0
configure:11260: result: yes
configure:11264: checking sys/fcntl.h presence
configure:11279: gcc -E  conftest.c
configure:11286: $? = 0
configure:11300: result: yes
configure:11333: checking for sys/fcntl.h
configure:11342: result: yes
configure:11222: checking sys/ioctl.h usability
configure:11239: gcc -c -g -O2  conftest.c >&5
configure:11246: $? = 0
configure:11260: result: yes
configure:11264: checking sys/ioctl.h presence
configure:11279: gcc -E  conftest.c
configure:11286: $? = 0
configure:11300: result: yes
configure:11333: checking for sys/ioctl.h
configure:11342: result: yes
configure:11222: checking sys/file.h usability
configure:11239: gcc -c -g -O2  conftest.c >&5
configure:11246: $? = 0
configure:11260: result: yes
configure:11264: checking sys/file.h presence
configure:11279: gcc -E  conftest.c
configure:11286: $? = 0
configure:11300: result: yes
configure:11333: checking for sys/file.h
configure:11342: result: yes
configure:11211: checking for unistd.h
configure:11218: result: yes
configure:11222: checking sysexits.h usability
configure:11239: gcc -c -g -O2  conftest.c >&5
configure:11246: $? = 0
configure:11260: result: yes
configure:11264: checking sysexits.h presence
configure:11279: gcc -E  conftest.c
configure:11286: $? = 0
configure:11300: result: yes
configure:11333: checking for sysexits.h
configure:11342: result: yes
configure:11357: checking for ANSI C header files
configure:11525: result: yes
configure:11535: checking for sys/wait.h that is POSIX.1 compatible
configure:11571: gcc -c -g -O2  conftest.c >&5
configure:11578: $? = 0
configure:11593: result: yes
configure:11605: checking for an ANSI C-conforming const
configure:11680: gcc -c -g -O2  conftest.c >&5
configure:11687: $? = 0
configure:11702: result: yes
configure:11712: checking for off_t
configure:11740: gcc -c -g -O2  conftest.c >&5
configure:11747: $? = 0
configure:11774: gcc -c -g -O2  conftest.c >&5
conftest.c: In function 'main':
conftest.c:60: error: expected expression before ')' token
configure:11781: $? = 1
configure: failed program was:
| /* confdefs.h.  */
| #define STDC_HEADERS 1
| #define HAVE_SYS_TYPES_H 1
| #define HAVE_SYS_STAT_H 1
| #define HAVE_STDLIB_H 1
| #define HAVE_STRING_H 1
| #define HAVE_MEMORY_H 1
| #define HAVE_STRINGS_H 1
| #define HAVE_INTTYPES_H 1
| #define HAVE_STDINT_H 1
| #define HAVE_UNISTD_H 1
| #define HAVE_DLFCN_H 1
| #define LT_OBJDIR ".libs/"
| #define HAVE_ERRNO_H 1
| #define HAVE_FCNTL_H 1
| #define HAVE_SYS_FCNTL_H 1
| #define HAVE_SYS_IOCTL_H 1
| #define HAVE_SYS_FILE_H 1
| #define HAVE_UNISTD_H 1
| #define HAVE_SYSEXITS_H 1
| #define STDC_HEADERS 1
| #define HAVE_SYS_WAIT_H 1
| /* end confdefs.h.  */
| #include <stdio.h>
| #ifdef HAVE_SYS_TYPES_H
| # include <sys/types.h>
| #endif
| #ifdef HAVE_SYS_STAT_H
| # include <sys/stat.h>
| #endif
| #ifdef STDC_HEADERS
| # include <stdlib.h>
| # include <stddef.h>
| #else
| # ifdef HAVE_STDLIB_H
| #  include <stdlib.h>
| # endif
| #endif
| #ifdef HAVE_STRING_H
| # if !defined STDC_HEADERS && defined HAVE_MEMORY_H
| #  include <memory.h>
| # endif
| # include <string.h>
| #endif
| #ifdef HAVE_STRINGS_H
| # include <strings.h>
| #endif
| #ifdef HAVE_INTTYPES_H
| # include <inttypes.h>
| #endif
| #ifdef HAVE_STDINT_H
| # include <stdint.h>
| #endif
| #ifdef HAVE_UNISTD_H
| # include <unistd.h>
| #endif
| int
| main ()
| {
| if (sizeof ((off_t)))
| 	  return 0;
|   ;
|   return 0;
| }
configure:11804: result: yes
configure:11816: checking for pid_t
configure:11844: gcc -c -g -O2  conftest.c >&5
configure:11851: $? = 0
configure:11878: gcc -c -g -O2  conftest.c >&5
conftest.c: In function 'main':
conftest.c:60: error: expected expression before ')' token
configure:11885: $? = 1
configure: failed program was:
| /* confdefs.h.  */
| #define STDC_HEADERS 1
| #define HAVE_SYS_TYPES_H 1
| #define HAVE_SYS_STAT_H 1
| #define HAVE_STDLIB_H 1
| #define HAVE_STRING_H 1
| #define HAVE_MEMORY_H 1
| #define HAVE_STRINGS_H 1
| #define HAVE_INTTYPES_H 1
| #define HAVE_STDINT_H 1
| #define HAVE_UNISTD_H 1
| #define HAVE_DLFCN_H 1
| #define LT_OBJDIR ".libs/"
| #define HAVE_ERRNO_H 1
| #define HAVE_FCNTL_H 1
| #define HAVE_SYS_FCNTL_H 1
| #define HAVE_SYS_IOCTL_H 1
| #define HAVE_SYS_FILE_H 1
| #define HAVE_UNISTD_H 1
| #define HAVE_SYSEXITS_H 1
| #define STDC_HEADERS 1
| #define HAVE_SYS_WAIT_H 1
| /* end confdefs.h.  */
| #include <stdio.h>
| #ifdef HAVE_SYS_TYPES_H
| # include <sys/types.h>
| #endif
| #ifdef HAVE_SYS_STAT_H
| # include <sys/stat.h>
| #endif
| #ifdef STDC_HEADERS
| # include <stdlib.h>
| # include <stddef.h>
| #else
| # ifdef HAVE_STDLIB_H
| #  include <stdlib.h>
| # endif
| #endif
| #ifdef HAVE_STRING_H
| # if !defined STDC_HEADERS && defined HAVE_MEMORY_H
| #  include <memory.h>
| # endif
| # include <string.h>
| #endif
| #ifdef HAVE_STRINGS_H
| # include <strings.h>
| #endif
| #ifdef HAVE_INTTYPES_H
| # include <inttypes.h>
| #endif
| #ifdef HAVE_STDINT_H
| # include <stdint.h>
| #endif
| #ifdef HAVE_UNISTD_H
| # include <unistd.h>
| #endif
| int
| main ()
| {
| if (sizeof ((pid_t)))
| 	  return 0;
|   ;
|   return 0;
| }
configure:11908: result: yes
configure:11920: checking return type of signal handlers
configure:11948: gcc -c -g -O2  conftest.c >&5
conftest.c: In function 'main':
conftest.c:30: error: void value not ignored as it ought to be
configure:11955: $? = 1
configure: failed program was:
| /* confdefs.h.  */
| #define STDC_HEADERS 1
| #define HAVE_SYS_TYPES_H 1
| #define HAVE_SYS_STAT_H 1
| #define HAVE_STDLIB_H 1
| #define HAVE_STRING_H 1
| #define HAVE_MEMORY_H 1
| #define HAVE_STRINGS_H 1
| #define HAVE_INTTYPES_H 1
| #define HAVE_STDINT_H 1
| #define HAVE_UNISTD_H 1
| #define HAVE_DLFCN_H 1
| #define LT_OBJDIR ".libs/"
| #define HAVE_ERRNO_H 1
| #define HAVE_FCNTL_H 1
| #define HAVE_SYS_FCNTL_H 1
| #define HAVE_SYS_IOCTL_H 1
| #define HAVE_SYS_FILE_H 1
| #define HAVE_UNISTD_H 1
| #define HAVE_SYSEXITS_H 1
| #define STDC_HEADERS 1
| #define HAVE_SYS_WAIT_H 1
| /* end confdefs.h.  */
| #include <sys/types.h>
| #include <signal.h>
| 
| int
| main ()
| {
| return *(signal (0, 0)) (0) == 1;
|   ;
|   return 0;
| }
configure:11970: result: void
configure:11979: checking for off64_t
configure:12012: gcc -c -g -O2  conftest.c >&5
conftest.c: In function 'main':
conftest.c:32: error: 'off64_t' undeclared (first use in this function)
conftest.c:32: error: (Each undeclared identifier is reported only once
conftest.c:32: error: for each function it appears in.)
conftest.c:32: error: expected ';' before 'n'
conftest.c:34: error: 'n' undeclared (first use in this function)
configure:12019: $? = 1
configure: failed program was:
| /* confdefs.h.  */
| #define STDC_HEADERS 1
| #define HAVE_SYS_TYPES_H 1
| #define HAVE_SYS_STAT_H 1
| #define HAVE_STDLIB_H 1
| #define HAVE_STRING_H 1
| #define HAVE_MEMORY_H 1
| #define HAVE_STRINGS_H 1
| #define HAVE_INTTYPES_H 1
| #define HAVE_STDINT_H 1
| #define HAVE_UNISTD_H 1
| #define HAVE_DLFCN_H 1
| #define LT_OBJDIR ".libs/"
| #define HAVE_ERRNO_H 1
| #define HAVE_FCNTL_H 1
| #define HAVE_SYS_FCNTL_H 1
| #define HAVE_SYS_IOCTL_H 1
| #define HAVE_SYS_FILE_H 1
| #define HAVE_UNISTD_H 1
| #define HAVE_SYSEXITS_H 1
| #define STDC_HEADERS 1
| #define HAVE_SYS_WAIT_H 1
| #define RETSIGTYPE void
| /* end confdefs.h.  */
| 
| #include <sys/types.h>
| 
| int
| main ()
| {
| 
| off64_t	n;
| 
| 	n=0;
| 
|   ;
|   return 0;
| }
configure:12036: result: no
configure:12051: checking for flock_t
configure:12091: gcc -c -g -O2  conftest.c >&5
conftest.c: In function 'main':
conftest.c:42: error: 'flock_t' undeclared (first use in this function)
conftest.c:42: error: (Each undeclared identifier is reported only once
conftest.c:42: error: for each function it appears in.)
conftest.c:42: error: expected ';' before 't'
configure:12098: $? = 1
configure: failed program was:
| /* confdefs.h.  */
| #define STDC_HEADERS 1
| #define HAVE_SYS_TYPES_H 1
| #define HAVE_SYS_STAT_H 1
| #define HAVE_STDLIB_H 1
| #define HAVE_STRING_H 1
| #define HAVE_MEMORY_H 1
| #define HAVE_STRINGS_H 1
| #define HAVE_INTTYPES_H 1
| #define HAVE_STDINT_H 1
| #define HAVE_UNISTD_H 1
| #define HAVE_DLFCN_H 1
| #define LT_OBJDIR ".libs/"
| #define HAVE_ERRNO_H 1
| #define HAVE_FCNTL_H 1
| #define HAVE_SYS_FCNTL_H 1
| #define HAVE_SYS_IOCTL_H 1
| #define HAVE_SYS_FILE_H 1
| #define HAVE_UNISTD_H 1
| #define HAVE_SYSEXITS_H 1
| #define STDC_HEADERS 1
| #define HAVE_SYS_WAIT_H 1
| #define RETSIGTYPE void
| #define LL_OFFSET_TYPE off_t
| /* end confdefs.h.  */
| 
| #if     HAVE_CONFIG_H
| #include        "config.h"
| #endif
| #include        <sys/types.h>
| #if     HAVE_FCNTL_H
| #include        <fcntl.h>
| #endif
| #if     HAVE_SYS_FCNTL_H
| #include        <sys/fcntl.h>
| #endif
| 
| int
| main ()
| {
| 
| flock_t t;
| 
|   ;
|   return 0;
| }
configure:12113: result: no
configure:12132: checking for getdtablesize
configure:12188: gcc -o conftest -g -O2   conftest.c  >&5
configure:12195: $? = 0
configure:12217: result: yes
configure:12132: checking for setpgrp
configure:12188: gcc -o conftest -g -O2   conftest.c  >&5
configure:12195: $? = 0
configure:12217: result: yes
configure:12132: checking for sysconf
configure:12188: gcc -o conftest -g -O2   conftest.c  >&5
configure:12195: $? = 0
configure:12217: result: yes
configure:12229: checking for setpgrp
configure:12312: result: yes
configure:12316: checking whether setpgrp takes no argument
configure:12350: gcc -o conftest -g -O2   conftest.c  >&5
conftest.c: In function 'main':
conftest.c:68: error: too many arguments to function 'setpgrp'
configure:12354: $? = 1
configure: program exited with status 1
configure: failed program was:
| /* confdefs.h.  */
| #define STDC_HEADERS 1
| #define HAVE_SYS_TYPES_H 1
| #define HAVE_SYS_STAT_H 1
| #define HAVE_STDLIB_H 1
| #define HAVE_STRING_H 1
| #define HAVE_MEMORY_H 1
| #define HAVE_STRINGS_H 1
| #define HAVE_INTTYPES_H 1
| #define HAVE_STDINT_H 1
| #define HAVE_UNISTD_H 1
| #define HAVE_DLFCN_H 1
| #define LT_OBJDIR ".libs/"
| #define HAVE_ERRNO_H 1
| #define HAVE_FCNTL_H 1
| #define HAVE_SYS_FCNTL_H 1
| #define HAVE_SYS_IOCTL_H 1
| #define HAVE_SYS_FILE_H 1
| #define HAVE_UNISTD_H 1
| #define HAVE_SYSEXITS_H 1
| #define STDC_HEADERS 1
| #define HAVE_SYS_WAIT_H 1
| #define RETSIGTYPE void
| #define LL_OFFSET_TYPE off_t
| #define HAVE_GETDTABLESIZE 1
| #define HAVE_SETPGRP 1
| #define HAVE_SYSCONF 1
| /* end confdefs.h.  */
| #include <stdio.h>
| #ifdef HAVE_SYS_TYPES_H
| # include <sys/types.h>
| #endif
| #ifdef HAVE_SYS_STAT_H
| # include <sys/stat.h>
| #endif
| #ifdef STDC_HEADERS
| # include <stdlib.h>
| # include <stddef.h>
| #else
| # ifdef HAVE_STDLIB_H
| #  include <stdlib.h>
| # endif
| #endif
| #ifdef HAVE_STRING_H
| # if !defined STDC_HEADERS && defined HAVE_MEMORY_H
| #  include <memory.h>
| # endif
| # include <string.h>
| #endif
| #ifdef HAVE_STRINGS_H
| # include <strings.h>
| #endif
| #ifdef HAVE_INTTYPES_H
| # include <inttypes.h>
| #endif
| #ifdef HAVE_STDINT_H
| # include <stdint.h>
| #endif
| #ifdef HAVE_UNISTD_H
| # include <unistd.h>
| #endif
| int
| main ()
| {
| /* If this system has a BSD-style setpgrp which takes arguments,
|   setpgrp(1, 1) will fail with ESRCH and return -1, in that case
|   exit successfully. */
|   return setpgrp (1,1) != -1;
|   ;
|   return 0;
| }
configure:12381: result: yes
configure:12396: checking for fcntl
configure:12428: gcc -o conftest -g -O2   conftest.c  >&5
configure:12435: $? = 0
configure:12455: result: yes
configure:12466: checking for flock
configure:12498: gcc -o conftest -g -O2   conftest.c  >&5
configure:12505: $? = 0
configure:12525: result: yes
configure:12536: checking for lockf
configure:12568: gcc -o conftest -g -O2   conftest.c  >&5
configure:12575: $? = 0
configure:12595: result: yes
configure:12606: checking for locking method
configure:12698: gcc -o conftest -g -O2   conftest.c  >&5
configure:12702: $? = 0
configure:12708: ./conftest
configure:12712: $? = 0
configure:12968: result: fcntl
configure:13165: creating ./config.status

## ---------------------- ##
## Running config.status. ##
## ---------------------- ##

This file was extended by liblock config.status 0.60, which was
generated by GNU Autoconf 2.63.  Invocation command line was

  CONFIG_FILES    = 
  CONFIG_HEADERS  = 
  CONFIG_LINKS    = 
  CONFIG_COMMANDS = 
  $ ./config.status 

on loft2500.serverloft.com

config.status:1003: creating Makefile
config.status:1003: creating config.h
config.status:1277: executing depfiles commands
config.status:1277: executing libtool commands

## ---------------- ##
## Cache variables. ##
## ---------------- ##

ac_cv_build=i686-pc-linux-gnu
ac_cv_c_compiler_gnu=yes
ac_cv_c_const=yes
ac_cv_env_CC_set=
ac_cv_env_CC_value=
ac_cv_env_CFLAGS_set=
ac_cv_env_CFLAGS_value=
ac_cv_env_CPPFLAGS_set=
ac_cv_env_CPPFLAGS_value=
ac_cv_env_CPP_set=
ac_cv_env_CPP_value=
ac_cv_env_LDFLAGS_set=
ac_cv_env_LDFLAGS_value=
ac_cv_env_LIBS_set=
ac_cv_env_LIBS_value=
ac_cv_env_build_alias_set=
ac_cv_env_build_alias_value=
ac_cv_env_host_alias_set=
ac_cv_env_host_alias_value=
ac_cv_env_target_alias_set=
ac_cv_env_target_alias_value=
ac_cv_func_getdtablesize=yes
ac_cv_func_setpgrp=yes
ac_cv_func_setpgrp_void=yes
ac_cv_func_sysconf=yes
ac_cv_header_dlfcn_h=yes
ac_cv_header_errno_h=yes
ac_cv_header_fcntl_h=yes
ac_cv_header_inttypes_h=yes
ac_cv_header_memory_h=yes
ac_cv_header_stdc=yes
ac_cv_header_stdint_h=yes
ac_cv_header_stdlib_h=yes
ac_cv_header_string_h=yes
ac_cv_header_strings_h=yes
ac_cv_header_sys_fcntl_h=yes
ac_cv_header_sys_file_h=yes
ac_cv_header_sys_ioctl_h=yes
ac_cv_header_sys_stat_h=yes
ac_cv_header_sys_types_h=yes
ac_cv_header_sys_wait_h=yes
ac_cv_header_sysexits_h=yes
ac_cv_header_unistd_h=yes
ac_cv_host=i686-pc-linux-gnu
ac_cv_objext=o
ac_cv_path_EGREP='/bin/grep -E'
ac_cv_path_FGREP='/bin/grep -F'
ac_cv_path_GREP=/bin/grep
ac_cv_path_SED=/bin/sed
ac_cv_path_install='/usr/bin/install -c'
ac_cv_path_mkdir=/bin/mkdir
ac_cv_prog_AWK=gawk
ac_cv_prog_CPP='gcc -E'
ac_cv_prog_ac_ct_AR=ar
ac_cv_prog_ac_ct_CC=gcc
ac_cv_prog_ac_ct_OBJDUMP=objdump
ac_cv_prog_ac_ct_RANLIB=ranlib
ac_cv_prog_ac_ct_STRIP=strip
ac_cv_prog_cc_c89=
ac_cv_prog_cc_g=yes
ac_cv_prog_make_make_set=yes
ac_cv_type_off_t=yes
ac_cv_type_pid_t=yes
ac_cv_type_signal=void
am_cv_CC_dependencies_compiler_type=gcc3
liblock_cv_hasfcntl=yes
liblock_cv_hasflock=yes
liblock_cv_hasflock_t=no
liblock_cv_haslockf=yes
liblock_cv_hasoff64t=no
lt_cv_deplibs_check_method=pass_all
lt_cv_file_magic_cmd='$MAGIC_CMD'
lt_cv_file_magic_test_file=
lt_cv_ld_reload_flag=-r
lt_cv_nm_interface='BSD nm'
lt_cv_objdir=.libs
lt_cv_path_LD=/usr/bin/ld
lt_cv_path_NM='/usr/bin/nm -B'
lt_cv_prog_compiler_c_o=yes
lt_cv_prog_compiler_pic_works=yes
lt_cv_prog_compiler_rtti_exceptions=no
lt_cv_prog_compiler_static_works=yes
lt_cv_prog_gnu_ld=yes
lt_cv_sys_global_symbol_pipe='sed -n -e '\''s/^.*[	 ]\([ABCDGIRSTW][ABCDGIRSTW]*\)[	 ][	 ]*\([_A-Za-z][_A-Za-z0-9]*\)$/\1 \2 \2/p'\'''
lt_cv_sys_global_symbol_to_c_name_address='sed -n -e '\''s/^: \([^ ]*\) $/  {\"\1\", (void *) 0},/p'\'' -e '\''s/^[ABCDGIRSTW]* \([^ ]*\) \([^ ]*\)$/  {"\2", (void *) \&\2},/p'\'''
lt_cv_sys_global_symbol_to_c_name_address_lib_prefix='sed -n -e '\''s/^: \([^ ]*\) $/  {\"\1\", (void *) 0},/p'\'' -e '\''s/^[ABCDGIRSTW]* \([^ ]*\) \(lib[^ ]*\)$/  {"\2", (void *) \&\2},/p'\'' -e '\''s/^[ABCDGIRSTW]* \([^ ]*\) \([^ ]*\)$/  {"lib\2", (void *) \&\2},/p'\'''
lt_cv_sys_global_symbol_to_cdecl='sed -n -e '\''s/^T .* \(.*\)$/extern int \1();/p'\'' -e '\''s/^[ABCDGIRSTW]* .* \(.*\)$/extern char \1;/p'\'''
lt_cv_sys_max_cmd_len=98304

## ----------------- ##
## Output variables. ##
## ----------------- ##

ACLOCAL='${SHELL} /opt/qfd-0.1/sources/maildrop/missing --run aclocal-1.11'
AMDEPBACKSLASH='\'
AMDEP_FALSE='#'
AMDEP_TRUE=''
AMTAR='${SHELL} /opt/qfd-0.1/sources/maildrop/missing --run tar'
AR='ar'
AUTOCONF='${SHELL} /opt/qfd-0.1/sources/maildrop/missing --run autoconf'
AUTOHEADER='${SHELL} /opt/qfd-0.1/sources/maildrop/missing --run autoheader'
AUTOMAKE='${SHELL} /opt/qfd-0.1/sources/maildrop/missing --run automake-1.11'
AWK='gawk'
CC='gcc'
CCDEPMODE='depmode=gcc3'
CFLAGS='-g -O2'
CPP='gcc -E'
CPPFLAGS=''
CYGPATH_W='echo'
DEFS='-DHAVE_CONFIG_H'
DEPDIR='.deps'
DSYMUTIL=''
DUMPBIN=''
ECHO_C=''
ECHO_N='-n'
ECHO_T=''
EGREP='/bin/grep -E'
EXEEXT=''
FGREP='/bin/grep -F'
GREP='/bin/grep'
HAVE_SGML_FALSE=''
HAVE_SGML_TRUE='#'
INSTALL_DATA='${INSTALL} -m 644'
INSTALL_PROGRAM='${INSTALL}'
INSTALL_SCRIPT='${INSTALL}'
INSTALL_STRIP_PROGRAM='$(install_sh) -c -s'
LD='/usr/bin/ld'
LDFLAGS=''
LIBOBJS=''
LIBS=''
LIBTOOL='$(SHELL) $(top_builddir)/libtool'
LIPO=''
LN_S='ln -s'
LTLIBOBJS=''
MAKEINFO='${SHELL} /opt/qfd-0.1/sources/maildrop/missing --run makeinfo'
MKDIR_P='/bin/mkdir -p'
NM='/usr/bin/nm -B'
NMEDIT=''
OBJDUMP='objdump'
OBJEXT='o'
OTOOL64=''
OTOOL=''
PACKAGE='liblock'
PACKAGE_BUGREPORT='courier-users@lists.sourceforge.net'
PACKAGE_NAME='liblock'
PACKAGE_STRING='liblock 0.60'
PACKAGE_TARNAME='liblock'
PACKAGE_VERSION='0.60'
PATH_SEPARATOR=':'
RANLIB='ranlib'
SED='/bin/sed'
SET_MAKE=''
SHELL='/bin/bash'
STRIP='strip'
USE_FCNTL_FALSE='#'
USE_FCNTL_TRUE=''
USE_FLOCK_FALSE=''
USE_FLOCK_TRUE='#'
USE_LOCKF_FALSE=''
USE_LOCKF_TRUE='#'
VERSION='0.60'
ac_ct_CC='gcc'
ac_ct_DUMPBIN=''
am__EXEEXT_FALSE=''
am__EXEEXT_TRUE='#'
am__fastdepCC_FALSE='#'
am__fastdepCC_TRUE=''
am__include='include'
am__isrc=''
am__leading_dot='.'
am__quote=''
am__tar='${AMTAR} chof - "$$tardir"'
am__untar='${AMTAR} xf -'
bindir='${exec_prefix}/bin'
build='i686-pc-linux-gnu'
build_alias=''
build_cpu='i686'
build_os='linux-gnu'
build_vendor='pc'
datadir='${datarootdir}'
datarootdir='${prefix}/share'
docdir='${datarootdir}/doc/${PACKAGE_TARNAME}'
dvidir='${docdir}'
exec_prefix='/usr/local'
host='i686-pc-linux-gnu'
host_alias=''
host_cpu='i686'
host_os='linux-gnu'
host_vendor='pc'
htmldir='${docdir}'
includedir='${prefix}/include'
infodir='${datarootdir}/info'
install_sh='${SHELL} /opt/qfd-0.1/sources/maildrop/install-sh'
libdir='${exec_prefix}/lib'
libexecdir='${exec_prefix}/libexec'
localedir='${datarootdir}/locale'
localstatedir='${prefix}/var'
lt_ECHO='echo'
mandir='${datarootdir}/man'
mkdir_p='/bin/mkdir -p'
oldincludedir='/usr/include'
pdfdir='${docdir}'
prefix='/usr/local'
program_transform_name='s,x,x,'
psdir='${docdir}'
sbindir='${exec_prefix}/sbin'
sharedstatedir='${prefix}/com'
sysconfdir='${prefix}/etc'
target_alias=''

## ----------- ##
## confdefs.h. ##
## ----------- ##

#define STDC_HEADERS 1
#define HAVE_SYS_TYPES_H 1
#define HAVE_SYS_STAT_H 1
#define HAVE_STDLIB_H 1
#define HAVE_STRING_H 1
#define HAVE_MEMORY_H 1
#define HAVE_STRINGS_H 1
#define HAVE_INTTYPES_H 1
#define HAVE_STDINT_H 1
#define HAVE_UNISTD_H 1
#define HAVE_DLFCN_H 1
#define LT_OBJDIR ".libs/"
#define HAVE_ERRNO_H 1
#define HAVE_FCNTL_H 1
#define HAVE_SYS_FCNTL_H 1
#define HAVE_SYS_IOCTL_H 1
#define HAVE_SYS_FILE_H 1
#define HAVE_UNISTD_H 1
#define HAVE_SYSEXITS_H 1
#define STDC_HEADERS 1
#define HAVE_SYS_WAIT_H 1
#define RETSIGTYPE void
#define LL_OFFSET_TYPE off_t
#define HAVE_GETDTABLESIZE 1
#define HAVE_SETPGRP 1
#define HAVE_SYSCONF 1
#define SETPGRP_VOID 1
#define HAS_FCNTL 1
#define HAS_FLOCK 1
#define HAS_LOCKF 1
#define liblock_config_h 1

configure: exit 0
