This file contains any messages produced by compilers while
running configure, to aid debugging if configure makes a mistake.

It was created by configure, which was
generated by GNU Autoconf 2.64.  Invocation command line was

  $ ./configure --enable-per-domain=y --enable-attach=y --enable-clamav=y --enable-regex --enable-received --enable-clamavdb-path=/usr/local/share/clamav --enable-custom-smtp-reject --enable-spam=y --enable-received=y --enable-spamc=/usr/bin/spamc --enable-user=clamav --enable-qmail-queue=/var/qmail/bin/qmail-tail

## --------- ##
## Platform. ##
## --------- ##

hostname = loft2500.serverloft.com
uname -m = i686
uname -r = 2.6.24-26-generic
uname -s = Linux
uname -v = #1 SMP Tue Dec 1 18:37:31 UTC 2009

/usr/bin/uname -p = unknown
/bin/uname -X     = unknown

/bin/arch              = unknown
/usr/bin/arch -k       = unknown
/usr/convex/getsysinfo = unknown
/usr/bin/hostinfo      = unknown
/bin/machine           = unknown
/usr/bin/oslevel       = unknown
/bin/universe          = unknown

PATH: /usr/local/sbin
PATH: /usr/local/bin
PATH: /usr/sbin
PATH: /usr/bin
PATH: /sbin
PATH: /bin
PATH: /usr/games


## ----------- ##
## Core tests. ##
## ----------- ##

configure:2207: checking for a BSD-compatible install
configure:2275: result: /usr/bin/install -c
configure:2286: checking whether build environment is sane
configure:2323: result: yes
configure:2353: checking for gawk
configure:2369: found /usr/bin/gawk
configure:2380: result: gawk
configure:2391: checking whether make sets $(MAKE)
configure:2413: result: yes
configure:2578: checking build system type
configure:2592: result: i686-pc-linux-gnu
configure:2612: checking host system type
configure:2625: result: i686-pc-linux-gnu
configure:2665: checking for style of include used by make
configure:2693: result: GNU
configure:2766: checking for gcc
configure:2782: found /usr/bin/gcc
configure:2793: result: gcc
configure:3022: checking for C compiler version
configure:3031: gcc --version >&5
gcc (GCC) 4.2.4 (Ubuntu 4.2.4-1ubuntu4)
Copyright (C) 2007 Free Software Foundation, Inc.
This is free software; see the source for copying conditions.  There is NO
warranty; not even for MERCHANTABILITY or FITNESS FOR A PARTICULAR PURPOSE.

configure:3042: $? = 0
configure:3031: gcc -v >&5
Using built-in specs.
Target: i486-linux-gnu
Configured with: ../src/configure -v --enable-languages=c,c++,fortran,objc,obj-c++,treelang --prefix=/usr --enable-shared --with-system-zlib --libexecdir=/usr/lib --without-included-gettext --enable-threads=posix --enable-nls --with-gxx-include-dir=/usr/include/c++/4.2 --program-suffix=-4.2 --enable-clocale=gnu --enable-libstdcxx-debug --enable-objc-gc --enable-mpfr --enable-targets=all --enable-checking=release --build=i486-linux-gnu --host=i486-linux-gnu --target=i486-linux-gnu
Thread model: posix
gcc version 4.2.4 (Ubuntu 4.2.4-1ubuntu4)
configure:3042: $? = 0
configure:3031: gcc -V >&5
gcc: '-V' option must have argument
configure:3042: $? = 1
configure:3031: gcc -qversion >&5
gcc: unrecognized option '-qversion'
gcc: no input files
configure:3042: $? = 1
configure:3064: checking for C compiler default output file name
configure:3086: gcc    conftest.c  >&5
configure:3090: $? = 0
configure:3127: result: a.out
configure:3143: checking whether the C compiler works
configure:3152: ./a.out
configure:3156: $? = 0
configure:3171: result: yes
configure:3178: checking whether we are cross compiling
configure:3180: result: no
configure:3183: checking for suffix of executables
configure:3190: gcc -o conftest    conftest.c  >&5
configure:3194: $? = 0
configure:3216: result: 
configure:3222: checking for suffix of object files
configure:3244: gcc -c   conftest.c >&5
configure:3248: $? = 0
configure:3269: result: o
configure:3273: checking whether we are using the GNU C compiler
configure:3292: gcc -c   conftest.c >&5
configure:3292: $? = 0
configure:3301: result: yes
configure:3310: checking whether gcc accepts -g
configure:3330: gcc -c -g  conftest.c >&5
configure:3330: $? = 0
configure:3371: result: yes
configure:3388: checking for gcc option to accept ISO C89
configure:3452: gcc  -c -g -O2  conftest.c >&5
configure:3452: $? = 0
configure:3465: result: none needed
configure:3487: checking dependency style of gcc
configure:3549: result: none
configure:3557: checking for strsep
configure:3557: gcc -o conftest -g -O2   conftest.c  >&5
configure:3557: $? = 0
configure:3557: result: yes
configure:3615: checking for gcc
configure:3642: result: gcc
configure:3871: checking for C compiler version
configure:3880: gcc --version >&5
gcc (GCC) 4.2.4 (Ubuntu 4.2.4-1ubuntu4)
Copyright (C) 2007 Free Software Foundation, Inc.
This is free software; see the source for copying conditions.  There is NO
warranty; not even for MERCHANTABILITY or FITNESS FOR A PARTICULAR PURPOSE.

configure:3891: $? = 0
configure:3880: gcc -v >&5
Using built-in specs.
Target: i486-linux-gnu
Configured with: ../src/configure -v --enable-languages=c,c++,fortran,objc,obj-c++,treelang --prefix=/usr --enable-shared --with-system-zlib --libexecdir=/usr/lib --without-included-gettext --enable-threads=posix --enable-nls --with-gxx-include-dir=/usr/include/c++/4.2 --program-suffix=-4.2 --enable-clocale=gnu --enable-libstdcxx-debug --enable-objc-gc --enable-mpfr --enable-targets=all --enable-checking=release --build=i486-linux-gnu --host=i486-linux-gnu --target=i486-linux-gnu
Thread model: posix
gcc version 4.2.4 (Ubuntu 4.2.4-1ubuntu4)
configure:3891: $? = 0
configure:3880: gcc -V >&5
gcc: '-V' option must have argument
configure:3891: $? = 1
configure:3880: gcc -qversion >&5
gcc: unrecognized option '-qversion'
gcc: no input files
configure:3891: $? = 1
configure:3895: checking whether we are using the GNU C compiler
configure:3923: result: yes
configure:3932: checking whether gcc accepts -g
configure:3993: result: yes
configure:4010: checking for gcc option to accept ISO C89
configure:4087: result: none needed
configure:4109: checking dependency style of gcc
configure:4171: result: none
configure:4194: checking whether the clamav user exists
configure:4215: gcc -o conftest -g -O2 -Wall   conftest.c  >&5
configure:4215: $? = 0
configure:4215: ./conftest
configure:4215: $? = 0
configure:4216: result: yes
configure:4254: checking whether we can locate the clamdscan program
configure:4281: result: yes
configure:4641: checking whether we can locate the spamc program
configure:4667: result: yes
configure:4694: checking whether we can locate the qmail directory
configure:4726: result: yes
configure:4732: checking setting the work directory
configure:4757: result: done
configure:4763: checking setting the control directory
configure:4788: result: done
configure:4830: checking whether we can locate the qmail-queue program
configure:4857: result: yes
configure:4936: checking whether we can locate the ripmime program
configure:4954: result: yes
configure:4995: checking whether we can locate the spamassassin-path
configure:5021: result: yes
configure:5033: checking whether we can locate the clamav db path
configure:5066: result: yes
configure:5076: checking whether we can locate the sigtool binary
configure:5102: result: yes
configure:5179: checking how to run the C preprocessor
configure:5210: gcc -E  conftest.c
configure:5210: $? = 0
configure:5224: gcc -E  conftest.c
conftest.c:37:28: error: ac_nonexistent.h: No such file or directory
configure:5224: $? = 1
configure: failed program was:
| /* confdefs.h */
| #define PACKAGE_NAME ""
| #define PACKAGE_TARNAME ""
| #define PACKAGE_VERSION ""
| #define PACKAGE_STRING ""
| #define PACKAGE_BUGREPORT ""
| #define PACKAGE_URL ""
| #define PACKAGE "simscan"
| #define VERSION "1.4.0"
| #define HAVE_STRSEP 1
| #define ENABLE_CLAMAV /**/
| #define CLAMDSCAN "/usr/bin/clamdscan"
| #define ENABLE_CUSTOM_SMTP_REJECT /**/
| #define ENABLE_PER_DOMAIN /**/
| #define ENABLE_ATTACH 1
| #define ENABLE_SPAM 1
| #define SPAMC "/usr/bin/spamc"
| #define SPAMC_ARGS ""
| #define QMAILDIR "/var/qmail"
| #define WORKDIR "/var/qmail/simscan"
| #define CONTROLDIR "/var/qmail/control"
| #define QMAILQUEUE "/var/qmail/bin/qmail-tail"
| #define RIPMIME "/usr/local/bin/ripmime"
| #define DO_RIPMIME 1
| #define VIRUSSCANNER 1
| #define SPAMASSASSINPATH "/usr/bin/spamassassin"
| #define CLAMAVDBPATH "/var/lib/clamav"
| #define SIGTOOLPATH "/usr/bin/sigtool"
| #define ENABLE_RECEIVED 1
| #define RCVD_REGEX_KEY "regex"
| #define RCVD_ATTACH_KEY "attach"
| #define RCVD_SPAM_KEY "spam"
| #define RCVD_CLAM_KEY "clamav"
| #define RCVD_TROPHIE_KEY "trophie"
| #define RCVD_DSPAM_KEY "dspam"
| /* end confdefs.h.  */
| #include <ac_nonexistent.h>
configure:5249: result: gcc -E
configure:5269: gcc -E  conftest.c
configure:5269: $? = 0
configure:5283: gcc -E  conftest.c
conftest.c:37:28: error: ac_nonexistent.h: No such file or directory
configure:5283: $? = 1
configure: failed program was:
| /* confdefs.h */
| #define PACKAGE_NAME ""
| #define PACKAGE_TARNAME ""
| #define PACKAGE_VERSION ""
| #define PACKAGE_STRING ""
| #define PACKAGE_BUGREPORT ""
| #define PACKAGE_URL ""
| #define PACKAGE "simscan"
| #define VERSION "1.4.0"
| #define HAVE_STRSEP 1
| #define ENABLE_CLAMAV /**/
| #define CLAMDSCAN "/usr/bin/clamdscan"
| #define ENABLE_CUSTOM_SMTP_REJECT /**/
| #define ENABLE_PER_DOMAIN /**/
| #define ENABLE_ATTACH 1
| #define ENABLE_SPAM 1
| #define SPAMC "/usr/bin/spamc"
| #define SPAMC_ARGS ""
| #define QMAILDIR "/var/qmail"
| #define WORKDIR "/var/qmail/simscan"
| #define CONTROLDIR "/var/qmail/control"
| #define QMAILQUEUE "/var/qmail/bin/qmail-tail"
| #define RIPMIME "/usr/local/bin/ripmime"
| #define DO_RIPMIME 1
| #define VIRUSSCANNER 1
| #define SPAMASSASSINPATH "/usr/bin/spamassassin"
| #define CLAMAVDBPATH "/var/lib/clamav"
| #define SIGTOOLPATH "/usr/bin/sigtool"
| #define ENABLE_RECEIVED 1
| #define RCVD_REGEX_KEY "regex"
| #define RCVD_ATTACH_KEY "attach"
| #define RCVD_SPAM_KEY "spam"
| #define RCVD_CLAM_KEY "clamav"
| #define RCVD_TROPHIE_KEY "trophie"
| #define RCVD_DSPAM_KEY "dspam"
| /* end confdefs.h.  */
| #include <ac_nonexistent.h>
configure:5312: checking for grep that handles long lines and -e
configure:5370: result: /bin/grep
configure:5375: checking for egrep
configure:5437: result: /bin/grep -E
configure:5442: checking for ANSI C header files
configure:5462: gcc -c -g -O2 -Wall  conftest.c >&5
configure:5462: $? = 0
configure:5535: gcc -o conftest -g -O2 -Wall   conftest.c  >&5
configure:5535: $? = 0
configure:5535: ./conftest
configure:5535: $? = 0
configure:5546: result: yes
configure:5559: checking for sys/types.h
configure:5559: gcc -c -g -O2 -Wall  conftest.c >&5
configure:5559: $? = 0
configure:5559: result: yes
configure:5559: checking for sys/stat.h
configure:5559: gcc -c -g -O2 -Wall  conftest.c >&5
configure:5559: $? = 0
configure:5559: result: yes
configure:5559: checking for stdlib.h
configure:5559: gcc -c -g -O2 -Wall  conftest.c >&5
configure:5559: $? = 0
configure:5559: result: yes
configure:5559: checking for string.h
configure:5559: gcc -c -g -O2 -Wall  conftest.c >&5
configure:5559: $? = 0
configure:5559: result: yes
configure:5559: checking for memory.h
configure:5559: gcc -c -g -O2 -Wall  conftest.c >&5
configure:5559: $? = 0
configure:5559: result: yes
configure:5559: checking for strings.h
configure:5559: gcc -c -g -O2 -Wall  conftest.c >&5
configure:5559: $? = 0
configure:5559: result: yes
configure:5559: checking for inttypes.h
configure:5559: gcc -c -g -O2 -Wall  conftest.c >&5
configure:5559: $? = 0
configure:5559: result: yes
configure:5559: checking for stdint.h
configure:5559: gcc -c -g -O2 -Wall  conftest.c >&5
configure:5559: $? = 0
configure:5559: result: yes
configure:5559: checking for unistd.h
configure:5559: gcc -c -g -O2 -Wall  conftest.c >&5
configure:5559: $? = 0
configure:5559: result: yes
configure:5572: checking pcre.h usability
configure:5572: gcc -c -g -O2 -Wall  conftest.c >&5
configure:5572: $? = 0
configure:5572: result: yes
configure:5572: checking pcre.h presence
configure:5572: gcc -E  conftest.c
configure:5572: $? = 0
configure:5572: result: yes
configure:5572: checking for pcre.h
configure:5572: result: yes
configure:5575: checking for pcre_compile in -lpcre
configure:5600: gcc -o conftest -g -O2 -Wall   conftest.c -lpcre   >&5
configure:5600: $? = 0
configure:5609: result: yes
configure:5613: checking enable the regex scanner
configure:5615: result: yes
configure:5654: checking whether system has nproc ulimit
configure:5667: result: yes
configure:5783: creating ./config.status

## ---------------------- ##
## Running config.status. ##
## ---------------------- ##

This file was extended by config.status, which was
generated by GNU Autoconf 2.64.  Invocation command line was

  CONFIG_FILES    = 
  CONFIG_HEADERS  = 
  CONFIG_LINKS    = 
  CONFIG_COMMANDS = 
  $ ./config.status 

on loft2500.serverloft.com

config.status:875: creating Makefile
config.status:978: WARNING:  'Makefile.in' seems to ignore the --datarootdir setting
config.status:875: creating config.h
config.status:1041: config.h is unchanged
config.status:1055: executing depfiles commands

## ---------------- ##
## Cache variables. ##
## ---------------- ##

ac_cv_build=i686-pc-linux-gnu
ac_cv_c_compiler_gnu=yes
ac_cv_env_CC_set=
ac_cv_env_CC_value=
ac_cv_env_CFLAGS_set=
ac_cv_env_CFLAGS_value=
ac_cv_env_CPPFLAGS_set=
ac_cv_env_CPPFLAGS_value=
ac_cv_env_CPP_set=
ac_cv_env_CPP_value=
ac_cv_env_LDFLAGS_set=
ac_cv_env_LDFLAGS_value=
ac_cv_env_LIBS_set=
ac_cv_env_LIBS_value=
ac_cv_env_build_alias_set=
ac_cv_env_build_alias_value=
ac_cv_env_host_alias_set=
ac_cv_env_host_alias_value=
ac_cv_env_target_alias_set=
ac_cv_env_target_alias_value=
ac_cv_func_strsep=yes
ac_cv_header_inttypes_h=yes
ac_cv_header_memory_h=yes
ac_cv_header_pcre_h=yes
ac_cv_header_stdc=yes
ac_cv_header_stdint_h=yes
ac_cv_header_stdlib_h=yes
ac_cv_header_string_h=yes
ac_cv_header_strings_h=yes
ac_cv_header_sys_stat_h=yes
ac_cv_header_sys_types_h=yes
ac_cv_header_unistd_h=yes
ac_cv_host=i686-pc-linux-gnu
ac_cv_lib_pcre_pcre_compile=yes
ac_cv_objext=o
ac_cv_path_EGREP='/bin/grep -E'
ac_cv_path_GREP=/bin/grep
ac_cv_path_install='/usr/bin/install -c'
ac_cv_prog_AWK=gawk
ac_cv_prog_CPP='gcc -E'
ac_cv_prog_ac_ct_CC=gcc
ac_cv_prog_cc_c89=
ac_cv_prog_cc_g=yes
ac_cv_prog_make_make_set=yes
am_cv_CC_dependencies_compiler_type=none

## ----------------- ##
## Output variables. ##
## ----------------- ##

ACLOCAL='${SHELL} /opt/qfd-0.1/sources/simscan/missing --run aclocal-1.6'
AMDEPBACKSLASH='\'
AMDEP_FALSE='#'
AMDEP_TRUE=''
AMTAR='${SHELL} /opt/qfd-0.1/sources/simscan/missing --run tar'
AUTOCONF='${SHELL} /opt/qfd-0.1/sources/simscan/missing --run autoconf'
AUTOHEADER='${SHELL} /opt/qfd-0.1/sources/simscan/missing --run autoheader'
AUTOMAKE='${SHELL} /opt/qfd-0.1/sources/simscan/missing --run automake-1.6'
AWK='gawk'
CC='gcc'
CCDEPMODE='depmode=none'
CFLAGS='-g -O2 -Wall'
CPP='gcc -E'
CPPFLAGS=''
DEFS='-DHAVE_CONFIG_H'
DEPDIR='.deps'
ECHO_C=''
ECHO_N='-n'
ECHO_T=''
EGREP='/bin/grep -E'
ENABLE_USER='clamav'
EXEEXT=''
GREP='/bin/grep'
INSTALL_DATA='${INSTALL} -m 644'
INSTALL_PROGRAM='${INSTALL}'
INSTALL_SCRIPT='${INSTALL}'
INSTALL_STRIP_PROGRAM='${SHELL} $(install_sh) -c -s'
LDFLAGS=''
LIBOBJS=''
LIBS=' -lpcre'
LTLIBOBJS=''
MAKEINFO='${SHELL} /opt/qfd-0.1/sources/simscan/missing --run makeinfo'
OBJEXT='o'
PACKAGE='simscan'
PACKAGE_BUGREPORT=''
PACKAGE_NAME=''
PACKAGE_STRING=''
PACKAGE_TARNAME=''
PACKAGE_URL=''
PACKAGE_VERSION=''
PATH_SEPARATOR=':'
SET_MAKE=''
SHELL='/bin/bash'
STRIP=''
VERSION='1.4.0'
ac_ct_CC='gcc'
am__include='include'
am__quote=''
bindir='${exec_prefix}/bin'
build='i686-pc-linux-gnu'
build_alias=''
build_cpu='i686'
build_os='linux-gnu'
build_vendor='pc'
controldir='/var/qmail/control'
datadir='${datarootdir}'
datarootdir='${prefix}/share'
docdir='${datarootdir}/doc/${PACKAGE}'
dvidir='${docdir}'
exec_prefix='${prefix}'
host='i686-pc-linux-gnu'
host_alias=''
host_cpu='i686'
host_os='linux-gnu'
host_vendor='pc'
htmldir='${docdir}'
includedir='${prefix}/include'
infodir='${datarootdir}/info'
install_sh='/opt/qfd-0.1/sources/simscan/install-sh'
libdir='${exec_prefix}/lib'
libexecdir='${exec_prefix}/libexec'
localedir='${datarootdir}/locale'
localstatedir='${prefix}/var'
mandir='${datarootdir}/man'
oldincludedir='/usr/include'
pdfdir='${docdir}'
prefix='/usr/local'
program_transform_name='s,x,x,'
psdir='${docdir}'
qmaildir='/var/qmail'
quarantinedir=''
sbindir='${exec_prefix}/sbin'
sharedstatedir='${prefix}/com'
sysconfdir='${prefix}/etc'
target_alias=''
workdir='/var/qmail/simscan'

## ----------- ##
## confdefs.h. ##
## ----------- ##

/* confdefs.h */
#define PACKAGE_NAME ""
#define PACKAGE_TARNAME ""
#define PACKAGE_VERSION ""
#define PACKAGE_STRING ""
#define PACKAGE_BUGREPORT ""
#define PACKAGE_URL ""
#define PACKAGE "simscan"
#define VERSION "1.4.0"
#define HAVE_STRSEP 1
#define ENABLE_CLAMAV /**/
#define CLAMDSCAN "/usr/bin/clamdscan"
#define ENABLE_CUSTOM_SMTP_REJECT /**/
#define ENABLE_PER_DOMAIN /**/
#define ENABLE_ATTACH 1
#define ENABLE_SPAM 1
#define SPAMC "/usr/bin/spamc"
#define SPAMC_ARGS ""
#define QMAILDIR "/var/qmail"
#define WORKDIR "/var/qmail/simscan"
#define CONTROLDIR "/var/qmail/control"
#define QMAILQUEUE "/var/qmail/bin/qmail-tail"
#define RIPMIME "/usr/local/bin/ripmime"
#define DO_RIPMIME 1
#define VIRUSSCANNER 1
#define SPAMASSASSINPATH "/usr/bin/spamassassin"
#define CLAMAVDBPATH "/var/lib/clamav"
#define SIGTOOLPATH "/usr/bin/sigtool"
#define ENABLE_RECEIVED 1
#define RCVD_REGEX_KEY "regex"
#define RCVD_ATTACH_KEY "attach"
#define RCVD_SPAM_KEY "spam"
#define RCVD_CLAM_KEY "clamav"
#define RCVD_TROPHIE_KEY "trophie"
#define RCVD_DSPAM_KEY "dspam"
#define STDC_HEADERS 1
#define HAVE_SYS_TYPES_H 1
#define HAVE_SYS_STAT_H 1
#define HAVE_STDLIB_H 1
#define HAVE_STRING_H 1
#define HAVE_MEMORY_H 1
#define HAVE_STRINGS_H 1
#define HAVE_INTTYPES_H 1
#define HAVE_STDINT_H 1
#define HAVE_UNISTD_H 1
#define ENABLE_REGEX 1
#define HAS_ULIMIT_NPROC 1

configure: exit 0
