This file contains any messages produced by compilers while
running configure, to aid debugging if configure makes a mistake.

It was created by configure, which was
generated by GNU Autoconf 2.59.  Invocation command line was

  $ ./configure --enable-htmldir=/var/www/qmailadmin --enable-imagedir=/var/www/qmailadmin/images --enable-imageurl=/qmailadmin/images --enable-cgibindir=/usr/lib/cgi-bin --enable-autoresponder-bin=/usr/local/bin --enable-vpopuser=vpopmail --enable-ezmlmdir=/usr/local/bin/ezmlm/ --enable-ezmlmidx=y --enable-modify-quota --disable-ipauth

## --------- ##
## Platform. ##
## --------- ##

hostname = loft2500.serverloft.com
uname -m = i686
uname -r = 2.6.24-26-generic
uname -s = Linux
uname -v = #1 SMP Tue Dec 1 18:37:31 UTC 2009

/usr/bin/uname -p = unknown
/bin/uname -X     = unknown

/bin/arch              = unknown
/usr/bin/arch -k       = unknown
/usr/convex/getsysinfo = unknown
hostinfo               = unknown
/bin/machine           = unknown
/usr/bin/oslevel       = unknown
/bin/universe          = unknown

PATH: /usr/local/sbin
PATH: /usr/local/bin
PATH: /usr/sbin
PATH: /usr/bin
PATH: /sbin
PATH: /bin
PATH: /usr/games


## ----------- ##
## Core tests. ##
## ----------- ##

configure:1367: checking for a BSD-compatible install
configure:1422: result: /usr/bin/install -c
configure:1433: checking whether build environment is sane
configure:1476: result: yes
configure:1509: checking for gawk
configure:1525: found /usr/bin/gawk
configure:1535: result: gawk
configure:1545: checking whether make sets $(MAKE)
configure:1565: result: yes
configure:1713: checking build system type
configure:1731: result: i686-pc-linux-gnu
configure:1739: checking host system type
configure:1753: result: i686-pc-linux-gnu
configure:1824: checking for gcc
configure:1840: found /usr/bin/gcc
configure:1850: result: gcc
configure:2094: checking for C compiler version
configure:2097: gcc --version </dev/null >&5
gcc (GCC) 4.2.4 (Ubuntu 4.2.4-1ubuntu4)
Copyright (C) 2007 Free Software Foundation, Inc.
This is free software; see the source for copying conditions.  There is NO
warranty; not even for MERCHANTABILITY or FITNESS FOR A PARTICULAR PURPOSE.

configure:2100: $? = 0
configure:2102: gcc -v </dev/null >&5
Using built-in specs.
Target: i486-linux-gnu
Configured with: ../src/configure -v --enable-languages=c,c++,fortran,objc,obj-c++,treelang --prefix=/usr --enable-shared --with-system-zlib --libexecdir=/usr/lib --without-included-gettext --enable-threads=posix --enable-nls --with-gxx-include-dir=/usr/include/c++/4.2 --program-suffix=-4.2 --enable-clocale=gnu --enable-libstdcxx-debug --enable-objc-gc --enable-mpfr --enable-targets=all --enable-checking=release --build=i486-linux-gnu --host=i486-linux-gnu --target=i486-linux-gnu
Thread model: posix
gcc version 4.2.4 (Ubuntu 4.2.4-1ubuntu4)
configure:2105: $? = 0
configure:2107: gcc -V </dev/null >&5
gcc: '-V' option must have argument
configure:2110: $? = 1
configure:2133: checking for C compiler default output file name
configure:2136: gcc    conftest.c  >&5
configure:2139: $? = 0
configure:2185: result: a.out
configure:2190: checking whether the C compiler works
configure:2196: ./a.out
configure:2199: $? = 0
configure:2216: result: yes
configure:2223: checking whether we are cross compiling
configure:2225: result: no
configure:2228: checking for suffix of executables
configure:2230: gcc -o conftest    conftest.c  >&5
configure:2233: $? = 0
configure:2258: result: 
configure:2264: checking for suffix of object files
configure:2285: gcc -c   conftest.c >&5
configure:2288: $? = 0
configure:2310: result: o
configure:2314: checking whether we are using the GNU C compiler
configure:2338: gcc -c   conftest.c >&5
configure:2344: $? = 0
configure:2348: test -z 
			 || test ! -s conftest.err
configure:2351: $? = 0
configure:2354: test -s conftest.o
configure:2357: $? = 0
configure:2370: result: yes
configure:2376: checking whether gcc accepts -g
configure:2397: gcc -c -g  conftest.c >&5
configure:2403: $? = 0
configure:2407: test -z 
			 || test ! -s conftest.err
configure:2410: $? = 0
configure:2413: test -s conftest.o
configure:2416: $? = 0
configure:2427: result: yes
configure:2444: checking for gcc option to accept ANSI C
configure:2514: gcc  -c -g -O2  conftest.c >&5
configure:2520: $? = 0
configure:2524: test -z 
			 || test ! -s conftest.err
configure:2527: $? = 0
configure:2530: test -s conftest.o
configure:2533: $? = 0
configure:2551: result: none needed
configure:2569: gcc -c -g -O2  conftest.c >&5
conftest.c:2: error: expected '=', ',', ';', 'asm' or '__attribute__' before 'me'
configure:2575: $? = 1
configure: failed program was:
| #ifndef __cplusplus
|   choke me
| #endif
configure:2727: checking for style of include used by make
configure:2755: result: GNU
configure:2783: checking dependency style of gcc
configure:2845: result: gcc3
configure:2855: checking how to run the C preprocessor
configure:2890: gcc -E  conftest.c
configure:2896: $? = 0
configure:2928: gcc -E  conftest.c
conftest.c:11:28: error: ac_nonexistent.h: No such file or directory
configure:2934: $? = 1
configure: failed program was:
| /* confdefs.h.  */
| 
| #define PACKAGE_NAME ""
| #define PACKAGE_TARNAME ""
| #define PACKAGE_VERSION ""
| #define PACKAGE_STRING ""
| #define PACKAGE_BUGREPORT ""
| #define QA_PACKAGE "qmailadmin"
| #define QA_VERSION "1.2.13"
| /* end confdefs.h.  */
| #include <ac_nonexistent.h>
configure:2973: result: gcc -E
configure:2997: gcc -E  conftest.c
configure:3003: $? = 0
configure:3035: gcc -E  conftest.c
conftest.c:11:28: error: ac_nonexistent.h: No such file or directory
configure:3041: $? = 1
configure: failed program was:
| /* confdefs.h.  */
| 
| #define PACKAGE_NAME ""
| #define PACKAGE_TARNAME ""
| #define PACKAGE_VERSION ""
| #define PACKAGE_STRING ""
| #define PACKAGE_BUGREPORT ""
| #define QA_PACKAGE "qmailadmin"
| #define QA_VERSION "1.2.13"
| /* end confdefs.h.  */
| #include <ac_nonexistent.h>
configure:3097: checking for a BSD-compatible install
configure:3152: result: /usr/bin/install -c
configure:3163: checking whether ln -s works
configure:3167: result: yes
configure:3174: checking whether make sets $(MAKE)
configure:3194: result: yes
configure:3244: checking for ranlib
configure:3260: found /usr/bin/ranlib
configure:3271: result: ranlib
configure:3286: checking for strerror in -lcposix
configure:3316: gcc -o conftest -g -O2   conftest.c -lcposix   >&5
/usr/bin/ld: cannot find -lcposix
collect2: ld returned 1 exit status
configure:3322: $? = 1
configure: failed program was:
| /* confdefs.h.  */
| 
| #define PACKAGE_NAME ""
| #define PACKAGE_TARNAME ""
| #define PACKAGE_VERSION ""
| #define PACKAGE_STRING ""
| #define PACKAGE_BUGREPORT ""
| #define QA_PACKAGE "qmailadmin"
| #define QA_VERSION "1.2.13"
| /* end confdefs.h.  */
| 
| /* Override any gcc2 internal prototype to avoid an error.  */
| #ifdef __cplusplus
| extern "C"
| #endif
| /* We use char because int might match the return type of a gcc2
|    builtin and then its argument prototype would still apply.  */
| char strerror ();
| int
| main ()
| {
| strerror ();
|   ;
|   return 0;
| }
configure:3348: result: no
configure:3358: checking for crypt in -lcrypt
configure:3388: gcc -o conftest -g -O2   conftest.c -lcrypt   >&5
configure:3394: $? = 0
configure:3398: test -z 
			 || test ! -s conftest.err
configure:3401: $? = 0
configure:3404: test -s conftest
configure:3407: $? = 0
configure:3420: result: yes
configure:3432: checking for crypt in -lshadow
configure:3462: gcc -o conftest -g -O2   conftest.c -lshadow  -lcrypt  >&5
/usr/bin/ld: cannot find -lshadow
collect2: ld returned 1 exit status
configure:3468: $? = 1
configure: failed program was:
| /* confdefs.h.  */
| 
| #define PACKAGE_NAME ""
| #define PACKAGE_TARNAME ""
| #define PACKAGE_VERSION ""
| #define PACKAGE_STRING ""
| #define PACKAGE_BUGREPORT ""
| #define QA_PACKAGE "qmailadmin"
| #define QA_VERSION "1.2.13"
| #define HAVE_LIBCRYPT 1
| /* end confdefs.h.  */
| 
| /* Override any gcc2 internal prototype to avoid an error.  */
| #ifdef __cplusplus
| extern "C"
| #endif
| /* We use char because int might match the return type of a gcc2
|    builtin and then its argument prototype would still apply.  */
| char crypt ();
| int
| main ()
| {
| crypt ();
|   ;
|   return 0;
| }
configure:3494: result: no
configure:3510: checking for an ANSI C-conforming const
configure:3577: gcc -c -g -O2  conftest.c >&5
configure:3583: $? = 0
configure:3587: test -z 
			 || test ! -s conftest.err
configure:3590: $? = 0
configure:3593: test -s conftest.o
configure:3596: $? = 0
configure:3607: result: yes
configure:3619: checking for egrep
configure:3629: result: grep -E
configure:3634: checking for uid_t in sys/types.h
configure:3657: result: yes
configure:3682: checking for dirent.h that defines DIR
configure:3706: gcc -c -g -O2  conftest.c >&5
configure:3712: $? = 0
configure:3716: test -z 
			 || test ! -s conftest.err
configure:3719: $? = 0
configure:3722: test -s conftest.o
configure:3725: $? = 0
configure:3736: result: yes
configure:3749: checking for library containing opendir
configure:3779: gcc -o conftest -g -O2   conftest.c -lcrypt  >&5
configure:3785: $? = 0
configure:3789: test -z 
			 || test ! -s conftest.err
configure:3792: $? = 0
configure:3795: test -s conftest
configure:3798: $? = 0
configure:3868: result: none required
configure:4004: checking for ANSI C header files
configure:4029: gcc -c -g -O2  conftest.c >&5
configure:4035: $? = 0
configure:4039: test -z 
			 || test ! -s conftest.err
configure:4042: $? = 0
configure:4045: test -s conftest.o
configure:4048: $? = 0
configure:4137: gcc -o conftest -g -O2   conftest.c -lcrypt  >&5
conftest.c: In function 'main':
conftest.c:30: warning: incompatible implicit declaration of built-in function 'exit'
configure:4140: $? = 0
configure:4142: ./conftest
configure:4145: $? = 0
configure:4160: result: yes
configure:4184: checking for sys/types.h
configure:4200: gcc -c -g -O2  conftest.c >&5
configure:4206: $? = 0
configure:4210: test -z 
			 || test ! -s conftest.err
configure:4213: $? = 0
configure:4216: test -s conftest.o
configure:4219: $? = 0
configure:4230: result: yes
configure:4184: checking for sys/stat.h
configure:4200: gcc -c -g -O2  conftest.c >&5
configure:4206: $? = 0
configure:4210: test -z 
			 || test ! -s conftest.err
configure:4213: $? = 0
configure:4216: test -s conftest.o
configure:4219: $? = 0
configure:4230: result: yes
configure:4184: checking for stdlib.h
configure:4200: gcc -c -g -O2  conftest.c >&5
configure:4206: $? = 0
configure:4210: test -z 
			 || test ! -s conftest.err
configure:4213: $? = 0
configure:4216: test -s conftest.o
configure:4219: $? = 0
configure:4230: result: yes
configure:4184: checking for string.h
configure:4200: gcc -c -g -O2  conftest.c >&5
configure:4206: $? = 0
configure:4210: test -z 
			 || test ! -s conftest.err
configure:4213: $? = 0
configure:4216: test -s conftest.o
configure:4219: $? = 0
configure:4230: result: yes
configure:4184: checking for memory.h
configure:4200: gcc -c -g -O2  conftest.c >&5
configure:4206: $? = 0
configure:4210: test -z 
			 || test ! -s conftest.err
configure:4213: $? = 0
configure:4216: test -s conftest.o
configure:4219: $? = 0
configure:4230: result: yes
configure:4184: checking for strings.h
configure:4200: gcc -c -g -O2  conftest.c >&5
configure:4206: $? = 0
configure:4210: test -z 
			 || test ! -s conftest.err
configure:4213: $? = 0
configure:4216: test -s conftest.o
configure:4219: $? = 0
configure:4230: result: yes
configure:4184: checking for inttypes.h
configure:4200: gcc -c -g -O2  conftest.c >&5
configure:4206: $? = 0
configure:4210: test -z 
			 || test ! -s conftest.err
configure:4213: $? = 0
configure:4216: test -s conftest.o
configure:4219: $? = 0
configure:4230: result: yes
configure:4184: checking for stdint.h
configure:4200: gcc -c -g -O2  conftest.c >&5
configure:4206: $? = 0
configure:4210: test -z 
			 || test ! -s conftest.err
configure:4213: $? = 0
configure:4216: test -s conftest.o
configure:4219: $? = 0
configure:4230: result: yes
configure:4184: checking for unistd.h
configure:4200: gcc -c -g -O2  conftest.c >&5
configure:4206: $? = 0
configure:4210: test -z 
			 || test ! -s conftest.err
configure:4213: $? = 0
configure:4216: test -s conftest.o
configure:4219: $? = 0
configure:4230: result: yes
configure:4242: checking whether closedir returns void
configure:4271: gcc -o conftest -g -O2   conftest.c -lcrypt  >&5
configure:4274: $? = 0
configure:4276: ./conftest
configure:4279: $? = 0
configure:4293: result: no
configure:4321: checking for dup2
configure:4378: gcc -o conftest -g -O2   conftest.c -lcrypt  >&5
configure:4384: $? = 0
configure:4388: test -z 
			 || test ! -s conftest.err
configure:4391: $? = 0
configure:4394: test -s conftest
configure:4397: $? = 0
configure:4409: result: yes
configure:4321: checking for memset
configure:4378: gcc -o conftest -g -O2   conftest.c -lcrypt  >&5
conftest.c:48: warning: conflicting types for built-in function 'memset'
configure:4384: $? = 0
configure:4388: test -z 
			 || test ! -s conftest.err
configure:4391: $? = 0
configure:4394: test -s conftest
configure:4397: $? = 0
configure:4409: result: yes
configure:4321: checking for mkdir
configure:4378: gcc -o conftest -g -O2   conftest.c -lcrypt  >&5
configure:4384: $? = 0
configure:4388: test -z 
			 || test ! -s conftest.err
configure:4391: $? = 0
configure:4394: test -s conftest
configure:4397: $? = 0
configure:4409: result: yes
configure:4321: checking for strcasecmp
configure:4378: gcc -o conftest -g -O2   conftest.c -lcrypt  >&5
conftest.c:50: warning: conflicting types for built-in function 'strcasecmp'
configure:4384: $? = 0
configure:4388: test -z 
			 || test ! -s conftest.err
configure:4391: $? = 0
configure:4394: test -s conftest
configure:4397: $? = 0
configure:4409: result: yes
configure:4321: checking for strchr
configure:4378: gcc -o conftest -g -O2   conftest.c -lcrypt  >&5
conftest.c:51: warning: conflicting types for built-in function 'strchr'
configure:4384: $? = 0
configure:4388: test -z 
			 || test ! -s conftest.err
configure:4391: $? = 0
configure:4394: test -s conftest
configure:4397: $? = 0
configure:4409: result: yes
configure:4321: checking for strdup
configure:4378: gcc -o conftest -g -O2   conftest.c -lcrypt  >&5
conftest.c:52: warning: conflicting types for built-in function 'strdup'
configure:4384: $? = 0
configure:4388: test -z 
			 || test ! -s conftest.err
configure:4391: $? = 0
configure:4394: test -s conftest
configure:4397: $? = 0
configure:4409: result: yes
configure:4321: checking for strncasecmp
configure:4378: gcc -o conftest -g -O2   conftest.c -lcrypt  >&5
conftest.c:53: warning: conflicting types for built-in function 'strncasecmp'
configure:4384: $? = 0
configure:4388: test -z 
			 || test ! -s conftest.err
configure:4391: $? = 0
configure:4394: test -s conftest
configure:4397: $? = 0
configure:4409: result: yes
configure:4321: checking for strrchr
configure:4378: gcc -o conftest -g -O2   conftest.c -lcrypt  >&5
conftest.c:54: warning: conflicting types for built-in function 'strrchr'
configure:4384: $? = 0
configure:4388: test -z 
			 || test ! -s conftest.err
configure:4391: $? = 0
configure:4394: test -s conftest
configure:4397: $? = 0
configure:4409: result: yes
configure:4321: checking for strstr
configure:4378: gcc -o conftest -g -O2   conftest.c -lcrypt  >&5
conftest.c:55: warning: conflicting types for built-in function 'strstr'
configure:4384: $? = 0
configure:4388: test -z 
			 || test ! -s conftest.err
configure:4391: $? = 0
configure:4394: test -s conftest
configure:4397: $? = 0
configure:4409: result: yes
configure:5147: creating ./config.status

## ---------------------- ##
## Running config.status. ##
## ---------------------- ##

This file was extended by config.status, which was
generated by GNU Autoconf 2.59.  Invocation command line was

  CONFIG_FILES    = 
  CONFIG_HEADERS  = 
  CONFIG_LINKS    = 
  CONFIG_COMMANDS = 
  $ ./config.status 

on loft2500.serverloft.com

config.status:708: creating Makefile
config.status:812: creating config.h
config.status:992: config.h is unchanged
config.status:1156: executing depfiles commands

## ---------------- ##
## Cache variables. ##
## ---------------- ##

ac_cv_build=i686-pc-linux-gnu
ac_cv_build_alias=i686-pc-linux-gnu
ac_cv_c_compiler_gnu=yes
ac_cv_c_const=yes
ac_cv_env_CC_set=
ac_cv_env_CC_value=
ac_cv_env_CFLAGS_set=
ac_cv_env_CFLAGS_value=
ac_cv_env_CPPFLAGS_set=
ac_cv_env_CPPFLAGS_value=
ac_cv_env_CPP_set=
ac_cv_env_CPP_value=
ac_cv_env_LDFLAGS_set=
ac_cv_env_LDFLAGS_value=
ac_cv_env_build_alias_set=
ac_cv_env_build_alias_value=
ac_cv_env_host_alias_set=
ac_cv_env_host_alias_value=
ac_cv_env_target_alias_set=
ac_cv_env_target_alias_value=
ac_cv_exeext=
ac_cv_func_closedir_void=no
ac_cv_func_dup2=yes
ac_cv_func_memset=yes
ac_cv_func_mkdir=yes
ac_cv_func_strcasecmp=yes
ac_cv_func_strchr=yes
ac_cv_func_strdup=yes
ac_cv_func_strncasecmp=yes
ac_cv_func_strrchr=yes
ac_cv_func_strstr=yes
ac_cv_header_dirent_dirent_h=yes
ac_cv_header_inttypes_h=yes
ac_cv_header_memory_h=yes
ac_cv_header_stdc=yes
ac_cv_header_stdint_h=yes
ac_cv_header_stdlib_h=yes
ac_cv_header_string_h=yes
ac_cv_header_strings_h=yes
ac_cv_header_sys_stat_h=yes
ac_cv_header_sys_types_h=yes
ac_cv_header_unistd_h=yes
ac_cv_host=i686-pc-linux-gnu
ac_cv_host_alias=i686-pc-linux-gnu
ac_cv_lib_cposix_strerror=no
ac_cv_lib_crypt_crypt=yes
ac_cv_lib_shadow_crypt=no
ac_cv_objext=o
ac_cv_path_install='/usr/bin/install -c'
ac_cv_prog_AWK=gawk
ac_cv_prog_CPP='gcc -E'
ac_cv_prog_ac_ct_CC=gcc
ac_cv_prog_ac_ct_RANLIB=ranlib
ac_cv_prog_cc_g=yes
ac_cv_prog_cc_stdc=
ac_cv_prog_egrep='grep -E'
ac_cv_prog_make_make_set=yes
ac_cv_search_opendir='none required'
ac_cv_type_uid_t=yes
am_cv_CC_dependencies_compiler_type=gcc3

## ----------------- ##
## Output variables. ##
## ----------------- ##

ACLOCAL='${SHELL} /opt/qfd-0.1/sources/qmailadmin/missing --run aclocal'
AMDEPBACKSLASH='\'
AMDEP_FALSE='#'
AMDEP_TRUE=''
AMTAR='${SHELL} /opt/qfd-0.1/sources/qmailadmin/missing --run tar'
AUTOCONF='${SHELL} /opt/qfd-0.1/sources/qmailadmin/missing --run autoconf'
AUTOHEADER='${SHELL} /opt/qfd-0.1/sources/qmailadmin/missing --run autoheader'
AUTOMAKE='${SHELL} /opt/qfd-0.1/sources/qmailadmin/missing --run automake'
AWK='gawk'
CC='gcc'
CCDEPMODE='depmode=gcc3'
CFLAGS='-g -O2 -Wall'
CGIBINTARGETS='qmailadmin'
CPP='gcc -E'
CPPFLAGS=''
DEFS='-DHAVE_CONFIG_H'
DEPDIR='.deps'
ECHO_C=''
ECHO_N='-n'
ECHO_T=''
EGREP='grep -E'
EXEEXT=''
INSTALL_DATA='${INSTALL} -m 644'
INSTALL_PROGRAM='${INSTALL}'
INSTALL_SCRIPT='${INSTALL}'
INSTALL_STRIP_PROGRAM='${SHELL} $(install_sh) -c -s'
LDFLAGS=''
LIBOBJS=''
LIBS='-lcrypt '
LN_S='ln -s'
LTLIBOBJS=''
MAKEINFO='${SHELL} /opt/qfd-0.1/sources/qmailadmin/missing --run makeinfo'
OBJEXT='o'
PACKAGE=''
PACKAGE_BUGREPORT=''
PACKAGE_NAME=''
PACKAGE_STRING=''
PACKAGE_TARNAME=''
PACKAGE_VERSION=''
PATH_SEPARATOR=':'
QA_PACKAGE='qmailadmin'
QA_VERSION='1.2.13'
RANLIB='ranlib'
SET_MAKE=''
SHELL='/bin/bash'
SPAM_COMMAND=''
STRIP=''
VERSION=''
ac_ct_CC='gcc'
ac_ct_RANLIB='ranlib'
ac_ct_STRIP=''
am__include='include'
am__quote=''
auth_incs='-I/home/vpopmail/include'
auth_libs='-L/home/vpopmail/lib -lvpopmail -Xlinker -R -Xlinker /usr/lib/mysql -L/usr/lib/mysql  -lmysqlclient -lz -lm -lcrypt '
bindir='${exec_prefix}/bin'
build='i686-pc-linux-gnu'
build_alias=''
build_cpu='i686'
build_os='linux-gnu'
build_vendor='pc'
cgibindir='/usr/lib/cgi-bin'
datadir='${prefix}/share'
enable_help='no'
exec_prefix='${prefix}'
host='i686-pc-linux-gnu'
host_alias=''
host_cpu='i686'
host_os='linux-gnu'
host_vendor='pc'
htmldir='/var/www/qmailadmin'
htmllibdir='/usr/local/share/qmailadmin'
imagedir='/var/www/qmailadmin/images'
imageurl='/qmailadmin/images'
includedir='${prefix}/include'
infodir='${prefix}/info'
install_sh='/opt/qfd-0.1/sources/qmailadmin/install-sh'
libdir='${exec_prefix}/lib'
libexecdir='${exec_prefix}/libexec'
localstatedir='${prefix}/var'
mandir='${prefix}/man'
oldincludedir='/usr/include'
prefix='/usr/local'
program_transform_name='s,x,x,'
sbindir='${exec_prefix}/sbin'
sharedstatedir='${prefix}/com'
sysconfdir='${prefix}/etc'
target_alias=''
vpopgroup='vchkpw'
vpopmaildir='/home/vpopmail'
vpopuser='vpopmail'

## ----------- ##
## confdefs.h. ##
## ----------- ##

#define AUTORESPOND_PATH "/usr/bin"
#define CATCHALL_ENABLED 1
#define CGIPATH "/cgi-bin/qmailadmin"
#define ENABLE_MYSQL 1
#define EZMLMDIR "/usr/local/bin/ezmlm/"
#define EZMLMIDX 1
#define HAVE_DIRENT_H 1
#define HAVE_DUP2 1
#define HAVE_INTTYPES_H 1
#define HAVE_LIBCRYPT 1
#define HAVE_MEMORY_H 1
#define HAVE_MEMSET 1
#define HAVE_MKDIR 1
#define HAVE_STDINT_H 1
#define HAVE_STDLIB_H 1
#define HAVE_STRCASECMP 1
#define HAVE_STRCHR 1
#define HAVE_STRDUP 1
#define HAVE_STRINGS_H 1
#define HAVE_STRING_H 1
#define HAVE_STRNCASECMP 1
#define HAVE_STRRCHR 1
#define HAVE_STRSTR 1
#define HAVE_SYS_STAT_H 1
#define HAVE_SYS_TYPES_H 1
#define HAVE_UNISTD_H 1
#define HTMLLIBDIR "/usr/local/share/qmailadmin"
#define IMAGEURL "/qmailadmin/images"
#define MAXALIASESPERPAGE 25
#define MAXUSERSPERPAGE 15
#define MODIFY_QUOTA 1
#define PACKAGE_BUGREPORT ""
#define PACKAGE_NAME ""
#define PACKAGE_STRING ""
#define PACKAGE_TARNAME ""
#define PACKAGE_VERSION ""
#define QA_PACKAGE "qmailadmin"
#define QA_VERSION "1.2.13"
#define QMAILDIR "/var/qmail"
#define SPAM_COMMAND "|preline /usr/local/bin/maildrop /etc/mailfilter"
#define STDC_HEADERS 1
#define TRIVIAL_PASSWORD_ENABLED 1
#define USER_INDEX 1
#define VPOPGROUP "vchkpw"
#define VPOPUSER "vpopmail"

configure: exit 0
