This file contains any messages produced by compilers while
running configure, to aid debugging if configure makes a mistake.

It was created by isoqlog configure 2.2.1, which was
generated by GNU Autoconf 2.53.  Invocation command line was

  $ ./configure 

## --------- ##
## Platform. ##
## --------- ##

hostname = loft2500.serverloft.com
uname -m = i686
uname -r = 2.6.24-26-generic
uname -s = Linux
uname -v = #1 SMP Tue Dec 1 18:37:31 UTC 2009

/usr/bin/uname -p = unknown
/bin/uname -X     = unknown

/bin/arch              = unknown
/usr/bin/arch -k       = unknown
/usr/convex/getsysinfo = unknown
hostinfo               = unknown
/bin/machine           = unknown
/usr/bin/oslevel       = unknown
/bin/universe          = unknown

PATH: /usr/local/sbin
PATH: /usr/local/bin
PATH: /usr/sbin
PATH: /usr/bin
PATH: /sbin
PATH: /bin
PATH: /usr/games


## ----------- ##
## Core tests. ##
## ----------- ##

configure:1241: checking build system type
configure:1259: result: i686-pc-linux-gnu
configure:1267: checking host system type
configure:1281: result: i686-pc-linux-gnu
configure:1289: checking target system type
configure:1303: result: i686-pc-linux-gnu
configure:1337: checking for a BSD-compatible install
configure:1391: result: /usr/bin/install -c
configure:1402: checking whether build environment is sane
configure:1445: result: yes
configure:1479: checking for gawk
configure:1495: found /usr/bin/gawk
configure:1505: result: gawk
configure:1515: checking whether make sets ${MAKE}
configure:1535: result: yes
configure:1686: checking for gcc
configure:1702: found /usr/bin/gcc
configure:1712: result: gcc
configure:1956: checking for C compiler version
configure:1959: gcc --version </dev/null >&5
gcc (GCC) 4.2.4 (Ubuntu 4.2.4-1ubuntu4)
Copyright (C) 2007 Free Software Foundation, Inc.
This is free software; see the source for copying conditions.  There is NO
warranty; not even for MERCHANTABILITY or FITNESS FOR A PARTICULAR PURPOSE.

configure:1962: $? = 0
configure:1964: gcc -v </dev/null >&5
Using built-in specs.
Target: i486-linux-gnu
Configured with: ../src/configure -v --enable-languages=c,c++,fortran,objc,obj-c++,treelang --prefix=/usr --enable-shared --with-system-zlib --libexecdir=/usr/lib --without-included-gettext --enable-threads=posix --enable-nls --with-gxx-include-dir=/usr/include/c++/4.2 --program-suffix=-4.2 --enable-clocale=gnu --enable-libstdcxx-debug --enable-objc-gc --enable-mpfr --enable-targets=all --enable-checking=release --build=i486-linux-gnu --host=i486-linux-gnu --target=i486-linux-gnu
Thread model: posix
gcc version 4.2.4 (Ubuntu 4.2.4-1ubuntu4)
configure:1967: $? = 0
configure:1969: gcc -V </dev/null >&5
gcc: '-V' option must have argument
configure:1972: $? = 1
configure:1998: checking for C compiler default output
configure:2001: gcc    conftest.c  >&5
configure:2004: $? = 0
configure:2037: result: a.out
configure:2042: checking whether the C compiler works
configure:2048: ./a.out
configure:2051: $? = 0
configure:2066: result: yes
configure:2073: checking whether we are cross compiling
configure:2075: result: no
configure:2078: checking for suffix of executables
configure:2080: gcc -o conftest    conftest.c  >&5
configure:2083: $? = 0
configure:2105: result: 
configure:2111: checking for suffix of object files
configure:2135: gcc -c   conftest.c >&5
configure:2138: $? = 0
configure:2157: result: o
configure:2161: checking whether we are using the GNU C compiler
configure:2188: gcc -c   conftest.c >&5
configure:2191: $? = 0
configure:2194: test -s conftest.o
configure:2197: $? = 0
configure:2209: result: yes
configure:2215: checking whether gcc accepts -g
configure:2239: gcc -c -g  conftest.c >&5
configure:2242: $? = 0
configure:2245: test -s conftest.o
configure:2248: $? = 0
configure:2258: result: yes
configure:2285: gcc -c -g -O2  conftest.c >&5
conftest.c:2: error: expected '=', ',', ';', 'asm' or '__attribute__' before 'me'
configure:2288: $? = 1
configure: failed program was:
#ifndef __cplusplus
  choke me
#endif
configure:2406: checking for style of include used by make
configure:2434: result: GNU
configure:2441: checking dependency style of gcc
configure:2503: result: gcc3
configure:2527: checking for dirent.h that defines DIR
configure:2554: gcc -c -g -O2  conftest.c >&5
configure:2557: $? = 0
configure:2560: test -s conftest.o
configure:2563: $? = 0
configure:2573: result: yes
configure:2586: checking for library containing opendir
configure:2619: gcc -o conftest -g -O2   conftest.c  >&5
configure:2622: $? = 0
configure:2625: test -s conftest
configure:2628: $? = 0
configure:2687: result: none required
configure:2810: checking how to run the C preprocessor
configure:2836: gcc -E  conftest.c
configure:2842: $? = 0
configure:2869: gcc -E  conftest.c
configure:2865:28: error: ac_nonexistent.h: No such file or directory
configure:2875: $? = 1
configure: failed program was:
#line 2864 "configure"
#include "confdefs.h"
#include <ac_nonexistent.h>
configure:2912: result: gcc -E
configure:2927: gcc -E  conftest.c
configure:2933: $? = 0
configure:2960: gcc -E  conftest.c
configure:2956:28: error: ac_nonexistent.h: No such file or directory
configure:2966: $? = 1
configure: failed program was:
#line 2955 "configure"
#include "confdefs.h"
#include <ac_nonexistent.h>
configure:3006: checking for ANSI C header files
configure:3020: gcc -E  conftest.c
configure:3026: $? = 0
configure:3113: gcc -o conftest -g -O2   conftest.c  >&5
configure: In function 'main':
configure:3104: warning: incompatible implicit declaration of built-in function 'exit'
configure:3116: $? = 0
configure:3118: ./conftest
configure:3121: $? = 0
configure:3135: result: yes
configure:3159: checking for sys/types.h
configure:3172: gcc -c -g -O2  conftest.c >&5
configure:3175: $? = 0
configure:3178: test -s conftest.o
configure:3181: $? = 0
configure:3191: result: yes
configure:3159: checking for sys/stat.h
configure:3172: gcc -c -g -O2  conftest.c >&5
configure:3175: $? = 0
configure:3178: test -s conftest.o
configure:3181: $? = 0
configure:3191: result: yes
configure:3159: checking for stdlib.h
configure:3172: gcc -c -g -O2  conftest.c >&5
configure:3175: $? = 0
configure:3178: test -s conftest.o
configure:3181: $? = 0
configure:3191: result: yes
configure:3159: checking for string.h
configure:3172: gcc -c -g -O2  conftest.c >&5
configure:3175: $? = 0
configure:3178: test -s conftest.o
configure:3181: $? = 0
configure:3191: result: yes
configure:3159: checking for memory.h
configure:3172: gcc -c -g -O2  conftest.c >&5
configure:3175: $? = 0
configure:3178: test -s conftest.o
configure:3181: $? = 0
configure:3191: result: yes
configure:3159: checking for strings.h
configure:3172: gcc -c -g -O2  conftest.c >&5
configure:3175: $? = 0
configure:3178: test -s conftest.o
configure:3181: $? = 0
configure:3191: result: yes
configure:3159: checking for inttypes.h
configure:3172: gcc -c -g -O2  conftest.c >&5
configure:3175: $? = 0
configure:3178: test -s conftest.o
configure:3181: $? = 0
configure:3191: result: yes
configure:3159: checking for stdint.h
configure:3172: gcc -c -g -O2  conftest.c >&5
configure:3175: $? = 0
configure:3178: test -s conftest.o
configure:3181: $? = 0
configure:3191: result: yes
configure:3159: checking for unistd.h
configure:3172: gcc -c -g -O2  conftest.c >&5
configure:3175: $? = 0
configure:3178: test -s conftest.o
configure:3181: $? = 0
configure:3191: result: yes
configure:3221: checking fcntl.h usability
configure:3230: gcc -c -g -O2  conftest.c >&5
configure:3233: $? = 0
configure:3236: test -s conftest.o
configure:3239: $? = 0
configure:3248: result: yes
configure:3252: checking fcntl.h presence
configure:3259: gcc -E  conftest.c
configure:3265: $? = 0
configure:3283: result: yes
configure:3301: checking for fcntl.h
configure:3308: result: yes
configure:3212: checking for stdlib.h
configure:3217: result: yes
configure:3212: checking for string.h
configure:3217: result: yes
configure:3212: checking for strings.h
configure:3217: result: yes
configure:3212: checking for unistd.h
configure:3217: result: yes
configure:3328: checking for size_t
configure:3355: gcc -c -g -O2  conftest.c >&5
configure:3358: $? = 0
configure:3361: test -s conftest.o
configure:3364: $? = 0
configure:3374: result: yes
configure:3386: checking whether struct tm is in sys/time.h or time.h
configure:3412: gcc -c -g -O2  conftest.c >&5
configure:3415: $? = 0
configure:3418: test -s conftest.o
configure:3421: $? = 0
configure:3431: result: time.h
configure:3448: checking for stdlib.h
configure:3453: result: yes
configure:3557: checking for working malloc
configure:3589: gcc -o conftest -g -O2   conftest.c  >&5
configure:3592: $? = 0
configure:3594: ./conftest
configure:3597: $? = 0
configure:3610: result: yes
configure:3620: checking whether lstat dereferences a symlink specified with a trailing slash
configure:3654: gcc -o conftest -g -O2   conftest.c  >&5
configure:3657: $? = 0
configure:3659: ./conftest
configure:3662: $? = 0
configure:3682: result: yes
configure:3696: checking whether stat accepts an empty string
configure:3724: gcc -o conftest -g -O2   conftest.c  >&5
configure:3727: $? = 0
configure:3729: ./conftest
configure:3732: $? = 1
configure: program exited with status 1
configure: failed program was:
#line 3704 "configure"
#include "confdefs.h"
#include <stdio.h>
#if HAVE_SYS_TYPES_H
# include <sys/types.h>
#endif
#if HAVE_SYS_STAT_H
# include <sys/stat.h>
#endif
#if STDC_HEADERS
# include <stdlib.h>
# include <stddef.h>
#else
# if HAVE_STDLIB_H
#  include <stdlib.h>
# endif
#endif
#if HAVE_STRING_H
# if !STDC_HEADERS && HAVE_MEMORY_H
#  include <memory.h>
# endif
# include <string.h>
#endif
#if HAVE_STRINGS_H
# include <strings.h>
#endif
#if HAVE_INTTYPES_H
# include <inttypes.h>
#else
# if HAVE_STDINT_H
#  include <stdint.h>
# endif
#endif
#if HAVE_UNISTD_H
# include <unistd.h>
#endif
#ifdef F77_DUMMY_MAIN
#  ifdef __cplusplus
     extern "C"
#  endif
   int F77_DUMMY_MAIN() { return 1; }
#endif
int
main ()
{
struct stat sbuf;
  exit (stat ("", &sbuf) ? 1 : 0);
  ;
  return 0;
}
configure:3745: result: no
configure:3766: checking for gethostname
configure:3809: gcc -o conftest -g -O2   conftest.c  >&5
configure:3812: $? = 0
configure:3815: test -s conftest
configure:3818: $? = 0
configure:3828: result: yes
configure:3766: checking for memset
configure:3809: gcc -o conftest -g -O2   conftest.c  >&5
configure:3781: warning: conflicting types for built-in function 'memset'
configure:3812: $? = 0
configure:3815: test -s conftest
configure:3818: $? = 0
configure:3828: result: yes
configure:3766: checking for mkdir
configure:3809: gcc -o conftest -g -O2   conftest.c  >&5
configure:3812: $? = 0
configure:3815: test -s conftest
configure:3818: $? = 0
configure:3828: result: yes
configure:3766: checking for strcasecmp
configure:3809: gcc -o conftest -g -O2   conftest.c  >&5
configure:3781: warning: conflicting types for built-in function 'strcasecmp'
configure:3812: $? = 0
configure:3815: test -s conftest
configure:3818: $? = 0
configure:3828: result: yes
configure:3766: checking for strdup
configure:3809: gcc -o conftest -g -O2   conftest.c  >&5
configure:3781: warning: conflicting types for built-in function 'strdup'
configure:3812: $? = 0
configure:3815: test -s conftest
configure:3818: $? = 0
configure:3828: result: yes
configure:3766: checking for strerror
configure:3809: gcc -o conftest -g -O2   conftest.c  >&5
configure:3812: $? = 0
configure:3815: test -s conftest
configure:3818: $? = 0
configure:3828: result: yes
configure:3766: checking for strstr
configure:3809: gcc -o conftest -g -O2   conftest.c  >&5
configure:3781: warning: conflicting types for built-in function 'strstr'
configure:3812: $? = 0
configure:3815: test -s conftest
configure:3818: $? = 0
configure:3828: result: yes
configure:3947: creating ./config.status

## ---------------------- ##
## Running config.status. ##
## ---------------------- ##

This file was extended by isoqlog config.status 2.2.1, which was
generated by GNU Autoconf 2.53.  Invocation command line was

  CONFIG_FILES    = 
  CONFIG_HEADERS  = 
  CONFIG_LINKS    = 
  CONFIG_COMMANDS = 
  $ ./config.status 

on loft2500.serverloft.com

config.status:619: creating Makefile
config.status:619: creating isoqlog/Makefile
config.status:619: creating data/Makefile
config.status:619: creating data/isoqlog.conf-dist
config.status:619: creating data/htmltemp/Makefile
config.status:619: creating data/htmltemp/images/Makefile
config.status:619: creating data/htmltemp/library/Makefile
config.status:619: creating data/lang/Makefile
config.status:619: creating tr/Makefile
config.status:723: creating isoqlog/config.h
config.status:963: executing default-1 commands

## ---------------- ##
## Cache variables. ##
## ---------------- ##

ac_cv_build=i686-pc-linux-gnu
ac_cv_build_alias=i686-pc-linux-gnu
ac_cv_c_compiler_gnu=yes
ac_cv_env_CC_set=
ac_cv_env_CC_value=
ac_cv_env_CFLAGS_set=
ac_cv_env_CFLAGS_value=
ac_cv_env_CPPFLAGS_set=
ac_cv_env_CPPFLAGS_value=
ac_cv_env_CPP_set=
ac_cv_env_CPP_value=
ac_cv_env_LDFLAGS_set=
ac_cv_env_LDFLAGS_value=
ac_cv_env_build_alias_set=
ac_cv_env_build_alias_value=
ac_cv_env_host_alias_set=
ac_cv_env_host_alias_value=
ac_cv_env_target_alias_set=
ac_cv_env_target_alias_value=
ac_cv_exeext=
ac_cv_func_gethostname=yes
ac_cv_func_lstat_dereferences_slashed_symlink=yes
ac_cv_func_malloc_works=yes
ac_cv_func_memset=yes
ac_cv_func_mkdir=yes
ac_cv_func_stat_empty_string_bug=no
ac_cv_func_strcasecmp=yes
ac_cv_func_strdup=yes
ac_cv_func_strerror=yes
ac_cv_func_strstr=yes
ac_cv_header_dirent_dirent_h=yes
ac_cv_header_fcntl_h=yes
ac_cv_header_inttypes_h=yes
ac_cv_header_memory_h=yes
ac_cv_header_stdc=yes
ac_cv_header_stdint_h=yes
ac_cv_header_stdlib_h=yes
ac_cv_header_string_h=yes
ac_cv_header_strings_h=yes
ac_cv_header_sys_stat_h=yes
ac_cv_header_sys_types_h=yes
ac_cv_header_unistd_h=yes
ac_cv_host=i686-pc-linux-gnu
ac_cv_host_alias=i686-pc-linux-gnu
ac_cv_objext=o
ac_cv_path_install='/usr/bin/install -c'
ac_cv_prog_AWK=gawk
ac_cv_prog_CPP='gcc -E'
ac_cv_prog_ac_ct_CC=gcc
ac_cv_prog_cc_g=yes
ac_cv_prog_make_make_set=yes
ac_cv_search_opendir='none required'
ac_cv_struct_tm=time.h
ac_cv_target=i686-pc-linux-gnu
ac_cv_target_alias=i686-pc-linux-gnu
ac_cv_type_size_t=yes
am_cv_CC_dependencies_compiler_type=gcc3

## ----------- ##
## confdefs.h. ##
## ----------- ##

#define PACKAGE_NAME "isoqlog"
#define PACKAGE_TARNAME "isoqlog"
#define PACKAGE_VERSION "2.2.1"
#define PACKAGE_STRING "isoqlog 2.2.1"
#define PACKAGE_BUGREPORT "bug-report@enderunix.org"
#define PACKAGE "isoqlog"
#define VERSION "2.2.1"
#define HAVE_DIRENT_H 1
#define STDC_HEADERS 1
#define HAVE_SYS_TYPES_H 1
#define HAVE_SYS_STAT_H 1
#define HAVE_STDLIB_H 1
#define HAVE_STRING_H 1
#define HAVE_MEMORY_H 1
#define HAVE_STRINGS_H 1
#define HAVE_INTTYPES_H 1
#define HAVE_STDINT_H 1
#define HAVE_UNISTD_H 1
#define HAVE_FCNTL_H 1
#define HAVE_STDLIB_H 1
#define HAVE_STRING_H 1
#define HAVE_STRINGS_H 1
#define HAVE_UNISTD_H 1
#define HAVE_STDLIB_H 1
#define HAVE_MALLOC 1
#define LSTAT_FOLLOWS_SLASHED_SYMLINK 1
#define HAVE_GETHOSTNAME 1
#define HAVE_MEMSET 1
#define HAVE_MKDIR 1
#define HAVE_STRCASECMP 1
#define HAVE_STRDUP 1
#define HAVE_STRERROR 1
#define HAVE_STRSTR 1
#define CONFIGFILE "/usr/local/etc/isoqlog.conf"

configure: exit 0

## ---------------------- ##
## Running config.status. ##
## ---------------------- ##

This file was extended by isoqlog config.status 2.2.1, which was
generated by GNU Autoconf 2.53.  Invocation command line was

  CONFIG_FILES    = 
  CONFIG_HEADERS  = isoqlog/config.h
  CONFIG_LINKS    = 
  CONFIG_COMMANDS = 
  $ ./config.status 

on loft2500.serverloft.com

config.status:723: creating isoqlog/config.h
config.status:862: isoqlog/config.h is unchanged
config.status:963: executing default-1 commands
