This file contains any messages produced by compilers while
running configure, to aid debugging if configure makes a mistake.

It was created by numlib configure 0.10, which was
generated by GNU Autoconf 2.63.  Invocation command line was

  $ ./configure --disable-option-checking --prefix=/usr/local --with-db=gdbm --exec-prefix=/usr/local --enable-maildrop-uid=root --enable-maildrop-gid=vchkpw --enable-maildirquota --cache-file=/dev/null --srcdir=.

## --------- ##
## Platform. ##
## --------- ##

hostname = loft2500.serverloft.com
uname -m = i686
uname -r = 2.6.24-26-generic
uname -s = Linux
uname -v = #1 SMP Tue Dec 1 18:37:31 UTC 2009

/usr/bin/uname -p = unknown
/bin/uname -X     = unknown

/bin/arch              = unknown
/usr/bin/arch -k       = unknown
/usr/convex/getsysinfo = unknown
/usr/bin/hostinfo      = unknown
/bin/machine           = unknown
/usr/bin/oslevel       = unknown
/bin/universe          = unknown

PATH: /usr/local/sbin
PATH: /usr/local/bin
PATH: /usr/sbin
PATH: /usr/bin
PATH: /sbin
PATH: /bin
PATH: /usr/games


## ----------- ##
## Core tests. ##
## ----------- ##

configure:2073: checking for a BSD-compatible install
configure:2141: result: /usr/bin/install -c
configure:2152: checking whether build environment is sane
configure:2212: result: yes
configure:2353: checking for a thread-safe mkdir -p
configure:2392: result: /bin/mkdir -p
configure:2405: checking for gawk
configure:2421: found /usr/bin/gawk
configure:2432: result: gawk
configure:2443: checking whether make sets $(MAKE)
configure:2465: result: yes
configure:2543: checking for gawk
configure:2570: result: gawk
configure:2629: checking for gcc
configure:2645: found /usr/bin/gcc
configure:2656: result: gcc
configure:2888: checking for C compiler version
configure:2896: gcc --version >&5
gcc (GCC) 4.2.4 (Ubuntu 4.2.4-1ubuntu4)
Copyright (C) 2007 Free Software Foundation, Inc.
This is free software; see the source for copying conditions.  There is NO
warranty; not even for MERCHANTABILITY or FITNESS FOR A PARTICULAR PURPOSE.

configure:2900: $? = 0
configure:2907: gcc -v >&5
Using built-in specs.
Target: i486-linux-gnu
Configured with: ../src/configure -v --enable-languages=c,c++,fortran,objc,obj-c++,treelang --prefix=/usr --enable-shared --with-system-zlib --libexecdir=/usr/lib --without-included-gettext --enable-threads=posix --enable-nls --with-gxx-include-dir=/usr/include/c++/4.2 --program-suffix=-4.2 --enable-clocale=gnu --enable-libstdcxx-debug --enable-objc-gc --enable-mpfr --enable-targets=all --enable-checking=release --build=i486-linux-gnu --host=i486-linux-gnu --target=i486-linux-gnu
Thread model: posix
gcc version 4.2.4 (Ubuntu 4.2.4-1ubuntu4)
configure:2911: $? = 0
configure:2918: gcc -V >&5
gcc: '-V' option must have argument
configure:2922: $? = 1
configure:2945: checking for C compiler default output file name
configure:2967: gcc    conftest.c  >&5
configure:2971: $? = 0
configure:3009: result: a.out
configure:3028: checking whether the C compiler works
configure:3038: ./a.out
configure:3042: $? = 0
configure:3061: result: yes
configure:3068: checking whether we are cross compiling
configure:3070: result: no
configure:3073: checking for suffix of executables
configure:3080: gcc -o conftest    conftest.c  >&5
configure:3084: $? = 0
configure:3110: result: 
configure:3116: checking for suffix of object files
configure:3142: gcc -c   conftest.c >&5
configure:3146: $? = 0
configure:3171: result: o
configure:3175: checking whether we are using the GNU C compiler
configure:3204: gcc -c   conftest.c >&5
configure:3211: $? = 0
configure:3228: result: yes
configure:3237: checking whether gcc accepts -g
configure:3267: gcc -c -g  conftest.c >&5
configure:3274: $? = 0
configure:3375: result: yes
configure:3392: checking for gcc option to accept ISO C89
configure:3466: gcc  -c -g -O2  conftest.c >&5
configure:3473: $? = 0
configure:3496: result: none needed
configure:3525: checking for style of include used by make
configure:3553: result: GNU
configure:3578: checking dependency style of gcc
configure:3688: result: gcc3
configure:3717: checking for a BSD-compatible install
configure:3785: result: /usr/bin/install -c
configure:3796: checking whether ln -s works
configure:3800: result: yes
configure:3838: checking build system type
configure:3856: result: i686-pc-linux-gnu
configure:3878: checking host system type
configure:3893: result: i686-pc-linux-gnu
configure:3915: checking for a sed that does not truncate output
configure:3981: result: /bin/sed
configure:3999: checking for grep that handles long lines and -e
configure:4059: result: /bin/grep
configure:4064: checking for egrep
configure:4128: result: /bin/grep -E
configure:4133: checking for fgrep
configure:4197: result: /bin/grep -F
configure:4232: checking for ld used by gcc
configure:4299: result: /usr/bin/ld
configure:4308: checking if the linker (/usr/bin/ld) is GNU ld
configure:4323: result: yes
configure:4335: checking for BSD- or MS-compatible name lister (nm)
configure:4384: result: /usr/bin/nm -B
configure:4502: checking the name lister (/usr/bin/nm -B) interface
configure:4509: gcc -c -g -O2  conftest.c >&5
configure:4512: /usr/bin/nm -B "conftest.o"
configure:4515: output
00000000 B some_variable
configure:4522: result: BSD nm
configure:4526: checking the maximum length of command line arguments
configure:4646: result: 98304
configure:4663: checking whether the shell understands some XSI constructs
configure:4673: result: yes
configure:4677: checking whether the shell understands "+="
configure:4683: result: yes
configure:4718: checking for /usr/bin/ld option to reload object files
configure:4725: result: -r
configure:4794: checking for objdump
configure:4810: found /usr/bin/objdump
configure:4821: result: objdump
configure:4853: checking how to recognize dependent libraries
configure:5049: result: pass_all
configure:5109: checking for ar
configure:5125: found /usr/bin/ar
configure:5136: result: ar
configure:5214: checking for strip
configure:5230: found /usr/bin/strip
configure:5241: result: strip
configure:5313: checking for ranlib
configure:5329: found /usr/bin/ranlib
configure:5340: result: ranlib
configure:5430: checking command to parse /usr/bin/nm -B output from gcc object
configure:5548: gcc -c -g -O2  conftest.c >&5
configure:5551: $? = 0
configure:5555: /usr/bin/nm -B conftest.o \| sed -n -e 's/^.*[	 ]\([ABCDGIRSTW][ABCDGIRSTW]*\)[	 ][	 ]*\([_A-Za-z][_A-Za-z0-9]*\)$/\1 \2 \2/p' \> conftest.nm
configure:5558: $? = 0
configure:5612: gcc -o conftest -g -O2   conftest.c conftstm.o >&5
configure:5615: $? = 0
configure:5653: result: ok
configure:6520: checking how to run the C preprocessor
configure:6560: gcc -E  conftest.c
configure:6567: $? = 0
configure:6598: gcc -E  conftest.c
conftest.c:3:28: error: ac_nonexistent.h: No such file or directory
configure:6605: $? = 1
configure: failed program was:
| /* confdefs.h.  */
| /* end confdefs.h.  */
| #include <ac_nonexistent.h>
configure:6638: result: gcc -E
configure:6667: gcc -E  conftest.c
configure:6674: $? = 0
configure:6705: gcc -E  conftest.c
conftest.c:3:28: error: ac_nonexistent.h: No such file or directory
configure:6712: $? = 1
configure: failed program was:
| /* confdefs.h.  */
| /* end confdefs.h.  */
| #include <ac_nonexistent.h>
configure:6752: checking for ANSI C header files
configure:6782: gcc -c -g -O2  conftest.c >&5
configure:6789: $? = 0
configure:6888: gcc -o conftest -g -O2   conftest.c  >&5
configure:6892: $? = 0
configure:6898: ./conftest
configure:6902: $? = 0
configure:6920: result: yes
configure:6944: checking for sys/types.h
configure:6965: gcc -c -g -O2  conftest.c >&5
configure:6972: $? = 0
configure:6989: result: yes
configure:6944: checking for sys/stat.h
configure:6965: gcc -c -g -O2  conftest.c >&5
configure:6972: $? = 0
configure:6989: result: yes
configure:6944: checking for stdlib.h
configure:6965: gcc -c -g -O2  conftest.c >&5
configure:6972: $? = 0
configure:6989: result: yes
configure:6944: checking for string.h
configure:6965: gcc -c -g -O2  conftest.c >&5
configure:6972: $? = 0
configure:6989: result: yes
configure:6944: checking for memory.h
configure:6965: gcc -c -g -O2  conftest.c >&5
configure:6972: $? = 0
configure:6989: result: yes
configure:6944: checking for strings.h
configure:6965: gcc -c -g -O2  conftest.c >&5
configure:6972: $? = 0
configure:6989: result: yes
configure:6944: checking for inttypes.h
configure:6965: gcc -c -g -O2  conftest.c >&5
configure:6972: $? = 0
configure:6989: result: yes
configure:6944: checking for stdint.h
configure:6965: gcc -c -g -O2  conftest.c >&5
configure:6972: $? = 0
configure:6989: result: yes
configure:6944: checking for unistd.h
configure:6965: gcc -c -g -O2  conftest.c >&5
configure:6972: $? = 0
configure:6989: result: yes
configure:7007: checking for dlfcn.h
configure:7028: gcc -c -g -O2  conftest.c >&5
configure:7035: $? = 0
configure:7052: result: yes
configure:7238: checking for objdir
configure:7253: result: .libs
configure:7545: checking if gcc supports -fno-rtti -fno-exceptions
configure:7563: gcc -c -g -O2  -fno-rtti -fno-exceptions conftest.c >&5
cc1: warning: command line option "-fno-rtti" is valid for C++/ObjC++ but not for C
configure:7567: $? = 0
configure:7580: result: no
configure:7600: checking for gcc option to produce PIC
configure:7872: result: -fPIC -DPIC
configure:7884: checking if gcc PIC flag -fPIC -DPIC works
configure:7902: gcc -c -g -O2  -fPIC -DPIC -DPIC conftest.c >&5
configure:7906: $? = 0
configure:7919: result: yes
configure:7943: checking if gcc static flag -static works
configure:7971: result: yes
configure:7986: checking if gcc supports -c -o file.o
configure:8007: gcc -c -g -O2  -o out/conftest2.o conftest.c >&5
configure:8011: $? = 0
configure:8033: result: yes
configure:8041: checking if gcc supports -c -o file.o
configure:8088: result: yes
configure:8121: checking whether the gcc linker (/usr/bin/ld) supports shared libraries
configure:9195: result: yes
configure:9232: checking whether -lc should be explicitly linked in
configure:9237: gcc -c -g -O2  conftest.c >&5
configure:9240: $? = 0
configure:9255: gcc -shared conftest.o  -v -Wl,-soname -Wl,conftest -o conftest 2\>\&1 \| /bin/grep  -lc  \>/dev/null 2\>\&1
configure:9258: $? = 0
configure:9270: result: no
configure:9434: checking dynamic linker characteristics
configure:9877: gcc -o conftest -g -O2   -Wl,-rpath -Wl,/foo conftest.c  >&5
configure:9884: $? = 0
configure:10120: result: GNU/Linux ld.so
configure:10222: checking how to hardcode library paths into programs
configure:10247: result: immediate
configure:11080: checking whether stripping libraries is possible
configure:11085: result: yes
configure:11120: checking if libtool supports shared libraries
configure:11122: result: yes
configure:11125: checking whether to build shared libraries
configure:11146: result: yes
configure:11149: checking whether to build static libraries
configure:11153: result: yes
configure:11201: checking for unistd.h
configure:11208: result: yes
configure:11348: checking for uid_t in sys/types.h
configure:11371: result: yes
configure:11386: checking for pid_t
configure:11414: gcc -c -g -O2 -Wall  conftest.c >&5
configure:11421: $? = 0
configure:11448: gcc -c -g -O2 -Wall  conftest.c >&5
conftest.c: In function 'main':
conftest.c:52: error: expected expression before ')' token
configure:11455: $? = 1
configure: failed program was:
| /* confdefs.h.  */
| #define STDC_HEADERS 1
| #define HAVE_SYS_TYPES_H 1
| #define HAVE_SYS_STAT_H 1
| #define HAVE_STDLIB_H 1
| #define HAVE_STRING_H 1
| #define HAVE_MEMORY_H 1
| #define HAVE_STRINGS_H 1
| #define HAVE_INTTYPES_H 1
| #define HAVE_STDINT_H 1
| #define HAVE_UNISTD_H 1
| #define HAVE_DLFCN_H 1
| #define LT_OBJDIR ".libs/"
| #define HAVE_UNISTD_H 1
| /* end confdefs.h.  */
| #include <stdio.h>
| #ifdef HAVE_SYS_TYPES_H
| # include <sys/types.h>
| #endif
| #ifdef HAVE_SYS_STAT_H
| # include <sys/stat.h>
| #endif
| #ifdef STDC_HEADERS
| # include <stdlib.h>
| # include <stddef.h>
| #else
| # ifdef HAVE_STDLIB_H
| #  include <stdlib.h>
| # endif
| #endif
| #ifdef HAVE_STRING_H
| # if !defined STDC_HEADERS && defined HAVE_MEMORY_H
| #  include <memory.h>
| # endif
| # include <string.h>
| #endif
| #ifdef HAVE_STRINGS_H
| # include <strings.h>
| #endif
| #ifdef HAVE_INTTYPES_H
| # include <inttypes.h>
| #endif
| #ifdef HAVE_STDINT_H
| # include <stdint.h>
| #endif
| #ifdef HAVE_UNISTD_H
| # include <unistd.h>
| #endif
| int
| main ()
| {
| if (sizeof ((pid_t)))
| 	  return 0;
|   ;
|   return 0;
| }
configure:11478: result: yes
configure:11497: checking for setgroups
configure:11553: gcc -o conftest -g -O2 -Wall   conftest.c  >&5
configure:11560: $? = 0
configure:11582: result: yes
configure:11497: checking for initgroups
configure:11553: gcc -o conftest -g -O2 -Wall   conftest.c  >&5
configure:11560: $? = 0
configure:11582: result: yes
configure:11720: creating ./config.status

## ---------------------- ##
## Running config.status. ##
## ---------------------- ##

This file was extended by numlib config.status 0.10, which was
generated by GNU Autoconf 2.63.  Invocation command line was

  CONFIG_FILES    = 
  CONFIG_HEADERS  = 
  CONFIG_LINKS    = 
  CONFIG_COMMANDS = 
  $ ./config.status 

on loft2500.serverloft.com

config.status:979: creating Makefile
config.status:979: creating config.h
config.status:1253: executing depfiles commands
config.status:1253: executing libtool commands

## ---------------- ##
## Cache variables. ##
## ---------------- ##

ac_cv_build=i686-pc-linux-gnu
ac_cv_c_compiler_gnu=yes
ac_cv_env_CC_set=
ac_cv_env_CC_value=
ac_cv_env_CFLAGS_set=
ac_cv_env_CFLAGS_value=
ac_cv_env_CPPFLAGS_set=
ac_cv_env_CPPFLAGS_value=
ac_cv_env_CPP_set=
ac_cv_env_CPP_value=
ac_cv_env_LDFLAGS_set=
ac_cv_env_LDFLAGS_value=
ac_cv_env_LIBS_set=
ac_cv_env_LIBS_value=
ac_cv_env_build_alias_set=
ac_cv_env_build_alias_value=
ac_cv_env_host_alias_set=
ac_cv_env_host_alias_value=
ac_cv_env_target_alias_set=
ac_cv_env_target_alias_value=
ac_cv_func_initgroups=yes
ac_cv_func_setgroups=yes
ac_cv_header_dlfcn_h=yes
ac_cv_header_inttypes_h=yes
ac_cv_header_memory_h=yes
ac_cv_header_stdc=yes
ac_cv_header_stdint_h=yes
ac_cv_header_stdlib_h=yes
ac_cv_header_string_h=yes
ac_cv_header_strings_h=yes
ac_cv_header_sys_stat_h=yes
ac_cv_header_sys_types_h=yes
ac_cv_header_unistd_h=yes
ac_cv_host=i686-pc-linux-gnu
ac_cv_objext=o
ac_cv_path_EGREP='/bin/grep -E'
ac_cv_path_FGREP='/bin/grep -F'
ac_cv_path_GREP=/bin/grep
ac_cv_path_SED=/bin/sed
ac_cv_path_install='/usr/bin/install -c'
ac_cv_path_mkdir=/bin/mkdir
ac_cv_prog_AWK=gawk
ac_cv_prog_CPP='gcc -E'
ac_cv_prog_ac_ct_AR=ar
ac_cv_prog_ac_ct_CC=gcc
ac_cv_prog_ac_ct_OBJDUMP=objdump
ac_cv_prog_ac_ct_RANLIB=ranlib
ac_cv_prog_ac_ct_STRIP=strip
ac_cv_prog_cc_c89=
ac_cv_prog_cc_g=yes
ac_cv_prog_make_make_set=yes
ac_cv_type_pid_t=yes
ac_cv_type_uid_t=yes
am_cv_CC_dependencies_compiler_type=gcc3
lt_cv_deplibs_check_method=pass_all
lt_cv_file_magic_cmd='$MAGIC_CMD'
lt_cv_file_magic_test_file=
lt_cv_ld_reload_flag=-r
lt_cv_nm_interface='BSD nm'
lt_cv_objdir=.libs
lt_cv_path_LD=/usr/bin/ld
lt_cv_path_NM='/usr/bin/nm -B'
lt_cv_prog_compiler_c_o=yes
lt_cv_prog_compiler_pic_works=yes
lt_cv_prog_compiler_rtti_exceptions=no
lt_cv_prog_compiler_static_works=yes
lt_cv_prog_gnu_ld=yes
lt_cv_sys_global_symbol_pipe='sed -n -e '\''s/^.*[	 ]\([ABCDGIRSTW][ABCDGIRSTW]*\)[	 ][	 ]*\([_A-Za-z][_A-Za-z0-9]*\)$/\1 \2 \2/p'\'''
lt_cv_sys_global_symbol_to_c_name_address='sed -n -e '\''s/^: \([^ ]*\) $/  {\"\1\", (void *) 0},/p'\'' -e '\''s/^[ABCDGIRSTW]* \([^ ]*\) \([^ ]*\)$/  {"\2", (void *) \&\2},/p'\'''
lt_cv_sys_global_symbol_to_c_name_address_lib_prefix='sed -n -e '\''s/^: \([^ ]*\) $/  {\"\1\", (void *) 0},/p'\'' -e '\''s/^[ABCDGIRSTW]* \([^ ]*\) \(lib[^ ]*\)$/  {"\2", (void *) \&\2},/p'\'' -e '\''s/^[ABCDGIRSTW]* \([^ ]*\) \([^ ]*\)$/  {"lib\2", (void *) \&\2},/p'\'''
lt_cv_sys_global_symbol_to_cdecl='sed -n -e '\''s/^T .* \(.*\)$/extern int \1();/p'\'' -e '\''s/^[ABCDGIRSTW]* .* \(.*\)$/extern char \1;/p'\'''
lt_cv_sys_max_cmd_len=98304

## ----------------- ##
## Output variables. ##
## ----------------- ##

ACLOCAL='${SHELL} /opt/qfd-0.1/sources/maildrop/missing --run aclocal-1.11'
AMDEPBACKSLASH='\'
AMDEP_FALSE='#'
AMDEP_TRUE=''
AMTAR='${SHELL} /opt/qfd-0.1/sources/maildrop/missing --run tar'
AR='ar'
AUTOCONF='${SHELL} /opt/qfd-0.1/sources/maildrop/missing --run autoconf'
AUTOHEADER='${SHELL} /opt/qfd-0.1/sources/maildrop/missing --run autoheader'
AUTOMAKE='${SHELL} /opt/qfd-0.1/sources/maildrop/missing --run automake-1.11'
AWK='gawk'
CC='gcc'
CCDEPMODE='depmode=gcc3'
CFLAGS='-g -O2 -Wall'
CPP='gcc -E'
CPPFLAGS=''
CYGPATH_W='echo'
DEFS='-DHAVE_CONFIG_H'
DEPDIR='.deps'
DSYMUTIL=''
DUMPBIN=''
ECHO_C=''
ECHO_N='-n'
ECHO_T=''
EGREP='/bin/grep -E'
EXEEXT=''
FGREP='/bin/grep -F'
GREP='/bin/grep'
INSTALL_DATA='${INSTALL} -m 644'
INSTALL_PROGRAM='${INSTALL}'
INSTALL_SCRIPT='${INSTALL}'
INSTALL_STRIP_PROGRAM='$(install_sh) -c -s'
LD='/usr/bin/ld'
LDFLAGS=''
LIBOBJS=''
LIBS=''
LIBTOOL='$(SHELL) $(top_builddir)/libtool'
LIPO=''
LN_S='ln -s'
LTLIBOBJS=''
MAKEINFO='${SHELL} /opt/qfd-0.1/sources/maildrop/missing --run makeinfo'
MKDIR_P='/bin/mkdir -p'
NM='/usr/bin/nm -B'
NMEDIT=''
OBJDUMP='objdump'
OBJEXT='o'
OTOOL64=''
OTOOL=''
PACKAGE='numlib'
PACKAGE_BUGREPORT='courier-users@lists.sourceforge.net'
PACKAGE_NAME='numlib'
PACKAGE_STRING='numlib 0.10'
PACKAGE_TARNAME='numlib'
PACKAGE_VERSION='0.10'
PATH_SEPARATOR=':'
RANLIB='ranlib'
SED='/bin/sed'
SET_MAKE=''
SHELL='/bin/bash'
STRIP='strip'
VERSION='0.10'
ac_ct_CC='gcc'
ac_ct_DUMPBIN=''
am__EXEEXT_FALSE=''
am__EXEEXT_TRUE='#'
am__fastdepCC_FALSE='#'
am__fastdepCC_TRUE=''
am__include='include'
am__isrc=''
am__leading_dot='.'
am__quote=''
am__tar='${AMTAR} chof - "$$tardir"'
am__untar='${AMTAR} xf -'
bindir='${exec_prefix}/bin'
build='i686-pc-linux-gnu'
build_alias=''
build_cpu='i686'
build_os='linux-gnu'
build_vendor='pc'
datadir='${datarootdir}'
datarootdir='${prefix}/share'
docdir='${datarootdir}/doc/${PACKAGE_TARNAME}'
dvidir='${docdir}'
exec_prefix='/usr/local'
host='i686-pc-linux-gnu'
host_alias=''
host_cpu='i686'
host_os='linux-gnu'
host_vendor='pc'
htmldir='${docdir}'
includedir='${prefix}/include'
infodir='${datarootdir}/info'
install_sh='${SHELL} /opt/qfd-0.1/sources/maildrop/install-sh'
libdir='${exec_prefix}/lib'
libexecdir='${exec_prefix}/libexec'
localedir='${datarootdir}/locale'
localstatedir='${prefix}/var'
lt_ECHO='echo'
mandir='${datarootdir}/man'
mkdir_p='/bin/mkdir -p'
oldincludedir='/usr/include'
pdfdir='${docdir}'
prefix='/usr/local'
program_transform_name='s,x,x,'
psdir='${docdir}'
sbindir='${exec_prefix}/sbin'
sharedstatedir='${prefix}/com'
sysconfdir='${prefix}/etc'
target_alias=''

## ----------- ##
## confdefs.h. ##
## ----------- ##

#define STDC_HEADERS 1
#define HAVE_SYS_TYPES_H 1
#define HAVE_SYS_STAT_H 1
#define HAVE_STDLIB_H 1
#define HAVE_STRING_H 1
#define HAVE_MEMORY_H 1
#define HAVE_STRINGS_H 1
#define HAVE_INTTYPES_H 1
#define HAVE_STDINT_H 1
#define HAVE_UNISTD_H 1
#define HAVE_DLFCN_H 1
#define LT_OBJDIR ".libs/"
#define HAVE_UNISTD_H 1
#define HAVE_SETGROUPS 1
#define HAVE_INITGROUPS 1

configure: exit 0
