This file contains any messages produced by compilers while
running configure, to aid debugging if configure makes a mistake.

It was created by makedat configure 0.60, which was
generated by GNU Autoconf 2.63.  Invocation command line was

  $ ./configure --disable-option-checking --prefix=/usr/local --with-db=gdbm --exec-prefix=/usr/local --enable-maildrop-uid=root --enable-maildrop-gid=vchkpw --enable-maildirquota --cache-file=/dev/null --srcdir=.

## --------- ##
## Platform. ##
## --------- ##

hostname = loft2500.serverloft.com
uname -m = i686
uname -r = 2.6.24-26-generic
uname -s = Linux
uname -v = #1 SMP Tue Dec 1 18:37:31 UTC 2009

/usr/bin/uname -p = unknown
/bin/uname -X     = unknown

/bin/arch              = unknown
/usr/bin/arch -k       = unknown
/usr/convex/getsysinfo = unknown
/usr/bin/hostinfo      = unknown
/bin/machine           = unknown
/usr/bin/oslevel       = unknown
/bin/universe          = unknown

PATH: /usr/local/sbin
PATH: /usr/local/bin
PATH: /usr/sbin
PATH: /usr/bin
PATH: /sbin
PATH: /bin
PATH: /usr/games


## ----------- ##
## Core tests. ##
## ----------- ##

configure:2078: checking for a BSD-compatible install
configure:2146: result: /usr/bin/install -c
configure:2157: checking whether build environment is sane
configure:2217: result: yes
configure:2358: checking for a thread-safe mkdir -p
configure:2397: result: /bin/mkdir -p
configure:2410: checking for gawk
configure:2426: found /usr/bin/gawk
configure:2437: result: gawk
configure:2448: checking whether make sets $(MAKE)
configure:2470: result: yes
configure:2595: checking for gcc
configure:2611: found /usr/bin/gcc
configure:2622: result: gcc
configure:2854: checking for C compiler version
configure:2862: gcc --version >&5
gcc (GCC) 4.2.4 (Ubuntu 4.2.4-1ubuntu4)
Copyright (C) 2007 Free Software Foundation, Inc.
This is free software; see the source for copying conditions.  There is NO
warranty; not even for MERCHANTABILITY or FITNESS FOR A PARTICULAR PURPOSE.

configure:2866: $? = 0
configure:2873: gcc -v >&5
Using built-in specs.
Target: i486-linux-gnu
Configured with: ../src/configure -v --enable-languages=c,c++,fortran,objc,obj-c++,treelang --prefix=/usr --enable-shared --with-system-zlib --libexecdir=/usr/lib --without-included-gettext --enable-threads=posix --enable-nls --with-gxx-include-dir=/usr/include/c++/4.2 --program-suffix=-4.2 --enable-clocale=gnu --enable-libstdcxx-debug --enable-objc-gc --enable-mpfr --enable-targets=all --enable-checking=release --build=i486-linux-gnu --host=i486-linux-gnu --target=i486-linux-gnu
Thread model: posix
gcc version 4.2.4 (Ubuntu 4.2.4-1ubuntu4)
configure:2877: $? = 0
configure:2884: gcc -V >&5
gcc: '-V' option must have argument
configure:2888: $? = 1
configure:2911: checking for C compiler default output file name
configure:2933: gcc    conftest.c  >&5
configure:2937: $? = 0
configure:2975: result: a.out
configure:2994: checking whether the C compiler works
configure:3004: ./a.out
configure:3008: $? = 0
configure:3027: result: yes
configure:3034: checking whether we are cross compiling
configure:3036: result: no
configure:3039: checking for suffix of executables
configure:3046: gcc -o conftest    conftest.c  >&5
configure:3050: $? = 0
configure:3076: result: 
configure:3082: checking for suffix of object files
configure:3108: gcc -c   conftest.c >&5
configure:3112: $? = 0
configure:3137: result: o
configure:3141: checking whether we are using the GNU C compiler
configure:3170: gcc -c   conftest.c >&5
configure:3177: $? = 0
configure:3194: result: yes
configure:3203: checking whether gcc accepts -g
configure:3233: gcc -c -g  conftest.c >&5
configure:3240: $? = 0
configure:3341: result: yes
configure:3358: checking for gcc option to accept ISO C89
configure:3432: gcc  -c -g -O2  conftest.c >&5
configure:3439: $? = 0
configure:3462: result: none needed
configure:3491: checking for style of include used by make
configure:3519: result: GNU
configure:3544: checking dependency style of gcc
configure:3654: result: gcc3
configure:3683: checking for a BSD-compatible install
configure:3751: result: /usr/bin/install -c
configure:3762: checking whether ln -s works
configure:3766: result: yes
configure:3777: checking for perl5
configure:3810: result: no
configure:3777: checking for perl
configure:3795: found /usr/bin/perl
configure:3807: result: /usr/bin/perl
configure:3824: checking for cat
configure:3842: found /bin/cat
configure:3854: result: /bin/cat
configure:3901: checking build system type
configure:3919: result: i686-pc-linux-gnu
configure:3941: checking host system type
configure:3956: result: i686-pc-linux-gnu
configure:3978: checking for a sed that does not truncate output
configure:4044: result: /bin/sed
configure:4062: checking for grep that handles long lines and -e
configure:4122: result: /bin/grep
configure:4127: checking for egrep
configure:4191: result: /bin/grep -E
configure:4196: checking for fgrep
configure:4260: result: /bin/grep -F
configure:4295: checking for ld used by gcc
configure:4362: result: /usr/bin/ld
configure:4371: checking if the linker (/usr/bin/ld) is GNU ld
configure:4386: result: yes
configure:4398: checking for BSD- or MS-compatible name lister (nm)
configure:4447: result: /usr/bin/nm -B
configure:4565: checking the name lister (/usr/bin/nm -B) interface
configure:4572: gcc -c -g -O2  conftest.c >&5
configure:4575: /usr/bin/nm -B "conftest.o"
configure:4578: output
00000000 B some_variable
configure:4585: result: BSD nm
configure:4589: checking the maximum length of command line arguments
configure:4709: result: 98304
configure:4726: checking whether the shell understands some XSI constructs
configure:4736: result: yes
configure:4740: checking whether the shell understands "+="
configure:4746: result: yes
configure:4781: checking for /usr/bin/ld option to reload object files
configure:4788: result: -r
configure:4857: checking for objdump
configure:4873: found /usr/bin/objdump
configure:4884: result: objdump
configure:4916: checking how to recognize dependent libraries
configure:5112: result: pass_all
configure:5172: checking for ar
configure:5188: found /usr/bin/ar
configure:5199: result: ar
configure:5277: checking for strip
configure:5293: found /usr/bin/strip
configure:5304: result: strip
configure:5376: checking for ranlib
configure:5392: found /usr/bin/ranlib
configure:5403: result: ranlib
configure:5493: checking command to parse /usr/bin/nm -B output from gcc object
configure:5611: gcc -c -g -O2  conftest.c >&5
configure:5614: $? = 0
configure:5618: /usr/bin/nm -B conftest.o \| sed -n -e 's/^.*[	 ]\([ABCDGIRSTW][ABCDGIRSTW]*\)[	 ][	 ]*\([_A-Za-z][_A-Za-z0-9]*\)$/\1 \2 \2/p' \> conftest.nm
configure:5621: $? = 0
configure:5675: gcc -o conftest -g -O2   conftest.c conftstm.o >&5
configure:5678: $? = 0
configure:5716: result: ok
configure:6583: checking how to run the C preprocessor
configure:6623: gcc -E  conftest.c
configure:6630: $? = 0
configure:6661: gcc -E  conftest.c
conftest.c:3:28: error: ac_nonexistent.h: No such file or directory
configure:6668: $? = 1
configure: failed program was:
| /* confdefs.h.  */
| /* end confdefs.h.  */
| #include <ac_nonexistent.h>
configure:6701: result: gcc -E
configure:6730: gcc -E  conftest.c
configure:6737: $? = 0
configure:6768: gcc -E  conftest.c
conftest.c:3:28: error: ac_nonexistent.h: No such file or directory
configure:6775: $? = 1
configure: failed program was:
| /* confdefs.h.  */
| /* end confdefs.h.  */
| #include <ac_nonexistent.h>
configure:6815: checking for ANSI C header files
configure:6845: gcc -c -g -O2  conftest.c >&5
configure:6852: $? = 0
configure:6951: gcc -o conftest -g -O2   conftest.c  >&5
configure:6955: $? = 0
configure:6961: ./conftest
configure:6965: $? = 0
configure:6983: result: yes
configure:7007: checking for sys/types.h
configure:7028: gcc -c -g -O2  conftest.c >&5
configure:7035: $? = 0
configure:7052: result: yes
configure:7007: checking for sys/stat.h
configure:7028: gcc -c -g -O2  conftest.c >&5
configure:7035: $? = 0
configure:7052: result: yes
configure:7007: checking for stdlib.h
configure:7028: gcc -c -g -O2  conftest.c >&5
configure:7035: $? = 0
configure:7052: result: yes
configure:7007: checking for string.h
configure:7028: gcc -c -g -O2  conftest.c >&5
configure:7035: $? = 0
configure:7052: result: yes
configure:7007: checking for memory.h
configure:7028: gcc -c -g -O2  conftest.c >&5
configure:7035: $? = 0
configure:7052: result: yes
configure:7007: checking for strings.h
configure:7028: gcc -c -g -O2  conftest.c >&5
configure:7035: $? = 0
configure:7052: result: yes
configure:7007: checking for inttypes.h
configure:7028: gcc -c -g -O2  conftest.c >&5
configure:7035: $? = 0
configure:7052: result: yes
configure:7007: checking for stdint.h
configure:7028: gcc -c -g -O2  conftest.c >&5
configure:7035: $? = 0
configure:7052: result: yes
configure:7007: checking for unistd.h
configure:7028: gcc -c -g -O2  conftest.c >&5
configure:7035: $? = 0
configure:7052: result: yes
configure:7070: checking for dlfcn.h
configure:7091: gcc -c -g -O2  conftest.c >&5
configure:7098: $? = 0
configure:7115: result: yes
configure:7299: checking for objdir
configure:7314: result: .libs
configure:7606: checking if gcc supports -fno-rtti -fno-exceptions
configure:7624: gcc -c -g -O2  -fno-rtti -fno-exceptions conftest.c >&5
cc1: warning: command line option "-fno-rtti" is valid for C++/ObjC++ but not for C
configure:7628: $? = 0
configure:7641: result: no
configure:7661: checking for gcc option to produce PIC
configure:7933: result: -fPIC -DPIC
configure:7945: checking if gcc PIC flag -fPIC -DPIC works
configure:7963: gcc -c -g -O2  -fPIC -DPIC -DPIC conftest.c >&5
configure:7967: $? = 0
configure:7980: result: yes
configure:8004: checking if gcc static flag -static works
configure:8032: result: yes
configure:8047: checking if gcc supports -c -o file.o
configure:8068: gcc -c -g -O2  -o out/conftest2.o conftest.c >&5
configure:8072: $? = 0
configure:8094: result: yes
configure:8102: checking if gcc supports -c -o file.o
configure:8149: result: yes
configure:8182: checking whether the gcc linker (/usr/bin/ld) supports shared libraries
configure:9256: result: yes
configure:9293: checking whether -lc should be explicitly linked in
configure:9298: gcc -c -g -O2  conftest.c >&5
configure:9301: $? = 0
configure:9316: gcc -shared conftest.o  -v -Wl,-soname -Wl,conftest -o conftest 2\>\&1 \| /bin/grep  -lc  \>/dev/null 2\>\&1
configure:9319: $? = 0
configure:9331: result: no
configure:9495: checking dynamic linker characteristics
configure:9938: gcc -o conftest -g -O2   -Wl,-rpath -Wl,/foo conftest.c  >&5
configure:9945: $? = 0
configure:10181: result: GNU/Linux ld.so
configure:10283: checking how to hardcode library paths into programs
configure:10308: result: immediate
configure:10431: checking for shl_load
configure:10487: gcc -o conftest -g -O2   conftest.c  >&5
/tmp/ccconJfM.o: In function `main':
/opt/qfd-0.1/sources/maildrop/makedat/conftest.c:49: undefined reference to `shl_load'
collect2: ld returned 1 exit status
configure:10494: $? = 1
configure: failed program was:
| /* confdefs.h.  */
| #define STDC_HEADERS 1
| #define HAVE_SYS_TYPES_H 1
| #define HAVE_SYS_STAT_H 1
| #define HAVE_STDLIB_H 1
| #define HAVE_STRING_H 1
| #define HAVE_MEMORY_H 1
| #define HAVE_STRINGS_H 1
| #define HAVE_INTTYPES_H 1
| #define HAVE_STDINT_H 1
| #define HAVE_UNISTD_H 1
| #define HAVE_DLFCN_H 1
| #define LT_OBJDIR ".libs/"
| /* end confdefs.h.  */
| /* Define shl_load to an innocuous variant, in case <limits.h> declares shl_load.
|    For example, HP-UX 11i <limits.h> declares gettimeofday.  */
| #define shl_load innocuous_shl_load
| 
| /* System header to define __stub macros and hopefully few prototypes,
|     which can conflict with char shl_load (); below.
|     Prefer <limits.h> to <assert.h> if __STDC__ is defined, since
|     <limits.h> exists even on freestanding compilers.  */
| 
| #ifdef __STDC__
| # include <limits.h>
| #else
| # include <assert.h>
| #endif
| 
| #undef shl_load
| 
| /* Override any GCC internal prototype to avoid an error.
|    Use char because int might match the return type of a GCC
|    builtin and then its argument prototype would still apply.  */
| #ifdef __cplusplus
| extern "C"
| #endif
| char shl_load ();
| /* The GNU C library defines this for functions which it implements
|     to always fail with ENOSYS.  Some functions are actually named
|     something starting with __ and the normal name is an alias.  */
| #if defined __stub_shl_load || defined __stub___shl_load
| choke me
| #endif
| 
| int
| main ()
| {
| return shl_load ();
|   ;
|   return 0;
| }
configure:10514: result: no
configure:10519: checking for shl_load in -ldld
configure:10554: gcc -o conftest -g -O2   conftest.c -ldld   >&5
/usr/bin/ld: cannot find -ldld
collect2: ld returned 1 exit status
configure:10561: $? = 1
configure: failed program was:
| /* confdefs.h.  */
| #define STDC_HEADERS 1
| #define HAVE_SYS_TYPES_H 1
| #define HAVE_SYS_STAT_H 1
| #define HAVE_STDLIB_H 1
| #define HAVE_STRING_H 1
| #define HAVE_MEMORY_H 1
| #define HAVE_STRINGS_H 1
| #define HAVE_INTTYPES_H 1
| #define HAVE_STDINT_H 1
| #define HAVE_UNISTD_H 1
| #define HAVE_DLFCN_H 1
| #define LT_OBJDIR ".libs/"
| /* end confdefs.h.  */
| 
| /* Override any GCC internal prototype to avoid an error.
|    Use char because int might match the return type of a GCC
|    builtin and then its argument prototype would still apply.  */
| #ifdef __cplusplus
| extern "C"
| #endif
| char shl_load ();
| int
| main ()
| {
| return shl_load ();
|   ;
|   return 0;
| }
configure:10582: result: no
configure:10587: checking for dlopen
configure:10643: gcc -o conftest -g -O2   conftest.c  >&5
/tmp/ccOn1lTe.o: In function `main':
/opt/qfd-0.1/sources/maildrop/makedat/conftest.c:49: undefined reference to `dlopen'
collect2: ld returned 1 exit status
configure:10650: $? = 1
configure: failed program was:
| /* confdefs.h.  */
| #define STDC_HEADERS 1
| #define HAVE_SYS_TYPES_H 1
| #define HAVE_SYS_STAT_H 1
| #define HAVE_STDLIB_H 1
| #define HAVE_STRING_H 1
| #define HAVE_MEMORY_H 1
| #define HAVE_STRINGS_H 1
| #define HAVE_INTTYPES_H 1
| #define HAVE_STDINT_H 1
| #define HAVE_UNISTD_H 1
| #define HAVE_DLFCN_H 1
| #define LT_OBJDIR ".libs/"
| /* end confdefs.h.  */
| /* Define dlopen to an innocuous variant, in case <limits.h> declares dlopen.
|    For example, HP-UX 11i <limits.h> declares gettimeofday.  */
| #define dlopen innocuous_dlopen
| 
| /* System header to define __stub macros and hopefully few prototypes,
|     which can conflict with char dlopen (); below.
|     Prefer <limits.h> to <assert.h> if __STDC__ is defined, since
|     <limits.h> exists even on freestanding compilers.  */
| 
| #ifdef __STDC__
| # include <limits.h>
| #else
| # include <assert.h>
| #endif
| 
| #undef dlopen
| 
| /* Override any GCC internal prototype to avoid an error.
|    Use char because int might match the return type of a GCC
|    builtin and then its argument prototype would still apply.  */
| #ifdef __cplusplus
| extern "C"
| #endif
| char dlopen ();
| /* The GNU C library defines this for functions which it implements
|     to always fail with ENOSYS.  Some functions are actually named
|     something starting with __ and the normal name is an alias.  */
| #if defined __stub_dlopen || defined __stub___dlopen
| choke me
| #endif
| 
| int
| main ()
| {
| return dlopen ();
|   ;
|   return 0;
| }
configure:10670: result: no
configure:10675: checking for dlopen in -ldl
configure:10710: gcc -o conftest -g -O2   conftest.c -ldl   >&5
configure:10717: $? = 0
configure:10738: result: yes
configure:10915: checking whether a program can dlopen itself
configure:10985: gcc -o conftest -g -O2  -DHAVE_DLFCN_H  -Wl,--export-dynamic conftest.c -ldl  >&5
configure:10988: $? = 0
configure:11006: result: yes
configure:11011: checking whether a statically linked program can dlopen itself
configure:11081: gcc -o conftest -g -O2  -DHAVE_DLFCN_H  -Wl,--export-dynamic -static conftest.c -ldl  >&5
/tmp/ccOzwi5N.o: In function `main':
/opt/qfd-0.1/sources/maildrop/makedat/configure:11065: warning: Using 'dlopen' in statically linked applications requires at runtime the shared libraries from the glibc version used for linking
configure:11084: $? = 0
/lib/: cannot read file data: Is a directory
configure:11102: result: no
configure:11141: checking whether stripping libraries is possible
configure:11146: result: yes
configure:11181: checking if libtool supports shared libraries
configure:11183: result: yes
configure:11186: checking whether to build shared libraries
configure:11207: result: yes
configure:11210: checking whether to build static libraries
configure:11214: result: yes
configure:11278: checking for ANSI C header files
configure:11446: result: yes
configure:11461: checking for unistd.h
configure:11468: result: yes
configure:11748: creating ./config.status

## ---------------------- ##
## Running config.status. ##
## ---------------------- ##

This file was extended by makedat config.status 0.60, which was
generated by GNU Autoconf 2.63.  Invocation command line was

  CONFIG_FILES    = 
  CONFIG_HEADERS  = 
  CONFIG_LINKS    = 
  CONFIG_COMMANDS = 
  $ ./config.status 

on loft2500.serverloft.com

config.status:984: creating Makefile
config.status:984: creating makedat
config.status:984: creating config.h
config.status:1258: executing depfiles commands
config.status:1258: executing libtool commands

## ---------------- ##
## Cache variables. ##
## ---------------- ##

ac_cv_build=i686-pc-linux-gnu
ac_cv_c_compiler_gnu=yes
ac_cv_env_CC_set=
ac_cv_env_CC_value=
ac_cv_env_CFLAGS_set=
ac_cv_env_CFLAGS_value=
ac_cv_env_CPPFLAGS_set=
ac_cv_env_CPPFLAGS_value=
ac_cv_env_CPP_set=
ac_cv_env_CPP_value=
ac_cv_env_LDFLAGS_set=
ac_cv_env_LDFLAGS_value=
ac_cv_env_LIBS_set=
ac_cv_env_LIBS_value=
ac_cv_env_build_alias_set=
ac_cv_env_build_alias_value=
ac_cv_env_host_alias_set=
ac_cv_env_host_alias_value=
ac_cv_env_target_alias_set=
ac_cv_env_target_alias_value=
ac_cv_func_dlopen=no
ac_cv_func_shl_load=no
ac_cv_header_dlfcn_h=yes
ac_cv_header_inttypes_h=yes
ac_cv_header_memory_h=yes
ac_cv_header_stdc=yes
ac_cv_header_stdint_h=yes
ac_cv_header_stdlib_h=yes
ac_cv_header_string_h=yes
ac_cv_header_strings_h=yes
ac_cv_header_sys_stat_h=yes
ac_cv_header_sys_types_h=yes
ac_cv_header_unistd_h=yes
ac_cv_host=i686-pc-linux-gnu
ac_cv_lib_dl_dlopen=yes
ac_cv_lib_dld_shl_load=no
ac_cv_objext=o
ac_cv_path_CAT=/bin/cat
ac_cv_path_EGREP='/bin/grep -E'
ac_cv_path_FGREP='/bin/grep -F'
ac_cv_path_GREP=/bin/grep
ac_cv_path_PERL=/usr/bin/perl
ac_cv_path_SED=/bin/sed
ac_cv_path_install='/usr/bin/install -c'
ac_cv_path_mkdir=/bin/mkdir
ac_cv_prog_AWK=gawk
ac_cv_prog_CPP='gcc -E'
ac_cv_prog_ac_ct_AR=ar
ac_cv_prog_ac_ct_CC=gcc
ac_cv_prog_ac_ct_OBJDUMP=objdump
ac_cv_prog_ac_ct_RANLIB=ranlib
ac_cv_prog_ac_ct_STRIP=strip
ac_cv_prog_cc_c89=
ac_cv_prog_cc_g=yes
ac_cv_prog_make_make_set=yes
am_cv_CC_dependencies_compiler_type=gcc3
lt_cv_deplibs_check_method=pass_all
lt_cv_dlopen=dlopen
lt_cv_dlopen_libs=-ldl
lt_cv_dlopen_self=yes
lt_cv_dlopen_self_static=no
lt_cv_file_magic_cmd='$MAGIC_CMD'
lt_cv_file_magic_test_file=
lt_cv_ld_reload_flag=-r
lt_cv_nm_interface='BSD nm'
lt_cv_objdir=.libs
lt_cv_path_LD=/usr/bin/ld
lt_cv_path_NM='/usr/bin/nm -B'
lt_cv_prog_compiler_c_o=yes
lt_cv_prog_compiler_pic_works=yes
lt_cv_prog_compiler_rtti_exceptions=no
lt_cv_prog_compiler_static_works=yes
lt_cv_prog_gnu_ld=yes
lt_cv_sys_global_symbol_pipe='sed -n -e '\''s/^.*[	 ]\([ABCDGIRSTW][ABCDGIRSTW]*\)[	 ][	 ]*\([_A-Za-z][_A-Za-z0-9]*\)$/\1 \2 \2/p'\'''
lt_cv_sys_global_symbol_to_c_name_address='sed -n -e '\''s/^: \([^ ]*\) $/  {\"\1\", (void *) 0},/p'\'' -e '\''s/^[ABCDGIRSTW]* \([^ ]*\) \([^ ]*\)$/  {"\2", (void *) \&\2},/p'\'''
lt_cv_sys_global_symbol_to_c_name_address_lib_prefix='sed -n -e '\''s/^: \([^ ]*\) $/  {\"\1\", (void *) 0},/p'\'' -e '\''s/^[ABCDGIRSTW]* \([^ ]*\) \(lib[^ ]*\)$/  {"\2", (void *) \&\2},/p'\'' -e '\''s/^[ABCDGIRSTW]* \([^ ]*\) \([^ ]*\)$/  {"lib\2", (void *) \&\2},/p'\'''
lt_cv_sys_global_symbol_to_cdecl='sed -n -e '\''s/^T .* \(.*\)$/extern int \1();/p'\'' -e '\''s/^[ABCDGIRSTW]* .* \(.*\)$/extern char \1;/p'\'''
lt_cv_sys_max_cmd_len=98304

## ----------------- ##
## Output variables. ##
## ----------------- ##

ACLOCAL='${SHELL} /opt/qfd-0.1/sources/maildrop/missing --run aclocal-1.11'
AMDEPBACKSLASH='\'
AMDEP_FALSE='#'
AMDEP_TRUE=''
AMTAR='${SHELL} /opt/qfd-0.1/sources/maildrop/missing --run tar'
AR='ar'
AUTOCONF='${SHELL} /opt/qfd-0.1/sources/maildrop/missing --run autoconf'
AUTOHEADER='${SHELL} /opt/qfd-0.1/sources/maildrop/missing --run autoheader'
AUTOMAKE='${SHELL} /opt/qfd-0.1/sources/maildrop/missing --run automake-1.11'
AWK='gawk'
CAT='/bin/cat'
CC='gcc'
CCDEPMODE='depmode=gcc3'
CFLAGS='-I./.. -I.. -Wall -g -O2'
CPP='gcc -E'
CPPFLAGS=''
CYGPATH_W='echo'
DEFS='-DHAVE_CONFIG_H'
DEPDIR='.deps'
DSYMUTIL=''
DUMPBIN=''
ECHO_C=''
ECHO_N='-n'
ECHO_T=''
EGREP='/bin/grep -E'
EXEEXT=''
FGREP='/bin/grep -F'
GREP='/bin/grep'
INSTALL_DATA='${INSTALL} -m 644'
INSTALL_PROGRAM='${INSTALL}'
INSTALL_SCRIPT='${INSTALL}'
INSTALL_STRIP_PROGRAM='$(install_sh) -c -s'
LD='/usr/bin/ld'
LDFLAGS=''
LIBOBJS=''
LIBS=''
LIBTOOL='$(SHELL) $(top_builddir)/libtool'
LIPO=''
LN_S='ln -s'
LTLIBOBJS=''
MAKEINFO='${SHELL} /opt/qfd-0.1/sources/maildrop/missing --run makeinfo'
MKDIR_P='/bin/mkdir -p'
NM='/usr/bin/nm -B'
NMEDIT=''
OBJDUMP='objdump'
OBJEXT='o'
OTOOL64=''
OTOOL=''
PACKAGE='makedat'
PACKAGE_BUGREPORT='courier-users@lists.sourceforge.net'
PACKAGE_NAME='makedat'
PACKAGE_STRING='makedat 0.60'
PACKAGE_TARNAME='makedat'
PACKAGE_VERSION='0.60'
PATH_SEPARATOR=':'
PERL='/usr/bin/perl'
RANLIB='ranlib'
SED='/bin/sed'
SET_MAKE=''
SHELL='/bin/bash'
STRIP='strip'
VERSION='0.60'
ac_ct_CC='gcc'
ac_ct_DUMPBIN=''
am__EXEEXT_FALSE=''
am__EXEEXT_TRUE='#'
am__fastdepCC_FALSE='#'
am__fastdepCC_TRUE=''
am__include='include'
am__isrc=''
am__leading_dot='.'
am__quote=''
am__tar='${AMTAR} chof - "$$tardir"'
am__untar='${AMTAR} xf -'
bindir='${exec_prefix}/bin'
build='i686-pc-linux-gnu'
build_alias=''
build_cpu='i686'
build_os='linux-gnu'
build_vendor='pc'
datadir='${datarootdir}'
datarootdir='${prefix}/share'
dblibrary='../gdbmobj/libgdbmobj.la'
docdir='${datarootdir}/doc/${PACKAGE_TARNAME}'
dvidir='${docdir}'
exec_prefix='/usr/local'
host='i686-pc-linux-gnu'
host_alias=''
host_cpu='i686'
host_os='linux-gnu'
host_vendor='pc'
htmldir='${docdir}'
includedir='${prefix}/include'
infodir='${datarootdir}/info'
install_sh='${SHELL} /opt/qfd-0.1/sources/maildrop/install-sh'
libdir='${exec_prefix}/lib'
libexecdir='${exec_prefix}/libexec'
localedir='${datarootdir}/locale'
localstatedir='${prefix}/var'
lt_ECHO='echo'
makedatprog_target='makedatprog'
makedatprogpath='${exec_prefix}/bin/makedatprog'
mandir='${datarootdir}/man'
mkdir_p='/bin/mkdir -p'
oldincludedir='/usr/include'
pdfdir='${docdir}'
prefix='/usr/local'
program_transform_name='s,x,x,'
psdir='${docdir}'
sbindir='${exec_prefix}/sbin'
sharedstatedir='${prefix}/com'
sysconfdir='${prefix}/etc'
target_alias=''

## ----------- ##
## confdefs.h. ##
## ----------- ##

#define STDC_HEADERS 1
#define HAVE_SYS_TYPES_H 1
#define HAVE_SYS_STAT_H 1
#define HAVE_STDLIB_H 1
#define HAVE_STRING_H 1
#define HAVE_MEMORY_H 1
#define HAVE_STRINGS_H 1
#define HAVE_INTTYPES_H 1
#define HAVE_STDINT_H 1
#define HAVE_UNISTD_H 1
#define HAVE_DLFCN_H 1
#define LT_OBJDIR ".libs/"
#define STDC_HEADERS 1
#define HAVE_UNISTD_H 1

configure: exit 0
